
		************************************************************************
		**                              E X P - T                             **
		**   Fock-Space Multireference Relativistic Coupled Cluster Program   **
		************************************************************************
Version: 1.4.3
Release date: 12 Apr 2020
Authors:
  Alexander Oleynichenko [alexvoleynichenko@gmail.com]
  Andrei Zaitsevskii
  Ephraim Eliav
Compiler: Intel C Compiler 1910 (Intel(R) C++ gcc 4.8.5 mode)
BLAS/LAPACK implementation: Intel MKL v 2020.0.0
Build date: Apr 26 2020 14:05:33
Run date: Mon Apr 27 09:01:59 2020
Hostname: n036

------------------------- size of data types (bytes) -------------------------
                               integer types                                  
 char            1  unsigned char   1   signed char     1   short           2
 unsigned short  2  int             4   unsigned int    4   long            8
 unsigned long   8  long long       8   unsigned long long                  8
 int8_t          1  int16_t         2   int32_t         4   int64_t         8
 uint8_t         1  uint16_t        2   uint32_t        4   uint64_t        8
                      size, pointer, difference types                         
 size_t          8  ptrdiff_t       8   void *          8
                                 real types                                   
 float           4  double          8   long double    16
                               complex types                                  
 float complex   8  double complex 16   long double complex                32
------------------------------------------------------------------------------

CUDA disabled

Reading input file: input

----------------------------- echo of input file -----------------------------
sector 0h2p
nactp 6
maxiter 500
memory 110 gb
conv 1e-7
disk_usage 0
nthreads 8
model ccsd


------------------------------------------------------------------------------


Options:
  title             no title
  scratch dir       scratch
  clean scratch dir no
  print level       medium
  recommend arith   real
  max memory usage  112640.0 Mb
  data compression  disabled
  <pp||pp> storage  disk
  disk usage level  0 (all data in RAM)
  tile size         100
  n OpenMP threads  8
  CUDA              disabled
  max iter          500
  conv threshold    1e-07
  read ampl-s for   nothing 
  Interface to      DIRAC
  One-el ints file  MRCONEE
  Two-el ints file  MDCINT
  Prop-s ints file  MDPROP
  Gaunt operator    disabled
  Breit operator    disabled
  Target FS sector  0h2p
  CC model          CCSD
  active space      [0h,6p] spinors
  denom shifts      disabled
  nroots            all
  degeneracy thresh 1.0e-08
  occ_irreps        default
  occ numbers       default
  restrict triples  disabled
  CCS subspace      disabled
  DIIS              enabled
  DIIS space dim    10
  DIIS for triples  disabled
  damping           disabled
  int-face OneProp  disabled
  hermitization     enabled
  calculate DL-TDMs disabled
  natural orbitals  disabled
  model-space props disabled

 Creating scratch directory 'scratch' ...
 Current working directory = /home/oleynichenko/Plumbum/ccsd_SB
 Full path to one-electron integrals = /home/oleynichenko/Plumbum/ccsd_SB/MRCONEE
 Full path to Coulomb integrals = /home/oleynichenko/Plumbum/ccsd_SB/MDCINT
 Full path to properties integrals = /home/oleynichenko/Plumbum/ccsd_SB/MDPROP
 Changing working directory to scratch ...
 Current working directory = /home/oleynichenko/Plumbum/ccsd_SB/scratch
 
 ******************************************************************
 **       BINARY INTERFACE TO THE DIRAC PROGRAM PACKAGE          **
 **                    version 10 Apr 2020                       **
 ******************************************************************
 
 required unformatted files (produced by DIRAC):
   MRCONEE -- spinor info & transformed one-electron integrals
   MDCINT  -- transformed two-electron integrals
 optional files (DIRAC):
   MDPROP  -- transformed integrals of one-electron properties
 optional files (D. E. Maison, L. V. Skripnikov):
   MGINT   -- transformed Gaunt integrals
 
 HINT: in order to obtain these files, add option .4INDEX to the
   **DIRAC section of the DIRAC input file; this will enable the
   code for integrals transformation. Then run:
   $ pam --inp=<inp-file> --mol=<mol-file> --get="MRCONEE MDCINT"
 
 
 Names of integral files:
 MRCONEE = /home/oleynichenko/Plumbum/ccsd_SB/MRCONEE
 MDCINT  = /home/oleynichenko/Plumbum/ccsd_SB/MDCINT
 MDPROP  = /home/oleynichenko/Plumbum/ccsd_SB/MDPROP
 default integer type in DIRAC              integer(8)
 
 *** MRCONEE FILE ***
 nspinors                                            358
 was breit in DHF                            F
 nuclear repulsion energy                     0.000000000000000E+000
 inversion symmetry (1-no,2-yes)                       2
 group type (1-real,2-cmplx,4-quater)                  1
 is spinfree                                           0
 arithmetic                                 real
 total num of orb-s (+frozen+deleted)                179
 Total SCF energy =                           -191.697996012608     
 number of fermion irreps in parent group              4
 names of these reps (grd, ungrd)             Eg 1Eg        Eg 2Eg      
   Eu 1Eu        Eu 2Eu      
 number of spinors active in the transf-n              7           7           3
           3
 total number of orb-s of this ircop                  93          86
 number of occupied frozen (core) spinors   
   - total                                             0           0
   - positive energy                                   0           0
   - negative energy                                   0           0
 number of deleted spinors                             0           0
 number of fermion irreps in Abelian subgrp           32
 names of these irreps                        1g -1g  3g -3g  5g -5g  7g -7g  9g
  -9g 11g-11g 13g-13g 15g-15g  1u -1u  3u -3u  5u -5u  7u -7u  9u -9u 11u-11u
  13u-13u 15u-15u  0g  2g -2g  4g -4g  6g -6g  8g -8g 10g-10g 12g-12g 14g-14g
  16g  0u  2u -2u  4u -4u  6u -6u  8u -8u 10u-10u 12u-12u 14u-14u 16u
 number of g/u Kramers pairs          93          86
 number of boson symmetry reps(LUCITA)            8
 *** END OF MRCONEE FILE ***
 
 *** MDPROP FILE ***
 path to MDPROP file = /home/oleynichenko/Plumbum/ccsd_SB/MDPROP
 MDPROP file exists
 property = XDIPLEN 
 property = YDIPLEN 
 property = ZDIPLEN 
 reached end of file MDPROP
 *** END OF MDPROP FILE ***
 
 ELECTRONIC contibution to dipole moment (DHF level)
 dx =   0.000000000000000E+000  (re)  0.000000000000000E+000 (im)
 dy =   0.000000000000000E+000  (re)  0.000000000000000E+000 (im)
 dz =   0.000000000000000E+000  (re)  0.000000000000000E+000 (im)
 |d| =   0.000000000000000E+000  a.u. =   0.000000000000000E+000  Debye
 1 a.u = 2.54174623 Debye
 
 *** MDCINT FILE ***
 Mon Apr 27 09:02:05 2020
 datex                                  27Apr20  
 timex                                 08:54:34
 number of Kramers pairs                        179
 Mon Apr 27 09:13:39 2020
 *** END OF MDCINT FILE ***
 
 number of VINT* files written                  14374
 written to disk: 37303633800 bytes =   34.74 Gb
 Blocks of molecular spinors:
 --------------------------------------------------------------------------------
   #  size  irrep  spinor indices
 --------------------------------------------------------------------------------
 [ 0]   28  1/2g+  1,3-4,7-9,13-15,19-20,27,29,34,38,40-41,46,52,59,65,69,72,76,79-80,86,92
 [ 1]   28  1/2g-  94,96-97,100-102,106-108,112-113,120,122,127,131,133-134,139,145,152,158,162,165,169,172-173,179,185
 [ 2]   22  3/2g+  95,99,103-104,109-110,116,121,126,128,132,136,140,144,147,157,160,166,168,170,175,182
 [ 3]   22  3/2g-  2,6,10-11,16-17,23,28,33,35,39,43,47,51,54,64,67,73,75,77,82,89
 [ 4]   17  5/2g+  5,12,18,22,26,30,37,42,45,49,58,62,66,71,78,83,90
 [ 5]   17  5/2g-  98,105,111,115,119,123,130,135,138,142,151,155,159,164,171,176,183
 [ 6]   12  7/2g+  117-118,125,129,137,141,148,156,161,167,178,181
 [ 7]   12  7/2g-  24-25,32,36,44,48,55,63,68,74,85,88
 [ 8]    8  9/2g+  21,31,50,56,60,70,81,91
 [ 9]    8  9/2g-  114,124,143,149,153,163,174,184
 [10]    4 11/2g+  146,154,177,180
 [11]    4 11/2g-  53,61,84,87
 [12]    2 13/2g+  57,93
 [13]    2 13/2g-  150,186
 [14]   28  1/2u+  187-188,190,192-194,196,202,206-207,210-211,215-216,220,222,227,233-234,240,246,251-253,257,263,266,271
 [15]   28  1/2u-  273-274,276,278-280,282,288,292-293,296-297,301-302,306,308,313,319-320,326,332,337-339,343,349,352,357
 [16]   22  3/2u+  275,277,281,284,286,290,295,298-299,304,307,309,316,322-323,330,336,340,344,348,355,358
 [17]   22  3/2u-  189,191,195,198,200,204,209,212-213,218,221,223,230,236-237,244,250,254,258,262,269,272
 [18]   16  5/2u+  199,201,203,208,214,219,225,229,235,238,242,247,256,264,267,270
 [19]   16  5/2u-  285,287,289,294,300,305,311,315,321,324,328,333,342,350,353,356
 [20]   11  7/2u+  283,291,303,310,317,325,327,335,345,347,354
 [21]   11  7/2u-  197,205,217,224,231,239,241,249,259,261,268
 [22]    6  9/2u+  226,232,243,248,255,265
 [23]    6  9/2u-  312,318,329,334,341,351
 [24]    3 11/2u+  314,331,346
 [25]    3 11/2u-  228,245,260
 --------------------------------------------------------------------------------


				Spinors info
				------------

     no    rep         occ    active        one-el energy
    -------------------------------------------------------
       1   0 "1/2g+ "   1       -          -6.826176241049  
       2   3 "3/2g- "   1       -          -1.753990401845  
       3   0 "1/2g+ "   1       -          -1.753990401845  
       4   0 "1/2g+ "   1       -          -1.651404473745  
       5   4 "5/2g+ "   1       -          -1.651404473745  
       6   3 "3/2g- "   1       -          -1.651404473744  
       7   0 "1/2g+ "   1       -          -1.107061092704  
       8   0 "1/2g+ "   0       -          -0.220968411071  
       9   0 "1/2g+ "   0       -          -0.159696165642  
      10   3 "3/2g- "   0       -          -0.159696165642  
      11   3 "3/2g- "   0       -          -0.153139532921  
      12   4 "5/2g+ "   0       -          -0.153139532920  
      13   0 "1/2g+ "   0       -          -0.153139532920  
      14   0 "1/2g+ "   0       -           0.387033527565  
      15   0 "1/2g+ "   0       -           0.602791180535  
      16   3 "3/2g- "   0       -           0.602791180535  
      17   3 "3/2g- "   0       -           0.638858470539  
      18   4 "5/2g+ "   0       -           0.638858470539  
      19   0 "1/2g+ "   0       -           0.638858470539  
      20   0 "1/2g+ "   0       -           0.756777976370  
      21   8 "9/2g+ "   0       -           0.756777976370  
      22   4 "5/2g+ "   0       -           0.756777976370  
      23   3 "3/2g- "   0       -           0.756777976370  
      24   7 "7/2g- "   0       -           0.756777976370  
      25   7 "7/2g- "   0       -           0.757394319141  
      26   4 "5/2g+ "   0       -           0.757394319141  
      27   0 "1/2g+ "   0       -           0.757394319141  
      28   3 "3/2g- "   0       -           0.757394319141  
      29   0 "1/2g+ "   0       -           2.543984368537  
      30   4 "5/2g+ "   0       -           2.543984368537  
      31   8 "9/2g+ "   0       -           2.543984368537  
      32   7 "7/2g- "   0       -           2.543984368537  
      33   3 "3/2g- "   0       -           2.543984368537  
      34   0 "1/2g+ "   0       -           2.546943251471  
      35   3 "3/2g- "   0       -           2.546943251471  
      36   7 "7/2g- "   0       -           2.546943251471  
      37   4 "5/2g+ "   0       -           2.546943251471  
      38   0 "1/2g+ "   0       -           3.149402705405  
      39   3 "3/2g- "   0       -           3.626346167423  
      40   0 "1/2g+ "   0       -           3.626346167423  
      41   0 "1/2g+ "   0       -           3.754851543521  
      42   4 "5/2g+ "   0       -           3.754851543521  
      43   3 "3/2g- "   0       -           3.754851543521  
      44   7 "7/2g- "   0       -           6.067436820715  
      45   4 "5/2g+ "   0       -           6.067436820715  
      46   0 "1/2g+ "   0       -           6.067436820715  
      47   3 "3/2g- "   0       -           6.067436820715  
      48   7 "7/2g- "   0       -           6.068404117666  
      49   4 "5/2g+ "   0       -           6.068404117666  
      50   8 "9/2g+ "   0       -           6.068404117666  
      51   3 "3/2g- "   0       -           6.068404117666  
      52   0 "1/2g+ "   0       -           6.068404117666  
      53  11 "11/2g-"   0       -           6.777114449071  
      54   3 "3/2g- "   0       -           6.777114449071  
      55   7 "7/2g- "   0       -           6.777114449071  
      56   8 "9/2g+ "   0       -           6.777114449071  
      57  12 "13/2g+"   0       -           6.777114449071  
      58   4 "5/2g+ "   0       -           6.777114449071  
      59   0 "1/2g+ "   0       -           6.777114449071  
      60   8 "9/2g+ "   0       -           6.778792481028  
      61  11 "11/2g-"   0       -           6.778792481028  
      62   4 "5/2g+ "   0       -           6.778792481028  
      63   7 "7/2g- "   0       -           6.778792481028  
      64   3 "3/2g- "   0       -           6.778792481028  
      65   0 "1/2g+ "   0       -           6.778792481028  
      66   4 "5/2g+ "   0       -          12.651904081701  
      67   3 "3/2g- "   0       -          12.651904081701  
      68   7 "7/2g- "   0       -          12.651904081701  
      69   0 "1/2g+ "   0       -          12.651904081701  
      70   8 "9/2g+ "   0       -          12.658788854916  
      71   4 "5/2g+ "   0       -          12.658788854916  
      72   0 "1/2g+ "   0       -          12.658788854916  
      73   3 "3/2g- "   0       -          12.658788854916  
      74   7 "7/2g- "   0       -          12.658788854916  
      75   3 "3/2g- "   0       -          13.134064556163  
      76   0 "1/2g+ "   0       -          13.134064556163  
      77   3 "3/2g- "   0       -          13.461204472299  
      78   4 "5/2g+ "   0       -          13.461204472300  
      79   0 "1/2g+ "   0       -          13.461204472300  
      80   0 "1/2g+ "   0       -          16.171655509330  
      81   8 "9/2g+ "   0       -          17.941574048117  
      82   3 "3/2g- "   0       -          17.941574048117  
      83   4 "5/2g+ "   0       -          17.941574048117  
      84  11 "11/2g-"   0       -          17.941574048117  
      85   7 "7/2g- "   0       -          17.941574048117  
      86   0 "1/2g+ "   0       -          17.941574048117  
      87  11 "11/2g-"   0       -          17.943011449664  
      88   7 "7/2g- "   0       -          17.943011449664  
      89   3 "3/2g- "   0       -          17.943011449664  
      90   4 "5/2g+ "   0       -          17.943011449664  
      91   8 "9/2g+ "   0       -          17.943011449664  
      92   0 "1/2g+ "   0       -          17.943011449664  
      93  12 "13/2g+"   0       -          17.943011449664  
      94   1 "1/2g- "   1       -          -6.826176241049  
      95   2 "3/2g+ "   1       -          -1.753990401845  
      96   1 "1/2g- "   1       -          -1.753990401845  
      97   1 "1/2g- "   1       -          -1.651404473745  
      98   5 "5/2g- "   1       -          -1.651404473745  
      99   2 "3/2g+ "   1       -          -1.651404473744  
     100   1 "1/2g- "   1       -          -1.107061092704  
     101   1 "1/2g- "   0       -          -0.220968411071  
     102   1 "1/2g- "   0       -          -0.159696165642  
     103   2 "3/2g+ "   0       -          -0.159696165642  
     104   2 "3/2g+ "   0       -          -0.153139532921  
     105   5 "5/2g- "   0       -          -0.153139532920  
     106   1 "1/2g- "   0       -          -0.153139532920  
     107   1 "1/2g- "   0       -           0.387033527565  
     108   1 "1/2g- "   0       -           0.602791180535  
     109   2 "3/2g+ "   0       -           0.602791180535  
     110   2 "3/2g+ "   0       -           0.638858470539  
     111   5 "5/2g- "   0       -           0.638858470539  
     112   1 "1/2g- "   0       -           0.638858470539  
     113   1 "1/2g- "   0       -           0.756777976370  
     114   9 "9/2g- "   0       -           0.756777976370  
     115   5 "5/2g- "   0       -           0.756777976370  
     116   2 "3/2g+ "   0       -           0.756777976370  
     117   6 "7/2g+ "   0       -           0.756777976370  
     118   6 "7/2g+ "   0       -           0.757394319141  
     119   5 "5/2g- "   0       -           0.757394319141  
     120   1 "1/2g- "   0       -           0.757394319141  
     121   2 "3/2g+ "   0       -           0.757394319141  
     122   1 "1/2g- "   0       -           2.543984368537  
     123   5 "5/2g- "   0       -           2.543984368537  
     124   9 "9/2g- "   0       -           2.543984368537  
     125   6 "7/2g+ "   0       -           2.543984368537  
     126   2 "3/2g+ "   0       -           2.543984368537  
     127   1 "1/2g- "   0       -           2.546943251471  
     128   2 "3/2g+ "   0       -           2.546943251471  
     129   6 "7/2g+ "   0       -           2.546943251471  
     130   5 "5/2g- "   0       -           2.546943251471  
     131   1 "1/2g- "   0       -           3.149402705405  
     132   2 "3/2g+ "   0       -           3.626346167423  
     133   1 "1/2g- "   0       -           3.626346167423  
     134   1 "1/2g- "   0       -           3.754851543521  
     135   5 "5/2g- "   0       -           3.754851543521  
     136   2 "3/2g+ "   0       -           3.754851543521  
     137   6 "7/2g+ "   0       -           6.067436820715  
     138   5 "5/2g- "   0       -           6.067436820715  
     139   1 "1/2g- "   0       -           6.067436820715  
     140   2 "3/2g+ "   0       -           6.067436820715  
     141   6 "7/2g+ "   0       -           6.068404117666  
     142   5 "5/2g- "   0       -           6.068404117666  
     143   9 "9/2g- "   0       -           6.068404117666  
     144   2 "3/2g+ "   0       -           6.068404117666  
     145   1 "1/2g- "   0       -           6.068404117666  
     146  10 "11/2g+"   0       -           6.777114449071  
     147   2 "3/2g+ "   0       -           6.777114449071  
     148   6 "7/2g+ "   0       -           6.777114449071  
     149   9 "9/2g- "   0       -           6.777114449071  
     150  13 "13/2g-"   0       -           6.777114449071  
     151   5 "5/2g- "   0       -           6.777114449071  
     152   1 "1/2g- "   0       -           6.777114449071  
     153   9 "9/2g- "   0       -           6.778792481028  
     154  10 "11/2g+"   0       -           6.778792481028  
     155   5 "5/2g- "   0       -           6.778792481028  
     156   6 "7/2g+ "   0       -           6.778792481028  
     157   2 "3/2g+ "   0       -           6.778792481028  
     158   1 "1/2g- "   0       -           6.778792481028  
     159   5 "5/2g- "   0       -          12.651904081701  
     160   2 "3/2g+ "   0       -          12.651904081701  
     161   6 "7/2g+ "   0       -          12.651904081701  
     162   1 "1/2g- "   0       -          12.651904081701  
     163   9 "9/2g- "   0       -          12.658788854916  
     164   5 "5/2g- "   0       -          12.658788854916  
     165   1 "1/2g- "   0       -          12.658788854916  
     166   2 "3/2g+ "   0       -          12.658788854916  
     167   6 "7/2g+ "   0       -          12.658788854916  
     168   2 "3/2g+ "   0       -          13.134064556163  
     169   1 "1/2g- "   0       -          13.134064556163  
     170   2 "3/2g+ "   0       -          13.461204472299  
     171   5 "5/2g- "   0       -          13.461204472300  
     172   1 "1/2g- "   0       -          13.461204472300  
     173   1 "1/2g- "   0       -          16.171655509330  
     174   9 "9/2g- "   0       -          17.941574048117  
     175   2 "3/2g+ "   0       -          17.941574048117  
     176   5 "5/2g- "   0       -          17.941574048117  
     177  10 "11/2g+"   0       -          17.941574048117  
     178   6 "7/2g+ "   0       -          17.941574048117  
     179   1 "1/2g- "   0       -          17.941574048117  
     180  10 "11/2g+"   0       -          17.943011449664  
     181   6 "7/2g+ "   0       -          17.943011449664  
     182   2 "3/2g+ "   0       -          17.943011449664  
     183   5 "5/2g- "   0       -          17.943011449664  
     184   9 "9/2g- "   0       -          17.943011449664  
     185   1 "1/2g- "   0       -          17.943011449664  
     186  13 "13/2g-"   0       -          17.943011449664  
     187  16 "1/2u+ "   1       -          -5.087109366609  
     188  16 "1/2u+ "   1       -          -4.234306239312  
     189  19 "3/2u- "   1       -          -4.234306239312  
     190  16 "1/2u+ "   0       a          -0.521670247160  
     191  19 "3/2u- "   0       a          -0.459136030804  
     192  16 "1/2u+ "   0       a          -0.459136030804  
     193  16 "1/2u+ "   0       -          -0.149441871628  
     194  16 "1/2u+ "   0       -          -0.113029035899  
     195  19 "3/2u- "   0       -          -0.113029035899  
     196  16 "1/2u+ "   0       -           0.075483874501  
     197  23 "7/2u- "   0       -           0.075483874501  
     198  19 "3/2u- "   0       -           0.075483874501  
     199  20 "5/2u+ "   0       -           0.075483874502  
     200  19 "3/2u- "   0       -           0.076844676635  
     201  20 "5/2u+ "   0       -           0.076844676636  
     202  16 "1/2u+ "   0       -           0.076844676636  
     203  20 "5/2u+ "   0       -           0.748521078920  
     204  19 "3/2u- "   0       -           0.748521078921  
     205  23 "7/2u- "   0       -           0.748521078923  
     206  16 "1/2u+ "   0       -           0.748521078923  
     207  16 "1/2u+ "   0       -           0.750853919582  
     208  20 "5/2u+ "   0       -           0.750853919582  
     209  19 "3/2u- "   0       -           0.750853919584  
     210  16 "1/2u+ "   0       -           0.936043084289  
     211  16 "1/2u+ "   0       -           1.175919071440  
     212  19 "3/2u- "   0       -           1.175919071440  
     213  19 "3/2u- "   0       -           2.393812188655  
     214  20 "5/2u+ "   0       -           2.393812188656  
     215  16 "1/2u+ "   0       -           2.393812188656  
     216  16 "1/2u+ "   0       -           2.398859040484  
     217  23 "7/2u- "   0       -           2.398859040484  
     218  19 "3/2u- "   0       -           2.398859040486  
     219  20 "5/2u+ "   0       -           2.398859040487  
     220  16 "1/2u+ "   0       -           2.548737195628  
     221  19 "3/2u- "   0       -           2.803384588476  
     222  16 "1/2u+ "   0       -           2.803384588476  
     223  19 "3/2u- "   0       -           2.999975609862  
     224  23 "7/2u- "   0       -           2.999975609862  
     225  20 "5/2u+ "   0       -           2.999975609862  
     226  24 "9/2u+ "   0       -           2.999975609862  
     227  16 "1/2u+ "   0       -           2.999975609862  
     228  27 "11/2u-"   0       -           2.999975609862  
     229  20 "5/2u+ "   0       -           3.001680973130  
     230  19 "3/2u- "   0       -           3.001680973130  
     231  23 "7/2u- "   0       -           3.001680973130  
     232  24 "9/2u+ "   0       -           3.001680973130  
     233  16 "1/2u+ "   0       -           3.001680973130  
     234  16 "1/2u+ "   0       -           6.790626462828  
     235  20 "5/2u+ "   0       -           6.790626462828  
     236  19 "3/2u- "   0       -           6.790626462828  
     237  19 "3/2u- "   0       -           6.807893518645  
     238  20 "5/2u+ "   0       -           6.807893518645  
     239  23 "7/2u- "   0       -           6.807893518646  
     240  16 "1/2u+ "   0       -           6.807893518646  
     241  23 "7/2u- "   0       -           8.749330011080  
     242  20 "5/2u+ "   0       -           8.749330011080  
     243  24 "9/2u+ "   0       -           8.749330011080  
     244  19 "3/2u- "   0       -           8.749330011080  
     245  27 "11/2u-"   0       -           8.749330011080  
     246  16 "1/2u+ "   0       -           8.749330011080  
     247  20 "5/2u+ "   0       -           8.750869822596  
     248  24 "9/2u+ "   0       -           8.750869822596  
     249  23 "7/2u- "   0       -           8.750869822596  
     250  19 "3/2u- "   0       -           8.750869822596  
     251  16 "1/2u+ "   0       -           8.750869822596  
     252  16 "1/2u+ "   0       -           9.780174182535  
     253  16 "1/2u+ "   0       -          11.469308793700  
     254  19 "3/2u- "   0       -          11.469308793700  
     255  24 "9/2u+ "   0       -          17.379092264237  
     256  20 "5/2u+ "   0       -          17.379092264237  
     257  16 "1/2u+ "   0       -          17.379092264237  
     258  19 "3/2u- "   0       -          17.379092264237  
     259  23 "7/2u- "   0       -          17.379092264238  
     260  27 "11/2u-"   0       -          17.384706102112  
     261  23 "7/2u- "   0       -          17.384706102112  
     262  19 "3/2u- "   0       -          17.384706102112  
     263  16 "1/2u+ "   0       -          17.384706102112  
     264  20 "5/2u+ "   0       -          17.384706102112  
     265  24 "9/2u+ "   0       -          17.384706102112  
     266  16 "1/2u+ "   0       -          18.844650606230  
     267  20 "5/2u+ "   0       -          18.844650606230  
     268  23 "7/2u- "   0       -          18.844650606230  
     269  19 "3/2u- "   0       -          18.844650606230  
     270  20 "5/2u+ "   0       -          18.860049318031  
     271  16 "1/2u+ "   0       -          18.860049318031  
     272  19 "3/2u- "   0       -          18.860049318032  
     273  17 "1/2u- "   1       -          -5.087109366609  
     274  17 "1/2u- "   1       -          -4.234306239312  
     275  18 "3/2u+ "   1       -          -4.234306239312  
     276  17 "1/2u- "   0       a          -0.521670247160  
     277  18 "3/2u+ "   0       a          -0.459136030804  
     278  17 "1/2u- "   0       a          -0.459136030804  
     279  17 "1/2u- "   0       -          -0.149441871628  
     280  17 "1/2u- "   0       -          -0.113029035899  
     281  18 "3/2u+ "   0       -          -0.113029035899  
     282  17 "1/2u- "   0       -           0.075483874501  
     283  22 "7/2u+ "   0       -           0.075483874501  
     284  18 "3/2u+ "   0       -           0.075483874501  
     285  21 "5/2u- "   0       -           0.075483874502  
     286  18 "3/2u+ "   0       -           0.076844676635  
     287  21 "5/2u- "   0       -           0.076844676636  
     288  17 "1/2u- "   0       -           0.076844676636  
     289  21 "5/2u- "   0       -           0.748521078920  
     290  18 "3/2u+ "   0       -           0.748521078921  
     291  22 "7/2u+ "   0       -           0.748521078923  
     292  17 "1/2u- "   0       -           0.748521078923  
     293  17 "1/2u- "   0       -           0.750853919582  
     294  21 "5/2u- "   0       -           0.750853919582  
     295  18 "3/2u+ "   0       -           0.750853919584  
     296  17 "1/2u- "   0       -           0.936043084289  
     297  17 "1/2u- "   0       -           1.175919071440  
     298  18 "3/2u+ "   0       -           1.175919071440  
     299  18 "3/2u+ "   0       -           2.393812188655  
     300  21 "5/2u- "   0       -           2.393812188656  
     301  17 "1/2u- "   0       -           2.393812188656  
     302  17 "1/2u- "   0       -           2.398859040484  
     303  22 "7/2u+ "   0       -           2.398859040484  
     304  18 "3/2u+ "   0       -           2.398859040486  
     305  21 "5/2u- "   0       -           2.398859040487  
     306  17 "1/2u- "   0       -           2.548737195628  
     307  18 "3/2u+ "   0       -           2.803384588476  
     308  17 "1/2u- "   0       -           2.803384588476  
     309  18 "3/2u+ "   0       -           2.999975609862  
     310  22 "7/2u+ "   0       -           2.999975609862  
     311  21 "5/2u- "   0       -           2.999975609862  
     312  25 "9/2u- "   0       -           2.999975609862  
     313  17 "1/2u- "   0       -           2.999975609862  
     314  26 "11/2u+"   0       -           2.999975609862  
     315  21 "5/2u- "   0       -           3.001680973130  
     316  18 "3/2u+ "   0       -           3.001680973130  
     317  22 "7/2u+ "   0       -           3.001680973130  
     318  25 "9/2u- "   0       -           3.001680973130  
     319  17 "1/2u- "   0       -           3.001680973130  
     320  17 "1/2u- "   0       -           6.790626462828  
     321  21 "5/2u- "   0       -           6.790626462828  
     322  18 "3/2u+ "   0       -           6.790626462828  
     323  18 "3/2u+ "   0       -           6.807893518645  
     324  21 "5/2u- "   0       -           6.807893518645  
     325  22 "7/2u+ "   0       -           6.807893518646  
     326  17 "1/2u- "   0       -           6.807893518646  
     327  22 "7/2u+ "   0       -           8.749330011080  
     328  21 "5/2u- "   0       -           8.749330011080  
     329  25 "9/2u- "   0       -           8.749330011080  
     330  18 "3/2u+ "   0       -           8.749330011080  
     331  26 "11/2u+"   0       -           8.749330011080  
     332  17 "1/2u- "   0       -           8.749330011080  
     333  21 "5/2u- "   0       -           8.750869822596  
     334  25 "9/2u- "   0       -           8.750869822596  
     335  22 "7/2u+ "   0       -           8.750869822596  
     336  18 "3/2u+ "   0       -           8.750869822596  
     337  17 "1/2u- "   0       -           8.750869822596  
     338  17 "1/2u- "   0       -           9.780174182535  
     339  17 "1/2u- "   0       -          11.469308793700  
     340  18 "3/2u+ "   0       -          11.469308793700  
     341  25 "9/2u- "   0       -          17.379092264237  
     342  21 "5/2u- "   0       -          17.379092264237  
     343  17 "1/2u- "   0       -          17.379092264237  
     344  18 "3/2u+ "   0       -          17.379092264237  
     345  22 "7/2u+ "   0       -          17.379092264238  
     346  26 "11/2u+"   0       -          17.384706102112  
     347  22 "7/2u+ "   0       -          17.384706102112  
     348  18 "3/2u+ "   0       -          17.384706102112  
     349  17 "1/2u- "   0       -          17.384706102112  
     350  21 "5/2u- "   0       -          17.384706102112  
     351  25 "9/2u- "   0       -          17.384706102112  
     352  17 "1/2u- "   0       -          18.844650606230  
     353  21 "5/2u- "   0       -          18.844650606230  
     354  22 "7/2u+ "   0       -          18.844650606230  
     355  18 "3/2u+ "   0       -          18.844650606230  
     356  21 "5/2u- "   0       -          18.860049318031  
     357  17 "1/2u- "   0       -          18.860049318031  
     358  18 "3/2u+ "   0       -          18.860049318032  
    -------------------------------------------------------

    irreps             1/2g+ 1/2g- 3/2g+ 3/2g- 5/2g+ 5/2g- 7/2g+ 7/2g- 9/2g+ 9/2g-11/2g+11/2g-13/2g+13/2g- 1/2u+ 1/2u- 3/2u+ 3/2u- 5/2u+ 5/2u- 7/2u+ 7/2u- 9/2u+ 9/2u-11/2u+11/2u-
    occupied inactive      4     4     2     2     1     1     0     0     0     0     0     0     0     0     2     2     1     1     0     0     0     0     0     0     0     0
    occupied active        0     0     0     0     0     0     0     0     0     0     0     0     0     0     0     0     0     0     0     0     0     0     0     0     0     0
    virtual active         0     0     0     0     0     0     0     0     0     0     0     0     0     0     2     2     1     1     0     0     0     0     0     0     0     0
    virtual inactive      24    24    20    20    16    16    12    12     8     8     4     4     2     2    24    24    20    20    16    16    11    11     6     6     3     3


				*****************
				** Sector 0h0p **
				*****************


  Integral sorting routine: integrals for the 0h0p sector
 ------------------------------------------------------------------------------------------
   Mon Apr 27 09:15:41 2020
   number of spinor blocks: 26
   tile size: 100
   max spinor block length: 28
   i/o buffers size, bytes: 262144 (indices) + 131072 (integrals) [384.00 KB total]
   estimated max memory required for the straightforward algorithm (not used!): 244.77 GB
   size of working arrays, bytes: 9834496 (indices) + 10016616 (integrals) [18.93 MB total]
   sorting two-electron integrals ...
   sorting one-electron integrals ...
     Fock matrix construction ...
     max deviation of the diagonal elements of the reconstructed Fock matrix and orbital energies = 1.229028e-09
     fill 1-electron diagrams ... hh hp ph pp done
   reorder diagrams (if required): phhp[2431] done
   save sorted diagrams to disk: hh hp ph pp hhpp pphh hhhh phhp ppppr pphp phpp phhh hhhp hphh hphp done
   number of blocks read from disk: 28206
   total number of integrals read from disk: 324
   total number of bytes read from disk: 72625037928 (67.64 GB)
   sorting performance, Mb/sec: 127.11
   time for 2-e integrals sorting, sec: 544.87
   time for DIRAC interface (integral extraction & write), sec: 820.34
   total time for sorting operations, sec: 1365.21
 ------------------------------------------------------------------------------------------

 Initial guess
 -------------
 MP2 correlation energy =      -0.776438567419
       Total MP2 energy =    -192.474434580027

 Solution of amplitude equations (sector 0h0p)			 Mon Apr 27 09:24:46 2020
 --------------------------------------------------------------------------------------------
 it.            E(corr)              diffmax(T1)         diffmax(T2)    t,sec       mem,Gb
 --------------------------------------------------------------------------------------------
   1      -0.730879542813687    0.01914172289079    0.00357394886124     20.6    1.46/1.96
   2      -0.746630453251454    0.00131056009497    0.00534535352578     20.2    1.48/1.98
   3      -0.744928486454122    0.00147802961894    0.00168729402156     19.6    1.50/2.00
   4      -0.745345182975162    0.00013471224352    0.00029658980687     19.9    1.52/2.02
   5      -0.745360969116597    0.00002198189978    0.00008386039111     20.3    1.54/2.04
   6      -0.745357806609732    0.00000428823863    0.00001907950677     20.5    1.56/2.06
   7      -0.745357256491935    0.00000225071256    0.00000367892310     20.6    1.58/2.08
   8      -0.745357195981773    0.00000014277708    0.00000040308355     20.6    1.60/2.10
   9      -0.745357209893389    0.00000002508801    0.00000002635206     19.8    1.60/2.12
 --------------------------------------------------------------------------------------------
	converged in 9 iterations

          SCF reference energy =    -191.697996012608
       CCSD correlation energy =      -0.745357209893
             Total CCSD energy =    -192.443353222501

 average time per iteration = 20.220 sec
 (absolute values)
 Max T1 amplitude (t_ia) [ 100 -> 101 ] = 0.02248008
   [ 100] eps=     -1.10706109 rep=1/2g- inactive occ
   [ 101] eps=     -0.22096841 rep=1/2g- inactive virt
 Max T2 amplitude (t_ijab) [ 7 100 -> 190 276 ] = 0.07243181
   [   7] eps=     -1.10706109 rep=1/2g+ inactive occ
   [ 100] eps=     -1.10706109 rep=1/2g- inactive occ
   [ 190] eps=     -0.52167025 rep=1/2u+ active virt
   [ 276] eps=     -0.52167025 rep=1/2u- active virt

 Norm |T1| = 0.04588469
 Norm |T2| = 0.61851985

 T1 diagnostic = 0.01026013
 More on T1 diagnostic: [T.J.Lee,P.R.Taylor,IJQC 23,199(1989)]


				*****************
				** Sector 0h1p **
				*****************


  Integral sorting routine: integrals for the 0h1p sector
 ------------------------------------------------------------------------------------------
   Mon Apr 27 09:27:48 2020
   number of spinor blocks: 26
   tile size: 100
   max spinor block length: 28
   i/o buffers size, bytes: 262144 (indices) + 131072 (integrals) [384.00 KB total]
   estimated max memory required for the straightforward algorithm (not used!): 244.77 GB
   size of working arrays, bytes: 9834496 (indices) + 10016616 (integrals) [18.93 MB total]
   sorting two-electron integrals ...
   sorting one-electron integrals ...
     Fock matrix construction ...
     fill 1-electron diagrams ... vh vp pv done
   reorder diagrams (if required): done
   save sorted diagrams to disk: vh vp pv vhpp vhhh pvhp hvhp pvhh pvpp done
   number of blocks read from disk: 28206
   total number of integrals read from disk: 324
   total number of bytes read from disk: 72625037928 (67.64 GB)
   sorting performance, Mb/sec: 64.10
   time for 2-e integrals sorting, sec: 1080.58
   time for DIRAC interface (integral extraction & write), sec: 820.34
   total time for sorting operations, sec: 1900.92
 ------------------------------------------------------------------------------------------

 Preparing T1 and T2 amplitudes ...
 Construction of S^(0,1)-independent contributions to the FSCC-equations ...

 Initialization of S1 and S2 amplitudes ...

 Solution of amplitude equations (sector 0h1p)		 Mon Apr 27 09:36:46 2020
 ---------------------------------------------------------------------------------------
 it.       diffmax(S1)       diffmax(S2)     max(S1)     max(S2)    t,sec       mem,Gb
 ---------------------------------------------------------------------------------------
   1    0.072228522750    0.005956301951    0.045470    0.044252     11.7    1.56/2.12
   2    0.014787851307    0.003024789372    0.030682    0.045984     11.9    1.57/2.12
   3    0.004549011548    0.000856945228    0.037880    0.045825     12.1    1.59/2.12
   4    0.000181752078    0.000161420442    0.037676    0.045871     12.1    1.60/2.12
   5    0.000051273535    0.000029603656    0.037780    0.045887     12.2    1.61/2.12
   6    0.000011611908    0.000002779963    0.037781    0.045888     12.3    1.62/2.12
   7    0.000003503838    0.000000715530    0.037783    0.045888     12.3    1.64/2.13
   8    0.000000146753    0.000000105484    0.037783    0.045888     12.4    1.65/2.14
   9    0.000000018515    0.000000023420    0.037783    0.045888     12.2    1.65/2.16
 ---------------------------------------------------------------------------------------
	converged in 9 iterations
 average time per iteration = 12.127 sec
 (absolute values)
 Max S{01}_1 amplitude (s{01}_ia) [ 278 -> 280 ] = 0.03778256
   [ 278] eps=     -0.45913603 rep=1/2u- active virt
   [ 280] eps=     -0.11302904 rep=1/2u- inactive virt
 Max S{01}_2 amplitude (s{01}_ijab) [ 277 100 -> 12 191 ] = 0.04588787
   [ 277] eps=     -0.45913603 rep=3/2u+ active virt
   [ 100] eps=     -1.10706109 rep=1/2g- inactive occ
   [  12] eps=     -0.15313953 rep=5/2g+ inactive virt
   [ 191] eps=     -0.45913603 rep=3/2u- active virt

 Norm |S{01}_1| = 0.09012556
 Norm |S{01}_2| = 0.50489900


 Effective Hamiltonian analysis
 Active space: 0 holes, 6 particles
 Model space size: 6 determinants (total)
 Dimensions of symmetry blocks of Heff:
1/2u+ [2]  1/2u- [2]  3/2u+ [1]  3/2u- [1]   (max 2)

 Sector (0h,1p) -- analysis of model vectors (right vectors)
 first line : irrep, state number, total energy, eigenvalue
 other lines: coefficients of contributing determinants (above a threshold of 1.0e-04)
 loewdin orthogonalization...

 Irrep 1 (1/2u+) State 1 Energy    -192.994726063917028 Eigenvalue    -0.55137284    0.0000E+00
    1.00245   0.00000 | 1/2u+ # 190 (   -0.521670) > (1/2u+)

 Irrep 1 (1/2u+) State 2 Energy    -192.931182477079687 Eigenvalue    -0.48782925    0.0000E+00
    0.99755   0.00000 | 1/2u+ # 192 (   -0.459136) > (1/2u+)
 loewdin orthogonalization...

 Irrep 2 (1/2u-) State 1 Energy    -192.994726063917028 Eigenvalue    -0.55137284    0.0000E+00
    1.00000   0.00000 | 1/2u- # 276 (   -0.521670) > (1/2u-)

 Irrep 2 (1/2u-) State 2 Energy    -192.931182477079687 Eigenvalue    -0.48782925    0.0000E+00
    1.00000   0.00000 | 1/2u- # 278 (   -0.459136) > (1/2u-)
 loewdin orthogonalization...

 Irrep 3 (3/2u+) State 1 Energy    -192.931182477079687 Eigenvalue    -0.48782925    0.0000E+00
    1.00000   0.00000 | 3/2u+ # 277 (   -0.459136) > (3/2u+)
 loewdin orthogonalization...

 Irrep 4 (3/2u-) State 1 Energy    -192.931182477079687 Eigenvalue    -0.48782925    0.0000E+00
    1.00000   0.00000 | 3/2u- # 191 (   -0.459136) > (3/2u-)

 Heff eigenvalues:
 (degeneracy threshold = 1.0e-08 a.u.)

 Level  Re(eigenvalue)  Im(eigv)               Abs energy  Rel eigenvalue    Rel eigv, eV  Rel eigv, cm-1  deg  symmetry
 ------------------------------------------------------------------------------------------------------------------------
@    1   -0.5513728414  0.00e+00   -192.99472606391702811    0.0000000000    0.0000000000        0.000000   2   1/2u+ 1/2u-
@    2   -0.4878292546  0.00e+00   -192.93118247707968749    0.0635435868    1.7291090849    13946.205297   4   1/2u+ 1/2u- 3/2u+ 3/2u-

 Ionization potential wrt reference state =     0.551372841416 a.u. =  15.0036 eV =  121012.35 cm^-1

				*****************
				** Sector 0h2p **
				*****************


  Integral sorting routine: integrals for the 0h2p sector
 ------------------------------------------------------------------------------------------
   Mon Apr 27 09:38:36 2020
   number of spinor blocks: 26
   tile size: 100
   max spinor block length: 28
   i/o buffers size, bytes: 262144 (indices) + 131072 (integrals) [384.00 KB total]
   estimated max memory required for the straightforward algorithm (not used!): 244.77 GB
   size of working arrays, bytes: 9834496 (indices) + 10016616 (integrals) [18.93 MB total]
   sorting two-electron integrals ...
   sorting one-electron integrals ...
     Fock matrix construction ...
     fill 1-electron diagrams ... done
   reorder diagrams (if required): done
   save sorted diagrams to disk: vvpp vvhh vvhp done
   number of blocks read from disk: 28206
   total number of integrals read from disk: 324
   total number of bytes read from disk: 72625037928 (67.64 GB)
   sorting performance, Mb/sec: 38.80
   time for 2-e integrals sorting, sec: 1785.12
   time for DIRAC interface (integral extraction & write), sec: 820.34
   total time for sorting operations, sec: 2605.46
 ------------------------------------------------------------------------------------------

 Preparing T1, T2, S{01}_1, S{01}_2 amplitudes ...
 Construction of S^(0,2)-independent contributions to the FSCC-equations ...
 done in 2.88 sec

 Initialization of S{02}_2 amplitudes ...
 Calculated: S{02}_2 and Heff{02}
 done

 Solution of amplitude equations (sector 0h2p)
 Mon Apr 27 09:50:23 2020
 ---------------------------------------------------------
 it.       diffmax(S2)     max(S2)    t,sec       mem,Gb
 ---------------------------------------------------------
   1    0.058642440541    0.107185      2.4    1.58/2.16
   2    0.025295541870    0.130868      2.5    1.59/2.16
   3    0.001952463337    0.123913      2.5    1.60/2.16
   4    0.000583974713    0.123974      2.5    1.61/2.16
   5    0.000093898422    0.123996      2.5    1.62/2.16
   6    0.000018905831    0.123976      2.5    1.62/2.16
   7    0.000004064486    0.123978      2.5    1.63/2.16
   8    0.000000620342    0.123978      2.5    1.64/2.16
   9    0.000000087402    0.123978      2.4    1.64/2.16
 ---------------------------------------------------------
	converged in 9 iterations
 average time per iteration = 2.476 sec
 (absolute values)
 Max S{02}_2 amplitude (s{02}_ijab) [ 276 191 -> 276 195 ] = 0.12397813
   [ 276] eps=     -0.52167025 rep=1/2u- active virt
   [ 191] eps=     -0.45913603 rep=3/2u- active virt
   [ 276] eps=     -0.52167025 rep=1/2u- active virt
   [ 195] eps=     -0.11302904 rep=3/2u- inactive virt

 Norm |S{02}_2| = 1.35767622


 Effective Hamiltonian analysis
 Active space: 0 holes, 6 particles
 Model space size: 15 determinants (total)
 Dimensions of symmetry blocks of Heff:
  0g [5]   1g+ [3]   1g- [3]   2g+ [2]   2g- [2]   (max 5)

 Sector (0h,2p) -- analysis of model vectors (right vectors)
 first line : irrep, state number, total energy, eigenvalue
 other lines: coefficients of contributing determinants (above a threshold of 1.0e-04)
 loewdin orthogonalization...

 Irrep 1 (  0g) State 1 Energy    -193.269207099639914 Eigenvalue    -0.82585388    0.0000E+00
    0.97122   0.00000 | 1/2u+ # 190 (   -0.521670) 1/2u- # 276 (   -0.521670) > (  0g)
   -0.16842   0.00000 | 3/2u- # 191 (   -0.459136) 3/2u+ # 277 (   -0.459136) > (  0g)
   -0.16842   0.00000 | 1/2u+ # 192 (   -0.459136) 1/2u- # 278 (   -0.459136) > (  0g)

 Irrep 1 (  0g) State 2 Energy    -193.235022000683500 Eigenvalue    -0.79166878    0.0000E+00
   -0.70711   0.00000 | 1/2u+ # 190 (   -0.521670) 1/2u- # 278 (   -0.459136) > (  0g)
    0.70711   0.00000 | 1/2u+ # 192 (   -0.459136) 1/2u- # 276 (   -0.521670) > (  0g)

 Irrep 1 (  0g) State 3 Energy    -193.221776447498485 Eigenvalue    -0.77842322    0.0000E+00
    0.68748   0.00000 | 1/2u+ # 190 (   -0.521670) 1/2u- # 278 (   -0.459136) > (  0g)
    0.16544   0.00000 | 3/2u- # 191 (   -0.459136) 3/2u+ # 277 (   -0.459136) > (  0g)
    0.68748   0.00000 | 1/2u+ # 192 (   -0.459136) 1/2u- # 276 (   -0.521670) > (  0g)
   -0.16544   0.00000 | 1/2u+ # 192 (   -0.459136) 1/2u- # 278 (   -0.459136) > (  0g)

 Irrep 1 (  0g) State 4 Energy    -193.173235120077550 Eigenvalue    -0.72988190    0.0000E+00
   -0.16544   0.00000 | 1/2u+ # 190 (   -0.521670) 1/2u- # 278 (   -0.459136) > (  0g)
    0.68748   0.00000 | 3/2u- # 191 (   -0.459136) 3/2u+ # 277 (   -0.459136) > (  0g)
   -0.16544   0.00000 | 1/2u+ # 192 (   -0.459136) 1/2u- # 276 (   -0.521670) > (  0g)
   -0.68748   0.00000 | 1/2u+ # 192 (   -0.459136) 1/2u- # 278 (   -0.459136) > (  0g)

 Irrep 1 (  0g) State 5 Energy    -193.132568243959213 Eigenvalue    -0.68921502    0.0000E+00
    0.23818   0.00000 | 1/2u+ # 190 (   -0.521670) 1/2u- # 276 (   -0.521670) > (  0g)
    0.68676   0.00000 | 3/2u- # 191 (   -0.459136) 3/2u+ # 277 (   -0.459136) > (  0g)
    0.68676   0.00000 | 1/2u+ # 192 (   -0.459136) 1/2u- # 278 (   -0.459136) > (  0g)
 loewdin orthogonalization...

 Irrep 2 ( 1g+) State 1 Energy    -193.235022000683500 Eigenvalue    -0.79166878    0.0000E+00
    0.50000   0.00000 | 1/2u+ # 190 (   -0.521670) 1/2u+ # 192 (   -0.459136) > ( 1g+)
    0.86603   0.00000 | 1/2u- # 276 (   -0.521670) 3/2u+ # 277 (   -0.459136) > ( 1g+)

 Irrep 2 ( 1g+) State 2 Energy    -193.221776447498513 Eigenvalue    -0.77842322    0.0000E+00
    0.84199   0.00000 | 1/2u+ # 190 (   -0.521670) 1/2u+ # 192 (   -0.459136) > ( 1g+)
   -0.48612   0.00000 | 1/2u- # 276 (   -0.521670) 3/2u+ # 277 (   -0.459136) > ( 1g+)
   -0.23397   0.00000 | 3/2u+ # 277 (   -0.459136) 1/2u- # 278 (   -0.459136) > ( 1g+)

 Irrep 2 ( 1g+) State 3 Energy    -193.173235120077550 Eigenvalue    -0.72988190    0.0000E+00
    0.20262   0.00000 | 1/2u+ # 190 (   -0.521670) 1/2u+ # 192 (   -0.459136) > ( 1g+)
   -0.11698   0.00000 | 1/2u- # 276 (   -0.521670) 3/2u+ # 277 (   -0.459136) > ( 1g+)
    0.97224   0.00000 | 3/2u+ # 277 (   -0.459136) 1/2u- # 278 (   -0.459136) > ( 1g+)
 loewdin orthogonalization...

 Irrep 3 ( 1g-) State 1 Energy    -193.235022000683500 Eigenvalue    -0.79166878    0.0000E+00
    0.86603   0.00000 | 1/2u+ # 190 (   -0.521670) 3/2u- # 191 (   -0.459136) > ( 1g-)
    0.50000   0.00000 | 1/2u- # 276 (   -0.521670) 1/2u- # 278 (   -0.459136) > ( 1g-)

 Irrep 3 ( 1g-) State 2 Energy    -193.221776447498513 Eigenvalue    -0.77842322    0.0000E+00
   -0.48612   0.00000 | 1/2u+ # 190 (   -0.521670) 3/2u- # 191 (   -0.459136) > ( 1g-)
   -0.23397   0.00000 | 3/2u- # 191 (   -0.459136) 1/2u+ # 192 (   -0.459136) > ( 1g-)
    0.84199   0.00000 | 1/2u- # 276 (   -0.521670) 1/2u- # 278 (   -0.459136) > ( 1g-)

 Irrep 3 ( 1g-) State 3 Energy    -193.173235120077550 Eigenvalue    -0.72988190    0.0000E+00
   -0.11698   0.00000 | 1/2u+ # 190 (   -0.521670) 3/2u- # 191 (   -0.459136) > ( 1g-)
    0.97224   0.00000 | 3/2u- # 191 (   -0.459136) 1/2u+ # 192 (   -0.459136) > ( 1g-)
    0.20262   0.00000 | 1/2u- # 276 (   -0.521670) 1/2u- # 278 (   -0.459136) > ( 1g-)
 loewdin orthogonalization...

 Irrep 4 ( 2g+) State 1 Energy    -193.221776447498513 Eigenvalue    -0.77842322    0.0000E+00
    0.97224   0.00000 | 1/2u+ # 190 (   -0.521670) 3/2u+ # 277 (   -0.459136) > ( 2g+)
    0.23397   0.00000 | 1/2u+ # 192 (   -0.459136) 3/2u+ # 277 (   -0.459136) > ( 2g+)

 Irrep 4 ( 2g+) State 2 Energy    -193.173235120077550 Eigenvalue    -0.72988190    0.0000E+00
   -0.23397   0.00000 | 1/2u+ # 190 (   -0.521670) 3/2u+ # 277 (   -0.459136) > ( 2g+)
    0.97224   0.00000 | 1/2u+ # 192 (   -0.459136) 3/2u+ # 277 (   -0.459136) > ( 2g+)
 loewdin orthogonalization...

 Irrep 5 ( 2g-) State 1 Energy    -193.221776447498513 Eigenvalue    -0.77842322    0.0000E+00
    0.97224   0.00000 | 3/2u- # 191 (   -0.459136) 1/2u- # 276 (   -0.521670) > ( 2g-)
    0.23397   0.00000 | 3/2u- # 191 (   -0.459136) 1/2u- # 278 (   -0.459136) > ( 2g-)

 Irrep 5 ( 2g-) State 2 Energy    -193.173235120077550 Eigenvalue    -0.72988190    0.0000E+00
   -0.23397   0.00000 | 3/2u- # 191 (   -0.459136) 1/2u- # 276 (   -0.521670) > ( 2g-)
    0.97224   0.00000 | 3/2u- # 191 (   -0.459136) 1/2u- # 278 (   -0.459136) > ( 2g-)

 Heff eigenvalues:
 (degeneracy threshold = 1.0e-08 a.u.)

 Level  Re(eigenvalue)  Im(eigv)               Abs energy  Rel eigenvalue    Rel eigv, eV  Rel eigv, cm-1  deg  symmetry
 ------------------------------------------------------------------------------------------------------------------------
@    1   -0.8258538771  0.00e+00   -193.26920709963991385    0.0000000000    0.0000000000        0.000000   1   0g
@    2   -0.7916687782  0.00e+00   -193.23502200068350021    0.0341850990    0.9302239316     7502.761992   3   0g 1g+ 1g-
@    3   -0.7784232250  0.00e+00   -193.22177644749851311    0.0474306521    1.2906537953    10409.824894   5   0g 1g+ 1g- 2g+ 2g-
@    4   -0.7298818976  0.00e+00   -193.17323512007754971    0.0959719796    2.6115306047    21063.414836   5   0g 1g+ 1g- 2g+ 2g-
@    5   -0.6892150215  0.00e+00   -193.13256824395921285    0.1366388557    3.7181326781    29988.762480   1   0g

 Ionization potential wrt reference state =     0.825853877139 a.u. =  22.4726 eV =  181253.98 cm^-1

 time for (sec):
 -------------------------------------------------------
  Total time of execution                      2926.618
  Diagram contraction (mult) for <PP||PP>        78.200
  DIRAC interface (MRCONEE/MDCINT)              820.341
  Diagram template constr (tmplt)                 1.054
  Sorting of integrals                         1785.118
  Multidim transposition (reorder)               37.046
  Energy denominators (diveps)                    0.254
  0h0p -- Singles equations (T1)                  7.908
  Diagram contraction (mult)                    263.413
  mult M <- M x M                               251.886
  mult M <- D x M                                 0.000
  Diagram addition (update)                       0.627
  0h0p -- Doubles equations (T2)                171.748
  Permutation operators                           9.650
  DIIS extrapolation                              2.634
  Constant part of 0h1p amplitudes                1.621
  Extraction of a closed part                     0.072
  Constant part of 0h2p amplitudes                2.880
 -------------------------------------------------------


 memory in usage  = 1688952288 bytes = 1610.7 Mb = 1.57 Gb
 max memory usage = 2316866584 bytes = 2209.5 Mb = 2.16 Gb
 Disk I/O:
   files created: 151245   files removed: 0
   read      217881604128 bytes = 202.918 Gb
   write      38900647477 bytes = 36.229 Gb

 EXP-T terminated normally at Mon Apr 27 09:50:46 2020
 Total run time: 0 days 0 hours 48 minutes 46 seconds 617 milliseconds
