a oleynichenko, 2023

filename             tdm.out
upper limit [cm]     1000000000.0
initial irreps       ['1/2g+']
final irreps         None
initial elec state   None
final elec state     None
force hermiticity    True
print elec spectrum  False
energy units         cm
irreps: 
['1/2g+', '1/2g-', '1/2u+', '1/2u-', '3/2u+', '3/2u-']

table of transition moments:

initial irreps:  ['1/2g+']
initial states:  all
final irreps  :  all
final states  :  all

transitions  1/2g+  ->  1/2u+ 

               e_i,cm^-1   e_f,cm^-1          re(dx)      im(dx)        re(dy)      im(dy)        re(dz)      im(dz)        |d|,a.u.    osc.str.
   1 ->    1      0.0000  12555.1431        0.000000    0.000000      0.000000    0.000000      0.000000   -1.756964        1.756964    0.117726 
   1 ->    1  12555.1431      0.0000        0.000000    0.000000      0.000000    0.000000      0.000000    1.725401        1.725401   -0.113534 
                                                                                                                            1.741111    0.115611
   1 ->    2      0.0000  12786.5663        0.000000    0.000000      0.000000    0.000000      0.000000   -2.480954        2.480954    0.239065 
   2 ->    1  12786.5663      0.0000        0.000000    0.000000      0.000000    0.000000      0.000000    2.433780        2.433780   -0.230060 
                                                                                                                            2.457254    0.234519

transitions  1/2g+  ->  1/2u- 

               e_i,cm^-1   e_f,cm^-1          re(dx)      im(dx)        re(dy)      im(dy)        re(dz)      im(dz)        |d|,a.u.    osc.str.
   1 ->    1      0.0000  12555.1431        0.000000   -1.756964      1.756964    0.000000      0.000000    0.000000        2.484722    0.235452 
   1 ->    1  12555.1431      0.0000        0.000000    1.725401      1.725401    0.000000      0.000000    0.000000        2.440085   -0.227068 
                                                                                                                            2.462303    0.231222
   1 ->    2      0.0000  12786.5663        0.000000    1.240477     -1.240477    0.000000      0.000000    0.000000        1.754299    0.119532 
   2 ->    1  12786.5663      0.0000        0.000000   -1.216890     -1.216890    0.000000      0.000000    0.000000        1.720942   -0.115030 
                                                                                                                            1.737541    0.117260

transitions  1/2g+  ->  3/2u+ 

               e_i,cm^-1   e_f,cm^-1          re(dx)      im(dx)        re(dy)      im(dy)        re(dz)      im(dz)        |d|,a.u.    osc.str.
   1 ->    1      0.0000  12786.5663        0.000000    2.148569      2.148569    0.000000      0.000000    0.000000        3.038535    0.358597 
   1 ->    1  12786.5663      0.0000        0.000000   -2.107715      2.107715    0.000000      0.000000    0.000000        2.980759   -0.345090 
                                                                                                                            3.009509    0.351779
