
		**********************************************************************************
		**                                                                              **
		**                                   E X P - T                                  **
		**        Relativistic Fock-Space Multireference Coupled Cluster Program        **
		**                                                                              **
		**                         version 1.8.3 (22 Aug 2023)                         **
		**                                                                              **
		**********************************************************************************
		**                                                                              **
		** EXP-T is free software: you can redistribute it and/or modify                **
		** it under the terms of the GNU Lesser General Public License as published by  **
		** the Free Software Foundation, either version 3 of the License, or            **
		** (at your option) any later version.                                          **
		**                                                                              **
		** EXP-T is distributed in the hope that it will be useful,                     **
		** but WITHOUT ANY WARRANTY; without even the implied warranty of               **
		** MERCHANTABILITY or FITNESS FOR A PARTICULAR PURPOSE.  See the                **
		** GNU Lesser General Public License for more details.                          **
		**                                                                              **
		** You should have received a copy of the GNU Lesser General Public License     **
		** along with EXP-T.  If not, see <http://www.gnu.org/licenses/>.               **
		**                                                                              **
		**********************************************************************************
		**                                                                              **
		** For more information about the EXP-T program system see                      **
		** http://www.qchem.pnpi.spb.ru/expt                                            **
		**                                                                              **
		** This is an experimental code. The authors accept no responsibility           **
		** for the performance of the code or for the correctness of the results.       **
		**                                                                              **
		** If results obtained with this code are published, an                         **
		** appropriate citation would be:                                               **
		**                                                                              **
		** [1] A. Oleynichenko, A. Zaitsevskii, E. Eliav.                               **
		**     EXP-T, An Extensible Code for Fock Space Relativistic Coupled Cluster    **
		**     Calculations. See http://www.qchem.pnpi.spb.ru/expt.                     **
		** [2] A. V. Oleynichenko, A. Zaitsevskii, E. Eliav.                            **
		**     Towards high performance relativistic electronic structure modelling:    **
		**     the EXP-T program package. Commun. Comput. Inf. Sci. 1331, 375 (2020).   **
		**     doi: 10.1007/978-3-030-64616-5_33                                        **
		**                                                                              **
		**********************************************************************************

Authors:
  Alexander Oleynichenko [alexvoleynichenko@gmail.com]
  Andrei Zaitsevskii
  Artem Rumyantsev
  Ephraim Eliav
Compiler: GNU C Compiler 4.8.5
BLAS/LAPACK implementation: OpenBLAS
Build date: Apr 18 2024 16:01:18
Run date: Sat May  4 14:31:44 2024
Hostname: l009
CUDA disabled
Tensor trains (TT) disabled
Reading input file: ccsd_F+.inp


				****************
				** Input file **
				****************

 -----
 title "Rb atom -- relativistic EA-CCSD calculation"
 maxiter 50
 conv 1e-9
 sector 0h1p
 nactp 8
 
 reuse 2-integrals amplitudes
 oneprop +1e-5 0.0 "ZDIPLEN"
 
 -----



				*************
				** Options **
				*************

 title            title string - comment                    Rb atom -- relativistic EA-CCSD calculation
 scratch_dir      scratch directory for tmp files           scratch
 --no-clean       retain scratch directory on exit          yes
 print            print level                               medium
 flush_amplitude  write formatted files with cluser ampl-s  no
 arith            recommended arithmetic                    real
 memory           max allowed RAM usage                     1024.0 Mb
 compress         compression of integrals on disk          disabled
 compress_triples compression of triples tensors in RAM     disabled
 disk_usage       disk usage level                          2 (rank-6+ and pppp on disk)
 tilesize         max dimension of formal blocks (tiles)    100
 nthreads         number of OpenMP parallel threads         1
 openmp_algorithm  parallelization algorithm for mult        external
 cuda             calculations on GPU (CUDA)                disabled
 maxiter          maximum number of CC iterations           50
 conv_thresh      convergence threshold (by amplitudes)     1e-09
 div_thresh       divergence threshold (by amplitudes)      1000
 reuse            reuse amplitudes and/or integrals         0h0p 0h1p 0h2p 0h3p 1h0p 1h1p 1h2p 1h3p 2h0p 2h1p 2h2p 2h3p 3h0p 3h1p 3h2p 3h3p 2-integrals 
 skip             skip computations in sectors:             
 flush            flush amplitudes                          no
 interface        source of transformed molecular integrals  DIRAC
 integrals        one-electron Hamiltonian integrals file   MRCONEE
                  two-electron (Coulomb) integrals file     MDCINT
                  one-electron property integrals file      MDPROP
 x2cmmf           X2Cmmf Hamiltonian                        no
 new_sorting      new implementation of integral sorting    no
 gaunt            two-electron (Gaunt) integrals file       not used
 sector           target Fock space sector                  0h1p
 model            coupled cluster model (level of theory)   CCSD
 nacth            number of active hole spinors             0 spinors
 nactp            number of active particle spinors         8 spinors
 shifttype        formula for denominator shifts            shifts are disabled
 nroots           number of roots to be processed           all
 roots_cutoff     energy cutoff for roots to be processed   all
 degen_thresh     degeneracy threshold (a.u.)               1.0e-08
 occ_irreps       occupation numbers of spinors             default (from integral interface)
 occ              occupation numbers of spinors             default
 diis             DIIS technique for convergence            enabled
 diis <n>         DIIS subspace dimension                   10
 diis triples     DIIS for triples amplitudes               disabled
 diis             DIIS technique for convergence            disabled
 oneprop          interface to OneProp (by L.V.Skripnikov)  disabled
 twoprop          interface to TwoProp (by D.E.Maison)      disabled
 oneprop          interface to the MDPROP file              enabled
                  [0] one-electron property from MDPROP     property=ZDIPLEN lambda=(  1.0000e-05,  0.0000e+00)
 density 0h0p     construct density matrix in 0h0p          disabled
 density 0h1p     construct density matrix in 0h1p          disabled
 overlap          calculate overlap int-s for target wfns   disabled
 nohermit         hermitization of effective Hamiltonians   disabled
 dltdm            model-space estimates of tran dipoles     disabled
 natorb           model-space natural orbitals              disabled
 prop             model-space estimates of properties       disabled
 select           selection of cluster amplitudes           disabled
 restrict_t3      restriction of triples                    disabled
 use_oe           use orbital energies from DIRAC           disabled
 ih_imms          simple intermediate Hamiltonian           disabled


 Scratch directory 'scratch' exists
 Current working directory:
 /home/oleynichenko/EXPT_RELEASES/EXP-T/examples/Rb_atom_TDMs_finite_field
 Full path to one-electron integrals:
 /home/oleynichenko/EXPT_RELEASES/EXP-T/examples/Rb_atom_TDMs_finite_field/MRCONEE
 Full path to Coulomb integrals:
 /home/oleynichenko/EXPT_RELEASES/EXP-T/examples/Rb_atom_TDMs_finite_field/MDCINT
 Full path to properties integrals:
 /home/oleynichenko/EXPT_RELEASES/EXP-T/examples/Rb_atom_TDMs_finite_field/MDPROP
 Changing working directory to scratch ...
 Current working directory:
 /home/oleynichenko/EXPT_RELEASES/EXP-T/examples/Rb_atom_TDMs_finite_field/scratch

 ******************************************************************
 **       BINARY INTERFACE TO THE DIRAC PROGRAM PACKAGE          **
 **                    version 10 Apr 2020                       **
 ******************************************************************

 required unformatted files (produced by DIRAC):
   MRCONEE -- spinor info & transformed one-electron integrals
   MDCINT  -- transformed two-electron integrals
 optional files (DIRAC):
   MDPROP  -- transformed integrals of one-electron properties
 optional files (D. E. Maison, L. V. Skripnikov):
   MGINT   -- transformed Gaunt integrals

 HINT: in order to obtain these files, add option .4INDEX to the
   **DIRAC section of the DIRAC input file; this will enable the
   code for integrals transformation. Then run:
   $ pam --inp=<inp-file> --mol=<mol-file> --get="MRCONEE MDCINT"


 Names of integral files:
 MRCONEE = /home/oleynichenko/EXPT_RELEASES/EXP-T/examples/Rb_atom_TDMs_finite_field/MRCONEE
 MDCINT  = /home/oleynichenko/EXPT_RELEASES/EXP-T/examples/Rb_atom_TDMs_finite_field/MDCINT
 MDPROP  = /home/oleynichenko/EXPT_RELEASES/EXP-T/examples/Rb_atom_TDMs_finite_field/MDPROP
 default integer type in DIRAC              integer(8)

 *** MRCONEE FILE ***
 NSPINORS                                            182
 was breit in DHF                            F
 nuclear repulsion energy                      0.0000000000000000     
 inversion symmetry (1-no,2-yes)                       1
 group type (1-real,2-cmplx,4-quater)                  1
 is spinfree                                           0
 arithmetic                                 real
 total num of orb-s (+frozen+deleted)                 92
 Total SCF energy =                           -23.657473937102239     
 number of fermion irreps in parent group              2
 names of these reps (grd, ungrd)              E  1E         E  2E      
 number of spinors active in the transf-n              4           4
 total number of orb-s of this ircop                  91
 number of occupied frozen (core) spinors   
   - total                                             0
   - positive energy                                   0
   - negative energy                                   0
 number of deleted spinors                             1
 number of fermion irreps in Abelian subgrp           32
 names of these irreps                         1  -1   3  -3   5  -5   7  -7   9  -9  11 -11  13 -13  15 -15  17 -17  19 -19  21 -21  23 -23  25 -25  27 -27  29 -29  31 -31   0   2  -2   4  -4   6  -6   8  -8  10 -10  12 -12  14 -14  16 -16  18 -18  20 -20  22 -22  24 -24  26 -26  28 -28  30 -30  32
 number of g/u Kramers pairs          92
 number of boson symmetry reps(LUCITA)            4
 *** END OF MRCONEE FILE ***

 *** MDPROP FILE ***
 path to MDPROP file = /home/oleynichenko/EXPT_RELEASES/EXP-T/examples/Rb_atom_TDMs_finite_field/MDPROP
 MDPROP file exists
 property = XDIPLEN 
 order of parts: Re + i*Im
 property = YDIPLEN 
 order of parts: Re + i*Im
 property = ZDIPLEN 
 order of parts: Re + i*Im
 reached end of file MDPROP
 *** END OF MDPROP FILE ***

 ELECTRONIC contribution to dipole moment (DHF level)
 dx =    0.0000000000000000       (re)   0.0000000000000000      (im)
 dy =    0.0000000000000000       (re)   0.0000000000000000      (im)
 dz =   -3.7276304498834518E-016  (re)   0.0000000000000000      (im)
 |d| =    3.7276304498834518E-016  a.u. =    9.4746909933880672E-016  Debye
 1 a.u = 2.54174623 Debye
 reading and sorting of MDCINT file will be skipped

 Cinfv group is to be extended:
 max 2x|Omega| = 126
 number of irreps = 253

 Blocks of molecular spinors:
 --------------------------------------------------------------------------------
   #  size  irrep  spinor indices
 --------------------------------------------------------------------------------
 [ 0]   40   1/2+  1-3,5-7,11-12,14-15,17,20,22-24,26,29,31,34,38,40,43-44,46-47,50,54,59,62,64,68-69,71-73,79-80,84,89-90
 [ 1]   40   1/2-  92-94,96-98,102-103,105-106,108,111,113-115,117,120,122,125,129,131,134-135,137-138,141,145,150,153,155,159-160,162-164,170-171,175,180-181
 [ 2]   27   3/2+  95,99-100,104,107,109,112,116,118,121,124,127,130,132,136,140,143,148,152,156-157,161,166,168,174,176,182
 [ 3]   27   3/2-  4,8-9,13,16,18,21,25,27,30,33,36,39,41,45,49,52,57,61,65-66,70,75,77,83,85,91
 [ 4]   15   5/2+  10,19,28,32,37,42,48,53,55,60,67,74,76,82,88
 [ 5]   15   5/2-  101,110,119,123,128,133,139,144,146,151,158,165,167,173,179
 [ 6]    7   7/2+  126,142,147,154,169,172,178
 [ 7]    7   7/2-  35,51,56,63,78,81,87
 [ 8]    2   9/2+  58,86
 [ 9]    2   9/2-  149,177
 --------------------------------------------------------------------------------


		Symmetry & irreducible representations
		--------------------------------------

 Point group: Cinfv
 Group type: real
 Arithmetic: real
 Is abelian: yes
 Number of irreps: 253
 Totally symmetric irrep: 0
 Representation names:
   0 1/2+      1 1/2-      2 3/2+      3 3/2-      4 5/2+      5 5/2-      6 7/2+      7 7/2-   
   8 9/2+      9 9/2-     10 11/2+    11 11/2-    12 13/2+    13 13/2-    14 15/2+    15 15/2-  
  16 17/2+    17 17/2-    18 19/2+    19 19/2-    20 21/2+    21 21/2-    22 23/2+    23 23/2-  
  24 25/2+    25 25/2-    26 27/2+    27 27/2-    28 29/2+    29 29/2-    30 31/2+    31 31/2-  
  32 33/2+    33 33/2-    34 35/2+    35 35/2-    36 37/2+    37 37/2-    38 39/2+    39 39/2-  
  40 41/2+    41 41/2-    42 43/2+    43 43/2-    44 45/2+    45 45/2-    46 47/2+    47 47/2-  
  48 49/2+    49 49/2-    50 51/2+    51 51/2-    52 53/2+    53 53/2-    54 55/2+    55 55/2-  
  56 57/2+    57 57/2-    58 59/2+    59 59/2-    60 61/2+    61 61/2-    62 63/2+    63 63/2-  
  64 65/2+    65 65/2-    66 67/2+    67 67/2-    68 69/2+    69 69/2-    70 71/2+    71 71/2-  
  72 73/2+    73 73/2-    74 75/2+    75 75/2-    76 77/2+    77 77/2-    78 79/2+    79 79/2-  
  80 81/2+    81 81/2-    82 83/2+    83 83/2-    84 85/2+    85 85/2-    86 87/2+    87 87/2-  
  88 89/2+    89 89/2-    90 91/2+    91 91/2-    92 93/2+    93 93/2-    94 95/2+    95 95/2-  
  96 97/2+    97 97/2-    98 99/2+    99 99/2-   100 101/2+  101 101/2-  102 103/2+  103 103/2- 
 104 105/2+  105 105/2-  106 107/2+  107 107/2-  108 109/2+  109 109/2-  110 111/2+  111 111/2- 
 112 113/2+  113 113/2-  114 115/2+  115 115/2-  116 117/2+  117 117/2-  118 119/2+  119 119/2- 
 120 121/2+  121 121/2-  122 123/2+  123 123/2-  124 125/2+  125 125/2-  126 0       127 1+     
 128 1-      129 2+      130 2-      131 3+      132 3-      133 4+      134 4-      135 5+     
 136 5-      137 6+      138 6-      139 7+      140 7-      141 8+      142 8-      143 9+     
 144 9-      145 10+     146 10-     147 11+     148 11-     149 12+     150 12-     151 13+    
 152 13-     153 14+     154 14-     155 15+     156 15-     157 16+     158 16-     159 17+    
 160 17-     161 18+     162 18-     163 19+     164 19-     165 20+     166 20-     167 21+    
 168 21-     169 22+     170 22-     171 23+     172 23-     173 24+     174 24-     175 25+    
 176 25-     177 26+     178 26-     179 27+     180 27-     181 28+     182 28-     183 29+    
 184 29-     185 30+     186 30-     187 31+     188 31-     189 32+     190 32-     191 33+    
 192 33-     193 34+     194 34-     195 35+     196 35-     197 36+     198 36-     199 37+    
 200 37-     201 38+     202 38-     203 39+     204 39-     205 40+     206 40-     207 41+    
 208 41-     209 42+     210 42-     211 43+     212 43-     213 44+     214 44-     215 45+    
 216 45-     217 46+     218 46-     219 47+     220 47-     221 48+     222 48-     223 49+    
 224 49-     225 50+     226 50-     227 51+     228 51-     229 52+     230 52-     231 53+    
 232 53-     233 54+     234 54-     235 55+     236 55-     237 56+     238 56-     239 57+    
 240 57-     241 58+     242 58-     243 59+     244 59-     245 60+     246 60-     247 61+    
 248 61-     249 62+     250 62-     251 63+     252 63-    

				Spinors info
				------------

     no    rep         occ    active        one-el energy
    -------------------------------------------------------
       1   0 "1/2+  "   1       -          -1.775530719125
       2   0 "1/2+  "   1       -          -1.034887717897
       3   0 "1/2+  "   1       -          -0.999339409648
       4   3 "3/2-  "   1       -          -0.999339409648
       5   0 "1/2+  "   0       a          -0.139278642843
       6   0 "1/2+  "   0       a          -0.090758207607
       7   0 "1/2+  "   0       a          -0.089946511956
       8   3 "3/2-  "   0       a          -0.089946511956
       9   3 "3/2-  "   0       -          -0.059704249387
      10   4 "5/2+  "   0       -          -0.059704249387
      11   0 "1/2+  "   0       -          -0.059704249386
      12   0 "1/2+  "   0       -          -0.059644752440
      13   3 "3/2-  "   0       -          -0.059644752440
      14   0 "1/2+  "   0       -          -0.056510060944
      15   0 "1/2+  "   0       -          -0.040209791086
      16   3 "3/2-  "   0       -          -0.039744122069
      17   0 "1/2+  "   0       -          -0.039744122069
      18   3 "3/2-  "   0       -          -0.027170652589
      19   4 "5/2+  "   0       -          -0.027170652584
      20   0 "1/2+  "   0       -          -0.027170652582
      21   3 "3/2-  "   0       -          -0.027105239245
      22   0 "1/2+  "   0       -          -0.027105239245
      23   0 "1/2+  "   0       -           0.036239080295
      24   0 "1/2+  "   0       -           0.037330317513
      25   3 "3/2-  "   0       -           0.038963387541
      26   0 "1/2+  "   0       -           0.038963387541
      27   3 "3/2-  "   0       -           0.051959895627
      28   4 "5/2+  "   0       -           0.051959895647
      29   0 "1/2+  "   0       -           0.051959895652
      30   3 "3/2-  "   0       -           0.051991050874
      31   0 "1/2+  "   0       -           0.051991050874
      32   4 "5/2+  "   0       -           0.273035236794
      33   3 "3/2-  "   0       -           0.273035236794
      34   0 "1/2+  "   0       -           0.273035236794
      35   7 "7/2-  "   0       -           0.273035236794
      36   3 "3/2-  "   0       -           0.273199194575
      37   4 "5/2+  "   0       -           0.273199194575
      38   0 "1/2+  "   0       -           0.273199194575
      39   3 "3/2-  "   0       -           0.333424759804
      40   0 "1/2+  "   0       -           0.333424759804
      41   3 "3/2-  "   0       -           0.335012651125
      42   4 "5/2+  "   0       -           0.335012651130
      43   0 "1/2+  "   0       -           0.335012651131
      44   0 "1/2+  "   0       -           0.335319286765
      45   3 "3/2-  "   0       -           0.343004294915
      46   0 "1/2+  "   0       -           0.343004294915
      47   0 "1/2+  "   0       -           0.416060731378
      48   4 "5/2+  "   0       -           1.058645529320
      49   3 "3/2-  "   0       -           1.058645529320
      50   0 "1/2+  "   0       -           1.058645529320
      51   7 "7/2-  "   0       -           1.058645529320
      52   3 "3/2-  "   0       -           1.059173749373
      53   4 "5/2+  "   0       -           1.059173749373
      54   0 "1/2+  "   0       -           1.059173749373
      55   4 "5/2+  "   0       -           1.299402269134
      56   7 "7/2-  "   0       -           1.299402269134
      57   3 "3/2-  "   0       -           1.299402269134
      58   8 "9/2+  "   0       -           1.299402269134
      59   0 "1/2+  "   0       -           1.299402269134
      60   4 "5/2+  "   0       -           1.299690442569
      61   3 "3/2-  "   0       -           1.299690442569
      62   0 "1/2+  "   0       -           1.299690442569
      63   7 "7/2-  "   0       -           1.299690442569
      64   0 "1/2+  "   0       -           1.559358136673
      65   3 "3/2-  "   0       -           1.559358136673
      66   3 "3/2-  "   0       -           1.569167805585
      67   4 "5/2+  "   0       -           1.569167805585
      68   0 "1/2+  "   0       -           1.569167805585
      69   0 "1/2+  "   0       -           1.592868022230
      70   3 "3/2-  "   0       -           1.635085866322
      71   0 "1/2+  "   0       -           1.635085866323
      72   0 "1/2+  "   0       -           1.809530694370
      73   0 "1/2+  "   0       -           2.925701591575
      74   4 "5/2+  "   0       -           2.925701591575
      75   3 "3/2-  "   0       -           2.925701591576
      76   4 "5/2+  "   0       -           2.926292680783
      77   3 "3/2-  "   0       -           2.926292680783
      78   7 "7/2-  "   0       -           2.926292680783
      79   0 "1/2+  "   0       -           2.926292680783
      80   0 "1/2+  "   0       -           3.648464161094
      81   7 "7/2-  "   0       -           3.648464161094
      82   4 "5/2+  "   0       -           3.648464161094
      83   3 "3/2-  "   0       -           3.648464161094
      84   0 "1/2+  "   0       -           3.648602641468
      85   3 "3/2-  "   0       -           3.648602641468
      86   8 "9/2+  "   0       -           3.648602641468
      87   7 "7/2-  "   0       -           3.648602641468
      88   4 "5/2+  "   0       -           3.648602641468
      89   0 "1/2+  "   0       -          10.123005463122
      90   0 "1/2+  "   0       -          10.381572798600
      91   3 "3/2-  "   0       -          10.381572798659
      92   1 "1/2-  "   1       -          -1.775530719125
      93   1 "1/2-  "   1       -          -1.034887717897
      94   1 "1/2-  "   1       -          -0.999339409648
      95   2 "3/2+  "   1       -          -0.999339409648
      96   1 "1/2-  "   0       a          -0.139278642843
      97   1 "1/2-  "   0       a          -0.090758207607
      98   1 "1/2-  "   0       a          -0.089946511956
      99   2 "3/2+  "   0       a          -0.089946511956
     100   2 "3/2+  "   0       -          -0.059704249387
     101   5 "5/2-  "   0       -          -0.059704249387
     102   1 "1/2-  "   0       -          -0.059704249386
     103   1 "1/2-  "   0       -          -0.059644752440
     104   2 "3/2+  "   0       -          -0.059644752440
     105   1 "1/2-  "   0       -          -0.056510060944
     106   1 "1/2-  "   0       -          -0.040209791086
     107   2 "3/2+  "   0       -          -0.039744122069
     108   1 "1/2-  "   0       -          -0.039744122069
     109   2 "3/2+  "   0       -          -0.027170652589
     110   5 "5/2-  "   0       -          -0.027170652584
     111   1 "1/2-  "   0       -          -0.027170652582
     112   2 "3/2+  "   0       -          -0.027105239245
     113   1 "1/2-  "   0       -          -0.027105239245
     114   1 "1/2-  "   0       -           0.036239080295
     115   1 "1/2-  "   0       -           0.037330317513
     116   2 "3/2+  "   0       -           0.038963387541
     117   1 "1/2-  "   0       -           0.038963387541
     118   2 "3/2+  "   0       -           0.051959895627
     119   5 "5/2-  "   0       -           0.051959895647
     120   1 "1/2-  "   0       -           0.051959895652
     121   2 "3/2+  "   0       -           0.051991050874
     122   1 "1/2-  "   0       -           0.051991050874
     123   5 "5/2-  "   0       -           0.273035236794
     124   2 "3/2+  "   0       -           0.273035236794
     125   1 "1/2-  "   0       -           0.273035236794
     126   6 "7/2+  "   0       -           0.273035236794
     127   2 "3/2+  "   0       -           0.273199194575
     128   5 "5/2-  "   0       -           0.273199194575
     129   1 "1/2-  "   0       -           0.273199194575
     130   2 "3/2+  "   0       -           0.333424759804
     131   1 "1/2-  "   0       -           0.333424759804
     132   2 "3/2+  "   0       -           0.335012651125
     133   5 "5/2-  "   0       -           0.335012651130
     134   1 "1/2-  "   0       -           0.335012651131
     135   1 "1/2-  "   0       -           0.335319286765
     136   2 "3/2+  "   0       -           0.343004294915
     137   1 "1/2-  "   0       -           0.343004294915
     138   1 "1/2-  "   0       -           0.416060731378
     139   5 "5/2-  "   0       -           1.058645529320
     140   2 "3/2+  "   0       -           1.058645529320
     141   1 "1/2-  "   0       -           1.058645529320
     142   6 "7/2+  "   0       -           1.058645529320
     143   2 "3/2+  "   0       -           1.059173749373
     144   5 "5/2-  "   0       -           1.059173749373
     145   1 "1/2-  "   0       -           1.059173749373
     146   5 "5/2-  "   0       -           1.299402269134
     147   6 "7/2+  "   0       -           1.299402269134
     148   2 "3/2+  "   0       -           1.299402269134
     149   9 "9/2-  "   0       -           1.299402269134
     150   1 "1/2-  "   0       -           1.299402269134
     151   5 "5/2-  "   0       -           1.299690442569
     152   2 "3/2+  "   0       -           1.299690442569
     153   1 "1/2-  "   0       -           1.299690442569
     154   6 "7/2+  "   0       -           1.299690442569
     155   1 "1/2-  "   0       -           1.559358136673
     156   2 "3/2+  "   0       -           1.559358136673
     157   2 "3/2+  "   0       -           1.569167805585
     158   5 "5/2-  "   0       -           1.569167805585
     159   1 "1/2-  "   0       -           1.569167805585
     160   1 "1/2-  "   0       -           1.592868022230
     161   2 "3/2+  "   0       -           1.635085866322
     162   1 "1/2-  "   0       -           1.635085866323
     163   1 "1/2-  "   0       -           1.809530694370
     164   1 "1/2-  "   0       -           2.925701591575
     165   5 "5/2-  "   0       -           2.925701591575
     166   2 "3/2+  "   0       -           2.925701591576
     167   5 "5/2-  "   0       -           2.926292680783
     168   2 "3/2+  "   0       -           2.926292680783
     169   6 "7/2+  "   0       -           2.926292680783
     170   1 "1/2-  "   0       -           2.926292680783
     171   1 "1/2-  "   0       -           3.648464161094
     172   6 "7/2+  "   0       -           3.648464161094
     173   5 "5/2-  "   0       -           3.648464161094
     174   2 "3/2+  "   0       -           3.648464161094
     175   1 "1/2-  "   0       -           3.648602641468
     176   2 "3/2+  "   0       -           3.648602641468
     177   9 "9/2-  "   0       -           3.648602641468
     178   6 "7/2+  "   0       -           3.648602641468
     179   5 "5/2-  "   0       -           3.648602641468
     180   1 "1/2-  "   0       -          10.123005463122
     181   1 "1/2-  "   0       -          10.381572798600
     182   2 "3/2+  "   0       -          10.381572798659
    -------------------------------------------------------

    irreps              1/2+  1/2-  3/2+  3/2-  5/2+  5/2-  7/2+  7/2-  9/2+  9/2-
    occupied inactive      3     3     1     1     0     0     0     0     0     0
    occupied active        0     0     0     0     0     0     0     0     0     0
    virtual active         3     3     1     1     0     0     0     0     0     0
    virtual inactive      34    34    25    25    15    15     7     7     2     2



				*****************
				** Sector 0h0p **
				*****************


 Reuse 2-electron integrals file 'hhpp'
 Reuse 2-electron integrals file 'pphh'
 Reuse 2-electron integrals file 'hhhh'
 Reuse 2-electron integrals file 'phhp'
 Reuse 2-electron integrals file 'ppppr'
 Reuse 2-electron integrals file 'pphp'
 Reuse 2-electron integrals file 'phpp'
 Reuse 2-electron integrals file 'phhh'
 Reuse 2-electron integrals file 'hhhp'
 Reuse 2-electron integrals file 'hphh'
 Reuse 2-electron integrals file 'hphp'

 Integral sorting for the 0h0p sector
 started at Sat May  4 14:31:45 2024
 number of spinors                              182
 number of spinor blocks                        10
 tile size                                      100
 max spinor block size                          40
 size of i/o buffer for integrals and indices   0.375 MB
 size of the buffer for two-elec integrals      2.441 MB
 sorting one-electron integrals ...
   reading one-electron property ZDIPLEN from MDPROP (lambda = 1.000000e-05 0.000000e+00)
   Fock matrix reconstruction ...
   SCF energy (energy of reference determinant) =     -23.657473937102 a.u.
 max deviation of the diagonal elements of the reconstructed Fock matrix and orbital energies = 1.487683e-08
 fill 1-electron diagrams ... hh hp ph pp done
 time for 2-e integrals sorting, sec: 0.03
 time for DIRAC interface (integral extraction & write), sec: 0.46
 total time for sorting operations, sec: 0.50
 finished at at Sat May  4 14:31:45 2024

 Initial guess
 -------------
 Trying to read amplitudes from disk ...
 T1 amplitudes successfully read from disk
 T2 amplitudes successfully read from disk


 solution of amplitude equations (sector 0h0p)		 Sat May  4 14:31:45 2024
 ---------------------------------------------------------------------------------------
 it.       diffmax(T1)       diffmax(T2)     max(T1)     max(T2)    t,sec       mem,Gb
 ---------------------------------------------------------------------------------------
   1    0.000009736859    0.000000179563    0.002626    0.027737      2.0    0.13/0.21
   2    0.000001690692    0.000000292763    0.002626    0.027737      2.0    0.13/0.21
   3    0.000000701986    0.000000053544    0.002626    0.027737      2.0    0.13/0.21
   4    0.000000110178    0.000000013903    0.002626    0.027737      2.0    0.14/0.21
   5    0.000000025696    0.000000002440    0.002626    0.027737      2.0    0.14/0.21
   6    0.000000005249    0.000000000457    0.002626    0.027737      2.0    0.14/0.22
   7    0.000000000684    0.000000000062    0.002626    0.027737      2.0    0.14/0.22
 ---------------------------------------------------------------------------------------
 converged in 7 iterations

 average time per iteration = 2.010 sec


          SCF reference energy =     -23.657473937102
       CCSD correlation energy =      -0.223277334350
             Total CCSD energy =     -23.880751271452


 (absolute values)
 Max T{0h0p}_1 amplitude (t{00}_ia) [ 1 -> 47 ] = 0.00262621
   [   1] eps=     -1.77553071 rep=1/2+ inactive occ
   [  47] eps=      0.41606074 rep=1/2+ inactive virt
 Max T{0h0p}_2 amplitude (t{00}_ijab) [ 95 4 -> 42 133 ] = 0.02773745
   [  95] eps=     -0.99933940 rep=3/2+ inactive occ
   [   4] eps=     -0.99933940 rep=3/2- inactive occ
   [  42] eps=      0.33501266 rep=5/2+ inactive virt
   [ 133] eps=      0.33501266 rep=5/2- inactive virt

 Norm |T{0h0p}_1| = 0.00770117
 Norm |T{0h0p}_2| = 0.51425325

 T1 diagnostic = 0.00272277
 More on T1 diagnostic: [T.J.Lee,P.R.Taylor,IJQC 23,199(1989)]



				*****************
				** Sector 0h1p **
				*****************


 Reuse 2-electron integrals file 'pvpp'

 Integral sorting for the 0h1p sector
 started at Sat May  4 14:31:59 2024
 number of spinors                              182
 number of spinor blocks                        10
 tile size                                      100
 max spinor block size                          40
 size of i/o buffer for integrals and indices   0.375 MB
 size of the buffer for two-elec integrals      2.441 MB
 sorting one-electron integrals ...
   reading one-electron property ZDIPLEN from MDPROP (lambda = 1.000000e-05 0.000000e+00)
   Fock matrix reconstruction ...
   SCF energy (energy of reference determinant) =     -23.657473937102 a.u.
 fill 1-electron diagrams ... done
 time for 2-e integrals sorting, sec: 0.06
 time for DIRAC interface (integral extraction & write), sec: 0.46
 total time for sorting operations, sec: 0.53
 finished at at Sat May  4 14:31:59 2024
 Construction of T^(0h1p)-independent contributions to the FSCC-equations ...

 Initialization of T1 and T2 amplitudes ...
 Trying to read amplitudes from disk ...
 T{0h1p}_1 amplitudes successfully read from disk
 T{0h1p}_2 amplitudes successfully read from disk
 Heff{0h1p} diagram successfully read from disk

 solution of amplitude equations (sector 0h1p)		 Sat May  4 14:31:59 2024
 ---------------------------------------------------------------------------------------
 it.       diffmax(T1)       diffmax(T2)     max(T1)     max(T2)    t,sec       mem,Gb
 ---------------------------------------------------------------------------------------
   1    0.002396320663    0.000000802737    0.069784    0.011613      2.6    0.17/0.24
   2    0.000441233186    0.000013174210    0.069785    0.011613      2.6    0.17/0.25
   3    0.000255808178    0.000001456378    0.069785    0.011613      2.6    0.18/0.25
   4    0.000147623566    0.000001515812    0.069785    0.011613      2.6    0.18/0.26
   5    0.000023241572    0.000000300055    0.069785    0.011613      2.7    0.19/0.26
   6    0.000012377599    0.000000202414    0.069785    0.011613      4.5    0.19/0.26
   7    0.000002946080    0.000000041661    0.069785    0.011613      2.6    0.19/0.27
   8    0.000001082463    0.000000018961    0.069785    0.011613      2.6    0.20/0.27
   9    0.000000132731    0.000000004015    0.069785    0.011613      2.6    0.20/0.28
  10    0.000000044848    0.000000001668    0.069785    0.011613      2.7    0.21/0.28
  11    0.000000006136    0.000000000239    0.069785    0.011613      2.7    0.21/0.29
  12    0.000000003150    0.000000000052    0.069785    0.011613      2.6    0.21/0.29
  13    0.000000001386    0.000000000018    0.069785    0.011613      2.6    0.21/0.29
  14    0.000000000435    0.000000000008    0.069785    0.011613      2.6    0.21/0.29
 ---------------------------------------------------------------------------------------
 converged in 14 iterations

 average time per iteration = 2.762 sec


 (absolute values)
 Max T{0h1p}_1 amplitude (t{01}_ia) [ 96 -> 105 ] = 0.06978505
   [  96] eps=     -0.13927864 rep=1/2- active virt
   [ 105] eps=     -0.05651006 rep=1/2- inactive virt
 Max T{0h1p}_2 amplitude (t{01}_ijab) [ 6 95 -> 96 28 ] = 0.01161326
   [   6] eps=     -0.09075821 rep=1/2+ active virt
   [  95] eps=     -0.99933940 rep=3/2+ inactive occ
   [  96] eps=     -0.13927864 rep=1/2- active virt
   [  28] eps=      0.05195990 rep=5/2+ inactive virt

 Norm |T{0h1p}_1| = 0.21451867
 Norm |T{0h1p}_2| = 0.30260692

 Model space dimensions:
  [  0] dim = 3      1/2+
  [  1] dim = 3      1/2-
  [  2] dim = 1      3/2+
  [  3] dim = 1      3/2-


 Heff eigenvalues:
 (degeneracy threshold = 1.0e-08 a.u.)

 Level  Re(eigenvalue)  Im(eigv)               Abs energy  Rel eigenvalue    Rel eigv, eV  Rel eigv, cm-1  deg  symmetry
 ------------------------------------------------------------------------------------------------------------------------
@    1   -0.1531234146  0.00e+00    -24.03387468604813293    0.0000000000    0.0000000000        0.000000   2   1/2+ 1/2-
@    2   -0.0959179975  0.00e+00    -23.97666926897604611    0.0572054171    1.5566386993    12555.137824   2   1/2+ 1/2-
@    3   -0.0948635671  0.00e+00    -23.97561483852229003    0.0582598475    1.5853312137    12786.558559   2   1/2+ 1/2-
@    4   -0.0948635506  0.00e+00    -23.97561482206546657    0.0582598640    1.5853316615    12786.562171   2   3/2+ 3/2-

 Ionization potential 0h1p -> 0h0p =     0.153123414596 a.u. =   4.1667 eV =   33606.70 cm^-1

 time for (sec):
 -------------------------------------------------------
  Total time of execution                        53.718
  Diagram contraction (mult) for <PP||PP>        38.903
  DIRAC interface (MRCONEE/MDCINT)                0.465
  Diagram template constr (tmplt)                 0.004
  Sorting of integrals                            0.065
  Tensor transposition (reorder)                  5.206
  0h0p -- Singles equations (T1)                  0.728
  Diagram contraction (mult)                     45.891
  mult M <- M x M                                 6.438
  mult M <- D x M                                38.520
  Diagram addition (update)                       0.219
  0h0p -- Doubles equations (T2)                 13.290
  Permutation operators                           0.776
  Energy denominators (diveps)                    0.101
  DIIS extrapolation                              0.128
  Constant part of 0h1p amplitudes                0.121
  Prediction of intruder states                   0.017
  Extraction of a closed part                     0.000
 -------------------------------------------------------


 memory in usage  = 100958295 bytes = 96.3 Mb = 0.09 Gb
 max memory usage = 307936639 bytes = 293.7 Mb = 0.29 Gb
 Disk I/O:
   files created: 8201   files removed: 0
   read       33602020396 bytes = 31.294 Gb
   write      11371520556 bytes = 10.591 Gb

 EXP-T terminated normally at Sat May  4 14:32:38 2024
 Total run time: 0 days 0 hours 0 minutes 53 seconds 718 milliseconds
