
		**********************************************************************************
		**                                                                              **
		**                                   E X P - T                                  **
		**        Relativistic Fock-Space Multireference Coupled Cluster Program        **
		**                                                                              **
		**                     version 1.5.6 (14 Aug 2021) development                   **
		**                                                                              **
		**********************************************************************************
		**                                                                              **
		** EXP-T is free software: you can redistribute it and/or modify                **
		** it under the terms of the GNU Lesser General Public License as published by  **
		** the Free Software Foundation, either version 3 of the License, or            **
		** (at your option) any later version.                                          **
		**                                                                              **
		** EXP-T is distributed in the hope that it will be useful,                     **
		** but WITHOUT ANY WARRANTY; without even the implied warranty of               **
		** MERCHANTABILITY or FITNESS FOR A PARTICULAR PURPOSE.  See the                **
		** GNU Lesser General Public License for more details.                          **
		**                                                                              **
		** You should have received a copy of the GNU Lesser General Public License     **
		** along with EXP-T.  If not, see <http://www.gnu.org/licenses/>.               **
		**                                                                              **
		**********************************************************************************
		**                                                                              **
		** For more information about the EXP-T program system see                      **
		** http://www.qchem.pnpi.spb.ru/expt                                            **
		**                                                                              **
		** This is an experimental code. The authors accept no responsibility           **
		** for the performance of the code or for the correctness of the results.       **
		**                                                                              **
		** If results obtained with this code are published, an                         **
		** appropriate citation would be:                                               **
		**                                                                              **
		** [1] A. Oleynichenko, A. Zaitsevskii, E. Eliav.                               **
		**     EXP-T, An Extensible Code for Fock Space Relativistic Coupled Cluster    **
		**     Calculations. See http://www.qchem.pnpi.spb.ru/expt.                     **
		** [2] A. V. Oleynichenko, A. Zaitsevskii, E. Eliav.                            **
		**     Towards high performance relativistic electronic structure modelling:    **
		**     the EXP-T program package. Commun. Comput. Inf. Sci. 1331, 375 (2020).   **
		**     doi: 10.1007/978-3-030-64616-5_33                                        **
		**                                                                              **
		**********************************************************************************

Authors:
  Alexander Oleynichenko [alexvoleynichenko@gmail.com]
  Andrei Zaitsevskii
  Ephraim Eliav
Compiler: Intel C Compiler 2021 (Intel(R) C++ gcc 11.1 mode)
BLAS/LAPACK implementation: Intel MKL v 2021.0.3
Build date: Aug 23 2021 16:53:26
Run date: Tue Aug 24 22:07:22 2021
Hostname: alexander
CUDA disabled

Reading input file: input_F-


				****************
				** Input file **
				****************

 -----
 title "Rb atom -- relativistic EA-CCSD calculation"
 maxiter 50
 conv 1e-9
 sector 0h1p
 nactp 8
 
 oneprop -1e-5 0.0 "ZDIPLEN"
 
 -----



				*************
				** Options **
				*************

 title            title string - comment                    Rb atom -- relativistic EA-CCSD calculation
 scratch_dir      scratch directory for tmp files           scratch
 --no-clean       retain scratch directory on exit          no
 print            print level                               medium
 arith            recommended arithmetic                    real
 memory           max allowed RAM usage                     1024.0 Mb
 compress         compression of integrals on disk          disabled
 disk_usage       disk usage level                          2 (rank-6+ and pppp on disk)
 tilesize         max dimension of formal blocks (tiles)    100
 nthreads         number of OpenMP parallel threads         1
 cuda             calculations on GPU (CUDA)                disabled
 maxiter          maximum number of CC iterations           50
 conv             convergence threshold (by amplitudes)     1e-09
 div_thresh       divergence threshold (by amplitudes)      1000
 reuse            reuse amplitudes and/or integrals         nothing 
 skip             skip computations in sectors:             
 flush            flush amplitudes                          no
 interface        source of transformed molecular integrals  DIRAC
 integrals        one-electron Hamiltonian integrals file   MRCONEE
                  two-electron (Coulomb) integrals file     MDCINT
                  one-electron property integrals file      MDPROP
 x2cmmf           X2Cmmf Hamiltonian                        no
 gaunt            two-electron (Gaunt) integrals file       not used
 sector           target Fock space sector                  0h1p
 model            coupled cluster model (level of theory)   CCSD
 nacth            number of active hole spinors             0 spinors
 nactp            number of active particle spinors         8 spinors
 shifttype        formula for denominator shifts            shifts are disabled
 nroots           number of roots to be processed           all
 roots_cutoff     energy cutoff for roots to be processed   all
 degen_thresh     degeneracy threshold (a.u.)               1.0e-08
 occ_irreps       occupation numbers of spinors             default (from integral interface)
 occ              occupation numbers of spinors             default
 diis             DIIS technique for convergence            enabled
 diis <n>         DIIS subspace dimension                   10
 diis triples     DIIS for triples amplitudes               disabled
 oneprop          interface to OneProp (by L.V.Skripnikov)  disabled
 twoprop          interface to TwoProp (by D.E.Maison)      disabled
 oneprop          interface to the MDPROP file              enabled
                  [0] one-electron property from MDPROP     property=ZDIPLEN lambda=( -1.0000e-05,  0.0000e+00)
 nohermit         hermitization of effective Hamiltonians   disabled
 dltdm            model-space estimates of tran dipoles     disabled
 natorb           model-space natural orbitals              disabled
 prop             model-space estimates of properties       disabled
 select           selection of cluster amplitudes           disabled
 restrict_t3      restriction of triples                    disabled
 intham1          simple intermediate Hamiltonian           disabled
 intham           intermediate Hamiltonian                  disabled


 Creating scratch directory 'scratch' ...
 Current working directory = /home/alexander/Science/expt/examples/Rb_atom_TDMs
 Full path to one-electron integrals = /home/alexander/Science/expt/examples/Rb_atom_TDMs/MRCONEE
 Full path to Coulomb integrals = /home/alexander/Science/expt/examples/Rb_atom_TDMs/MDCINT
 Full path to properties integrals = /home/alexander/Science/expt/examples/Rb_atom_TDMs/MDPROP
 Changing working directory to scratch ...
 Current working directory = /home/alexander/Science/expt/examples/Rb_atom_TDMs/scratch
 
 ******************************************************************
 **       BINARY INTERFACE TO THE DIRAC PROGRAM PACKAGE          **
 **                    version 10 Apr 2020                       **
 ******************************************************************
 
 required unformatted files (produced by DIRAC):
   MRCONEE -- spinor info & transformed one-electron integrals
   MDCINT  -- transformed two-electron integrals
 optional files (DIRAC):
   MDPROP  -- transformed integrals of one-electron properties
 optional files (D. E. Maison, L. V. Skripnikov):
   MGINT   -- transformed Gaunt integrals
 
 HINT: in order to obtain these files, add option .4INDEX to the
   **DIRAC section of the DIRAC input file; this will enable the
   code for integrals transformation. Then run:
   $ pam --inp=<inp-file> --mol=<mol-file> --get="MRCONEE MDCINT"
 
 
 Names of integral files:
 MRCONEE = /home/alexander/Science/expt/examples/Rb_atom_TDMs/MRCONEE
 MDCINT  = /home/alexander/Science/expt/examples/Rb_atom_TDMs/MDCINT
 MDPROP  = /home/alexander/Science/expt/examples/Rb_atom_TDMs/MDPROP
 default integer type in DIRAC              integer(8)
 
 *** MRCONEE FILE ***
 NSPINORS                                            182
 was breit in DHF                            F
 nuclear repulsion energy                     0.000000000000000E+000
 inversion symmetry (1-no,2-yes)                       1
 group type (1-real,2-cmplx,4-quater)                  1
 is spinfree                                           0
 arithmetic                                 real
 total num of orb-s (+frozen+deleted)                 92
 Total SCF energy =                           -23.6574739370869     
 number of fermion irreps in parent group              2
 names of these reps (grd, ungrd)              E  1E         E  2E      
 number of spinors active in the transf-n              4           4
 total number of orb-s of this ircop                  91
 number of occupied frozen (core) spinors   
   - total                                             0
   - positive energy                                   0
   - negative energy                                   0
 number of deleted spinors                             1
 number of fermion irreps in Abelian subgrp           32
 names of these irreps                         1  -1   3  -3   5  -5   7  -7   9
   -9  11 -11  13 -13  15 -15  17 -17  19 -19  21 -21  23 -23  25 -25  27 -27
   29 -29  31 -31   0   2  -2   4  -4   6  -6   8  -8  10 -10  12 -12  14 -14
   16 -16  18 -18  20 -20  22 -22  24 -24  26 -26  28 -28  30 -30  32
 number of g/u Kramers pairs          92
 number of boson symmetry reps(LUCITA)            4
 *** END OF MRCONEE FILE ***
 
 *** MDPROP FILE ***
 path to MDPROP file = /home/alexander/Science/expt/examples/Rb_atom_TDMs/MDPROP
 MDPROP file exists
 property = XDIPLEN 
 order of parts: Re + i*Im
 property = YDIPLEN 
 order of parts: Re + i*Im
 property = ZDIPLEN 
 order of parts: Re + i*Im
 reached end of file MDPROP
 *** END OF MDPROP FILE ***
 
 ELECTRONIC contribution to dipole moment (DHF level)
 dx =   0.000000000000000E+000  (re)  0.000000000000000E+000 (im)
 dy =   0.000000000000000E+000  (re)  0.000000000000000E+000 (im)
 dz =  -4.850276263284427E-015  (re)  0.000000000000000E+000 (im)
 |d| =   4.850276263284427E-015  a.u. =   1.232817186280408E-014  Debye
 1 a.u = 2.54174623 Debye
 
 *** MDCINT FILE ***
 Tue Aug 24 22:07:22 2021
 datex                                  24Aug21  
 timex                                 22:00:40
 number of Kramers pairs                         91
 Tue Aug 24 22:07:29 2021
 *** END OF MDCINT FILE ***
 
 number of VINT* files written                    670
 written to disk: 1731215376 bytes =    1.61 Gb

		Symmetry & irreducible representations
		--------------------------------------

 Point group: C32 aka Cinfv
 Group type: real
 Arithmetic: real
 Is abelian: 1
 Number of irreps: 64
 Totally symmetric irrep: 0
 Representation names:
  0 1/2+    1 1/2-    2 3/2+    3 3/2-    4 5/2+    5 5/2-    6 7/2+    7 7/2-  
  8 9/2+    9 9/2-   10 11/2+  11 11/2-  12 13/2+  13 13/2-  14 15/2+  15 15/2- 
 16 17/2+  17 17/2-  18 19/2+  19 19/2-  20 21/2+  21 21/2-  22 23/2+  23 23/2- 
 24 25/2+  25 25/2-  26 27/2+  27 27/2-  28 29/2+  29 29/2-  30 31/2+  31 31/2- 
 32 0      33 1+     34 1-     35 2+     36 2-     37 3+     38 3-     39 4+    
 40 4-     41 5+     42 5-     43 6+     44 6-     45 7+     46 7-     47 8+    
 48 8-     49 9+     50 9-     51 10+    52 10-    53 11+    54 11-    55 12+   
 56 12-    57 13+    58 13-    59 14+    60 14-    61 15+    62 15-    63 16+   


				Spinors info
				------------

     no    rep         occ    active        one-el energy
    -------------------------------------------------------
       1   0 "1/2+  "   1       -          -1.775530719127
       2   0 "1/2+  "   1       -          -1.034887717851
       3   0 "1/2+  "   1       -          -0.999339409606
       4   3 "3/2-  "   1       -          -0.999339409606
       5   0 "1/2+  "   0       ai         -0.139278642845
       6   0 "1/2+  "   0       ai         -0.090758207606
       7   0 "1/2+  "   0       ai         -0.089946511955
       8   3 "3/2-  "   0       ai         -0.089946511955
       9   0 "1/2+  "   0       -          -0.059704249387
      10   4 "5/2+  "   0       -          -0.059704249387
      11   3 "3/2-  "   0       -          -0.059704249387
      12   3 "3/2-  "   0       -          -0.059644752440
      13   0 "1/2+  "   0       -          -0.059644752440
      14   0 "1/2+  "   0       -          -0.056510061029
      15   0 "1/2+  "   0       -          -0.040209791086
      16   3 "3/2-  "   0       -          -0.039744122064
      17   0 "1/2+  "   0       -          -0.039744122064
      18   0 "1/2+  "   0       -          -0.027170652588
      19   4 "5/2+  "   0       -          -0.027170652588
      20   3 "3/2-  "   0       -          -0.027170652588
      21   0 "1/2+  "   0       -          -0.027105239250
      22   3 "3/2-  "   0       -          -0.027105239250
      23   0 "1/2+  "   0       -           0.036239079101
      24   0 "1/2+  "   0       -           0.037330317515
      25   0 "1/2+  "   0       -           0.038963387548
      26   3 "3/2-  "   0       -           0.038963387549
      27   0 "1/2+  "   0       -           0.051959895646
      28   3 "3/2-  "   0       -           0.051959895646
      29   4 "5/2+  "   0       -           0.051959895646
      30   0 "1/2+  "   0       -           0.051991050870
      31   3 "3/2-  "   0       -           0.051991050870
      32   0 "1/2+  "   0       -           0.273035236794
      33   4 "5/2+  "   0       -           0.273035236794
      34   3 "3/2-  "   0       -           0.273035236794
      35   7 "7/2-  "   0       -           0.273035236794
      36   0 "1/2+  "   0       -           0.273199194575
      37   3 "3/2-  "   0       -           0.273199194575
      38   4 "5/2+  "   0       -           0.273199194575
      39   3 "3/2-  "   0       -           0.333424759793
      40   0 "1/2+  "   0       -           0.333424759793
      41   0 "1/2+  "   0       -           0.335012651121
      42   4 "5/2+  "   0       -           0.335012651121
      43   3 "3/2-  "   0       -           0.335012651121
      44   0 "1/2+  "   0       -           0.335319286774
      45   0 "1/2+  "   0       -           0.343004294928
      46   3 "3/2-  "   0       -           0.343004294928
      47   0 "1/2+  "   0       -           0.416060731552
      48   0 "1/2+  "   0       -           1.058645529302
      49   4 "5/2+  "   0       -           1.058645529302
      50   3 "3/2-  "   0       -           1.058645529302
      51   7 "7/2-  "   0       -           1.058645529302
      52   0 "1/2+  "   0       -           1.059173749354
      53   3 "3/2-  "   0       -           1.059173749354
      54   4 "5/2+  "   0       -           1.059173749354
      55   0 "1/2+  "   0       -           1.299402269129
      56   4 "5/2+  "   0       -           1.299402269129
      57   3 "3/2-  "   0       -           1.299402269129
      58   8 "9/2+  "   0       -           1.299402269129
      59   7 "7/2-  "   0       -           1.299402269129
      60   0 "1/2+  "   0       -           1.299690442565
      61   3 "3/2-  "   0       -           1.299690442565
      62   4 "5/2+  "   0       -           1.299690442565
      63   7 "7/2-  "   0       -           1.299690442565
      64   0 "1/2+  "   0       -           1.559358136729
      65   3 "3/2-  "   0       -           1.559358136729
      66   0 "1/2+  "   0       -           1.569167805641
      67   3 "3/2-  "   0       -           1.569167805641
      68   4 "5/2+  "   0       -           1.569167805641
      69   0 "1/2+  "   0       -           1.592868022252
      70   0 "1/2+  "   0       -           1.635085866348
      71   3 "3/2-  "   0       -           1.635085866350
      72   0 "1/2+  "   0       -           1.809530694624
      73   0 "1/2+  "   0       -           2.925701591606
      74   3 "3/2-  "   0       -           2.925701591606
      75   4 "5/2+  "   0       -           2.925701591606
      76   0 "1/2+  "   0       -           2.926292680814
      77   3 "3/2-  "   0       -           2.926292680814
      78   7 "7/2-  "   0       -           2.926292680814
      79   4 "5/2+  "   0       -           2.926292680814
      80   4 "5/2+  "   0       -           3.648464161062
      81   3 "3/2-  "   0       -           3.648464161062
      82   0 "1/2+  "   0       -           3.648464161062
      83   7 "7/2-  "   0       -           3.648464161062
      84   4 "5/2+  "   0       -           3.648602641435
      85   0 "1/2+  "   0       -           3.648602641435
      86   3 "3/2-  "   0       -           3.648602641435
      87   8 "9/2+  "   0       -           3.648602641435
      88   7 "7/2-  "   0       -           3.648602641435
      89   0 "1/2+  "   0       -          10.123005463384
      90   0 "1/2+  "   0       -          10.381572798842
      91   3 "3/2-  "   0       -          10.381572798962
      92   1 "1/2-  "   1       -          -1.775530719127
      93   1 "1/2-  "   1       -          -1.034887717851
      94   1 "1/2-  "   1       -          -0.999339409606
      95   2 "3/2+  "   1       -          -0.999339409606
      96   1 "1/2-  "   0       ai         -0.139278642845
      97   1 "1/2-  "   0       ai         -0.090758207606
      98   1 "1/2-  "   0       ai         -0.089946511955
      99   2 "3/2+  "   0       ai         -0.089946511955
     100   1 "1/2-  "   0       -          -0.059704249387
     101   5 "5/2-  "   0       -          -0.059704249387
     102   2 "3/2+  "   0       -          -0.059704249387
     103   2 "3/2+  "   0       -          -0.059644752440
     104   1 "1/2-  "   0       -          -0.059644752440
     105   1 "1/2-  "   0       -          -0.056510061029
     106   1 "1/2-  "   0       -          -0.040209791086
     107   2 "3/2+  "   0       -          -0.039744122064
     108   1 "1/2-  "   0       -          -0.039744122064
     109   1 "1/2-  "   0       -          -0.027170652588
     110   5 "5/2-  "   0       -          -0.027170652588
     111   2 "3/2+  "   0       -          -0.027170652588
     112   1 "1/2-  "   0       -          -0.027105239250
     113   2 "3/2+  "   0       -          -0.027105239250
     114   1 "1/2-  "   0       -           0.036239079101
     115   1 "1/2-  "   0       -           0.037330317515
     116   1 "1/2-  "   0       -           0.038963387548
     117   2 "3/2+  "   0       -           0.038963387549
     118   1 "1/2-  "   0       -           0.051959895646
     119   2 "3/2+  "   0       -           0.051959895646
     120   5 "5/2-  "   0       -           0.051959895646
     121   1 "1/2-  "   0       -           0.051991050870
     122   2 "3/2+  "   0       -           0.051991050870
     123   1 "1/2-  "   0       -           0.273035236794
     124   5 "5/2-  "   0       -           0.273035236794
     125   2 "3/2+  "   0       -           0.273035236794
     126   6 "7/2+  "   0       -           0.273035236794
     127   1 "1/2-  "   0       -           0.273199194575
     128   2 "3/2+  "   0       -           0.273199194575
     129   5 "5/2-  "   0       -           0.273199194575
     130   2 "3/2+  "   0       -           0.333424759793
     131   1 "1/2-  "   0       -           0.333424759793
     132   1 "1/2-  "   0       -           0.335012651121
     133   5 "5/2-  "   0       -           0.335012651121
     134   2 "3/2+  "   0       -           0.335012651121
     135   1 "1/2-  "   0       -           0.335319286774
     136   1 "1/2-  "   0       -           0.343004294928
     137   2 "3/2+  "   0       -           0.343004294928
     138   1 "1/2-  "   0       -           0.416060731552
     139   1 "1/2-  "   0       -           1.058645529302
     140   5 "5/2-  "   0       -           1.058645529302
     141   2 "3/2+  "   0       -           1.058645529302
     142   6 "7/2+  "   0       -           1.058645529302
     143   1 "1/2-  "   0       -           1.059173749354
     144   2 "3/2+  "   0       -           1.059173749354
     145   5 "5/2-  "   0       -           1.059173749354
     146   1 "1/2-  "   0       -           1.299402269129
     147   5 "5/2-  "   0       -           1.299402269129
     148   2 "3/2+  "   0       -           1.299402269129
     149   9 "9/2-  "   0       -           1.299402269129
     150   6 "7/2+  "   0       -           1.299402269129
     151   1 "1/2-  "   0       -           1.299690442565
     152   2 "3/2+  "   0       -           1.299690442565
     153   5 "5/2-  "   0       -           1.299690442565
     154   6 "7/2+  "   0       -           1.299690442565
     155   1 "1/2-  "   0       -           1.559358136729
     156   2 "3/2+  "   0       -           1.559358136729
     157   1 "1/2-  "   0       -           1.569167805641
     158   2 "3/2+  "   0       -           1.569167805641
     159   5 "5/2-  "   0       -           1.569167805641
     160   1 "1/2-  "   0       -           1.592868022252
     161   1 "1/2-  "   0       -           1.635085866348
     162   2 "3/2+  "   0       -           1.635085866350
     163   1 "1/2-  "   0       -           1.809530694624
     164   1 "1/2-  "   0       -           2.925701591606
     165   2 "3/2+  "   0       -           2.925701591606
     166   5 "5/2-  "   0       -           2.925701591606
     167   1 "1/2-  "   0       -           2.926292680814
     168   2 "3/2+  "   0       -           2.926292680814
     169   6 "7/2+  "   0       -           2.926292680814
     170   5 "5/2-  "   0       -           2.926292680814
     171   5 "5/2-  "   0       -           3.648464161062
     172   2 "3/2+  "   0       -           3.648464161062
     173   1 "1/2-  "   0       -           3.648464161062
     174   6 "7/2+  "   0       -           3.648464161062
     175   5 "5/2-  "   0       -           3.648602641435
     176   1 "1/2-  "   0       -           3.648602641435
     177   2 "3/2+  "   0       -           3.648602641435
     178   9 "9/2-  "   0       -           3.648602641435
     179   6 "7/2+  "   0       -           3.648602641435
     180   1 "1/2-  "   0       -          10.123005463384
     181   1 "1/2-  "   0       -          10.381572798842
     182   2 "3/2+  "   0       -          10.381572798962
    -------------------------------------------------------

    irreps              1/2+  1/2-  3/2+  3/2-  5/2+  5/2-  7/2+  7/2-  9/2+  9/2-
    occupied inactive      3     3     1     1     0     0     0     0     0     0
    occupied active        0     0     0     0     0     0     0     0     0     0
    virtual active         3     3     1     1     0     0     0     0     0     0
    virtual inactive      34    34    25    25    15    15     7     7     2     2


				*****************
				** Sector 0h0p **
				*****************


 Integral sorting for the 0h0p sector
 started at Tue Aug 24 22:07:31 2021
 number of spinors                              182
 number of spinor blocks                        10
 tile size                                      100
 max spinor block size                          40
 size of i/o buffer for integrals and indices   0.375 MB
 size of the buffer for two-elec integrals      2.441 MB
 sorting two-electron integrals
   step    #blocks   ints read    time,s  rate,G/s
   0 / 10      216   161486259         2      0.70
   1 / 10      194   138863705         2      0.58
   2 / 10      167    67587579         1      0.52
   3 / 10      145    56515839         1      0.40
   4 / 10       76    13130957         1      0.18
   5 / 10       65    11280757         1      0.15
   6 / 10       54     3217609         0      0.10
   7 / 10       43     2827487         0      0.12
   8 / 10       34      427138         0      0.11
   9 / 10       24      397402         0      0.12
   total      1018   455734732         7      0.48
 sorting one-electron integrals ...
   reading one-electron property ZDIPLEN from MDPROP (lambda = -1.000000e-05 0.000000e+00)
   Fock matrix reconstruction ...
   SCF energy (energy of reference determinant) =     -23.657473937087 a.u.
 max deviation of the diagonal elements of the reconstructed Fock matrix and orbital energies = 1.495401e-08
 fill 1-electron diagrams ... hh hp ph pp done
 time for 2-e integrals sorting, sec: 7.38
 time for DIRAC interface (integral extraction & write), sec: 6.98
 total time for sorting operations, sec: 14.36
 finished at at Tue Aug 24 22:07:39 2021

 Initial guess
 -------------
 MP2 correlation energy =      -0.206469934514
       Total MP2 energy =     -23.863943871601

 Solution of amplitude equations (sector 0h0p)			 Tue Aug 24 22:07:39 2021
 --------------------------------------------------------------------------------------------
 it.            E(corr)              diffmax(T1)         diffmax(T2)    t,sec       mem,Gb
 --------------------------------------------------------------------------------------------
   1      -0.219643035234982    0.00247188025399    0.00198792907703      1.5    0.06/0.14
   2      -0.222577998535805    0.00023085999146    0.00059990459081      1.5    0.06/0.14
   3      -0.223218451115231    0.00002917433880    0.00007870713754      1.6    0.07/0.14
   4      -0.223276284621232    0.00001223403021    0.00002153943751      1.4    0.07/0.14
   5      -0.223277714845559    0.00000157154106    0.00000196370385      1.6    0.07/0.15
   6      -0.223277365449487    0.00000064662408    0.00000030307515      1.5    0.07/0.15
   7      -0.223277328829749    0.00000010778613    0.00000006545544      1.6    0.07/0.15
   8      -0.223277333201184    0.00000003213138    0.00000000954254      1.5    0.07/0.15
   9      -0.223277334328398    0.00000000840108    0.00000000224566      1.5    0.08/0.15
  10      -0.223277334369112    0.00000000110823    0.00000000041000      1.4    0.08/0.16
  11      -0.223277334350485    0.00000000027244    0.00000000006428      1.5    0.08/0.16
 --------------------------------------------------------------------------------------------
	converged in 11 iterations

          SCF reference energy =     -23.657473937087
       CCSD correlation energy =      -0.223277334350
             Total CCSD energy =     -23.880751271437

 average time per iteration = 1.520 sec
 (absolute values)
 Max T1 amplitude (t_ia) [ 1 -> 47 ] = 0.00262621
   [   1] eps=     -1.77553071 rep=1/2+ inactive occ
   [  47] eps=      0.41606074 rep=1/2+ inactive virt
 Max T2 amplitude (t_ijab) [ 95 4 -> 42 133 ] = 0.02773745
   [  95] eps=     -0.99933940 rep=3/2+ inactive occ
   [   4] eps=     -0.99933940 rep=3/2- inactive occ
   [  42] eps=      0.33501266 rep=5/2+ inactive virt
   [ 133] eps=      0.33501266 rep=5/2- inactive virt

 Norm |T1| = 0.00770117
 Norm |T2| = 0.51425325

 T1 diagnostic = 0.00272277
 More on T1 diagnostic: [T.J.Lee,P.R.Taylor,IJQC 23,199(1989)]


				*****************
				** Sector 0h1p **
				*****************


 Integral sorting for the 0h1p sector
 started at Tue Aug 24 22:07:55 2021
 number of spinors                              182
 number of spinor blocks                        10
 tile size                                      100
 max spinor block size                          40
 size of i/o buffer for integrals and indices   0.375 MB
 size of the buffer for two-elec integrals      2.441 MB
 sorting two-electron integrals
   step    #blocks   ints read    time,s  rate,G/s
   0 / 10       84    81141144         2      0.38
   1 / 10       84    83260840         2      0.41
   2 / 10       80    48680564         1      0.37
   3 / 10       80    49734360         1      0.42
   4 / 10       35    10030898         0      0.21
   5 / 10       35    10030898         0      0.17
   6 / 10       29     2705830         0      0.20
   7 / 10       29     2705830         0      0.20
   8 / 10       23      397354         0      0.14
   9 / 10       23      397354         0      0.15
   total       502   289085072         6      0.36
 sorting one-electron integrals ...
   reading one-electron property ZDIPLEN from MDPROP (lambda = -1.000000e-05 0.000000e+00)
   Fock matrix reconstruction ...
   SCF energy (energy of reference determinant) =     -23.657473937087 a.u.
 fill 1-electron diagrams ... vh vp pv done
 time for 2-e integrals sorting, sec: 13.59
 time for DIRAC interface (integral extraction & write), sec: 6.98
 total time for sorting operations, sec: 20.57
 finished at at Tue Aug 24 22:08:01 2021

 Preparing T1 and T2 amplitudes ...
 Construction of S^(0,1)-independent contributions to the FSCC-equations ...

 Initialization of S1 and S2 amplitudes ...

 Solution of amplitude equations (sector 0h1p)		 Tue Aug 24 22:08:02 2021
 ---------------------------------------------------------------------------------------
 it.       diffmax(S1)       diffmax(S2)     max(S1)     max(S2)    t,sec       mem,Gb
 ---------------------------------------------------------------------------------------
   1    0.077250116332    0.001862483715    0.071065    0.011040      1.6    0.09/0.17
   2    0.011153379764    0.001232713575    0.059912    0.011451      1.6    0.10/0.17
   3    0.008896997218    0.000253358767    0.069769    0.011438      1.7    0.10/0.18
   4    0.000505318622    0.000042781735    0.069632    0.011594      1.6    0.10/0.18
   5    0.000059415265    0.000013853084    0.069825    0.011608      1.6    0.11/0.18
   6    0.000027353687    0.000003473125    0.069789    0.011612      1.6    0.11/0.18
   7    0.000008448144    0.000000949741    0.069786    0.011613      1.5    0.11/0.19
   8    0.000002948806    0.000000197600    0.069785    0.011613      1.5    0.11/0.19
   9    0.000000624321    0.000000038838    0.069785    0.011613      1.5    0.12/0.19
  10    0.000000335020    0.000000004020    0.069785    0.011613      1.5    0.12/0.20
  11    0.000000139488    0.000000001496    0.069785    0.011613      1.6    0.12/0.20
  12    0.000000067401    0.000000000587    0.069785    0.011613      1.5    0.12/0.20
  13    0.000000014510    0.000000000393    0.069785    0.011613      1.6    0.12/0.20
  14    0.000000002267    0.000000000133    0.069785    0.011613      1.6    0.12/0.20
  15    0.000000000358    0.000000000050    0.069785    0.011613      1.6    0.12/0.20
 ---------------------------------------------------------------------------------------
	converged in 15 iterations
 average time per iteration = 1.564 sec
 (absolute values)
 Max S{01}_1 amplitude (s{01}_ia) [ 5 -> 14 ] = 0.06978505
   [   5] eps=     -0.13927864 rep=1/2+ active virt
   [  14] eps=     -0.05651006 rep=1/2+ inactive virt
 Max S{01}_2 amplitude (s{01}_ijab) [ 6 95 -> 96 29 ] = 0.01161326
   [   6] eps=     -0.09075821 rep=1/2+ active virt
   [  95] eps=     -0.99933940 rep=3/2+ inactive occ
   [  96] eps=     -0.13927864 rep=1/2- active virt
   [  29] eps=      0.05195990 rep=5/2+ inactive virt

 Norm |S{01}_1| = 0.21451867
 Norm |S{01}_2| = 0.30260692


 Effective Hamiltonian analysis
 List of model space determinants:
| 1/2+ #   5 (   -0.139279) > (1/2+)
| 1/2+ #   6 (   -0.090758) > (1/2+)
| 1/2+ #   7 (   -0.089947) > (1/2+)
| 1/2- #  96 (   -0.139279) > (1/2-)
| 1/2- #  97 (   -0.090758) > (1/2-)
| 1/2- #  98 (   -0.089947) > (1/2-)
| 3/2+ #  99 (   -0.089947) > (3/2+)
| 3/2- #   8 (   -0.089947) > (3/2-)

 Model space dimension:
  1/2+ [3]  1/2- [3]  3/2+ [1]  3/2- [1]

 Sector (0h,1p) -- analysis of model vectors (right vectors)
 first line : irrep, state number, total energy, eigenvalue
 other lines: coefficients of contributing determinants (above a threshold of 1.0e-04)

 Irrep 1 (1/2+) State 1 Energy     -24.033874686034384 Eigenvalue    -0.15312341    0.0000E+00
    1.00000   0.00000 | 1/2+ #   5 (   -0.139279) > (1/2+)
   -0.00030   0.00000 | 1/2+ #   6 (   -0.090758) > (1/2+)
   -0.00042   0.00000 | 1/2+ #   7 (   -0.089947) > (1/2+)
 Effective configuration:
      1.000000  1/2+ #   5 (   -0.139279)
      0.000000  1/2+ #   6 (   -0.090758)
      0.000000  1/2+ #   7 (   -0.089947)
      0.000000  3/2- #   8 (   -0.089947)
      0.000000  1/2- #  96 (   -0.139279)
      0.000000  1/2- #  97 (   -0.090758)
      0.000000  1/2- #  98 (   -0.089947)
      0.000000  3/2+ #  99 (   -0.089947)

 Irrep 1 (1/2+) State 2 Energy     -23.976669268958883 Eigenvalue    -0.09591800    0.0000E+00
    0.00026  -0.00000 | 1/2+ #   5 (   -0.139279) > (1/2+)
    1.00000   0.00000 | 1/2+ #   6 (   -0.090758) > (1/2+)
    0.00001  -0.00000 | 1/2+ #   7 (   -0.089947) > (1/2+)
 Effective configuration:
      0.000000  1/2+ #   5 (   -0.139279)
      1.000000  1/2+ #   6 (   -0.090758)
      0.000000  1/2+ #   7 (   -0.089947)
      0.000000  3/2- #   8 (   -0.089947)
      0.000000  1/2- #  96 (   -0.139279)
      0.000000  1/2- #  97 (   -0.090758)
      0.000000  1/2- #  98 (   -0.089947)
      0.000000  3/2+ #  99 (   -0.089947)

 Irrep 1 (1/2+) State 3 Energy     -23.975614838495627 Eigenvalue    -0.09486357    0.0000E+00
    0.00036  -0.00000 | 1/2+ #   5 (   -0.139279) > (1/2+)
   -0.00001   0.00000 | 1/2+ #   6 (   -0.090758) > (1/2+)
    1.00000   0.00000 | 1/2+ #   7 (   -0.089947) > (1/2+)
 Effective configuration:
      0.000000  1/2+ #   5 (   -0.139279)
      0.000000  1/2+ #   6 (   -0.090758)
      1.000000  1/2+ #   7 (   -0.089947)
      0.000000  3/2- #   8 (   -0.089947)
      0.000000  1/2- #  96 (   -0.139279)
      0.000000  1/2- #  97 (   -0.090758)
      0.000000  1/2- #  98 (   -0.089947)
      0.000000  3/2+ #  99 (   -0.089947)

 Irrep 2 (1/2-) State 1 Energy     -24.033874686034384 Eigenvalue    -0.15312341    0.0000E+00
    1.00000   0.00000 | 1/2- #  96 (   -0.139279) > (1/2-)
   -0.00030   0.00000 | 1/2- #  97 (   -0.090758) > (1/2-)
   -0.00042   0.00000 | 1/2- #  98 (   -0.089947) > (1/2-)
 Effective configuration:
      0.000000  1/2+ #   5 (   -0.139279)
      0.000000  1/2+ #   6 (   -0.090758)
      0.000000  1/2+ #   7 (   -0.089947)
      0.000000  3/2- #   8 (   -0.089947)
      1.000000  1/2- #  96 (   -0.139279)
      0.000000  1/2- #  97 (   -0.090758)
      0.000000  1/2- #  98 (   -0.089947)
      0.000000  3/2+ #  99 (   -0.089947)

 Irrep 2 (1/2-) State 2 Energy     -23.976669268958883 Eigenvalue    -0.09591800    0.0000E+00
    0.00026  -0.00000 | 1/2- #  96 (   -0.139279) > (1/2-)
    1.00000   0.00000 | 1/2- #  97 (   -0.090758) > (1/2-)
    0.00001  -0.00000 | 1/2- #  98 (   -0.089947) > (1/2-)
 Effective configuration:
      0.000000  1/2+ #   5 (   -0.139279)
      0.000000  1/2+ #   6 (   -0.090758)
      0.000000  1/2+ #   7 (   -0.089947)
      0.000000  3/2- #   8 (   -0.089947)
      0.000000  1/2- #  96 (   -0.139279)
      1.000000  1/2- #  97 (   -0.090758)
      0.000000  1/2- #  98 (   -0.089947)
      0.000000  3/2+ #  99 (   -0.089947)

 Irrep 2 (1/2-) State 3 Energy     -23.975614838495627 Eigenvalue    -0.09486357    0.0000E+00
    0.00036  -0.00000 | 1/2- #  96 (   -0.139279) > (1/2-)
   -0.00001   0.00000 | 1/2- #  97 (   -0.090758) > (1/2-)
    1.00000   0.00000 | 1/2- #  98 (   -0.089947) > (1/2-)
 Effective configuration:
      0.000000  1/2+ #   5 (   -0.139279)
      0.000000  1/2+ #   6 (   -0.090758)
      0.000000  1/2+ #   7 (   -0.089947)
      0.000000  3/2- #   8 (   -0.089947)
      0.000000  1/2- #  96 (   -0.139279)
      0.000000  1/2- #  97 (   -0.090758)
      1.000000  1/2- #  98 (   -0.089947)
      0.000000  3/2+ #  99 (   -0.089947)

 Irrep 3 (3/2+) State 1 Energy     -23.975614822038839 Eigenvalue    -0.09486355    0.0000E+00
    1.00000   0.00000 | 3/2+ #  99 (   -0.089947) > (3/2+)
 Effective configuration:
      0.000000  1/2+ #   5 (   -0.139279)
      0.000000  1/2+ #   6 (   -0.090758)
      0.000000  1/2+ #   7 (   -0.089947)
      0.000000  3/2- #   8 (   -0.089947)
      0.000000  1/2- #  96 (   -0.139279)
      0.000000  1/2- #  97 (   -0.090758)
      0.000000  1/2- #  98 (   -0.089947)
      1.000000  3/2+ #  99 (   -0.089947)

 Irrep 4 (3/2-) State 1 Energy     -23.975614822038839 Eigenvalue    -0.09486355    0.0000E+00
    1.00000   0.00000 | 3/2- #   8 (   -0.089947) > (3/2-)
 Effective configuration:
      0.000000  1/2+ #   5 (   -0.139279)
      0.000000  1/2+ #   6 (   -0.090758)
      0.000000  1/2+ #   7 (   -0.089947)
      1.000000  3/2- #   8 (   -0.089947)
      0.000000  1/2- #  96 (   -0.139279)
      0.000000  1/2- #  97 (   -0.090758)
      0.000000  1/2- #  98 (   -0.089947)
      0.000000  3/2+ #  99 (   -0.089947)

 Heff eigenvalues:
 (degeneracy threshold = 1.0e-08 a.u.)

 Level  Re(eigenvalue)  Im(eigv)               Abs energy  Rel eigenvalue    Rel eigv, eV  Rel eigv, cm-1  deg  symmetry
 ------------------------------------------------------------------------------------------------------------------------
@    1   -0.1531234146  0.00e+00    -24.03387468603438393    0.0000000000    0.0000000000        0.000000   2   1/2+ 1/2-
@    2   -0.0959179975  0.00e+00    -23.97666926895888295    0.0572054171    1.5566386994    12555.137825   2   1/2+ 1/2-
@    3   -0.0948635671  0.00e+00    -23.97561483849562691    0.0582598475    1.5853312140    12786.558562   2   1/2+ 1/2-
@    4   -0.0948635506  0.00e+00    -23.97561482203883898    0.0582598640    1.5853316618    12786.562174   2   3/2+ 3/2-

 Ionization potential wrt reference state =     0.153123414597 a.u. =   4.1667 eV =   33606.70 cm^-1

 time for (sec):
 -------------------------------------------------------
  Total time of execution                        63.000
  Diagram contraction (mult) for <PP||PP>        30.107
  DIRAC interface (MRCONEE/MDCINT)                6.985
  Diagram template constr (tmplt)                 2.139
  Sorting of integrals                           13.587
  Multidim transposition (reorder)                4.232
  Energy denominators (diveps)                    0.085
  0h0p -- Singles equations (T1)                  0.627
  Diagram contraction (mult)                     34.613
  mult M <- M x M                                 4.035
  mult M <- D x M                                29.996
  Diagram addition (update)                       0.199
  0h0p -- Doubles equations (T2)                 16.005
  Permutation operators                           0.746
  DIIS extrapolation                              0.131
  Constant part of 0h1p amplitudes                0.079
  Extraction of a closed part                     0.000
  Prediction of intruder states                   0.004
 -------------------------------------------------------


 memory in usage  = 96238784 bytes = 91.8 Mb = 0.09 Gb
 max memory usage = 212251736 bytes = 202.4 Mb = 0.20 Gb
 Disk I/O:
   files created: 18405   files removed: 0
   read       45504115312 bytes = 42.379 Gb
   write      16703984956 bytes = 15.557 Gb

 EXP-T terminated normally at Tue Aug 24 22:08:25 2021
 Total run time: 0 days 0 hours 1 minutes 2 seconds 999 milliseconds
