
		**********************************************************************************
		**                                                                              **
		**                                   E X P - T                                  **
		**        Relativistic Fock-Space Multireference Coupled Cluster Program        **
		**                                                                              **
		**                         version 1.8.0 (25 May 2023)                         **
		**                                                                              **
		**********************************************************************************
		**                                                                              **
		** EXP-T is free software: you can redistribute it and/or modify                **
		** it under the terms of the GNU Lesser General Public License as published by  **
		** the Free Software Foundation, either version 3 of the License, or            **
		** (at your option) any later version.                                          **
		**                                                                              **
		** EXP-T is distributed in the hope that it will be useful,                     **
		** but WITHOUT ANY WARRANTY; without even the implied warranty of               **
		** MERCHANTABILITY or FITNESS FOR A PARTICULAR PURPOSE.  See the                **
		** GNU Lesser General Public License for more details.                          **
		**                                                                              **
		** You should have received a copy of the GNU Lesser General Public License     **
		** along with EXP-T.  If not, see <http://www.gnu.org/licenses/>.               **
		**                                                                              **
		**********************************************************************************
		**                                                                              **
		** For more information about the EXP-T program system see                      **
		** http://www.qchem.pnpi.spb.ru/expt                                            **
		**                                                                              **
		** This is an experimental code. The authors accept no responsibility           **
		** for the performance of the code or for the correctness of the results.       **
		**                                                                              **
		** If results obtained with this code are published, an                         **
		** appropriate citation would be:                                               **
		**                                                                              **
		** [1] A. Oleynichenko, A. Zaitsevskii, E. Eliav.                               **
		**     EXP-T, An Extensible Code for Fock Space Relativistic Coupled Cluster    **
		**     Calculations. See http://www.qchem.pnpi.spb.ru/expt.                     **
		** [2] A. V. Oleynichenko, A. Zaitsevskii, E. Eliav.                            **
		**     Towards high performance relativistic electronic structure modelling:    **
		**     the EXP-T program package. Commun. Comput. Inf. Sci. 1331, 375 (2020).   **
		**     doi: 10.1007/978-3-030-64616-5_33                                        **
		**                                                                              **
		**********************************************************************************

Authors:
  Alexander Oleynichenko [alexvoleynichenko@gmail.com]
  Andrei Zaitsevskii
  Artem Rumyantsev
  Ephraim Eliav
Compiler: Intel C Compiler 2021 (Intel(R) C++ gcc 7.4.1 mode)
BLAS/LAPACK implementation: undetected
Build date: May 25 2023 18:17:18
Run date: Sun May 28 18:23:19 2023
Hostname: vega3
CUDA disabled

Reading input file: tdm.inp


				****************
				** Input file **
				****************

 -----
 title "Rb atom -- relativistic EA-CCSD calculation"
 maxiter 50
 conv 1e-9
 sector 0h1p
 nactp 8
 disk_usage 0
 
 reuse 2-integrals amplitudes
 arith complex
 print "model vectors"
 
 mdprop "XDIPLEN" sym 1u+ approx 2 2 scheme hermitian
 mdprop "XDIPLEN" sym 1u- approx 2 2 scheme hermitian
 mdprop "YDIPLEN" sym 1u+ approx 2 2 scheme hermitian
 mdprop "YDIPLEN" sym 1u- approx 2 2 scheme hermitian
 mdprop "ZDIPLEN" sym 0u  approx 2 2 scheme hermitian
 
 -----



				*************
				** Options **
				*************

 title            title string - comment                    Rb atom -- relativistic EA-CCSD calculation
 scratch_dir      scratch directory for tmp files           scratch
 --no-clean       retain scratch directory on exit          yes
 print            print level                               medium
 flush_amplitude  write formatted files with cluser ampl-s  no
 arith            recommended arithmetic                    complex
 memory           max allowed RAM usage                     1024.0 Mb
 compress         compression of integrals on disk          disabled
 compress_triples compression of triples tensors in RAM     disabled
 disk_usage       disk usage level                          0 (all data in RAM)
 tilesize         max dimension of formal blocks (tiles)    100
 nthreads         number of OpenMP parallel threads         1
 cuda             calculations on GPU (CUDA)                disabled
 maxiter          maximum number of CC iterations           50
 conv_thresh      convergence threshold (by amplitudes)     1e-09
 div_thresh       divergence threshold (by amplitudes)      1000
 reuse            reuse amplitudes and/or integrals         0h0p 0h1p 0h2p 0h3p 1h0p 1h1p 1h2p 1h3p 2h0p 2h1p 2h2p 2h3p 3h0p 3h1p 3h2p 3h3p 2-integrals 
 skip             skip computations in sectors:             
 flush            flush amplitudes                          no
 interface        source of transformed molecular integrals  DIRAC
 integrals        one-electron Hamiltonian integrals file   MRCONEE
                  two-electron (Coulomb) integrals file     MDCINT
                  one-electron property integrals file      MDPROP
 x2cmmf           X2Cmmf Hamiltonian                        no
 gaunt            two-electron (Gaunt) integrals file       not used
 sector           target Fock space sector                  0h1p
 model            coupled cluster model (level of theory)   CCSD
 nacth            number of active hole spinors             0 spinors
 nactp            number of active particle spinors         8 spinors
 shifttype        formula for denominator shifts            shifts are disabled
 nroots           number of roots to be processed           all
 roots_cutoff     energy cutoff for roots to be processed   all
 degen_thresh     degeneracy threshold (a.u.)               1.0e-08
 occ_irreps       occupation numbers of spinors             default (from integral interface)
 occ              occupation numbers of spinors             default
 diis             DIIS technique for convergence            enabled
 diis <n>         DIIS subspace dimension                   10
 diis triples     DIIS for triples amplitudes               disabled
 diis             DIIS technique for convergence            disabled
 oneprop          interface to OneProp (by L.V.Skripnikov)  disabled
 twoprop          interface to TwoProp (by D.E.Maison)      disabled
 oneprop          interface to the MDPROP file              disabled
 density 0h0p     construct density matrix in 0h0p          disabled
 overlap          calculate overlap int-s for target wfns   disabled
 nohermit         hermitization of effective Hamiltonians   disabled
 dltdm            model-space estimates of tran dipoles     disabled
 natorb           model-space natural orbitals              disabled
 prop             model-space estimates of properties       enabled: XDIPLEN (md) 1u+ 2/2; XDIPLEN (md) 1u- 2/2; YDIPLEN (md) 1u+ 2/2; YDIPLEN (md) 1u- 2/2; ZDIPLEN (md) 0u 2/2;
 select           selection of cluster amplitudes           disabled
 restrict_t3      restriction of triples                    disabled
 ih_imms          simple intermediate Hamiltonian           disabled


 Scratch directory 'scratch' exists
 Current working directory = /home/oleynichenko/soft/RELEASE/examples/Rb_atom_TDMs_direct
 Full path to one-electron integrals = /home/oleynichenko/soft/RELEASE/examples/Rb_atom_TDMs_direct/MRCONEE
 Full path to Coulomb integrals = /home/oleynichenko/soft/RELEASE/examples/Rb_atom_TDMs_direct/MDCINT
 Full path to properties integrals = /home/oleynichenko/soft/RELEASE/examples/Rb_atom_TDMs_direct/MDPROP
 Changing working directory to scratch ...
 Current working directory = /home/oleynichenko/soft/RELEASE/examples/Rb_atom_TDMs_direct/scratch
 
 ******************************************************************
 **       BINARY INTERFACE TO THE DIRAC PROGRAM PACKAGE          **
 **                    version 10 Apr 2020                       **
 ******************************************************************
 
 required unformatted files (produced by DIRAC):
   MRCONEE -- spinor info & transformed one-electron integrals
   MDCINT  -- transformed two-electron integrals
 optional files (DIRAC):
   MDPROP  -- transformed integrals of one-electron properties
 optional files (D. E. Maison, L. V. Skripnikov):
   MGINT   -- transformed Gaunt integrals
 
 HINT: in order to obtain these files, add option .4INDEX to the
   **DIRAC section of the DIRAC input file; this will enable the
   code for integrals transformation. Then run:
   $ pam --inp=<inp-file> --mol=<mol-file> --get="MRCONEE MDCINT"
 
 
 Names of integral files:
 MRCONEE = /home/oleynichenko/soft/RELEASE/examples/Rb_atom_TDMs_direct/MRCONEE
 MDCINT  = /home/oleynichenko/soft/RELEASE/examples/Rb_atom_TDMs_direct/MDCINT
 MDPROP  = /home/oleynichenko/soft/RELEASE/examples/Rb_atom_TDMs_direct/MDPROP
 default integer type in DIRAC              integer(8)
 
 *** MRCONEE FILE ***
 NSPINORS                                            182
 was breit in DHF                            F
 nuclear repulsion energy                     0.000000000000000E+000
 inversion symmetry (1-no,2-yes)                       2
 group type (1-real,2-cmplx,4-quater)                  1
 is spinfree                                           0
 arithmetic                                 complex
 total num of orb-s (+frozen+deleted)                 92
 Total SCF energy =                           -23.6574739370869     
 number of fermion irreps in parent group              4
 names of these reps (grd, ungrd)             Eg 1Eg        Eg 2Eg      
   Eu 1Eu        Eu 2Eu      
 number of spinors active in the transf-n              1           1           3
           3
 total number of orb-s of this ircop                  49          42
 number of occupied frozen (core) spinors   
   - total                                             0           0
   - positive energy                                   0           0
   - negative energy                                   0           0
 number of deleted spinors                             1           0
 number of fermion irreps in Abelian subgrp           32
 names of these irreps                        1g -1g  3g -3g  5g -5g  7g -7g  9g
  -9g 11g-11g 13g-13g 15g-15g  1u -1u  3u -3u  5u -5u  7u -7u  9u -9u 11u-11u
  13u-13u 15u-15u  0g  2g -2g  4g -4g  6g -6g  8g -8g 10g-10g 12g-12g 14g-14g
  16g  0u  2u -2u  4u -4u  6u -6u  8u -8u 10u-10u 12u-12u 14u-14u 16u
 number of g/u Kramers pairs          50          42
 number of boson symmetry reps(LUCITA)            8
 *** END OF MRCONEE FILE ***
 
 *** MDPROP FILE ***
 path to MDPROP file = 
 /home/oleynichenko/soft/RELEASE/examples/Rb_atom_TDMs_direct/MDPROP
 MDPROP file exists
 property = XDIPLEN 
 order of parts: Re + i*Im
 property = YDIPLEN 
 order of parts: Re + i*Im
 property = ZDIPLEN 
 order of parts: Re + i*Im
 reached end of file MDPROP
 *** END OF MDPROP FILE ***
 
 ELECTRONIC contribution to dipole moment (DHF level)
 dx =   0.000000000000000E+000  (re)  0.000000000000000E+000 (im)
 dy =   0.000000000000000E+000  (re)  0.000000000000000E+000 (im)
 dz =   0.000000000000000E+000  (re)  0.000000000000000E+000 (im)
 |d| =   0.000000000000000E+000  a.u. =   0.000000000000000E+000  Debye
 1 a.u = 2.54174623 Debye
 reading and sorting of MDCINT file will be skipped

 Dinfh group is to be extended:
 max 2x|Omega| = 62
 number of irreps = 250


		Symmetry & irreducible representations
		--------------------------------------

 Point group: Dinfh
 Group type: real
 Arithmetic: complex
 Is abelian: yes
 Number of irreps: 250
 Totally symmetric irrep: 0g
 Representation names:
   0 1/2g+     1 1/2g-     2 3/2g+     3 3/2g-     4 5/2g+     5 5/2g-     6 7/2g+     7 7/2g-  
   8 9/2g+     9 9/2g-    10 11/2g+   11 11/2g-   12 13/2g+   13 13/2g-   14 15/2g+   15 15/2g- 
  16 17/2g+   17 17/2g-   18 19/2g+   19 19/2g-   20 21/2g+   21 21/2g-   22 23/2g+   23 23/2g- 
  24 25/2g+   25 25/2g-   26 27/2g+   27 27/2g-   28 29/2g+   29 29/2g-   30 31/2g+   31 31/2g- 
  32 33/2g+   33 33/2g-   34 35/2g+   35 35/2g-   36 37/2g+   37 37/2g-   38 39/2g+   39 39/2g- 
  40 41/2g+   41 41/2g-   42 43/2g+   43 43/2g-   44 45/2g+   45 45/2g-   46 47/2g+   47 47/2g- 
  48 49/2g+   49 49/2g-   50 51/2g+   51 51/2g-   52 53/2g+   53 53/2g-   54 55/2g+   55 55/2g- 
  56 57/2g+   57 57/2g-   58 59/2g+   59 59/2g-   60 61/2g+   61 61/2g-   62 1/2u+    63 1/2u-  
  64 3/2u+    65 3/2u-    66 5/2u+    67 5/2u-    68 7/2u+    69 7/2u-    70 9/2u+    71 9/2u-  
  72 11/2u+   73 11/2u-   74 13/2u+   75 13/2u-   76 15/2u+   77 15/2u-   78 17/2u+   79 17/2u- 
  80 19/2u+   81 19/2u-   82 21/2u+   83 21/2u-   84 23/2u+   85 23/2u-   86 25/2u+   87 25/2u- 
  88 27/2u+   89 27/2u-   90 29/2u+   91 29/2u-   92 31/2u+   93 31/2u-   94 33/2u+   95 33/2u- 
  96 35/2u+   97 35/2u-   98 37/2u+   99 37/2u-  100 39/2u+  101 39/2u-  102 41/2u+  103 41/2u- 
 104 43/2u+  105 43/2u-  106 45/2u+  107 45/2u-  108 47/2u+  109 47/2u-  110 49/2u+  111 49/2u- 
 112 51/2u+  113 51/2u-  114 53/2u+  115 53/2u-  116 55/2u+  117 55/2u-  118 57/2u+  119 57/2u- 
 120 59/2u+  121 59/2u-  122 61/2u+  123 61/2u-  124 0g      125 1g+     126 1g-     127 2g+    
 128 2g-     129 3g+     130 3g-     131 4g+     132 4g-     133 5g+     134 5g-     135 6g+    
 136 6g-     137 7g+     138 7g-     139 8g+     140 8g-     141 9g+     142 9g-     143 10g+   
 144 10g-    145 11g+    146 11g-    147 12g+    148 12g-    149 13g+    150 13g-    151 14g+   
 152 14g-    153 15g+    154 15g-    155 16g+    156 16g-    157 17g+    158 17g-    159 18g+   
 160 18g-    161 19g+    162 19g-    163 20g+    164 20g-    165 21g+    166 21g-    167 22g+   
 168 22g-    169 23g+    170 23g-    171 24g+    172 24g-    173 25g+    174 25g-    175 26g+   
 176 26g-    177 27g+    178 27g-    179 28g+    180 28g-    181 29g+    182 29g-    183 30g+   
 184 30g-    185 31g+    186 31g-    187 0u      188 1u+     189 1u-     190 2u+     191 2u-    
 192 3u+     193 3u-     194 4u+     195 4u-     196 5u+     197 5u-     198 6u+     199 6u-    
 200 7u+     201 7u-     202 8u+     203 8u-     204 9u+     205 9u-     206 10u+    207 10u-   
 208 11u+    209 11u-    210 12u+    211 12u-    212 13u+    213 13u-    214 14u+    215 14u-   
 216 15u+    217 15u-    218 16u+    219 16u-    220 17u+    221 17u-    222 18u+    223 18u-   
 224 19u+    225 19u-    226 20u+    227 20u-    228 21u+    229 21u-    230 22u+    231 22u-   
 232 23u+    233 23u-    234 24u+    235 24u-    236 25u+    237 25u-    238 26u+    239 26u-   
 240 27u+    241 27u-    242 28u+    243 28u-    244 29u+    245 29u-    246 30u+    247 30u-   
 248 31u+    249 31u-   

				Spinors info
				------------

     no    rep         occ    active        one-el energy
    -------------------------------------------------------
       1   0 "1/2g+ "   1       -          -1.775530719127
       2   0 "1/2g+ "   0       a          -0.139278642845
       3   4 "5/2g+ "   0       -          -0.059704249387
       4   3 "3/2g- "   0       -          -0.059704249387
       5   0 "1/2g+ "   0       -          -0.059704249387
       6   0 "1/2g+ "   0       -          -0.059644752440
       7   3 "3/2g- "   0       -          -0.059644752440
       8   0 "1/2g+ "   0       -          -0.056510061029
       9   3 "3/2g- "   0       -          -0.027170652588
      10   4 "5/2g+ "   0       -          -0.027170652588
      11   0 "1/2g+ "   0       -          -0.027170652588
      12   3 "3/2g- "   0       -          -0.027105239250
      13   0 "1/2g+ "   0       -          -0.027105239250
      14   0 "1/2g+ "   0       -           0.036239079100
      15   3 "3/2g- "   0       -           0.051959895646
      16   4 "5/2g+ "   0       -           0.051959895646
      17   0 "1/2g+ "   0       -           0.051959895646
      18   3 "3/2g- "   0       -           0.051991050870
      19   0 "1/2g+ "   0       -           0.051991050870
      20   0 "1/2g+ "   0       -           0.333424759793
      21   3 "3/2g- "   0       -           0.333424759793
      22   3 "3/2g- "   0       -           0.335012651121
      23   4 "5/2g+ "   0       -           0.335012651121
      24   0 "1/2g+ "   0       -           0.335012651121
      25   0 "1/2g+ "   0       -           0.416060731551
      26   7 "7/2g- "   0       -           1.299402269129
      27   0 "1/2g+ "   0       -           1.299402269129
      28   8 "9/2g+ "   0       -           1.299402269129
      29   4 "5/2g+ "   0       -           1.299402269129
      30   3 "3/2g- "   0       -           1.299402269129
      31   4 "5/2g+ "   0       -           1.299690442565
      32   7 "7/2g- "   0       -           1.299690442565
      33   0 "1/2g+ "   0       -           1.299690442565
      34   3 "3/2g- "   0       -           1.299690442565
      35   0 "1/2g+ "   0       -           1.559358136729
      36   3 "3/2g- "   0       -           1.559358136729
      37   3 "3/2g- "   0       -           1.569167805641
      38   0 "1/2g+ "   0       -           1.569167805641
      39   4 "5/2g+ "   0       -           1.569167805641
      40   0 "1/2g+ "   0       -           1.809530694623
      41   4 "5/2g+ "   0       -           3.648464161062
      42   0 "1/2g+ "   0       -           3.648464161062
      43   7 "7/2g- "   0       -           3.648464161062
      44   3 "3/2g- "   0       -           3.648464161062
      45   0 "1/2g+ "   0       -           3.648602641435
      46   8 "9/2g+ "   0       -           3.648602641435
      47   4 "5/2g+ "   0       -           3.648602641435
      48   7 "7/2g- "   0       -           3.648602641435
      49   3 "3/2g- "   0       -           3.648602641435
      50   1 "1/2g- "   1       -          -1.775530719127
      51   1 "1/2g- "   0       a          -0.139278642845
      52   5 "5/2g- "   0       -          -0.059704249387
      53   2 "3/2g+ "   0       -          -0.059704249387
      54   1 "1/2g- "   0       -          -0.059704249387
      55   1 "1/2g- "   0       -          -0.059644752440
      56   2 "3/2g+ "   0       -          -0.059644752440
      57   1 "1/2g- "   0       -          -0.056510061029
      58   2 "3/2g+ "   0       -          -0.027170652588
      59   5 "5/2g- "   0       -          -0.027170652588
      60   1 "1/2g- "   0       -          -0.027170652588
      61   2 "3/2g+ "   0       -          -0.027105239250
      62   1 "1/2g- "   0       -          -0.027105239250
      63   1 "1/2g- "   0       -           0.036239079100
      64   2 "3/2g+ "   0       -           0.051959895646
      65   5 "5/2g- "   0       -           0.051959895646
      66   1 "1/2g- "   0       -           0.051959895646
      67   2 "3/2g+ "   0       -           0.051991050870
      68   1 "1/2g- "   0       -           0.051991050870
      69   1 "1/2g- "   0       -           0.333424759793
      70   2 "3/2g+ "   0       -           0.333424759793
      71   2 "3/2g+ "   0       -           0.335012651121
      72   5 "5/2g- "   0       -           0.335012651121
      73   1 "1/2g- "   0       -           0.335012651121
      74   1 "1/2g- "   0       -           0.416060731551
      75   6 "7/2g+ "   0       -           1.299402269129
      76   1 "1/2g- "   0       -           1.299402269129
      77   9 "9/2g- "   0       -           1.299402269129
      78   5 "5/2g- "   0       -           1.299402269129
      79   2 "3/2g+ "   0       -           1.299402269129
      80   5 "5/2g- "   0       -           1.299690442565
      81   6 "7/2g+ "   0       -           1.299690442565
      82   1 "1/2g- "   0       -           1.299690442565
      83   2 "3/2g+ "   0       -           1.299690442565
      84   1 "1/2g- "   0       -           1.559358136729
      85   2 "3/2g+ "   0       -           1.559358136729
      86   2 "3/2g+ "   0       -           1.569167805641
      87   1 "1/2g- "   0       -           1.569167805641
      88   5 "5/2g- "   0       -           1.569167805641
      89   1 "1/2g- "   0       -           1.809530694623
      90   5 "5/2g- "   0       -           3.648464161062
      91   1 "1/2g- "   0       -           3.648464161062
      92   6 "7/2g+ "   0       -           3.648464161062
      93   2 "3/2g+ "   0       -           3.648464161062
      94   1 "1/2g- "   0       -           3.648602641435
      95   9 "9/2g- "   0       -           3.648602641435
      96   5 "5/2g- "   0       -           3.648602641435
      97   6 "7/2g+ "   0       -           3.648602641435
      98   2 "3/2g+ "   0       -           3.648602641435
      99  62 "1/2u+ "   1       -          -1.034887717851
     100  65 "3/2u- "   1       -          -0.999339409606
     101  62 "1/2u+ "   1       -          -0.999339409606
     102  62 "1/2u+ "   0       a          -0.090758207606
     103  62 "1/2u+ "   0       a          -0.089946511955
     104  65 "3/2u- "   0       a          -0.089946511955
     105  62 "1/2u+ "   0       -          -0.040209791086
     106  62 "1/2u+ "   0       -          -0.039744122064
     107  65 "3/2u- "   0       -          -0.039744122064
     108  62 "1/2u+ "   0       -           0.037330317515
     109  62 "1/2u+ "   0       -           0.038963387549
     110  65 "3/2u- "   0       -           0.038963387549
     111  66 "5/2u+ "   0       -           0.273035236794
     112  69 "7/2u- "   0       -           0.273035236794
     113  65 "3/2u- "   0       -           0.273035236794
     114  62 "1/2u+ "   0       -           0.273035236794
     115  66 "5/2u+ "   0       -           0.273199194575
     116  65 "3/2u- "   0       -           0.273199194575
     117  62 "1/2u+ "   0       -           0.273199194575
     118  62 "1/2u+ "   0       -           0.335319286775
     119  62 "1/2u+ "   0       -           0.343004294928
     120  65 "3/2u- "   0       -           0.343004294928
     121  69 "7/2u- "   0       -           1.058645529302
     122  66 "5/2u+ "   0       -           1.058645529302
     123  62 "1/2u+ "   0       -           1.058645529302
     124  65 "3/2u- "   0       -           1.058645529302
     125  66 "5/2u+ "   0       -           1.059173749354
     126  62 "1/2u+ "   0       -           1.059173749354
     127  65 "3/2u- "   0       -           1.059173749354
     128  62 "1/2u+ "   0       -           1.592868022243
     129  65 "3/2u- "   0       -           1.635085866341
     130  62 "1/2u+ "   0       -           1.635085866341
     131  66 "5/2u+ "   0       -           2.925701591606
     132  62 "1/2u+ "   0       -           2.925701591606
     133  65 "3/2u- "   0       -           2.925701591606
     134  69 "7/2u- "   0       -           2.926292680814
     135  62 "1/2u+ "   0       -           2.926292680814
     136  65 "3/2u- "   0       -           2.926292680814
     137  66 "5/2u+ "   0       -           2.926292680814
     138  62 "1/2u+ "   0       -          10.123005463123
     139  62 "1/2u+ "   0       -          10.381572798608
     140  65 "3/2u- "   0       -          10.381572798663
     141  63 "1/2u- "   1       -          -1.034887717851
     142  64 "3/2u+ "   1       -          -0.999339409606
     143  63 "1/2u- "   1       -          -0.999339409606
     144  63 "1/2u- "   0       a          -0.090758207606
     145  63 "1/2u- "   0       a          -0.089946511955
     146  64 "3/2u+ "   0       a          -0.089946511955
     147  63 "1/2u- "   0       -          -0.040209791086
     148  63 "1/2u- "   0       -          -0.039744122064
     149  64 "3/2u+ "   0       -          -0.039744122064
     150  63 "1/2u- "   0       -           0.037330317515
     151  63 "1/2u- "   0       -           0.038963387549
     152  64 "3/2u+ "   0       -           0.038963387549
     153  67 "5/2u- "   0       -           0.273035236794
     154  68 "7/2u+ "   0       -           0.273035236794
     155  64 "3/2u+ "   0       -           0.273035236794
     156  63 "1/2u- "   0       -           0.273035236794
     157  67 "5/2u- "   0       -           0.273199194575
     158  64 "3/2u+ "   0       -           0.273199194575
     159  63 "1/2u- "   0       -           0.273199194575
     160  63 "1/2u- "   0       -           0.335319286775
     161  63 "1/2u- "   0       -           0.343004294928
     162  64 "3/2u+ "   0       -           0.343004294928
     163  68 "7/2u+ "   0       -           1.058645529302
     164  67 "5/2u- "   0       -           1.058645529302
     165  63 "1/2u- "   0       -           1.058645529302
     166  64 "3/2u+ "   0       -           1.058645529302
     167  67 "5/2u- "   0       -           1.059173749354
     168  63 "1/2u- "   0       -           1.059173749354
     169  64 "3/2u+ "   0       -           1.059173749354
     170  63 "1/2u- "   0       -           1.592868022243
     171  64 "3/2u+ "   0       -           1.635085866341
     172  63 "1/2u- "   0       -           1.635085866341
     173  67 "5/2u- "   0       -           2.925701591606
     174  63 "1/2u- "   0       -           2.925701591606
     175  64 "3/2u+ "   0       -           2.925701591606
     176  68 "7/2u+ "   0       -           2.926292680814
     177  63 "1/2u- "   0       -           2.926292680814
     178  64 "3/2u+ "   0       -           2.926292680814
     179  67 "5/2u- "   0       -           2.926292680814
     180  63 "1/2u- "   0       -          10.123005463123
     181  63 "1/2u- "   0       -          10.381572798608
     182  64 "3/2u+ "   0       -          10.381572798663
    -------------------------------------------------------

    irreps             1/2g+ 1/2g- 3/2g+ 3/2g- 5/2g+ 5/2g- 7/2g+ 7/2g- 9/2g+ 9/2g- 1/2u+ 1/2u- 3/2u+ 3/2u- 5/2u+ 5/2u- 7/2u+ 7/2u-
    occupied inactive      1     1     0     0     0     0     0     0     0     0     2     2     1     1     0     0     0     0
    occupied active        0     0     0     0     0     0     0     0     0     0     0     0     0     0     0     0     0     0
    virtual active         1     1     0     0     0     0     0     0     0     0     2     2     1     1     0     0     0     0
    virtual inactive      18    18    14    14     9     9     4     4     2     2    16    16    11    11     6     6     3     3



				*****************
				** Sector 0h0p **
				*****************


 Reuse 2-electron integrals file 'hhpp'
 Reuse 2-electron integrals file 'pphh'
 Reuse 2-electron integrals file 'hhhh'
 Reuse 2-electron integrals file 'phhp'
 Reuse 2-electron integrals file 'ppppr'
 Reuse 2-electron integrals file 'pphp'
 Reuse 2-electron integrals file 'phpp'
 Reuse 2-electron integrals file 'phhh'
 Reuse 2-electron integrals file 'hhhp'
 Reuse 2-electron integrals file 'hphh'
 Reuse 2-electron integrals file 'hphp'

 Integral sorting for the 0h0p sector
 started at Sun May 28 18:23:19 2023
 number of spinors                              182
 number of spinor blocks                        18
 tile size                                      100
 max spinor block size                          20
 size of i/o buffer for integrals and indices   0.375 MB
 size of the buffer for two-elec integrals      0.153 MB
 sorting one-electron integrals ...
   Fock matrix reconstruction ...
   SCF energy (energy of reference determinant) =     -23.657473937087 a.u.
 max deviation of the diagonal elements of the reconstructed Fock matrix and orbital energies = 1.511954e-08
 fill 1-electron diagrams ... hh hp ph pp done
 time for 2-e integrals sorting, sec: 0.01
 time for DIRAC interface (integral extraction & write), sec: 0.34
 total time for sorting operations, sec: 0.35
 finished at at Sun May 28 18:23:19 2023

 Initial guess
 -------------
 Trying to read amplitudes from disk ...
 T1 amplitudes successfully read from disk
 T2 amplitudes successfully read from disk


 solution of amplitude equations (sector 0h0p)		 Sun May 28 18:23:20 2023
 ---------------------------------------------------------------------------------------
 it.       diffmax(T1)       diffmax(T2)     max(T1)     max(T2)    t,sec       mem,Gb
 ---------------------------------------------------------------------------------------
   1    0.000000000272    0.000000000064    0.002626    0.027737      1.3    0.35/0.43
 ---------------------------------------------------------------------------------------
 converged in 1 iterations

 average time per iteration = 2.172 sec


          SCF reference energy =     -23.657473937087
       CCSD correlation energy =      -0.223277333874
             Total CCSD energy =     -23.880751270961


 (absolute values)
 Max T{0h0p}_1 amplitude (t{00}_ia) [ 50 -> 74 ] = 0.00262621
   [  50] eps=     -1.77553071 rep=1/2g- inactive occ
   [  74] eps=      0.41606074 rep=1/2g- inactive virt
 Max T{0h0p}_2 amplitude (t{00}_ijab) [ 142 100 -> 23 72 ] = 0.02773745
   [ 142] eps=     -0.99933940 rep=3/2u+ inactive occ
   [ 100] eps=     -0.99933940 rep=3/2u- inactive occ
   [  23] eps=      0.33501266 rep=5/2g+ inactive virt
   [  72] eps=      0.33501266 rep=5/2g- inactive virt

 Norm |T{0h0p}_1| = 0.00770113
 Norm |T{0h0p}_2| = 0.51425325

 T1 diagnostic = 0.00272276
 More on T1 diagnostic: [T.J.Lee,P.R.Taylor,IJQC 23,199(1989)]



				*****************
				** Sector 0h1p **
				*****************


 Reuse 2-electron integrals file 'vhpp'
 Reuse 2-electron integrals file 'vhhh'
 Reuse 2-electron integrals file 'pvhp'
 Reuse 2-electron integrals file 'hvhp'
 Reuse 2-electron integrals file 'pvhh'
 Reuse 2-electron integrals file 'pvpp'

 Integral sorting for the 0h1p sector
 started at Sun May 28 18:23:22 2023
 number of spinors                              182
 number of spinor blocks                        18
 tile size                                      100
 max spinor block size                          20
 size of i/o buffer for integrals and indices   0.375 MB
 size of the buffer for two-elec integrals      0.153 MB
 sorting one-electron integrals ...
   Fock matrix reconstruction ...
   SCF energy (energy of reference determinant) =     -23.657473937087 a.u.
 fill 1-electron diagrams ... vh vp pv done
 time for 2-e integrals sorting, sec: 0.02
 time for DIRAC interface (integral extraction & write), sec: 0.34
 total time for sorting operations, sec: 0.36
 finished at at Sun May 28 18:23:22 2023
 Construction of T^(0h1p)-independent contributions to the FSCC-equations ...

 Initialization of T1 and T2 amplitudes ...
 Trying to read amplitudes from disk ...
 T{0h1p}_1 amplitudes successfully read from disk
 T{0h1p}_2 amplitudes successfully read from disk
 Heff{0h1p} diagram successfully read from disk

 solution of amplitude equations (sector 0h1p)		 Sun May 28 18:23:22 2023
 ---------------------------------------------------------------------------------------
 it.       diffmax(T1)       diffmax(T2)     max(T1)     max(T2)    t,sec       mem,Gb
 ---------------------------------------------------------------------------------------
   1    0.000000000912    0.000000000206    0.069785    0.011613      1.7    0.39/0.47
 ---------------------------------------------------------------------------------------
 converged in 1 iterations

 average time per iteration = 1.664 sec


 (absolute values)
 Max T{0h1p}_1 amplitude (t{01}_ia) [ 2 -> 8 ] = 0.06978474
   [   2] eps=     -0.13927864 rep=1/2g+ active virt
   [   8] eps=     -0.05651006 rep=1/2g+ inactive virt
 Max T{0h1p}_2 amplitude (t{01}_ijab) [ 102 142 -> 51 16 ] = 0.01161327
   [ 102] eps=     -0.09075821 rep=1/2u+ active virt
   [ 142] eps=     -0.99933940 rep=3/2u+ inactive occ
   [  51] eps=     -0.13927864 rep=1/2g- active virt
   [  16] eps=      0.05195990 rep=5/2g+ inactive virt

 Norm |T{0h1p}_1| = 0.21449937
 Norm |T{0h1p}_2| = 0.30260691

 Model space dimensions:
  [  0] dim = 1      1/2g+
  [  1] dim = 1      1/2g-
  [ 62] dim = 2      1/2u+
  [ 63] dim = 2      1/2u-
  [ 64] dim = 1      3/2u+
  [ 65] dim = 1      3/2u-


 Sector (0h,1p) -- analysis of model vectors (right vectors)
 first line : irrep, state number, total energy, eigenvalue
 other lines: coefficients of contributing determinants (above a threshold of 1.0e-04)

 Irrep 1 (1/2g+) State 1 Energy     -24.033874669852310 Eigenvalue    -0.15312340    0.0000E+00
    1.00000   0.00000 | 1/2g+  #   2 (   -0.139279) > (1/2g+)

 Irrep 2 (1/2g-) State 1 Energy     -24.033874669852310 Eigenvalue    -0.15312340    0.0000E+00
    1.00000   0.00000 | 1/2g-  #  51 (   -0.139279) > (1/2g-)

 Irrep 63 (1/2u+) State 1 Energy     -23.976669228597761 Eigenvalue    -0.09591796    0.0000E+00
    1.00000   0.00000 | 1/2u+  # 102 (   -0.090758) > (1/2u+)

 Irrep 63 (1/2u+) State 2 Energy     -23.975614786896621 Eigenvalue    -0.09486352    0.0000E+00
    1.00000   0.00000 | 1/2u+  # 103 (   -0.089947) > (1/2u+)

 Irrep 64 (1/2u-) State 1 Energy     -23.976669228597761 Eigenvalue    -0.09591796    0.0000E+00
    1.00000   0.00000 | 1/2u-  # 144 (   -0.090758) > (1/2u-)

 Irrep 64 (1/2u-) State 2 Energy     -23.975614786896621 Eigenvalue    -0.09486352    0.0000E+00
    1.00000   0.00000 | 1/2u-  # 145 (   -0.089947) > (1/2u-)

 Irrep 65 (3/2u+) State 1 Energy     -23.975614786896625 Eigenvalue    -0.09486352    0.0000E+00
    1.00000   0.00000 | 3/2u+  # 146 (   -0.089947) > (3/2u+)

 Irrep 66 (3/2u-) State 1 Energy     -23.975614786896625 Eigenvalue    -0.09486352    0.0000E+00
    1.00000   0.00000 | 3/2u-  # 104 (   -0.089947) > (3/2u-)



 Heff eigenvalues:
 (degeneracy threshold = 1.0e-08 a.u.)

 Level  Re(eigenvalue)  Im(eigv)               Abs energy  Rel eigenvalue    Rel eigv, eV  Rel eigv, cm-1  deg  symmetry
 ------------------------------------------------------------------------------------------------------------------------
@    1   -0.1531233989  0.00e+00    -24.03387466985230958    0.0000000000    0.0000000000        0.000000   2   1/2g+ 1/2g-
@    2   -0.0959179576  0.00e+00    -23.97666922859776051    0.0572054413    1.5566393573    12555.143131   2   1/2u+ 1/2u-
@    3   -0.0948635159  0.00e+00    -23.97561478689662451    0.0582598830    1.5853321778    12786.566335   4   1/2u+ 1/2u- 3/2u+ 3/2u-

 Ionization potential 0h1p -> 0h0p =     0.153123398891 a.u. =   4.1667 eV =   33606.70 cm^-1

 **
 ** Direct calculation of property matrix elements
 ** Electronic transitions: 0h1p - 0h1p
 ** MDPROP: XDIPLEN
 ** Operator symmetry: 1u+ (irrep 188)
 ** Scheme: hermitian
 ** Order of numerator: quadratic
 ** Order of denominator: quadratic
 **

 real part: zero
 imag part: non-zero antisymmetric
 list of non-zero symmetry blocks:
 1/2g+ - 1/2u-   =>  31g- 1u+ 31u- 
 1/2g+ - 3/2u+   =>  61/2g+ 61/2u+ 30g+ 31g+ 1u- 30u+ 31u+ 
 1/2g- - 1/2u+   =>  1u- 
 1/2g- - 3/2u-   =>  1u+ 
 3/2g+ - 1/2u+   =>  1u+ 
 3/2g+ - 5/2u+   =>  1u- 
 3/2g- - 1/2u-   =>  1u- 
 3/2g- - 5/2u-   =>  1u+ 
 5/2g+ - 3/2u+   =>  1u+ 
 5/2g+ - 7/2u+   =>  1u- 
 5/2g- - 3/2u-   =>  1u- 
 5/2g- - 7/2u-   =>  1u+ 
 7/2g+ - 5/2u+   =>  1u+ 
 7/2g- - 5/2u-   =>  1u- 
 9/2g+ - 7/2u+   =>  1u+ 
 9/2g- - 7/2u-   =>  1u- 
 1/2u+ - 1/2g-   =>  1u+ 
 1/2u+ - 3/2g+   =>  1u- 
 1/2u- - 1/2g+   =>  1u- 
 1/2u- - 3/2g-   =>  1u+ 
 3/2u+ - 1/2g+   =>  1u+ 
 3/2u+ - 5/2g+   =>  1u- 
 3/2u- - 1/2g-   =>  1u- 
 3/2u- - 5/2g-   =>  1u+ 
 5/2u+ - 3/2g+   =>  1u+ 
 5/2u+ - 7/2g+   =>  1u- 
 5/2u- - 3/2g-   =>  1u- 
 5/2u- - 7/2g-   =>  1u+ 
 7/2u+ - 5/2g+   =>  1u+ 
 7/2u+ - 9/2g+   =>  1u- 
 7/2u- - 5/2g-   =>  1u- 
 7/2u- - 9/2g-   =>  1u+ 

 sorting property integrals ...
 construction of the one-body contribution (0h1p) ...
 diagram     time (sec)  max mem (mb)  max mem (gb)
 O1               0.000        482.03          0.47
 L1a              0.000        482.03          0.47
 L1b              0.000        482.03          0.47
 L2a              0.000        482.03          0.47
 L2b              0.000        482.03          0.47
 L3a              0.001        482.03          0.47
 L3b              0.001        482.03          0.47
 Q1a              0.000        482.03          0.47
 Q1b              0.000        482.03          0.47
 Q1c              0.000        482.03          0.47
 Q1d              0.000        482.03          0.47
 Q2a              0.001        482.03          0.47
 Q2b              0.001        482.03          0.47
 Q2c              0.001        482.03          0.47
 Q2d              0.001        482.03          0.47
 Q3a              0.001        482.03          0.47
 Q3b              0.005        482.03          0.47
 Q3c              0.003        482.03          0.47
 Q3d              0.003        482.03          0.47
 Q3e              0.003        482.03          0.47
 Q4a              0.000        482.03          0.47
 Q4b              0.000        482.03          0.47
 Q4c              0.000        482.03          0.47
 Q4d              0.000        482.03          0.47
 Q5a              0.001        482.03          0.47
 Q5b              0.001        482.03          0.47
 Q5c              0.001        482.03          0.47
 Q5d              0.001        482.03          0.47
 Q6a              0.008        482.03          0.47
 Q6b              0.008        482.03          0.47
 Q6c              0.003        482.03          0.47
 Q6d              0.003        482.03          0.47
 Q7               0.000        482.03          0.47
 Q8a              0.002        482.03          0.47
 Q8b              0.002        482.03          0.47
 Q8c              0.002        482.03          0.47
 Q8d              0.002        482.03          0.47
 Q9a              0.008        482.03          0.47
 Q9b              0.008        482.03          0.47
 scalar contribution to property = 0.00000000 0.00000000
 effective property operator diagrams: prop_0h1p 
 construction of the overlap diagram (0h1p) ...
 Q1               0.000        482.03          0.47
 Q2               0.001        482.03          0.47
 Q3               0.000        482.03          0.47
 Q4               0.001        482.03          0.47
 Q5               0.001        482.03          0.47
 Q6               0.005        482.03          0.47
 scalar contribution to overlap = 1.06617341 0.00000000
 overlap diagrams: overlap_0h1p 

 < 1/2g+ | prop | 1/2g+ >     no allowed transitions

 < 1/2g+ | prop | 1/2g- >     no allowed transitions

 < 1/2g+ | prop | 1/2u+ >     no allowed transitions

 < 1/2g+ | prop | 1/2u- >  E1(cm-1)  E2(cm-1)         Re            Im          |prop|
 1 (1/2g+) ->  1 (1/2u-)       0.00   12555.14       0.000000       1.757863       1.757863
 1 (1/2g+) ->  2 (1/2u-)       0.00   12786.57       0.000000       1.240428       1.240428

 < 1/2g+ | prop | 3/2u+ >     no allowed transitions

 < 1/2g+ | prop | 3/2u- >     no allowed transitions

 < 1/2g- | prop | 1/2g+ >     no allowed transitions

 < 1/2g- | prop | 1/2g- >     no allowed transitions

 < 1/2g- | prop | 1/2u+ >     no allowed transitions

 < 1/2g- | prop | 1/2u- >     no allowed transitions

 < 1/2g- | prop | 3/2u+ >     no allowed transitions

 < 1/2g- | prop | 3/2u- >  E1(cm-1)  E2(cm-1)         Re            Im          |prop|
 1 (1/2g-) ->  1 (3/2u-)       0.00   12786.57       0.000000       2.148484       2.148484

 < 1/2u+ | prop | 1/2g+ >     no allowed transitions

 < 1/2u+ | prop | 1/2g- >  E1(cm-1)  E2(cm-1)         Re            Im          |prop|
 1 (1/2u+) ->  1 (1/2g-)   12555.14       0.00       0.000000      -1.757863       1.757863
 2 (1/2u+) ->  1 (1/2g-)   12786.57       0.00       0.000000      -1.240428       1.240428

 < 1/2u+ | prop | 1/2u+ >     no allowed transitions

 < 1/2u+ | prop | 1/2u- >     no allowed transitions

 < 1/2u+ | prop | 3/2u+ >     no allowed transitions

 < 1/2u+ | prop | 3/2u- >     no allowed transitions

 < 1/2u- | prop | 1/2g+ >     no allowed transitions

 < 1/2u- | prop | 1/2g- >     no allowed transitions

 < 1/2u- | prop | 1/2u+ >     no allowed transitions

 < 1/2u- | prop | 1/2u- >     no allowed transitions

 < 1/2u- | prop | 3/2u+ >     no allowed transitions

 < 1/2u- | prop | 3/2u- >     no allowed transitions

 < 3/2u+ | prop | 1/2g+ >  E1(cm-1)  E2(cm-1)         Re            Im          |prop|
 1 (3/2u+) ->  1 (1/2g+)   12786.57       0.00       0.000000      -2.148484       2.148484

 < 3/2u+ | prop | 1/2g- >     no allowed transitions

 < 3/2u+ | prop | 1/2u+ >     no allowed transitions

 < 3/2u+ | prop | 1/2u- >     no allowed transitions

 < 3/2u+ | prop | 3/2u+ >     no allowed transitions

 < 3/2u+ | prop | 3/2u- >     no allowed transitions

 < 3/2u- | prop | 1/2g+ >     no allowed transitions

 < 3/2u- | prop | 1/2g- >     no allowed transitions

 < 3/2u- | prop | 1/2u+ >     no allowed transitions

 < 3/2u- | prop | 1/2u- >     no allowed transitions

 < 3/2u- | prop | 3/2u+ >     no allowed transitions

 < 3/2u- | prop | 3/2u- >     no allowed transitions


 **
 ** Direct calculation of property matrix elements
 ** Electronic transitions: 0h1p - 0h1p
 ** MDPROP: XDIPLEN
 ** Operator symmetry: 1u- (irrep 189)
 ** Scheme: hermitian
 ** Order of numerator: quadratic
 ** Order of denominator: quadratic
 **

 real part: zero
 imag part: non-zero antisymmetric
 list of non-zero symmetry blocks:
 1/2g+ - 1/2u-   =>  31g- 1u+ 31u- 
 1/2g+ - 3/2u+   =>  61/2g+ 61/2u+ 30g+ 31g+ 1u- 30u+ 31u+ 
 1/2g- - 1/2u+   =>  1u- 
 1/2g- - 3/2u-   =>  1u+ 
 3/2g+ - 1/2u+   =>  1u+ 
 3/2g+ - 5/2u+   =>  1u- 
 3/2g- - 1/2u-   =>  1u- 
 3/2g- - 5/2u-   =>  1u+ 
 5/2g+ - 3/2u+   =>  1u+ 
 5/2g+ - 7/2u+   =>  1u- 
 5/2g- - 3/2u-   =>  1u- 
 5/2g- - 7/2u-   =>  1u+ 
 7/2g+ - 5/2u+   =>  1u+ 
 7/2g- - 5/2u-   =>  1u- 
 9/2g+ - 7/2u+   =>  1u+ 
 9/2g- - 7/2u-   =>  1u- 
 1/2u+ - 1/2g-   =>  1u+ 
 1/2u+ - 3/2g+   =>  1u- 
 1/2u- - 1/2g+   =>  1u- 
 1/2u- - 3/2g-   =>  1u+ 
 3/2u+ - 1/2g+   =>  1u+ 
 3/2u+ - 5/2g+   =>  1u- 
 3/2u- - 1/2g-   =>  1u- 
 3/2u- - 5/2g-   =>  1u+ 
 5/2u+ - 3/2g+   =>  1u+ 
 5/2u+ - 7/2g+   =>  1u- 
 5/2u- - 3/2g-   =>  1u- 
 5/2u- - 7/2g-   =>  1u+ 
 7/2u+ - 5/2g+   =>  1u+ 
 7/2u+ - 9/2g+   =>  1u- 
 7/2u- - 5/2g-   =>  1u- 
 7/2u- - 9/2g-   =>  1u+ 

 sorting property integrals ...
 construction of the one-body contribution (0h1p) ...
 diagram     time (sec)  max mem (mb)  max mem (gb)
 O1               0.000        482.03          0.47
 L1a              0.000        482.03          0.47
 L1b              0.000        482.03          0.47
 L2a              0.000        482.03          0.47
 L2b              0.000        482.03          0.47
 L3a              0.001        482.03          0.47
 L3b              0.001        482.03          0.47
 Q1a              0.000        482.03          0.47
 Q1b              0.000        482.03          0.47
 Q1c              0.000        482.03          0.47
 Q1d              0.000        482.03          0.47
 Q2a              0.001        482.03          0.47
 Q2b              0.001        482.03          0.47
 Q2c              0.001        482.03          0.47
 Q2d              0.001        482.03          0.47
 Q3a              0.001        482.03          0.47
 Q3b              0.005        482.03          0.47
 Q3c              0.003        482.03          0.47
 Q3d              0.003        482.03          0.47
 Q3e              0.003        482.03          0.47
 Q4a              0.000        482.03          0.47
 Q4b              0.000        482.03          0.47
 Q4c              0.000        482.03          0.47
 Q4d              0.000        482.03          0.47
 Q5a              0.001        482.03          0.47
 Q5b              0.001        482.03          0.47
 Q5c              0.001        482.03          0.47
 Q5d              0.001        482.03          0.47
 Q6a              0.008        482.03          0.47
 Q6b              0.008        482.03          0.47
 Q6c              0.003        482.03          0.47
 Q6d              0.003        482.03          0.47
 Q7               0.000        482.03          0.47
 Q8a              0.002        482.03          0.47
 Q8b              0.002        482.03          0.47
 Q8c              0.002        482.03          0.47
 Q8d              0.002        482.03          0.47
 Q9a              0.008        482.03          0.47
 Q9b              0.009        482.03          0.47
 scalar contribution to property = 0.00000000 0.00000000
 effective property operator diagrams: prop_0h1p 
 construction of the overlap diagram (0h1p) ...
 Q1               0.000        482.03          0.47
 Q2               0.001        482.03          0.47
 Q3               0.000        482.03          0.47
 Q4               0.001        482.03          0.47
 Q5               0.001        482.03          0.47
 Q6               0.005        482.03          0.47
 scalar contribution to overlap = 1.06617341 0.00000000
 overlap diagrams: overlap_0h1p 

 < 1/2g+ | prop | 1/2g+ >     no allowed transitions

 < 1/2g+ | prop | 1/2g- >     no allowed transitions

 < 1/2g+ | prop | 1/2u+ >     no allowed transitions

 < 1/2g+ | prop | 1/2u- >     no allowed transitions

 < 1/2g+ | prop | 3/2u+ >  E1(cm-1)  E2(cm-1)         Re            Im          |prop|
 1 (1/2g+) ->  1 (3/2u+)       0.00   12786.57       0.000000       2.148484       2.148484

 < 1/2g+ | prop | 3/2u- >     no allowed transitions

 < 1/2g- | prop | 1/2g+ >     no allowed transitions

 < 1/2g- | prop | 1/2g- >     no allowed transitions

 < 1/2g- | prop | 1/2u+ >  E1(cm-1)  E2(cm-1)         Re            Im          |prop|
 1 (1/2g-) ->  1 (1/2u+)       0.00   12555.14       0.000000       1.757863       1.757863
 1 (1/2g-) ->  2 (1/2u+)       0.00   12786.57       0.000000       1.240428       1.240428

 < 1/2g- | prop | 1/2u- >     no allowed transitions

 < 1/2g- | prop | 3/2u+ >     no allowed transitions

 < 1/2g- | prop | 3/2u- >     no allowed transitions

 < 1/2u+ | prop | 1/2g+ >     no allowed transitions

 < 1/2u+ | prop | 1/2g- >     no allowed transitions

 < 1/2u+ | prop | 1/2u+ >     no allowed transitions

 < 1/2u+ | prop | 1/2u- >     no allowed transitions

 < 1/2u+ | prop | 3/2u+ >     no allowed transitions

 < 1/2u+ | prop | 3/2u- >     no allowed transitions

 < 1/2u- | prop | 1/2g+ >  E1(cm-1)  E2(cm-1)         Re            Im          |prop|
 1 (1/2u-) ->  1 (1/2g+)   12555.14       0.00       0.000000      -1.757863       1.757863
 2 (1/2u-) ->  1 (1/2g+)   12786.57       0.00       0.000000      -1.240428       1.240428

 < 1/2u- | prop | 1/2g- >     no allowed transitions

 < 1/2u- | prop | 1/2u+ >     no allowed transitions

 < 1/2u- | prop | 1/2u- >     no allowed transitions

 < 1/2u- | prop | 3/2u+ >     no allowed transitions

 < 1/2u- | prop | 3/2u- >     no allowed transitions

 < 3/2u+ | prop | 1/2g+ >     no allowed transitions

 < 3/2u+ | prop | 1/2g- >     no allowed transitions

 < 3/2u+ | prop | 1/2u+ >     no allowed transitions

 < 3/2u+ | prop | 1/2u- >     no allowed transitions

 < 3/2u+ | prop | 3/2u+ >     no allowed transitions

 < 3/2u+ | prop | 3/2u- >     no allowed transitions

 < 3/2u- | prop | 1/2g+ >     no allowed transitions

 < 3/2u- | prop | 1/2g- >  E1(cm-1)  E2(cm-1)         Re            Im          |prop|
 1 (3/2u-) ->  1 (1/2g-)   12786.57       0.00       0.000000      -2.148484       2.148484

 < 3/2u- | prop | 1/2u+ >     no allowed transitions

 < 3/2u- | prop | 1/2u- >     no allowed transitions

 < 3/2u- | prop | 3/2u+ >     no allowed transitions

 < 3/2u- | prop | 3/2u- >     no allowed transitions


 **
 ** Direct calculation of property matrix elements
 ** Electronic transitions: 0h1p - 0h1p
 ** MDPROP: YDIPLEN
 ** Operator symmetry: 1u+ (irrep 188)
 ** Scheme: hermitian
 ** Order of numerator: quadratic
 ** Order of denominator: quadratic
 **

 real part: non-zero symmetric
 imag part: zero
 list of non-zero symmetry blocks:
 1/2g+ - 1/2u-   =>  31g- 1u+ 31u- 
 1/2g+ - 3/2u+   =>  61/2g+ 61/2u+ 30g+ 31g+ 1u- 30u+ 31u+ 
 1/2g- - 1/2u+   =>  1u- 
 1/2g- - 3/2u-   =>  1u+ 
 3/2g+ - 1/2u+   =>  1u+ 
 3/2g+ - 5/2u+   =>  1u- 
 3/2g- - 1/2u-   =>  1u- 
 3/2g- - 5/2u-   =>  1u+ 
 5/2g+ - 3/2u+   =>  1u+ 
 5/2g+ - 7/2u+   =>  1u- 
 5/2g- - 3/2u-   =>  1u- 
 5/2g- - 7/2u-   =>  1u+ 
 7/2g+ - 5/2u+   =>  1u+ 
 7/2g- - 5/2u-   =>  1u- 
 9/2g+ - 7/2u+   =>  1u+ 
 9/2g- - 7/2u-   =>  1u- 
 1/2u+ - 1/2g-   =>  1u+ 
 1/2u+ - 3/2g+   =>  1u- 
 1/2u- - 1/2g+   =>  1u- 
 1/2u- - 3/2g-   =>  1u+ 
 3/2u+ - 1/2g+   =>  1u+ 
 3/2u+ - 5/2g+   =>  1u- 
 3/2u- - 1/2g-   =>  1u- 
 3/2u- - 5/2g-   =>  1u+ 
 5/2u+ - 3/2g+   =>  1u+ 
 5/2u+ - 7/2g+   =>  1u- 
 5/2u- - 3/2g-   =>  1u- 
 5/2u- - 7/2g-   =>  1u+ 
 7/2u+ - 5/2g+   =>  1u+ 
 7/2u+ - 9/2g+   =>  1u- 
 7/2u- - 5/2g-   =>  1u- 
 7/2u- - 9/2g-   =>  1u+ 

 sorting property integrals ...
 construction of the one-body contribution (0h1p) ...
 diagram     time (sec)  max mem (mb)  max mem (gb)
 O1               0.000        482.03          0.47
 L1a              0.000        482.03          0.47
 L1b              0.000        482.03          0.47
 L2a              0.000        482.03          0.47
 L2b              0.000        482.03          0.47
 L3a              0.001        482.03          0.47
 L3b              0.001        482.03          0.47
 Q1a              0.000        482.03          0.47
 Q1b              0.000        482.03          0.47
 Q1c              0.000        482.03          0.47
 Q1d              0.000        482.03          0.47
 Q2a              0.001        482.03          0.47
 Q2b              0.001        482.03          0.47
 Q2c              0.001        482.03          0.47
 Q2d              0.001        482.03          0.47
 Q3a              0.001        482.03          0.47
 Q3b              0.005        482.03          0.47
 Q3c              0.003        482.03          0.47
 Q3d              0.003        482.03          0.47
 Q3e              0.003        482.03          0.47
 Q4a              0.000        482.03          0.47
 Q4b              0.000        482.03          0.47
 Q4c              0.000        482.03          0.47
 Q4d              0.000        482.03          0.47
 Q5a              0.001        482.03          0.47
 Q5b              0.001        482.03          0.47
 Q5c              0.001        482.03          0.47
 Q5d              0.001        482.03          0.47
 Q6a              0.008        482.03          0.47
 Q6b              0.008        482.03          0.47
 Q6c              0.003        482.03          0.47
 Q6d              0.003        482.03          0.47
 Q7               0.000        482.03          0.47
 Q8a              0.002        482.03          0.47
 Q8b              0.002        482.03          0.47
 Q8c              0.002        482.03          0.47
 Q8d              0.002        482.03          0.47
 Q9a              0.008        482.03          0.47
 Q9b              0.008        482.03          0.47
 scalar contribution to property = 0.00000000 0.00000000
 effective property operator diagrams: prop_0h1p 
 construction of the overlap diagram (0h1p) ...
 Q1               0.000        482.03          0.47
 Q2               0.001        482.03          0.47
 Q3               0.000        482.03          0.47
 Q4               0.001        482.03          0.47
 Q5               0.001        482.03          0.47
 Q6               0.005        482.03          0.47
 scalar contribution to overlap = 1.06617341 0.00000000
 overlap diagrams: overlap_0h1p 

 < 1/2g+ | prop | 1/2g+ >     no allowed transitions

 < 1/2g+ | prop | 1/2g- >     no allowed transitions

 < 1/2g+ | prop | 1/2u+ >     no allowed transitions

 < 1/2g+ | prop | 1/2u- >  E1(cm-1)  E2(cm-1)         Re            Im          |prop|
 1 (1/2g+) ->  1 (1/2u-)       0.00   12555.14      -1.757863       0.000000       1.757863
 1 (1/2g+) ->  2 (1/2u-)       0.00   12786.57      -1.240428       0.000000       1.240428

 < 1/2g+ | prop | 3/2u+ >     no allowed transitions

 < 1/2g+ | prop | 3/2u- >     no allowed transitions

 < 1/2g- | prop | 1/2g+ >     no allowed transitions

 < 1/2g- | prop | 1/2g- >     no allowed transitions

 < 1/2g- | prop | 1/2u+ >     no allowed transitions

 < 1/2g- | prop | 1/2u- >     no allowed transitions

 < 1/2g- | prop | 3/2u+ >     no allowed transitions

 < 1/2g- | prop | 3/2u- >  E1(cm-1)  E2(cm-1)         Re            Im          |prop|
 1 (1/2g-) ->  1 (3/2u-)       0.00   12786.57      -2.148484       0.000000       2.148484

 < 1/2u+ | prop | 1/2g+ >     no allowed transitions

 < 1/2u+ | prop | 1/2g- >  E1(cm-1)  E2(cm-1)         Re            Im          |prop|
 1 (1/2u+) ->  1 (1/2g-)   12555.14       0.00       1.757863       0.000000       1.757863
 2 (1/2u+) ->  1 (1/2g-)   12786.57       0.00       1.240428       0.000000       1.240428

 < 1/2u+ | prop | 1/2u+ >     no allowed transitions

 < 1/2u+ | prop | 1/2u- >     no allowed transitions

 < 1/2u+ | prop | 3/2u+ >     no allowed transitions

 < 1/2u+ | prop | 3/2u- >     no allowed transitions

 < 1/2u- | prop | 1/2g+ >     no allowed transitions

 < 1/2u- | prop | 1/2g- >     no allowed transitions

 < 1/2u- | prop | 1/2u+ >     no allowed transitions

 < 1/2u- | prop | 1/2u- >     no allowed transitions

 < 1/2u- | prop | 3/2u+ >     no allowed transitions

 < 1/2u- | prop | 3/2u- >     no allowed transitions

 < 3/2u+ | prop | 1/2g+ >  E1(cm-1)  E2(cm-1)         Re            Im          |prop|
 1 (3/2u+) ->  1 (1/2g+)   12786.57       0.00       2.148484       0.000000       2.148484

 < 3/2u+ | prop | 1/2g- >     no allowed transitions

 < 3/2u+ | prop | 1/2u+ >     no allowed transitions

 < 3/2u+ | prop | 1/2u- >     no allowed transitions

 < 3/2u+ | prop | 3/2u+ >     no allowed transitions

 < 3/2u+ | prop | 3/2u- >     no allowed transitions

 < 3/2u- | prop | 1/2g+ >     no allowed transitions

 < 3/2u- | prop | 1/2g- >     no allowed transitions

 < 3/2u- | prop | 1/2u+ >     no allowed transitions

 < 3/2u- | prop | 1/2u- >     no allowed transitions

 < 3/2u- | prop | 3/2u+ >     no allowed transitions

 < 3/2u- | prop | 3/2u- >     no allowed transitions


 **
 ** Direct calculation of property matrix elements
 ** Electronic transitions: 0h1p - 0h1p
 ** MDPROP: YDIPLEN
 ** Operator symmetry: 1u- (irrep 189)
 ** Scheme: hermitian
 ** Order of numerator: quadratic
 ** Order of denominator: quadratic
 **

 real part: non-zero symmetric
 imag part: zero
 list of non-zero symmetry blocks:
 1/2g+ - 1/2u-   =>  31g- 1u+ 31u- 
 1/2g+ - 3/2u+   =>  61/2g+ 61/2u+ 30g+ 31g+ 1u- 30u+ 31u+ 
 1/2g- - 1/2u+   =>  1u- 
 1/2g- - 3/2u-   =>  1u+ 
 3/2g+ - 1/2u+   =>  1u+ 
 3/2g+ - 5/2u+   =>  1u- 
 3/2g- - 1/2u-   =>  1u- 
 3/2g- - 5/2u-   =>  1u+ 
 5/2g+ - 3/2u+   =>  1u+ 
 5/2g+ - 7/2u+   =>  1u- 
 5/2g- - 3/2u-   =>  1u- 
 5/2g- - 7/2u-   =>  1u+ 
 7/2g+ - 5/2u+   =>  1u+ 
 7/2g- - 5/2u-   =>  1u- 
 9/2g+ - 7/2u+   =>  1u+ 
 9/2g- - 7/2u-   =>  1u- 
 1/2u+ - 1/2g-   =>  1u+ 
 1/2u+ - 3/2g+   =>  1u- 
 1/2u- - 1/2g+   =>  1u- 
 1/2u- - 3/2g-   =>  1u+ 
 3/2u+ - 1/2g+   =>  1u+ 
 3/2u+ - 5/2g+   =>  1u- 
 3/2u- - 1/2g-   =>  1u- 
 3/2u- - 5/2g-   =>  1u+ 
 5/2u+ - 3/2g+   =>  1u+ 
 5/2u+ - 7/2g+   =>  1u- 
 5/2u- - 3/2g-   =>  1u- 
 5/2u- - 7/2g-   =>  1u+ 
 7/2u+ - 5/2g+   =>  1u+ 
 7/2u+ - 9/2g+   =>  1u- 
 7/2u- - 5/2g-   =>  1u- 
 7/2u- - 9/2g-   =>  1u+ 

 sorting property integrals ...
 construction of the one-body contribution (0h1p) ...
 diagram     time (sec)  max mem (mb)  max mem (gb)
 O1               0.000        482.03          0.47
 L1a              0.000        482.03          0.47
 L1b              0.000        482.03          0.47
 L2a              0.000        482.03          0.47
 L2b              0.000        482.03          0.47
 L3a              0.001        482.03          0.47
 L3b              0.001        482.03          0.47
 Q1a              0.000        482.03          0.47
 Q1b              0.000        482.03          0.47
 Q1c              0.000        482.03          0.47
 Q1d              0.000        482.03          0.47
 Q2a              0.001        482.03          0.47
 Q2b              0.001        482.03          0.47
 Q2c              0.001        482.03          0.47
 Q2d              0.001        482.03          0.47
 Q3a              0.001        482.03          0.47
 Q3b              0.005        482.03          0.47
 Q3c              0.003        482.03          0.47
 Q3d              0.003        482.03          0.47
 Q3e              0.003        482.03          0.47
 Q4a              0.000        482.03          0.47
 Q4b              0.000        482.03          0.47
 Q4c              0.000        482.03          0.47
 Q4d              0.000        482.03          0.47
 Q5a              0.001        482.03          0.47
 Q5b              0.001        482.03          0.47
 Q5c              0.001        482.03          0.47
 Q5d              0.001        482.03          0.47
 Q6a              0.008        482.03          0.47
 Q6b              0.008        482.03          0.47
 Q6c              0.003        482.03          0.47
 Q6d              0.003        482.03          0.47
 Q7               0.000        482.03          0.47
 Q8a              0.002        482.03          0.47
 Q8b              0.002        482.03          0.47
 Q8c              0.002        482.03          0.47
 Q8d              0.002        482.03          0.47
 Q9a              0.008        482.03          0.47
 Q9b              0.008        482.03          0.47
 scalar contribution to property = 0.00000000 0.00000000
 effective property operator diagrams: prop_0h1p 
 construction of the overlap diagram (0h1p) ...
 Q1               0.000        482.03          0.47
 Q2               0.001        482.03          0.47
 Q3               0.000        482.03          0.47
 Q4               0.001        482.03          0.47
 Q5               0.001        482.03          0.47
 Q6               0.005        482.03          0.47
 scalar contribution to overlap = 1.06617341 0.00000000
 overlap diagrams: overlap_0h1p 

 < 1/2g+ | prop | 1/2g+ >     no allowed transitions

 < 1/2g+ | prop | 1/2g- >     no allowed transitions

 < 1/2g+ | prop | 1/2u+ >     no allowed transitions

 < 1/2g+ | prop | 1/2u- >     no allowed transitions

 < 1/2g+ | prop | 3/2u+ >  E1(cm-1)  E2(cm-1)         Re            Im          |prop|
 1 (1/2g+) ->  1 (3/2u+)       0.00   12786.57       2.148484       0.000000       2.148484

 < 1/2g+ | prop | 3/2u- >     no allowed transitions

 < 1/2g- | prop | 1/2g+ >     no allowed transitions

 < 1/2g- | prop | 1/2g- >     no allowed transitions

 < 1/2g- | prop | 1/2u+ >  E1(cm-1)  E2(cm-1)         Re            Im          |prop|
 1 (1/2g-) ->  1 (1/2u+)       0.00   12555.14       1.757863       0.000000       1.757863
 1 (1/2g-) ->  2 (1/2u+)       0.00   12786.57       1.240428       0.000000       1.240428

 < 1/2g- | prop | 1/2u- >     no allowed transitions

 < 1/2g- | prop | 3/2u+ >     no allowed transitions

 < 1/2g- | prop | 3/2u- >     no allowed transitions

 < 1/2u+ | prop | 1/2g+ >     no allowed transitions

 < 1/2u+ | prop | 1/2g- >     no allowed transitions

 < 1/2u+ | prop | 1/2u+ >     no allowed transitions

 < 1/2u+ | prop | 1/2u- >     no allowed transitions

 < 1/2u+ | prop | 3/2u+ >     no allowed transitions

 < 1/2u+ | prop | 3/2u- >     no allowed transitions

 < 1/2u- | prop | 1/2g+ >  E1(cm-1)  E2(cm-1)         Re            Im          |prop|
 1 (1/2u-) ->  1 (1/2g+)   12555.14       0.00      -1.757863       0.000000       1.757863
 2 (1/2u-) ->  1 (1/2g+)   12786.57       0.00      -1.240428       0.000000       1.240428

 < 1/2u- | prop | 1/2g- >     no allowed transitions

 < 1/2u- | prop | 1/2u+ >     no allowed transitions

 < 1/2u- | prop | 1/2u- >     no allowed transitions

 < 1/2u- | prop | 3/2u+ >     no allowed transitions

 < 1/2u- | prop | 3/2u- >     no allowed transitions

 < 3/2u+ | prop | 1/2g+ >     no allowed transitions

 < 3/2u+ | prop | 1/2g- >     no allowed transitions

 < 3/2u+ | prop | 1/2u+ >     no allowed transitions

 < 3/2u+ | prop | 1/2u- >     no allowed transitions

 < 3/2u+ | prop | 3/2u+ >     no allowed transitions

 < 3/2u+ | prop | 3/2u- >     no allowed transitions

 < 3/2u- | prop | 1/2g+ >     no allowed transitions

 < 3/2u- | prop | 1/2g- >  E1(cm-1)  E2(cm-1)         Re            Im          |prop|
 1 (3/2u-) ->  1 (1/2g-)   12786.57       0.00      -2.148484       0.000000       2.148484

 < 3/2u- | prop | 1/2u+ >     no allowed transitions

 < 3/2u- | prop | 1/2u- >     no allowed transitions

 < 3/2u- | prop | 3/2u+ >     no allowed transitions

 < 3/2u- | prop | 3/2u- >     no allowed transitions


 **
 ** Direct calculation of property matrix elements
 ** Electronic transitions: 0h1p - 0h1p
 ** MDPROP: ZDIPLEN
 ** Operator symmetry: 0u (irrep 187)
 ** Scheme: hermitian
 ** Order of numerator: quadratic
 ** Order of denominator: quadratic
 **

 real part: zero
 imag part: non-zero antisymmetric
 list of non-zero symmetry blocks:
 1/2g+ - 1/2u+   =>  31g+ 0u 31u+ 
 1/2g- - 1/2u-   =>  0u 
 3/2g+ - 3/2u+   =>  0u 
 3/2g- - 3/2u-   =>  0u 
 5/2g+ - 5/2u+   =>  0u 
 5/2g- - 5/2u-   =>  0u 
 7/2g+ - 7/2u+   =>  0u 
 7/2g- - 7/2u-   =>  0u 
 1/2u+ - 1/2g+   =>  0u 
 1/2u- - 1/2g-   =>  0u 
 3/2u+ - 3/2g+   =>  0u 
 3/2u- - 3/2g-   =>  0u 
 5/2u+ - 5/2g+   =>  0u 
 5/2u- - 5/2g-   =>  0u 
 7/2u+ - 7/2g+   =>  0u 
 7/2u- - 7/2g-   =>  0u 

 sorting property integrals ...
 construction of the one-body contribution (0h1p) ...
 diagram     time (sec)  max mem (mb)  max mem (gb)
 O1               0.000        482.03          0.47
 L1a              0.000        482.03          0.47
 L1b              0.000        482.03          0.47
 L2a              0.000        482.03          0.47
 L2b              0.000        482.03          0.47
 L3a              0.001        482.03          0.47
 L3b              0.001        482.03          0.47
 Q1a              0.000        482.03          0.47
 Q1b              0.000        482.03          0.47
 Q1c              0.000        482.03          0.47
 Q1d              0.000        482.03          0.47
 Q2a              0.001        482.03          0.47
 Q2b              0.001        482.03          0.47
 Q2c              0.001        482.03          0.47
 Q2d              0.001        482.03          0.47
 Q3a              0.001        482.03          0.47
 Q3b              0.005        482.03          0.47
 Q3c              0.003        482.03          0.47
 Q3d              0.003        482.03          0.47
 Q3e              0.003        482.03          0.47
 Q4a              0.000        482.03          0.47
 Q4b              0.000        482.03          0.47
 Q4c              0.000        482.03          0.47
 Q4d              0.000        482.03          0.47
 Q5a              0.001        482.03          0.47
 Q5b              0.001        482.03          0.47
 Q5c              0.001        482.03          0.47
 Q5d              0.001        482.03          0.47
 Q6a              0.008        482.03          0.47
 Q6b              0.008        482.03          0.47
 Q6c              0.003        482.03          0.47
 Q6d              0.003        482.03          0.47
 Q7               0.000        482.03          0.47
 Q8a              0.002        482.03          0.47
 Q8b              0.002        482.03          0.47
 Q8c              0.002        482.03          0.47
 Q8d              0.002        482.03          0.47
 Q9a              0.009        482.03          0.47
 Q9b              0.009        482.03          0.47
 scalar contribution to property = 0.00000000 0.00000000
 effective property operator diagrams: prop_0h1p 
 construction of the overlap diagram (0h1p) ...
 Q1               0.000        482.03          0.47
 Q2               0.001        482.03          0.47
 Q3               0.000        482.03          0.47
 Q4               0.001        482.03          0.47
 Q5               0.001        482.03          0.47
 Q6               0.005        482.03          0.47
 scalar contribution to overlap = 1.06617341 0.00000000
 overlap diagrams: overlap_0h1p 

 < 1/2g+ | prop | 1/2g+ >     no allowed transitions

 < 1/2g+ | prop | 1/2g- >     no allowed transitions

 < 1/2g+ | prop | 1/2u+ >  E1(cm-1)  E2(cm-1)         Re            Im          |prop|
 1 (1/2g+) ->  1 (1/2u+)       0.00   12555.14       0.000000       1.757863       1.757863
 1 (1/2g+) ->  2 (1/2u+)       0.00   12786.57       0.000000      -2.480855       2.480855

 < 1/2g+ | prop | 1/2u- >     no allowed transitions

 < 1/2g+ | prop | 3/2u+ >     no allowed transitions

 < 1/2g+ | prop | 3/2u- >     no allowed transitions

 < 1/2g- | prop | 1/2g+ >     no allowed transitions

 < 1/2g- | prop | 1/2g- >     no allowed transitions

 < 1/2g- | prop | 1/2u+ >     no allowed transitions

 < 1/2g- | prop | 1/2u- >  E1(cm-1)  E2(cm-1)         Re            Im          |prop|
 1 (1/2g-) ->  1 (1/2u-)       0.00   12555.14       0.000000      -1.757863       1.757863
 1 (1/2g-) ->  2 (1/2u-)       0.00   12786.57       0.000000       2.480855       2.480855

 < 1/2g- | prop | 3/2u+ >     no allowed transitions

 < 1/2g- | prop | 3/2u- >     no allowed transitions

 < 1/2u+ | prop | 1/2g+ >  E1(cm-1)  E2(cm-1)         Re            Im          |prop|
 1 (1/2u+) ->  1 (1/2g+)   12555.14       0.00       0.000000      -1.757863       1.757863
 2 (1/2u+) ->  1 (1/2g+)   12786.57       0.00       0.000000       2.480855       2.480855

 < 1/2u+ | prop | 1/2g- >     no allowed transitions

 < 1/2u+ | prop | 1/2u+ >     no allowed transitions

 < 1/2u+ | prop | 1/2u- >     no allowed transitions

 < 1/2u+ | prop | 3/2u+ >     no allowed transitions

 < 1/2u+ | prop | 3/2u- >     no allowed transitions

 < 1/2u- | prop | 1/2g+ >     no allowed transitions

 < 1/2u- | prop | 1/2g- >  E1(cm-1)  E2(cm-1)         Re            Im          |prop|
 1 (1/2u-) ->  1 (1/2g-)   12555.14       0.00       0.000000       1.757863       1.757863
 2 (1/2u-) ->  1 (1/2g-)   12786.57       0.00       0.000000      -2.480855       2.480855

 < 1/2u- | prop | 1/2u+ >     no allowed transitions

 < 1/2u- | prop | 1/2u- >     no allowed transitions

 < 1/2u- | prop | 3/2u+ >     no allowed transitions

 < 1/2u- | prop | 3/2u- >     no allowed transitions

 < 3/2u+ | prop | 1/2g+ >     no allowed transitions

 < 3/2u+ | prop | 1/2g- >     no allowed transitions

 < 3/2u+ | prop | 1/2u+ >     no allowed transitions

 < 3/2u+ | prop | 1/2u- >     no allowed transitions

 < 3/2u+ | prop | 3/2u+ >     no allowed transitions

 < 3/2u+ | prop | 3/2u- >     no allowed transitions

 < 3/2u- | prop | 1/2g+ >     no allowed transitions

 < 3/2u- | prop | 1/2g- >     no allowed transitions

 < 3/2u- | prop | 1/2u+ >     no allowed transitions

 < 3/2u- | prop | 1/2u- >     no allowed transitions

 < 3/2u- | prop | 3/2u+ >     no allowed transitions

 < 3/2u- | prop | 3/2u- >     no allowed transitions


 time for (sec):
 -------------------------------------------------------
  Total time of execution                         5.536
  Diagram contraction (mult) for <PP||PP>         1.359
  DIRAC interface (MRCONEE/MDCINT)                0.340
  Diagram template constr (tmplt)                 0.099
  Sorting of integrals                            0.017
  Multidim transposition (reorder)                0.798
  0h0p -- Singles equations (T1)                  0.073
  Diagram contraction (mult)                      2.652
  mult M <- M x M                                 2.421
  mult M <- D x M                                 0.000
  Diagram addition (update)                       0.009
  0h0p -- Doubles equations (T2)                  1.225
  Permutation operators                           0.128
  Energy denominators (diveps)                    0.002
  DIIS extrapolation                              0.000
  Constant part of 0h1p amplitudes                0.196
  Prediction of intruder states                   0.002
  Extraction of a closed part                     0.000
 -------------------------------------------------------


 memory in usage  = 368046072 bytes = 351.0 Mb = 0.34 Gb
 max memory usage = 505449216 bytes = 482.0 Mb = 0.47 Gb
 Disk I/O:
   files created: 14   files removed: 0
   read         180295200 bytes = 0.168 Gb
   write          4747800 bytes = 0.004 Gb

 EXP-T terminated normally at Sun May 28 18:23:24 2023
 Total run time: 0 days 0 hours 0 minutes 5 seconds 536 milliseconds
