wick v1.1
by a. oleynichenko
run date:  15/09/2022 08:31:13

echo of input file:
----------------------------------------------------------
#
# Heff operator matrix elements for the Fock-space sector 1h1p
#

holes i j k l
particles a b c d
any p q r s t u

operator bra 1.0 { i+ a }
operator ket 1.0 { b+ j }
operator heff1 1.0 { p+ q }
operator heff2 0.5 { p+ q+ s r }
operator heff3 1.0 { p+ q+ r+ u t s }

? bra heff1 ket
? bra heff2 ket

----------------------------------------------------------

hole indices are:  ['l', 'j', 'i', 'k']
particle indices are:  ['d', 'c', 'b', 'a']
any indices are:  ['s', 'r', 't', 'q', 'p', 'u']



----------------------------------------------------------
Begin task:  ['bra', 'heff1', 'ket']
----------------------------------------------------------

Matrix element expression: <0|{i+ a }1.0 heff1 {p+ q }{b+ j }|0>
Elementary operators string:  [i+, a, p+, q, b+, j]


Possible non-zero contractions:
-------------------------------

( 0)   i+ a  p+ q  b+ j  
       1  2  3  1  2  3   

( 1)   i+ a  p+ q  b+ j  
       1  2  2  3  3  1   

-------------------------------
Total number of possible contractions:  2 


Expression for matrix element:
------------------------------
-1.0 heff1 [ p q ] d_iq d_ab d_jp => -1.0 heff1 [ j i ] d_ab
+1.0 heff1 [ p q ] d_ij d_ap d_bq => +1.0 heff1 [ a b ] d_ij
------------------------------

Optimization of analytic expression
-----------------------------------
Terms:
(0) - 1.0 heff1 [ j i ] d_ab
(1) + 1.0 heff1 [ a b ] d_ij

Terms unique wrt permutations of electrons:
(0) - 1.0 heff1 [ j i ] d_ab
(1) + 1.0 heff1 [ a b ] d_ij




----------------------------------------------------------
Begin task:  ['bra', 'heff2', 'ket']
----------------------------------------------------------

Matrix element expression: <0|{i+ a }0.5 heff2 {p+ q+ s r }{b+ j }|0>
Elementary operators string:  [i+, a, p+, q+, s, r, b+, j]


Possible non-zero contractions:
-------------------------------

( 0)   i+ a  p+ q+ s  r  b+ j  
       1  2  2  3  1  4  4  3   

( 1)   i+ a  p+ q+ s  r  b+ j  
       1  2  3  2  1  4  4  3   

( 2)   i+ a  p+ q+ s  r  b+ j  
       1  2  2  3  4  1  4  3   

( 3)   i+ a  p+ q+ s  r  b+ j  
       1  2  3  2  4  1  4  3   

-------------------------------
Total number of possible contractions:  4 


Expression for matrix element:
------------------------------
-0.5 heff2 [ p q r s ] d_is d_ap d_jq d_br => -0.5 heff2 [ a j b i ]
+0.5 heff2 [ p q r s ] d_is d_aq d_jp d_br => +0.5 heff2 [ j a b i ]
+0.5 heff2 [ p q r s ] d_ir d_ap d_jq d_bs => +0.5 heff2 [ a j i b ]
-0.5 heff2 [ p q r s ] d_ir d_aq d_jp d_bs => -0.5 heff2 [ j a i b ]
------------------------------

Optimization of analytic expression
-----------------------------------
Terms:
(0) - 0.5 heff2 [ a j b i ]
(1) + 0.5 heff2 [ j a b i ]
(2) + 0.5 heff2 [ a j i b ]
(3) - 0.5 heff2 [ j a i b ]

Terms unique wrt permutations of electrons:
(0) - 1.0 heff2 [ a j b i ]
(1) + 1.0 heff2 [ j a b i ]

