wick v1.1
by a. oleynichenko
run date:  15/09/2022 08:34:19

echo of input file:
----------------------------------------------------------
#
# Matrix elements between determinants from two different
# Fock space sectors, 1h2p and 0h1p
#

holes i j k
particles a b c d e f
any p q r s t u

operator bra 1.0 { i+ b a }
operator ket 1.0 { c+ }
operator heff1 1.0 { p+ q }
operator heff2 0.5 { p+ q+ s r }
operator heff3 1.0 { p+ q+ r+ u t s }

? bra heff1 ket

----------------------------------------------------------

hole indices are:  ['k', 'j', 'i']
particle indices are:  ['c', 'f', 'b', 'd', 'e', 'a']
any indices are:  ['p', 's', 'q', 'r', 'u', 't']



----------------------------------------------------------
Begin task:  ['bra', 'heff1', 'ket']
----------------------------------------------------------

Matrix element expression: <0|{i+ b a }1.0 heff1 {p+ q }{c+ }|0>
Elementary operators string:  [i+, b, a, p+, q, c+]


Possible non-zero contractions:
-------------------------------

( 0)   i+ b  a  p+ q  c+ 
       1  2  3  2  1  3   

( 1)   i+ b  a  p+ q  c+ 
       1  2  3  3  1  2   

-------------------------------
Total number of possible contractions:  2 


Expression for matrix element:
------------------------------
+1.0 heff1 [ p q ] d_iq d_bp d_ac => +1.0 heff1 [ b i ] d_ac
-1.0 heff1 [ p q ] d_iq d_bc d_ap => -1.0 heff1 [ a i ] d_bc
------------------------------

Optimization of analytic expression
-----------------------------------
Terms:
(0) + 1.0 heff1 [ b i ] d_ac
(1) - 1.0 heff1 [ a i ] d_bc

Terms unique wrt permutations of electrons:
(0) + 1.0 heff1 [ b i ] d_ac
(1) - 1.0 heff1 [ a i ] d_bc

