wick v1.1
by a. oleynichenko
run date:  10/06/2023 23:32:32

echo of input file:
----------------------------------------------------------
#
# Heff operator matrix elements for the Fock-space sector 2h1p
#

holes i j k l
particles a b c d e f
any p q r s t u

operator bra 1.0 { j+ i+ a }
operator ket 1.0 { b+ k l }
operator heff1 1.0 { p+ q }
operator heff2 0.5 { p+ q+ s r }
operator heff3 1.0 { p+ q+ r+ u t s }

? bra heff1 ket
? bra heff2 ket
? bra heff3 ket

----------------------------------------------------------

hole indices are:  ['l', 'j', 'i', 'k']
particle indices are:  ['c', 'e', 'f', 'd', 'b', 'a']
any indices are:  ['u', 'p', 't', 'r', 's', 'q']



----------------------------------------------------------
Begin task:  ['bra', 'heff1', 'ket']
----------------------------------------------------------

Matrix element expression: <0|{j+ i+ a }1.0 heff1 {p+ q }{b+ k l }|0>
Elementary operators string:  [j+, i+, a, p+, q, b+, k, l]


Possible non-zero contractions:
-------------------------------

( 0)   j+ i+ a  p+ q  b+ k  l  
       1  2  3  4  1  3  2  4   

( 1)   j+ i+ a  p+ q  b+ k  l  
       1  2  3  4  1  3  4  2   

( 2)   j+ i+ a  p+ q  b+ k  l  
       1  2  3  4  2  3  1  4   

( 3)   j+ i+ a  p+ q  b+ k  l  
       1  2  3  3  4  4  1  2   

( 4)   j+ i+ a  p+ q  b+ k  l  
       1  2  3  4  2  3  4  1   

( 5)   j+ i+ a  p+ q  b+ k  l  
       1  2  3  3  4  4  2  1   

-------------------------------
Total number of possible contractions:  6 


Expression for matrix element:
------------------------------
-1.0 heff1 [ p q ] d_jq d_ik d_ab d_lp => -1.0 heff1 [ l j ] d_ik d_ab
+1.0 heff1 [ p q ] d_jq d_il d_ab d_kp => +1.0 heff1 [ k j ] d_il d_ab
+1.0 heff1 [ p q ] d_jk d_iq d_ab d_lp => +1.0 heff1 [ l i ] d_jk d_ab
-1.0 heff1 [ p q ] d_jk d_il d_ap d_bq => -1.0 heff1 [ a b ] d_jk d_il
-1.0 heff1 [ p q ] d_jl d_iq d_ab d_kp => -1.0 heff1 [ k i ] d_jl d_ab
+1.0 heff1 [ p q ] d_jl d_ik d_ap d_bq => +1.0 heff1 [ a b ] d_jl d_ik
------------------------------

Optimization of analytic expression
-----------------------------------
Terms:
(0) - 1.0 heff1 [ l j ] d_ik d_ab
(1) + 1.0 heff1 [ k j ] d_il d_ab
(2) + 1.0 heff1 [ l i ] d_jk d_ab
(3) - 1.0 heff1 [ a b ] d_jk d_il
(4) - 1.0 heff1 [ k i ] d_jl d_ab
(5) + 1.0 heff1 [ a b ] d_jl d_ik

Terms unique wrt permutations of electrons:
(0) - 1.0 heff1 [ l j ] d_ik d_ab
(1) + 1.0 heff1 [ k j ] d_il d_ab
(2) + 1.0 heff1 [ l i ] d_jk d_ab
(3) - 1.0 heff1 [ a b ] d_jk d_il
(4) - 1.0 heff1 [ k i ] d_jl d_ab
(5) + 1.0 heff1 [ a b ] d_jl d_ik




----------------------------------------------------------
Begin task:  ['bra', 'heff2', 'ket']
----------------------------------------------------------

Matrix element expression: <0|{j+ i+ a }0.5 heff2 {p+ q+ s r }{b+ k l }|0>
Elementary operators string:  [j+, i+, a, p+, q+, s, r, b+, k, l]


Possible non-zero contractions:
-------------------------------

( 0)   j+ i+ a  p+ q+ s  r  b+ k  l  
       1  2  3  4  5  1  2  3  4  5   

( 1)   j+ i+ a  p+ q+ s  r  b+ k  l  
       1  2  3  4  5  1  2  3  5  4   

( 2)   j+ i+ a  p+ q+ s  r  b+ k  l  
       1  2  3  3  4  1  5  5  2  4   

( 3)   j+ i+ a  p+ q+ s  r  b+ k  l  
       1  2  3  4  3  1  5  5  2  4   

( 4)   j+ i+ a  p+ q+ s  r  b+ k  l  
       1  2  3  3  4  1  5  5  4  2   

( 5)   j+ i+ a  p+ q+ s  r  b+ k  l  
       1  2  3  4  3  1  5  5  4  2   

( 6)   j+ i+ a  p+ q+ s  r  b+ k  l  
       1  2  3  4  5  2  1  3  4  5   

( 7)   j+ i+ a  p+ q+ s  r  b+ k  l  
       1  2  3  4  5  2  1  3  5  4   

( 8)   j+ i+ a  p+ q+ s  r  b+ k  l  
       1  2  3  3  4  5  1  5  2  4   

( 9)   j+ i+ a  p+ q+ s  r  b+ k  l  
       1  2  3  4  3  5  1  5  2  4   

(10)   j+ i+ a  p+ q+ s  r  b+ k  l  
       1  2  3  3  4  5  1  5  4  2   

(11)   j+ i+ a  p+ q+ s  r  b+ k  l  
       1  2  3  4  3  5  1  5  4  2   

(12)   j+ i+ a  p+ q+ s  r  b+ k  l  
       1  2  3  3  4  2  5  5  1  4   

(13)   j+ i+ a  p+ q+ s  r  b+ k  l  
       1  2  3  4  3  2  5  5  1  4   

(14)   j+ i+ a  p+ q+ s  r  b+ k  l  
       1  2  3  3  4  5  2  5  1  4   

(15)   j+ i+ a  p+ q+ s  r  b+ k  l  
       1  2  3  4  3  5  2  5  1  4   

(16)   j+ i+ a  p+ q+ s  r  b+ k  l  
       1  2  3  3  4  2  5  5  4  1   

(17)   j+ i+ a  p+ q+ s  r  b+ k  l  
       1  2  3  4  3  2  5  5  4  1   

(18)   j+ i+ a  p+ q+ s  r  b+ k  l  
       1  2  3  3  4  5  2  5  4  1   

(19)   j+ i+ a  p+ q+ s  r  b+ k  l  
       1  2  3  4  3  5  2  5  4  1   

-------------------------------
Total number of possible contractions:  20 


Expression for matrix element:
------------------------------
+0.5 heff2 [ p q r s ] d_js d_ir d_ab d_kp d_lq => +0.5 heff2 [ k l i j ] d_ab
-0.5 heff2 [ p q r s ] d_js d_ir d_ab d_lp d_kq => -0.5 heff2 [ l k i j ] d_ab
-0.5 heff2 [ p q r s ] d_js d_ik d_ap d_lq d_br => -0.5 heff2 [ a l b j ] d_ik
+0.5 heff2 [ p q r s ] d_js d_ik d_aq d_lp d_br => +0.5 heff2 [ l a b j ] d_ik
+0.5 heff2 [ p q r s ] d_js d_il d_ap d_kq d_br => +0.5 heff2 [ a k b j ] d_il
-0.5 heff2 [ p q r s ] d_js d_il d_aq d_kp d_br => -0.5 heff2 [ k a b j ] d_il
-0.5 heff2 [ p q r s ] d_jr d_is d_ab d_kp d_lq => -0.5 heff2 [ k l j i ] d_ab
+0.5 heff2 [ p q r s ] d_jr d_is d_ab d_lp d_kq => +0.5 heff2 [ l k j i ] d_ab
+0.5 heff2 [ p q r s ] d_jr d_ik d_ap d_lq d_bs => +0.5 heff2 [ a l j b ] d_ik
-0.5 heff2 [ p q r s ] d_jr d_ik d_aq d_lp d_bs => -0.5 heff2 [ l a j b ] d_ik
-0.5 heff2 [ p q r s ] d_jr d_il d_ap d_kq d_bs => -0.5 heff2 [ a k j b ] d_il
+0.5 heff2 [ p q r s ] d_jr d_il d_aq d_kp d_bs => +0.5 heff2 [ k a j b ] d_il
+0.5 heff2 [ p q r s ] d_jk d_is d_ap d_lq d_br => +0.5 heff2 [ a l b i ] d_jk
-0.5 heff2 [ p q r s ] d_jk d_is d_aq d_lp d_br => -0.5 heff2 [ l a b i ] d_jk
-0.5 heff2 [ p q r s ] d_jk d_ir d_ap d_lq d_bs => -0.5 heff2 [ a l i b ] d_jk
+0.5 heff2 [ p q r s ] d_jk d_ir d_aq d_lp d_bs => +0.5 heff2 [ l a i b ] d_jk
-0.5 heff2 [ p q r s ] d_jl d_is d_ap d_kq d_br => -0.5 heff2 [ a k b i ] d_jl
+0.5 heff2 [ p q r s ] d_jl d_is d_aq d_kp d_br => +0.5 heff2 [ k a b i ] d_jl
+0.5 heff2 [ p q r s ] d_jl d_ir d_ap d_kq d_bs => +0.5 heff2 [ a k i b ] d_jl
-0.5 heff2 [ p q r s ] d_jl d_ir d_aq d_kp d_bs => -0.5 heff2 [ k a i b ] d_jl
------------------------------

Optimization of analytic expression
-----------------------------------
Terms:
(0) + 0.5 heff2 [ k l i j ] d_ab
(1) - 0.5 heff2 [ l k i j ] d_ab
(2) - 0.5 heff2 [ a l b j ] d_ik
(3) + 0.5 heff2 [ l a b j ] d_ik
(4) + 0.5 heff2 [ a k b j ] d_il
(5) - 0.5 heff2 [ k a b j ] d_il
(6) - 0.5 heff2 [ k l j i ] d_ab
(7) + 0.5 heff2 [ l k j i ] d_ab
(8) + 0.5 heff2 [ a l j b ] d_ik
(9) - 0.5 heff2 [ l a j b ] d_ik
(10) - 0.5 heff2 [ a k j b ] d_il
(11) + 0.5 heff2 [ k a j b ] d_il
(12) + 0.5 heff2 [ a l b i ] d_jk
(13) - 0.5 heff2 [ l a b i ] d_jk
(14) - 0.5 heff2 [ a l i b ] d_jk
(15) + 0.5 heff2 [ l a i b ] d_jk
(16) - 0.5 heff2 [ a k b i ] d_jl
(17) + 0.5 heff2 [ k a b i ] d_jl
(18) + 0.5 heff2 [ a k i b ] d_jl
(19) - 0.5 heff2 [ k a i b ] d_jl

Terms unique wrt permutations of electrons:
(0) + 1.0 heff2 [ k l i j ] d_ab
(1) - 1.0 heff2 [ l k i j ] d_ab
(2) - 1.0 heff2 [ a l b j ] d_ik
(3) + 1.0 heff2 [ l a b j ] d_ik
(4) + 1.0 heff2 [ a k b j ] d_il
(5) - 1.0 heff2 [ k a b j ] d_il
(6) + 1.0 heff2 [ a l b i ] d_jk
(7) - 1.0 heff2 [ l a b i ] d_jk
(8) - 1.0 heff2 [ a k b i ] d_jl
(9) + 1.0 heff2 [ k a b i ] d_jl




----------------------------------------------------------
Begin task:  ['bra', 'heff3', 'ket']
----------------------------------------------------------

Matrix element expression: <0|{j+ i+ a }1.0 heff3 {p+ q+ r+ u t s }{b+ k l }|0>
Elementary operators string:  [j+, i+, a, p+, q+, r+, u, t, s, b+, k, l]


Possible non-zero contractions:
-------------------------------

( 0)   j+ i+ a  p+ q+ r+ u  t  s  b+ k  l  
       1  2  3  3  4  5  1  2  6  6  4  5   

( 1)   j+ i+ a  p+ q+ r+ u  t  s  b+ k  l  
       1  2  3  3  4  5  1  2  6  6  5  4   

( 2)   j+ i+ a  p+ q+ r+ u  t  s  b+ k  l  
       1  2  3  4  3  5  1  2  6  6  4  5   

( 3)   j+ i+ a  p+ q+ r+ u  t  s  b+ k  l  
       1  2  3  4  3  5  1  2  6  6  5  4   

( 4)   j+ i+ a  p+ q+ r+ u  t  s  b+ k  l  
       1  2  3  4  5  3  1  2  6  6  4  5   

( 5)   j+ i+ a  p+ q+ r+ u  t  s  b+ k  l  
       1  2  3  4  5  3  1  2  6  6  5  4   

( 6)   j+ i+ a  p+ q+ r+ u  t  s  b+ k  l  
       1  2  3  3  4  5  1  6  2  6  4  5   

( 7)   j+ i+ a  p+ q+ r+ u  t  s  b+ k  l  
       1  2  3  3  4  5  1  6  2  6  5  4   

( 8)   j+ i+ a  p+ q+ r+ u  t  s  b+ k  l  
       1  2  3  4  3  5  1  6  2  6  4  5   

( 9)   j+ i+ a  p+ q+ r+ u  t  s  b+ k  l  
       1  2  3  4  3  5  1  6  2  6  5  4   

(10)   j+ i+ a  p+ q+ r+ u  t  s  b+ k  l  
       1  2  3  4  5  3  1  6  2  6  4  5   

(11)   j+ i+ a  p+ q+ r+ u  t  s  b+ k  l  
       1  2  3  4  5  3  1  6  2  6  5  4   

(12)   j+ i+ a  p+ q+ r+ u  t  s  b+ k  l  
       1  2  3  3  4  5  2  1  6  6  4  5   

(13)   j+ i+ a  p+ q+ r+ u  t  s  b+ k  l  
       1  2  3  3  4  5  2  1  6  6  5  4   

(14)   j+ i+ a  p+ q+ r+ u  t  s  b+ k  l  
       1  2  3  4  3  5  2  1  6  6  4  5   

(15)   j+ i+ a  p+ q+ r+ u  t  s  b+ k  l  
       1  2  3  4  3  5  2  1  6  6  5  4   

(16)   j+ i+ a  p+ q+ r+ u  t  s  b+ k  l  
       1  2  3  4  5  3  2  1  6  6  4  5   

(17)   j+ i+ a  p+ q+ r+ u  t  s  b+ k  l  
       1  2  3  4  5  3  2  1  6  6  5  4   

(18)   j+ i+ a  p+ q+ r+ u  t  s  b+ k  l  
       1  2  3  3  4  5  6  1  2  6  4  5   

(19)   j+ i+ a  p+ q+ r+ u  t  s  b+ k  l  
       1  2  3  3  4  5  6  1  2  6  5  4   

(20)   j+ i+ a  p+ q+ r+ u  t  s  b+ k  l  
       1  2  3  4  3  5  6  1  2  6  4  5   

(21)   j+ i+ a  p+ q+ r+ u  t  s  b+ k  l  
       1  2  3  4  3  5  6  1  2  6  5  4   

(22)   j+ i+ a  p+ q+ r+ u  t  s  b+ k  l  
       1  2  3  4  5  3  6  1  2  6  4  5   

(23)   j+ i+ a  p+ q+ r+ u  t  s  b+ k  l  
       1  2  3  4  5  3  6  1  2  6  5  4   

(24)   j+ i+ a  p+ q+ r+ u  t  s  b+ k  l  
       1  2  3  3  4  5  2  6  1  6  4  5   

(25)   j+ i+ a  p+ q+ r+ u  t  s  b+ k  l  
       1  2  3  3  4  5  2  6  1  6  5  4   

(26)   j+ i+ a  p+ q+ r+ u  t  s  b+ k  l  
       1  2  3  4  3  5  2  6  1  6  4  5   

(27)   j+ i+ a  p+ q+ r+ u  t  s  b+ k  l  
       1  2  3  4  3  5  2  6  1  6  5  4   

(28)   j+ i+ a  p+ q+ r+ u  t  s  b+ k  l  
       1  2  3  4  5  3  2  6  1  6  4  5   

(29)   j+ i+ a  p+ q+ r+ u  t  s  b+ k  l  
       1  2  3  4  5  3  2  6  1  6  5  4   

(30)   j+ i+ a  p+ q+ r+ u  t  s  b+ k  l  
       1  2  3  3  4  5  6  2  1  6  4  5   

(31)   j+ i+ a  p+ q+ r+ u  t  s  b+ k  l  
       1  2  3  3  4  5  6  2  1  6  5  4   

(32)   j+ i+ a  p+ q+ r+ u  t  s  b+ k  l  
       1  2  3  4  3  5  6  2  1  6  4  5   

(33)   j+ i+ a  p+ q+ r+ u  t  s  b+ k  l  
       1  2  3  4  3  5  6  2  1  6  5  4   

(34)   j+ i+ a  p+ q+ r+ u  t  s  b+ k  l  
       1  2  3  4  5  3  6  2  1  6  4  5   

(35)   j+ i+ a  p+ q+ r+ u  t  s  b+ k  l  
       1  2  3  4  5  3  6  2  1  6  5  4   

-------------------------------
Total number of possible contractions:  36 


Expression for matrix element:
------------------------------
+1.0 heff3 [ p q r s t u ] d_ju d_it d_ap d_kq d_lr d_bs => +1.0 heff3 [ a k l b i j ]
-1.0 heff3 [ p q r s t u ] d_ju d_it d_ap d_lq d_kr d_bs => -1.0 heff3 [ a l k b i j ]
-1.0 heff3 [ p q r s t u ] d_ju d_it d_aq d_kp d_lr d_bs => -1.0 heff3 [ k a l b i j ]
+1.0 heff3 [ p q r s t u ] d_ju d_it d_aq d_lp d_kr d_bs => +1.0 heff3 [ l a k b i j ]
+1.0 heff3 [ p q r s t u ] d_ju d_it d_ar d_kp d_lq d_bs => +1.0 heff3 [ k l a b i j ]
-1.0 heff3 [ p q r s t u ] d_ju d_it d_ar d_lp d_kq d_bs => -1.0 heff3 [ l k a b i j ]
-1.0 heff3 [ p q r s t u ] d_ju d_is d_ap d_kq d_lr d_bt => -1.0 heff3 [ a k l i b j ]
+1.0 heff3 [ p q r s t u ] d_ju d_is d_ap d_lq d_kr d_bt => +1.0 heff3 [ a l k i b j ]
+1.0 heff3 [ p q r s t u ] d_ju d_is d_aq d_kp d_lr d_bt => +1.0 heff3 [ k a l i b j ]
-1.0 heff3 [ p q r s t u ] d_ju d_is d_aq d_lp d_kr d_bt => -1.0 heff3 [ l a k i b j ]
-1.0 heff3 [ p q r s t u ] d_ju d_is d_ar d_kp d_lq d_bt => -1.0 heff3 [ k l a i b j ]
+1.0 heff3 [ p q r s t u ] d_ju d_is d_ar d_lp d_kq d_bt => +1.0 heff3 [ l k a i b j ]
-1.0 heff3 [ p q r s t u ] d_jt d_iu d_ap d_kq d_lr d_bs => -1.0 heff3 [ a k l b j i ]
+1.0 heff3 [ p q r s t u ] d_jt d_iu d_ap d_lq d_kr d_bs => +1.0 heff3 [ a l k b j i ]
+1.0 heff3 [ p q r s t u ] d_jt d_iu d_aq d_kp d_lr d_bs => +1.0 heff3 [ k a l b j i ]
-1.0 heff3 [ p q r s t u ] d_jt d_iu d_aq d_lp d_kr d_bs => -1.0 heff3 [ l a k b j i ]
-1.0 heff3 [ p q r s t u ] d_jt d_iu d_ar d_kp d_lq d_bs => -1.0 heff3 [ k l a b j i ]
+1.0 heff3 [ p q r s t u ] d_jt d_iu d_ar d_lp d_kq d_bs => +1.0 heff3 [ l k a b j i ]
+1.0 heff3 [ p q r s t u ] d_jt d_is d_ap d_kq d_lr d_bu => +1.0 heff3 [ a k l i j b ]
-1.0 heff3 [ p q r s t u ] d_jt d_is d_ap d_lq d_kr d_bu => -1.0 heff3 [ a l k i j b ]
-1.0 heff3 [ p q r s t u ] d_jt d_is d_aq d_kp d_lr d_bu => -1.0 heff3 [ k a l i j b ]
+1.0 heff3 [ p q r s t u ] d_jt d_is d_aq d_lp d_kr d_bu => +1.0 heff3 [ l a k i j b ]
+1.0 heff3 [ p q r s t u ] d_jt d_is d_ar d_kp d_lq d_bu => +1.0 heff3 [ k l a i j b ]
-1.0 heff3 [ p q r s t u ] d_jt d_is d_ar d_lp d_kq d_bu => -1.0 heff3 [ l k a i j b ]
+1.0 heff3 [ p q r s t u ] d_js d_iu d_ap d_kq d_lr d_bt => +1.0 heff3 [ a k l j b i ]
-1.0 heff3 [ p q r s t u ] d_js d_iu d_ap d_lq d_kr d_bt => -1.0 heff3 [ a l k j b i ]
-1.0 heff3 [ p q r s t u ] d_js d_iu d_aq d_kp d_lr d_bt => -1.0 heff3 [ k a l j b i ]
+1.0 heff3 [ p q r s t u ] d_js d_iu d_aq d_lp d_kr d_bt => +1.0 heff3 [ l a k j b i ]
+1.0 heff3 [ p q r s t u ] d_js d_iu d_ar d_kp d_lq d_bt => +1.0 heff3 [ k l a j b i ]
-1.0 heff3 [ p q r s t u ] d_js d_iu d_ar d_lp d_kq d_bt => -1.0 heff3 [ l k a j b i ]
-1.0 heff3 [ p q r s t u ] d_js d_it d_ap d_kq d_lr d_bu => -1.0 heff3 [ a k l j i b ]
+1.0 heff3 [ p q r s t u ] d_js d_it d_ap d_lq d_kr d_bu => +1.0 heff3 [ a l k j i b ]
+1.0 heff3 [ p q r s t u ] d_js d_it d_aq d_kp d_lr d_bu => +1.0 heff3 [ k a l j i b ]
-1.0 heff3 [ p q r s t u ] d_js d_it d_aq d_lp d_kr d_bu => -1.0 heff3 [ l a k j i b ]
-1.0 heff3 [ p q r s t u ] d_js d_it d_ar d_kp d_lq d_bu => -1.0 heff3 [ k l a j i b ]
+1.0 heff3 [ p q r s t u ] d_js d_it d_ar d_lp d_kq d_bu => +1.0 heff3 [ l k a j i b ]
------------------------------

Optimization of analytic expression
-----------------------------------
Terms:
(0) + 1.0 heff3 [ a k l b i j ]
(1) - 1.0 heff3 [ a l k b i j ]
(2) - 1.0 heff3 [ k a l b i j ]
(3) + 1.0 heff3 [ l a k b i j ]
(4) + 1.0 heff3 [ k l a b i j ]
(5) - 1.0 heff3 [ l k a b i j ]
(6) - 1.0 heff3 [ a k l i b j ]
(7) + 1.0 heff3 [ a l k i b j ]
(8) + 1.0 heff3 [ k a l i b j ]
(9) - 1.0 heff3 [ l a k i b j ]
(10) - 1.0 heff3 [ k l a i b j ]
(11) + 1.0 heff3 [ l k a i b j ]
(12) - 1.0 heff3 [ a k l b j i ]
(13) + 1.0 heff3 [ a l k b j i ]
(14) + 1.0 heff3 [ k a l b j i ]
(15) - 1.0 heff3 [ l a k b j i ]
(16) - 1.0 heff3 [ k l a b j i ]
(17) + 1.0 heff3 [ l k a b j i ]
(18) + 1.0 heff3 [ a k l i j b ]
(19) - 1.0 heff3 [ a l k i j b ]
(20) - 1.0 heff3 [ k a l i j b ]
(21) + 1.0 heff3 [ l a k i j b ]
(22) + 1.0 heff3 [ k l a i j b ]
(23) - 1.0 heff3 [ l k a i j b ]
(24) + 1.0 heff3 [ a k l j b i ]
(25) - 1.0 heff3 [ a l k j b i ]
(26) - 1.0 heff3 [ k a l j b i ]
(27) + 1.0 heff3 [ l a k j b i ]
(28) + 1.0 heff3 [ k l a j b i ]
(29) - 1.0 heff3 [ l k a j b i ]
(30) - 1.0 heff3 [ a k l j i b ]
(31) + 1.0 heff3 [ a l k j i b ]
(32) + 1.0 heff3 [ k a l j i b ]
(33) - 1.0 heff3 [ l a k j i b ]
(34) - 1.0 heff3 [ k l a j i b ]
(35) + 1.0 heff3 [ l k a j i b ]

Terms unique wrt permutations of electrons:
(0) + 6.0 heff3 [ a k l b i j ]
(1) - 6.0 heff3 [ a l k b i j ]
(2) - 6.0 heff3 [ k a l b i j ]
(3) + 6.0 heff3 [ l a k b i j ]
(4) + 6.0 heff3 [ k l a b i j ]
(5) - 6.0 heff3 [ l k a b i j ]

