
		**********************************************************************************
		**                                                                              **
		**                                   E X P - T                                  **
		**        Relativistic Fock-Space Multireference Coupled Cluster Program        **
		**                                                                              **
		**                     version 1.5.1 (8 Oct 2020) development                   **
		**                                                                              **
		**********************************************************************************
		**                                                                              **
		** EXP-T is free software: you can redistribute it and/or modify                **
		** it under the terms of the GNU Lesser General Public License as published by  **
		** the Free Software Foundation, either version 3 of the License, or            **
		** (at your option) any later version.                                          **
		**                                                                              **
		** EXP-T is distributed in the hope that it will be useful,                     **
		** but WITHOUT ANY WARRANTY; without even the implied warranty of               **
		** MERCHANTABILITY or FITNESS FOR A PARTICULAR PURPOSE.  See the                **
		** GNU Lesser General Public License for more details.                          **
		**                                                                              **
		** You should have received a copy of the GNU Lesser General Public License     **
		** along with EXP-T.  If not, see <http://www.gnu.org/licenses/>.               **
		**                                                                              **
		**********************************************************************************
		**                                                                              **
		** For more information about the EXP-T program system see                      **
		** http://www.qchem.pnpi.spb.ru/ru/expt                                         **
		**                                                                              **
		** This is an experimental code. The authors accept no responsibility           **
		** for the performance of the code or for the correctness of the results.       **
		**                                                                              **
		** If results obtained with this code are published, an                         **
		** appropriate citation would be:                                               **
		**                                                                              **
		** [1] A. Oleynichenko, A. Zaitsevskii, E. Eliav.                               **
		**     EXP-T, An Extensible Code for Fock Space Relativistic Coupled Cluster    **
		**     Calculations. See http://www.qchem.pnpi.spb.ru/expt.                     **
		** [2] A. V. Oleynichenko, A. Zaitsevskii, E. Eliav.                            **
		**     Towards high performance relativistic electronic structure modelling:    **
		**     the EXP-T program package, 2020. arXiv:2004.03682v1.                     **
		**                                                                              **
		**********************************************************************************

Authors:
  Alexander Oleynichenko [alexvoleynichenko@gmail.com]
  Andrei Zaitsevskii
  Ephraim Eliav
Compiler: Intel C Compiler 1910 (Intel(R) C++ gcc 4.8.5 mode)
BLAS/LAPACK implementation: Intel MKL v 2020.0.0
Build date: Oct  8 2020 12:16:43
Run date: Thu Oct  8 12:18:40 2020
Hostname: alexander

------------------------- size of data types (bytes) -------------------------
                               integer types                                  
 char            1  unsigned char   1   signed char     1   short           2
 unsigned short  2  int             4   unsigned int    4   long            8
 unsigned long   8  long long       8   unsigned long long                  8
 int8_t          1  int16_t         2   int32_t         4   int64_t         8
 uint8_t         1  uint16_t        2   uint32_t        4   uint64_t        8
                      size, pointer, difference types                         
 size_t          8  ptrdiff_t       8   void *          8
                                 real types                                   
 float           4  double          8   long double    16
                               complex types                                  
 float complex   8  double complex 16   long double complex                32
------------------------------------------------------------------------------

CUDA disabled

Reading input file: input-Cinfv

----------------------------- echo of input file -----------------------------
# Test:
# (1) HgH2+ ion, FSCC scheme: HgH3+ -> HgH2+
# (2) hamiltionian: 2-comp gatchina ECP
# (3) symmetry Cinfv
# (4) sector (0h,1p)

title "Test HgH3+ -> HgH2+/gatchina ECP/Cinfv"
maxiter 200
conv 1e-9
active energy -10 -0.5
sector 0h1p

# import integrals from:
integrals MRCONEE-Cinfv MDCINT-Cinfv

# shifts of denominators:
# =======================

# I. shift type
# real shift:
shifttype realimag

# II. shift parameters:
# 1. <n>  -- compensation power (here: 3)
# 3. <S1> -- shift for all S1 amplitudes (here: -0.5)
# 3. <S2> -- shift for all S2 amplitudes (here: -1.0)
shift 0h1p 3 -0.5 -1.0

------------------------------------------------------------------------------


				Options
				-------
 title            title string - comment                    Test HgH3+ -> HgH2+/gatchina ECP/Cinfv
 scratch_dir      scratch directory for tmp files           scratch
 --no-clean       retain scratch directory on exit          yes
 print            print level                               medium
 arith            recommended arithmetic                    real
 memory           max allowed RAM usage                     1024.0 Mb
 compress         compression of integrals on disk          disabled
 disk_usage       disk usage level                          2 (rank-6+ and pppp on disk)
 tilesize         max dimension of formal blocks (tiles)    100
 nthreads         number of OpenMP parallel threads         1
 cuda             calculations on GPU (CUDA)                disabled
 maxiter          maximum number of CC iterations           200
 conv             convergence threshold (by amplitudes)     1e-09
 reuse            reuse amplitudes and/or integrals         nothing 
 flush            flush amplitudes                          no
 integrals        one-electron Hamiltonian integrals file   MRCONEE-Cinfv
                  two-electron (Coulomb) integrals file     MDCINT-Cinfv
                  one-electron property integrals file      MDPROP
 x2cmmf           X2Cmmf Hamiltonian                        no
 gaunt            two-electron (Gaunt) integrals file       not used
 sector           target Fock space sector                  0h1p
 model            coupled cluster model (level of theory)   CCSD
 active           active space (defined by energy range)    -10 <= eps <= -0.5 a.u.
 shifttype        formula for denominator shifts            real simulation of imaginary shifts
 orbshift         "orbital" shifts (non-trivial sectors)    no
 orbshift00       "orbital" shifts (0h0p sector)            no
 shift 0h1p       denominator shift parameters              power=3 shifts=-0.500 -1.000 0.000 
 nroots           number of roots to be processed           all
 degen_thresh     degeneracy threshold (a.u.)               1.0e-08
 occ_irreps       occupation numbers of spinors             default (from integral interface)
 occ              occupation numbers of spinors             default
 diis             DIIS technique for convergence            enabled
 diis <n>         DIIS subspace dimension                   10
 diis triples     DIIS for triples amplitudes               5814660

  int-face OneProp  disabled
  int-face TwoProp  disabled
  int-face MDPROP   disabled
  hermitization     enabled
  calculate DL-TDMs disabled
  natural orbitals  disabled
  model-space props disabled

 Scratch directory 'scratch' exists
 Current working directory = /home/alexander/Science/expt/examples/HgH2+_shifts
 Full path to one-electron integrals = /home/alexander/Science/expt/examples/HgH2+_shifts/MRCONEE-Cinfv
 Full path to Coulomb integrals = /home/alexander/Science/expt/examples/HgH2+_shifts/MDCINT-Cinfv
 Full path to properties integrals = /home/alexander/Science/expt/examples/HgH2+_shifts/MDPROP
 Changing working directory to scratch ...
 Current working directory = /home/alexander/Science/expt/examples/HgH2+_shifts/scratch
 
 ******************************************************************
 **       BINARY INTERFACE TO THE DIRAC PROGRAM PACKAGE          **
 **                    version 10 Apr 2020                       **
 ******************************************************************
 
 required unformatted files (produced by DIRAC):
   MRCONEE -- spinor info & transformed one-electron integrals
   MDCINT  -- transformed two-electron integrals
 optional files (DIRAC):
   MDPROP  -- transformed integrals of one-electron properties
 optional files (D. E. Maison, L. V. Skripnikov):
   MGINT   -- transformed Gaunt integrals
 
 HINT: in order to obtain these files, add option .4INDEX to the
   **DIRAC section of the DIRAC input file; this will enable the
   code for integrals transformation. Then run:
   $ pam --inp=<inp-file> --mol=<mol-file> --get="MRCONEE MDCINT"
 
 
 Names of integral files:
 MRCONEE = /home/alexander/Science/expt/examples/HgH2+_shifts/MRCONEE-Cinfv
 MDCINT  = /home/alexander/Science/expt/examples/HgH2+_shifts/MDCINT-Cinfv
 MDPROP  = /home/alexander/Science/expt/examples/HgH2+_shifts/MDPROP
 default integer type in DIRAC              integer(8)
 
 *** MRCONEE FILE ***
 nspinors                                             78
 was breit in DHF                            F
 nuclear repulsion energy                      10.0000000000000     
 inversion symmetry (1-no,2-yes)                       1
 group type (1-real,2-cmplx,4-quater)                  1
 is spinfree                                           0
 arithmetic                                 real
 total num of orb-s (+frozen+deleted)                 39
 Total SCF energy =                           -151.402195200361     
 number of fermion irreps in parent group              2
 names of these reps (grd, ungrd)              E  1E         E  2E      
 number of spinors active in the transf-n              9           9
 total number of orb-s of this ircop                  39
 number of occupied frozen (core) spinors   
   - total                                             0
   - positive energy                                   0
   - negative energy                                   0
 number of deleted spinors                             0
 number of fermion irreps in Abelian subgrp           32
 names of these irreps                         1  -1   3  -3   5  -5   7  -7   9
   -9  11 -11  13 -13  15 -15  17 -17  19 -19  21 -21  23 -23  25 -25  27 -27
   29 -29  31 -31   0   2  -2   4  -4   6  -6   8  -8  10 -10  12 -12  14 -14
   16 -16  18 -18  20 -20  22 -22  24 -24  26 -26  28 -28  30 -30  32
 number of g/u Kramers pairs          39
 number of boson symmetry reps(LUCITA)            4
 *** END OF MRCONEE FILE ***
 
 *** MDPROP FILE ***
 path to MDPROP file = /home/alexander/Science/expt/examples/HgH2+_shifts/MDPROP
 MDPROP file exists
 property = XDIPLEN 
 property = YDIPLEN 
 property = ZDIPLEN 
 reached end of file MDPROP
 *** END OF MDPROP FILE ***
 
 ELECTRONIC contibution to dipole moment (DHF level)
 dx =   0.000000000000000E+000  (re)  0.000000000000000E+000 (im)
 dy =   0.000000000000000E+000  (re)  0.000000000000000E+000 (im)
 dz =    1.22411463942639       (re)  0.000000000000000E+000 (im)
 |d| =    1.22411463942639       a.u. =    3.11138888497123       Debye
 1 a.u = 2.54174623 Debye
 
 *** MDCINT FILE ***
 Thu Oct  8 12:18:40 2020
 datex                                   8Oct20  
 timex                                 11:54:50
 number of Kramers pairs                         39
 Thu Oct  8 12:18:41 2020
 *** END OF MDCINT FILE ***
 
 number of VINT* files written                    146
 written to disk: 397144032 bytes =    0.37 Gb
 Blocks of molecular spinors:
 --------------------------------------------------------------------------------
   #  size  irrep  spinor indices
 --------------------------------------------------------------------------------
 [ 0]   24   1/2+  1-3,5,7,10-12,14-16,18-19,23-24,26-27,29-30,32,35-37,39
 [ 1]   24   1/2-  40-42,44,46,49-51,53-55,57-58,62-63,65-66,68-69,71,74-76,78
 [ 2]   12   3/2+  43,45,47,52,56,59-60,64,67,70,73,77
 [ 3]   12   3/2-  4,6,8,13,17,20-21,25,28,31,34,38
 [ 4]    3   5/2+  9,22,33
 [ 5]    3   5/2-  48,61,72
 --------------------------------------------------------------------------------


				Spinors info
				------------

     no    rep         occ    active        one-el energy
    -------------------------------------------------------
       1   0 "1/2+  "   1       a          -6.355285076278  
       2   0 "1/2+  "   1       a          -4.772446222388  
       3   0 "1/2+  "   1       a          -4.091299040088  
       4   3 "3/2-  "   1       a          -4.046927966042  
       5   0 "1/2+  "   1       a          -1.955029306388  
       6   3 "3/2-  "   1       a          -1.814906239484  
       7   0 "1/2+  "   1       a          -1.806422161985  
       8   3 "3/2-  "   1       a          -1.750581094864  
       9   4 "5/2+  "   1       a          -1.718884250784  
      10   0 "1/2+  "   0       a          -1.049408138588  
      11   0 "1/2+  "   0       a          -0.777761500202  
      12   0 "1/2+  "   0       a          -0.692644464512  
      13   3 "3/2-  "   0       a          -0.665424642882  
      14   0 "1/2+  "   0       -          -0.402012572141  
      15   0 "1/2+  "   0       -          -0.338669224814  
      16   0 "1/2+  "   0       -          -0.323234262946  
      17   3 "3/2-  "   0       -          -0.314903715635  
      18   0 "1/2+  "   0       -          -0.226566829305  
      19   0 "1/2+  "   0       -          -0.161337107884  
      20   3 "3/2-  "   0       -          -0.158970262634  
      21   3 "3/2-  "   0       -          -0.139546369123  
      22   4 "5/2+  "   0       -          -0.127826185304  
      23   0 "1/2+  "   0       -           0.076829232310  
      24   0 "1/2+  "   0       -           0.553112700232  
      25   3 "3/2-  "   0       -           0.559081315049  
      26   0 "1/2+  "   0       -           0.716566743439  
      27   0 "1/2+  "   0       -           0.934596240561  
      28   3 "3/2-  "   0       -           1.089426427769  
      29   0 "1/2+  "   0       -           1.370147770410  
      30   0 "1/2+  "   0       -           2.055481388657  
      31   3 "3/2-  "   0       -           2.461174132186  
      32   0 "1/2+  "   0       -           2.528783214981  
      33   4 "5/2+  "   0       -           2.618334031088  
      34   3 "3/2-  "   0       -           2.626119796407  
      35   0 "1/2+  "   0       -           3.258446683476  
      36   0 "1/2+  "   0       -           7.665748359696  
      37   0 "1/2+  "   0       -           9.242655245626  
      38   3 "3/2-  "   0       -           9.398507016664  
      39   0 "1/2+  "   0       -          14.021605610639  
      40   1 "1/2-  "   1       a          -6.355285076278  
      41   1 "1/2-  "   1       a          -4.772446222388  
      42   1 "1/2-  "   1       a          -4.091299040088  
      43   2 "3/2+  "   1       a          -4.046927966042  
      44   1 "1/2-  "   1       a          -1.955029306388  
      45   2 "3/2+  "   1       a          -1.814906239484  
      46   1 "1/2-  "   1       a          -1.806422161985  
      47   2 "3/2+  "   1       a          -1.750581094864  
      48   5 "5/2-  "   1       a          -1.718884250784  
      49   1 "1/2-  "   0       a          -1.049408138588  
      50   1 "1/2-  "   0       a          -0.777761500202  
      51   1 "1/2-  "   0       a          -0.692644464512  
      52   2 "3/2+  "   0       a          -0.665424642882  
      53   1 "1/2-  "   0       -          -0.402012572141  
      54   1 "1/2-  "   0       -          -0.338669224814  
      55   1 "1/2-  "   0       -          -0.323234262946  
      56   2 "3/2+  "   0       -          -0.314903715635  
      57   1 "1/2-  "   0       -          -0.226566829305  
      58   1 "1/2-  "   0       -          -0.161337107884  
      59   2 "3/2+  "   0       -          -0.158970262634  
      60   2 "3/2+  "   0       -          -0.139546369123  
      61   5 "5/2-  "   0       -          -0.127826185304  
      62   1 "1/2-  "   0       -           0.076829232310  
      63   1 "1/2-  "   0       -           0.553112700232  
      64   2 "3/2+  "   0       -           0.559081315049  
      65   1 "1/2-  "   0       -           0.716566743439  
      66   1 "1/2-  "   0       -           0.934596240561  
      67   2 "3/2+  "   0       -           1.089426427769  
      68   1 "1/2-  "   0       -           1.370147770410  
      69   1 "1/2-  "   0       -           2.055481388657  
      70   2 "3/2+  "   0       -           2.461174132186  
      71   1 "1/2-  "   0       -           2.528783214981  
      72   5 "5/2-  "   0       -           2.618334031088  
      73   2 "3/2+  "   0       -           2.626119796407  
      74   1 "1/2-  "   0       -           3.258446683476  
      75   1 "1/2-  "   0       -           7.665748359696  
      76   1 "1/2-  "   0       -           9.242655245626  
      77   2 "3/2+  "   0       -           9.398507016664  
      78   1 "1/2-  "   0       -          14.021605610639  
    -------------------------------------------------------

    irreps              1/2+  1/2-  3/2+  3/2-  5/2+  5/2-
    occupied inactive      0     0     0     0     0     0
    occupied active        5     5     3     3     1     1
    virtual active         3     3     1     1     0     0
    virtual inactive      16    16     8     8     2     2


				*****************
				** Sector 0h0p **
				*****************


  Integral sorting routine: integrals for the 0h0p sector
 ------------------------------------------------------------------------------------------
   Thu Oct  8 12:18:41 2020
   number of spinor blocks: 6
   tile size: 100
   max spinor block length: 24
   i/o buffers size, bytes: 262144 (indices) + 131072 (integrals) [384.00 KB total]
   estimated max memory required for the straightforward algorithm (not used!): 0.55 GB
   size of working arrays, bytes: 5308416 (indices) + 5423816 (integrals) [10.24 MB total]
   sorting two-electron integrals ...
   sorting one-electron integrals ...
     Fock matrix reconstruction ...
     max deviation of the diagonal elements of the reconstructed Fock matrix and orbital energies = 7.930831e-09
     fill 1-electron diagrams ... hh hp ph pp done
   reorder diagrams (if required): phhp[2431] done
   save sorted diagrams to disk: hh hp ph pp hhpp pphh hhhh phhp ppppr pphp phpp phhh hhhp hphh hphp done
   number of blocks read from disk: 274
   total number of integrals read from disk: 324
   total number of bytes read from disk: 700495360 (0.65 GB)
   sorting performance, Mb/sec: 959.83
   time for 2-e integrals sorting, sec: 0.70
   time for DIRAC interface (integral extraction & write), sec: 1.42
   total time for sorting operations, sec: 2.12
 ------------------------------------------------------------------------------------------

 Initial guess
 -------------
 MP2 correlation energy =      -0.170282605406
       Total MP2 energy =    -151.572477805767

 Solution of amplitude equations (sector 0h0p)			 Thu Oct  8 12:18:42 2020
 --------------------------------------------------------------------------------------------
 it.            E(corr)              diffmax(T1)         diffmax(T2)    t,sec       mem,Gb
 --------------------------------------------------------------------------------------------
   1      -0.173160013037459    0.00857444551614    0.00921488879758      0.2    0.02/0.03
   2      -0.177128245224397    0.00137356066063    0.00576409701285      0.2    0.02/0.03
   3      -0.177803686791951    0.00121865375164    0.00281704049112      0.2    0.02/0.03
   4      -0.178233872082262    0.00036115470583    0.00112287971300      0.2    0.02/0.03
   5      -0.178251819107611    0.00018139424888    0.00025995394761      0.2    0.02/0.03
   6      -0.178256157835426    0.00008684642421    0.00006600081167      0.2    0.02/0.04
   7      -0.178257625757223    0.00003929788877    0.00001314815282      0.2    0.03/0.04
   8      -0.178257624162933    0.00001818049870    0.00000276804062      0.2    0.03/0.04
   9      -0.178257748137959    0.00000690473861    0.00000144049033      0.2    0.03/0.04
  10      -0.178257734544995    0.00000163546677    0.00000053796087      0.2    0.03/0.04
  11      -0.178257739131565    0.00000027108837    0.00000022980303      0.2    0.03/0.04
  12      -0.178257741675892    0.00000005099693    0.00000008595174      0.2    0.03/0.04
  13      -0.178257740608428    0.00000001017380    0.00000002670436      0.2    0.03/0.04
  14      -0.178257741147779    0.00000000323510    0.00000001015388      0.2    0.03/0.04
  15      -0.178257741294527    0.00000000100694    0.00000000279695      0.2    0.03/0.04
  16      -0.178257741472953    0.00000000018888    0.00000000063888      0.2    0.03/0.04
 --------------------------------------------------------------------------------------------
	converged in 16 iterations

          SCF reference energy =    -151.402195200361
       CCSD correlation energy =      -0.178257741473
             Total CCSD energy =    -151.580452941834

 average time per iteration = 0.191 sec
 (absolute values)
 Max T1 amplitude (t_ia) [ 44 -> 49 ] = 0.01237182
   [  44] eps=     -1.95502930 rep=1/2- active occ
   [  49] eps=     -1.04940813 rep=1/2- active virt
 Max T2 amplitude (t_ijab) [ 9 48 -> 10 49 ] = 0.04370013
   [   9] eps=     -1.71888425 rep=5/2+ active occ
   [  48] eps=     -1.71888425 rep=5/2- active occ
   [  10] eps=     -1.04940813 rep=1/2+ active virt
   [  49] eps=     -1.04940813 rep=1/2- active virt

 Norm |T1| = 0.03582591
 Norm |T2| = 0.39177217

 T1 diagnostic = 0.00844425
 More on T1 diagnostic: [T.J.Lee,P.R.Taylor,IJQC 23,199(1989)]


				*****************
				** Sector 0h1p **
				*****************


  Integral sorting routine: integrals for the 0h1p sector
 ------------------------------------------------------------------------------------------
   Thu Oct  8 12:18:45 2020
   number of spinor blocks: 6
   tile size: 100
   max spinor block length: 24
   i/o buffers size, bytes: 262144 (indices) + 131072 (integrals) [384.00 KB total]
   estimated max memory required for the straightforward algorithm (not used!): 0.55 GB
   size of working arrays, bytes: 5308416 (indices) + 5423816 (integrals) [10.24 MB total]
   sorting two-electron integrals ...
   sorting one-electron integrals ...
     Fock matrix reconstruction ...
     fill 1-electron diagrams ... vh vp pv done
   reorder diagrams (if required): done
   save sorted diagrams to disk: vh vp pv vhpp vhhh pvhp hvhp pvhh pvpp done
   number of blocks read from disk: 274
   total number of integrals read from disk: 324
   total number of bytes read from disk: 700495360 (0.65 GB)
   sorting performance, Mb/sec: 496.02
   time for 2-e integrals sorting, sec: 1.35
   time for DIRAC interface (integral extraction & write), sec: 1.42
   total time for sorting operations, sec: 2.77
 ------------------------------------------------------------------------------------------

 Preparing T1 and T2 amplitudes ...
 Construction of S^(0,1)-independent contributions to the FSCC-equations ...

 Initialization of S1 and S2 amplitudes ...

 Solution of amplitude equations (sector 0h1p)		 Thu Oct  8 12:18:46 2020
 ---------------------------------------------------------------------------------------
 it.       diffmax(S1)       diffmax(S2)     max(S1)     max(S2)    t,sec       mem,Gb
 ---------------------------------------------------------------------------------------
   1    0.019137946479    0.006897815294    0.016063    0.036643      0.1    0.02/0.04
   2    0.001398617848    0.002752603905    0.017462    0.038702      0.1    0.03/0.04
   3    0.001038637290    0.000786478112    0.018510    0.039389      0.1    0.03/0.04
   4    0.000158476906    0.000178779427    0.018637    0.039582      0.1    0.03/0.04
   5    0.000041527187    0.000027864261    0.018653    0.039592      0.1    0.03/0.04
   6    0.000009136476    0.000012225534    0.018656    0.039585      0.1    0.03/0.04
   7    0.000001491592    0.000004396855    0.018655    0.039582      0.1    0.03/0.04
   8    0.000000288150    0.000001169675    0.018656    0.039581      0.1    0.03/0.04
   9    0.000000081710    0.000000311708    0.018656    0.039581      0.1    0.03/0.04
  10    0.000000018390    0.000000060306    0.018656    0.039581      0.1    0.03/0.04
  11    0.000000004258    0.000000013117    0.018656    0.039581      0.1    0.03/0.04
  12    0.000000001237    0.000000003086    0.018656    0.039581      0.1    0.03/0.04
  13    0.000000000337    0.000000000890    0.018656    0.039581      0.1    0.03/0.04
 ---------------------------------------------------------------------------------------
	converged in 13 iterations
 average time per iteration = 0.140 sec
 (absolute values)
 Max S{01}_1 amplitude (s{01}_ia) [ 13 -> 17 ] = 0.01865561
   [  13] eps=     -0.66542464 rep=3/2- active virt
   [  17] eps=     -0.31490371 rep=3/2- inactive virt
 Max S{01}_2 amplitude (s{01}_ijab) [ 50 44 -> 49 50 ] = 0.03958115
   [  50] eps=     -0.77776150 rep=1/2- active virt
   [  44] eps=     -1.95502930 rep=1/2- active occ
   [  49] eps=     -1.04940813 rep=1/2- active virt
   [  50] eps=     -0.77776150 rep=1/2- active virt

 Norm |S{01}_1| = 0.06133772
 Norm |S{01}_2| = 0.53671563


 Effective Hamiltonian analysis
 Active space: 18 holes, 8 particles
 Model space size: 8 determinants (total)
 Dimensions of symmetry blocks of Heff:
1/2+ [3]  1/2- [3]  3/2+ [1]  3/2- [1]   (max 3)

 Sector (0h,1p) -- analysis of model vectors (right vectors)
 first line : irrep, state number, total energy, eigenvalue
 other lines: coefficients of contributing determinants (above a threshold of 1.0e-04)

 Irrep 1 (1/2+) State 1 Energy    -152.662586614478528 Eigenvalue    -1.08213367    0.0000E+00
    0.99986   0.00000 | 1/2+ #  10 (   -1.049408) > (1/2+)
    0.01629   0.00000 | 1/2+ #  11 (   -0.777761) > (1/2+)
    0.00345   0.00000 | 1/2+ #  12 (   -0.692644) > (1/2+)

 Irrep 1 (1/2+) State 2 Energy    -152.389171171216731 Eigenvalue    -0.80871823    0.0000E+00
   -0.01632   0.00000 | 1/2+ #  10 (   -1.049408) > (1/2+)
    0.99982   0.00000 | 1/2+ #  11 (   -0.777761) > (1/2+)
    0.00991   0.00000 | 1/2+ #  12 (   -0.692644) > (1/2+)

 Irrep 1 (1/2+) State 3 Energy    -152.296433154924983 Eigenvalue    -0.71598021    0.0000E+00
   -0.00328   0.00000 | 1/2+ #  10 (   -1.049408) > (1/2+)
   -0.00996   0.00000 | 1/2+ #  11 (   -0.777761) > (1/2+)
    0.99995   0.00000 | 1/2+ #  12 (   -0.692644) > (1/2+)

 Irrep 2 (1/2-) State 1 Energy    -152.662586614478528 Eigenvalue    -1.08213367    0.0000E+00
    0.99986   0.00000 | 1/2- #  49 (   -1.049408) > (1/2-)
    0.01629   0.00000 | 1/2- #  50 (   -0.777761) > (1/2-)
    0.00345   0.00000 | 1/2- #  51 (   -0.692644) > (1/2-)

 Irrep 2 (1/2-) State 2 Energy    -152.389171171216731 Eigenvalue    -0.80871823    0.0000E+00
   -0.01632   0.00000 | 1/2- #  49 (   -1.049408) > (1/2-)
    0.99982   0.00000 | 1/2- #  50 (   -0.777761) > (1/2-)
    0.00991   0.00000 | 1/2- #  51 (   -0.692644) > (1/2-)

 Irrep 2 (1/2-) State 3 Energy    -152.296433154924983 Eigenvalue    -0.71598021    0.0000E+00
   -0.00328   0.00000 | 1/2- #  49 (   -1.049408) > (1/2-)
   -0.00996   0.00000 | 1/2- #  50 (   -0.777761) > (1/2-)
    0.99995   0.00000 | 1/2- #  51 (   -0.692644) > (1/2-)

 Irrep 3 (3/2+) State 1 Energy    -152.266973867955102 Eigenvalue    -0.68652093    0.0000E+00
    1.00000   0.00000 | 3/2+ #  52 (   -0.665425) > (3/2+)

 Irrep 4 (3/2-) State 1 Energy    -152.266973867955102 Eigenvalue    -0.68652093    0.0000E+00
    1.00000   0.00000 | 3/2- #  13 (   -0.665425) > (3/2-)

 Heff eigenvalues:
 (degeneracy threshold = 1.0e-08 a.u.)

 Level  Re(eigenvalue)  Im(eigv)               Abs energy  Rel eigenvalue    Rel eigv, eV  Rel eigv, cm-1  deg  symmetry
 ------------------------------------------------------------------------------------------------------------------------
@    1   -1.0821336726  0.00e+00   -152.66258661447852774    0.0000000000    0.0000000000        0.000000   2   1/2+ 1/2-
@    2   -0.8087182294  0.00e+00   -152.38917117121673073    0.2734154433    7.4400132322    60007.753619   2   1/2+ 1/2-
@    3   -0.7159802131  0.00e+00   -152.29643315492498346    0.3661534596    9.9635432132    80361.395558   2   1/2+ 1/2-
@    4   -0.6865209261  0.00e+00   -152.26697386795510170    0.3956127465   10.7651712495    86826.961706   2   3/2+ 3/2-

 Ionization potential wrt reference state =     1.082133672645 a.u. =  29.4464 eV =  237500.89 cm^-1

 time for (sec):
 -------------------------------------------------------
  Total time of execution                         7.713
  Diagram contraction (mult) for <PP||PP>         0.628
  DIRAC interface (MRCONEE/MDCINT)                1.425
  Diagram template constr (tmplt)                 0.012
  Sorting of integrals                            1.347
  Multidim transposition (reorder)                0.893
  Energy denominators (diveps)                    0.109
  0h0p -- Singles equations (T1)                  0.174
  Diagram contraction (mult)                      3.128
  mult M <- M x M                                 2.263
  mult M <- D x M                                 0.614
  Diagram addition (update)                       0.081
  0h0p -- Doubles equations (T2)                  2.764
  Permutation operators                           0.486
  DIIS extrapolation                              0.064
  Constant part of 0h1p amplitudes                0.031
  Extraction of a closed part                     0.000
 -------------------------------------------------------


 memory in usage  = 22936744 bytes = 21.9 Mb = 0.02 Gb
 max memory usage = 47024160 bytes = 44.8 Mb = 0.04 Gb

 Disk I/O:
   files created: 4495   files removed: 0
   read        2474804736 bytes = 2.305 Gb
   write        860448369 bytes = 0.801 Gb

 EXP-T terminated normally at Thu Oct  8 12:18:47 2020
 Total run time: 0 days 0 hours 0 minutes 7 seconds 712 milliseconds
