
		**********************************************************************************
		**                                                                              **
		**                                   E X P - T                                  **
		**        Relativistic Fock-Space Multireference Coupled Cluster Program        **
		**                                                                              **
		**                         version 1.8.3 (22 Aug 2023)                         **
		**                                                                              **
		**********************************************************************************
		**                                                                              **
		** EXP-T is free software: you can redistribute it and/or modify                **
		** it under the terms of the GNU Lesser General Public License as published by  **
		** the Free Software Foundation, either version 3 of the License, or            **
		** (at your option) any later version.                                          **
		**                                                                              **
		** EXP-T is distributed in the hope that it will be useful,                     **
		** but WITHOUT ANY WARRANTY; without even the implied warranty of               **
		** MERCHANTABILITY or FITNESS FOR A PARTICULAR PURPOSE.  See the                **
		** GNU Lesser General Public License for more details.                          **
		**                                                                              **
		** You should have received a copy of the GNU Lesser General Public License     **
		** along with EXP-T.  If not, see <http://www.gnu.org/licenses/>.               **
		**                                                                              **
		**********************************************************************************
		**                                                                              **
		** For more information about the EXP-T program system see                      **
		** http://www.qchem.pnpi.spb.ru/expt                                            **
		**                                                                              **
		** This is an experimental code. The authors accept no responsibility           **
		** for the performance of the code or for the correctness of the results.       **
		**                                                                              **
		** If results obtained with this code are published, an                         **
		** appropriate citation would be:                                               **
		**                                                                              **
		** [1] A. Oleynichenko, A. Zaitsevskii, E. Eliav.                               **
		**     EXP-T, An Extensible Code for Fock Space Relativistic Coupled Cluster    **
		**     Calculations. See http://www.qchem.pnpi.spb.ru/expt.                     **
		** [2] A. V. Oleynichenko, A. Zaitsevskii, E. Eliav.                            **
		**     Towards high performance relativistic electronic structure modelling:    **
		**     the EXP-T program package. Commun. Comput. Inf. Sci. 1331, 375 (2020).   **
		**     doi: 10.1007/978-3-030-64616-5_33                                        **
		**                                                                              **
		**********************************************************************************

Authors:
  Alexander Oleynichenko [alexvoleynichenko@gmail.com]
  Andrei Zaitsevskii
  Artem Rumyantsev
  Ephraim Eliav
Compiler: GNU C Compiler 4.8.5
BLAS/LAPACK implementation: OpenBLAS
Build date: Apr 18 2024 16:01:18
Run date: Sat May  4 15:16:12 2024
Hostname: l009
CUDA disabled
Tensor trains (TT) disabled
Reading input file: ccsd.inp


				****************
				** Input file **
				****************

 -----
 # for gerade irreps:
 occ_irreps [1/2g+]:3 [1/2g-]:2 [3/2g+]:0 [3/2g-]:1
 # for ungerade irreps:
 occ_irreps [1/2u+]:2 [1/2u-]:2 [3/2u+]:1 [3/2u-]:1
 
 # an alternative way of setting spinor occupation numbers:
 #occ 1 1 1 1 0 0 0 0 0 0 0 0 0 1 1 0 0 0 0 0 0 0 0 0 0 0 1 1 1 0 0 0 0 0 0 0 0 0 0 1 1 1 0 0 0
 
 
 -----



				*************
				** Options **
				*************

 title            title string - comment                    no title
 scratch_dir      scratch directory for tmp files           scratch
 --no-clean       retain scratch directory on exit          yes
 print            print level                               medium
 flush_amplitude  write formatted files with cluser ampl-s  no
 arith            recommended arithmetic                    real
 memory           max allowed RAM usage                     1024.0 Mb
 compress         compression of integrals on disk          disabled
 compress_triples compression of triples tensors in RAM     disabled
 disk_usage       disk usage level                          2 (rank-6+ and pppp on disk)
 tilesize         max dimension of formal blocks (tiles)    100
 nthreads         number of OpenMP parallel threads         1
 openmp_algorithm  parallelization algorithm for mult        external
 cuda             calculations on GPU (CUDA)                disabled
 maxiter          maximum number of CC iterations           50
 conv_thresh      convergence threshold (by amplitudes)     1e-09
 div_thresh       divergence threshold (by amplitudes)      1000
 reuse            reuse amplitudes and/or integrals         nothing

 skip             skip computations in sectors:             
 flush            flush amplitudes                          no
 interface        source of transformed molecular integrals  DIRAC
 integrals        one-electron Hamiltonian integrals file   MRCONEE
                  two-electron (Coulomb) integrals file     MDCINT
                  one-electron property integrals file      MDPROP
 x2cmmf           X2Cmmf Hamiltonian                        no
 new_sorting      new implementation of integral sorting    no
 gaunt            two-electron (Gaunt) integrals file       not used
 sector           target Fock space sector                  0h0p
 model            coupled cluster model (level of theory)   CCSD
 shifttype        formula for denominator shifts            shifts are disabled
 nroots           number of roots to be processed           all
 roots_cutoff     energy cutoff for roots to be processed   all
 degen_thresh     degeneracy threshold (a.u.)               1.0e-08
 occ_irreps       occupation numbers of spinors             (by irreps) [1/2g+]:3 [1/2g-]:2 [3/2g-]:1 [1/2u+]:2 [1/2u-]:2 [3/2u+]:1 [3/2u-]:1 
 occ              occupation numbers of spinors             default
 diis             DIIS technique for convergence            enabled
 diis <n>         DIIS subspace dimension                   10
 diis triples     DIIS for triples amplitudes               disabled
 diis             DIIS technique for convergence            disabled
 oneprop          interface to OneProp (by L.V.Skripnikov)  disabled
 twoprop          interface to TwoProp (by D.E.Maison)      disabled
 oneprop          interface to the MDPROP file              disabled
 density 0h0p     construct density matrix in 0h0p          disabled
 density 0h1p     construct density matrix in 0h1p          disabled
 overlap          calculate overlap int-s for target wfns   disabled
 nohermit         hermitization of effective Hamiltonians   disabled
 dltdm            model-space estimates of tran dipoles     disabled
 natorb           model-space natural orbitals              disabled
 prop             model-space estimates of properties       disabled
 select           selection of cluster amplitudes           disabled
 restrict_t3      restriction of triples                    disabled
 use_oe           use orbital energies from DIRAC           disabled
 ih_imms          simple intermediate Hamiltonian           disabled


 Creating scratch directory 'scratch' ...
 Current working directory:
 /home/oleynichenko/EXPT_RELEASES/EXP-T/examples/O2_highspin
 Full path to one-electron integrals:
 /home/oleynichenko/EXPT_RELEASES/EXP-T/examples/O2_highspin/MRCONEE
 Full path to Coulomb integrals:
 /home/oleynichenko/EXPT_RELEASES/EXP-T/examples/O2_highspin/MDCINT
 Full path to properties integrals:
 /home/oleynichenko/EXPT_RELEASES/EXP-T/examples/O2_highspin/MDPROP
 Changing working directory to scratch ...
 Current working directory:
 /home/oleynichenko/EXPT_RELEASES/EXP-T/examples/O2_highspin/scratch
 Sat May  4 15:16:12 2024
 Sat May  4 15:16:12 2024

 ******************************************************************
 **       BINARY INTERFACE TO THE DIRAC PROGRAM PACKAGE          **
 **                    version 10 Apr 2020                       **
 ******************************************************************

 required unformatted files (produced by DIRAC):
   MRCONEE -- spinor info & transformed one-electron integrals
   MDCINT  -- transformed two-electron integrals
 optional files (DIRAC):
   MDPROP  -- transformed integrals of one-electron properties
 optional files (D. E. Maison, L. V. Skripnikov):
   MGINT   -- transformed Gaunt integrals

 HINT: in order to obtain these files, add option .4INDEX to the
   **DIRAC section of the DIRAC input file; this will enable the
   code for integrals transformation. Then run:
   $ pam --inp=<inp-file> --mol=<mol-file> --get="MRCONEE MDCINT"


 Names of integral files:
 MRCONEE = /home/oleynichenko/EXPT_RELEASES/EXP-T/examples/O2_highspin/MRCONEE
 MDCINT  = /home/oleynichenko/EXPT_RELEASES/EXP-T/examples/O2_highspin/MDCINT
 MDPROP  = /home/oleynichenko/EXPT_RELEASES/EXP-T/examples/O2_highspin/MDPROP
 default integer type in DIRAC              integer(8)

 *** MRCONEE FILE ***
 NSPINORS                                             52
 was breit in DHF                            F
 nuclear repulsion energy                     -102.53088367542479     
 inversion symmetry (1-no,2-yes)                       2
 group type (1-real,2-cmplx,4-quater)                  1
 is spinfree                                           0
 arithmetic                                 real
 total num of orb-s (+frozen+deleted)                 56
 Total SCF energy =                           -149.68666145184079     
 number of fermion irreps in parent group              4
 names of these reps (grd, ungrd)             Eg 1Eg        Eg 2Eg        Eu 1Eu        Eu 2Eu      
 number of spinors active in the transf-n              2           2           3           3
 total number of orb-s of this ircop                  13          13
 number of occupied frozen (core) spinors   
   - total                                             1           1
   - positive energy                                   1           1
   - negative energy                                   0           0
 number of deleted spinors                             0           0
 number of fermion irreps in Abelian subgrp           32
 names of these irreps                        1g -1g  3g -3g  5g -5g  7g -7g  9g -9g 11g-11g 13g-13g 15g-15g  1u -1u  3u -3u  5u -5u  7u -7u  9u -9u 11u-11u 13u-13u 15u-15u  0g  2g -2g  4g -4g  6g -6g  8g -8g 10g-10g 12g-12g 14g-14g 16g  0u  2u -2u  4u -4u  6u -6u  8u -8u 10u-10u 12u-12u 14u-14u 16u
 number of g/u Kramers pairs          28          28
 number of boson symmetry reps(LUCITA)            8
 *** END OF MRCONEE FILE ***

 *** MDPROP FILE ***
 path to MDPROP file = /home/oleynichenko/EXPT_RELEASES/EXP-T/examples/O2_highspin/MDPROP
 MDPROP file exists
 property = XDIPLEN 
 order of parts: Re + i*Im
 property = YDIPLEN 
 order of parts: Re + i*Im
 property = ZDIPLEN 
 order of parts: Re + i*Im
 reached end of file MDPROP
 *** END OF MDPROP FILE ***

 ELECTRONIC contribution to dipole moment (DHF level)
 dx =    0.0000000000000000       (re)   0.0000000000000000      (im)
 dy =    0.0000000000000000       (re)   0.0000000000000000      (im)
 dz =    0.0000000000000000       (re)   0.0000000000000000      (im)
 |d| =    0.0000000000000000       a.u. =    0.0000000000000000       Debye
 1 a.u = 2.54174623 Debye

 *** MDCINT FILE ***
 datex                                   4May24  
 timex                                 15:16:10
 number of Kramers pairs                         26
 *** END OF MDCINT FILE ***

 number of VINT* files written                  1168
 written to disk: 19963968 bytes =    0.02 Gb

 Dinfh group is to be extended:
 max 2x|Omega| = 62
 number of irreps = 250

 Blocks of molecular spinors:
 --------------------------------------------------------------------------------
   #  size  irrep  spinor indices
 --------------------------------------------------------------------------------
 [ 0]    8  1/2g+  1-3,5-6,8,11-12
 [ 1]    8  1/2g-  14-16,18-19,21,24-25
 [ 2]    4  3/2g+  17,20,22,26
 [ 3]    4  3/2g-  4,7,9,13
 [ 4]    1  5/2g+  10
 [ 5]    1  5/2g-  23
 [ 6]    8  1/2u+  27-28,30-32,34-35,39
 [ 7]    8  1/2u-  40-41,43-45,47-48,52
 [ 8]    4  3/2u+  42,46,49-50
 [ 9]    4  3/2u-  29,33,36-37
 [10]    1  5/2u+  38
 [11]    1  5/2u-  51
 --------------------------------------------------------------------------------


		Symmetry & irreducible representations
		--------------------------------------

 Point group: Dinfh
 Group type: real
 Arithmetic: real
 Is abelian: yes
 Number of irreps: 250
 Totally symmetric irrep: 0g
 Representation names:
   0 1/2g+     1 1/2g-     2 3/2g+     3 3/2g-     4 5/2g+     5 5/2g-     6 7/2g+     7 7/2g-  
   8 9/2g+     9 9/2g-    10 11/2g+   11 11/2g-   12 13/2g+   13 13/2g-   14 15/2g+   15 15/2g- 
  16 17/2g+   17 17/2g-   18 19/2g+   19 19/2g-   20 21/2g+   21 21/2g-   22 23/2g+   23 23/2g- 
  24 25/2g+   25 25/2g-   26 27/2g+   27 27/2g-   28 29/2g+   29 29/2g-   30 31/2g+   31 31/2g- 
  32 33/2g+   33 33/2g-   34 35/2g+   35 35/2g-   36 37/2g+   37 37/2g-   38 39/2g+   39 39/2g- 
  40 41/2g+   41 41/2g-   42 43/2g+   43 43/2g-   44 45/2g+   45 45/2g-   46 47/2g+   47 47/2g- 
  48 49/2g+   49 49/2g-   50 51/2g+   51 51/2g-   52 53/2g+   53 53/2g-   54 55/2g+   55 55/2g- 
  56 57/2g+   57 57/2g-   58 59/2g+   59 59/2g-   60 61/2g+   61 61/2g-   62 1/2u+    63 1/2u-  
  64 3/2u+    65 3/2u-    66 5/2u+    67 5/2u-    68 7/2u+    69 7/2u-    70 9/2u+    71 9/2u-  
  72 11/2u+   73 11/2u-   74 13/2u+   75 13/2u-   76 15/2u+   77 15/2u-   78 17/2u+   79 17/2u- 
  80 19/2u+   81 19/2u-   82 21/2u+   83 21/2u-   84 23/2u+   85 23/2u-   86 25/2u+   87 25/2u- 
  88 27/2u+   89 27/2u-   90 29/2u+   91 29/2u-   92 31/2u+   93 31/2u-   94 33/2u+   95 33/2u- 
  96 35/2u+   97 35/2u-   98 37/2u+   99 37/2u-  100 39/2u+  101 39/2u-  102 41/2u+  103 41/2u- 
 104 43/2u+  105 43/2u-  106 45/2u+  107 45/2u-  108 47/2u+  109 47/2u-  110 49/2u+  111 49/2u- 
 112 51/2u+  113 51/2u-  114 53/2u+  115 53/2u-  116 55/2u+  117 55/2u-  118 57/2u+  119 57/2u- 
 120 59/2u+  121 59/2u-  122 61/2u+  123 61/2u-  124 0g      125 1g+     126 1g-     127 2g+    
 128 2g-     129 3g+     130 3g-     131 4g+     132 4g-     133 5g+     134 5g-     135 6g+    
 136 6g-     137 7g+     138 7g-     139 8g+     140 8g-     141 9g+     142 9g-     143 10g+   
 144 10g-    145 11g+    146 11g-    147 12g+    148 12g-    149 13g+    150 13g-    151 14g+   
 152 14g-    153 15g+    154 15g-    155 16g+    156 16g-    157 17g+    158 17g-    159 18g+   
 160 18g-    161 19g+    162 19g-    163 20g+    164 20g-    165 21g+    166 21g-    167 22g+   
 168 22g-    169 23g+    170 23g-    171 24g+    172 24g-    173 25g+    174 25g-    175 26g+   
 176 26g-    177 27g+    178 27g-    179 28g+    180 28g-    181 29g+    182 29g-    183 30g+   
 184 30g-    185 31g+    186 31g-    187 0u      188 1u+     189 1u-     190 2u+     191 2u-    
 192 3u+     193 3u-     194 4u+     195 4u-     196 5u+     197 5u-     198 6u+     199 6u-    
 200 7u+     201 7u-     202 8u+     203 8u-     204 9u+     205 9u-     206 10u+    207 10u-   
 208 11u+    209 11u-    210 12u+    211 12u-    212 13u+    213 13u-    214 14u+    215 14u-   
 216 15u+    217 15u-    218 16u+    219 16u-    220 17u+    221 17u-    222 18u+    223 18u-   
 224 19u+    225 19u-    226 20u+    227 20u-    228 21u+    229 21u-    230 22u+    231 22u-   
 232 23u+    233 23u-    234 24u+    235 24u-    236 25u+    237 25u-    238 26u+    239 26u-   
 240 27u+    241 27u-    242 28u+    243 28u-    244 29u+    245 29u-    246 30u+    247 30u-   
 248 31u+    249 31u-   

				Spinors info
				------------

     no    rep         occ    active        one-el energy
    -------------------------------------------------------
       1   0 "1/2g+ "   1       -          -1.657087432042
       2   0 "1/2g+ "   1       -          -0.731171512929
       3   0 "1/2g+ "   1       -          -0.353747925623
       4   3 "3/2g- "   1       -          -0.352768545114
       5   0 "1/2g+ "   0       -           1.152705009817
       6   0 "1/2g+ "   0       -           1.216031298875
       7   3 "3/2g- "   0       -           1.217075270255
       8   0 "1/2g+ "   0       -           1.326889865150
       9   3 "3/2g- "   0       -           2.682330235439
      10   4 "5/2g+ "   0       -           2.682564682014
      11   0 "1/2g+ "   0       -           3.177945059734
      12   0 "1/2g+ "   0       -           3.677751407675
      13   3 "3/2g- "   0       -           3.677904646693
      14   1 "1/2g- "   1       -          -1.657087432042
      15   1 "1/2g- "   1       -          -0.731171512929
      16   1 "1/2g- "   0       -          -0.353747925623
      17   2 "3/2g+ "   0       -          -0.352768545114
      18   1 "1/2g- "   0       -           1.152705009817
      19   1 "1/2g- "   0       -           1.216031298875
      20   2 "3/2g+ "   0       -           1.217075270255
      21   1 "1/2g- "   0       -           1.326889865150
      22   2 "3/2g+ "   0       -           2.682330235439
      23   5 "5/2g- "   0       -           2.682564682014
      24   1 "1/2g- "   0       -           3.177945059734
      25   1 "1/2g- "   0       -           3.677751407675
      26   2 "3/2g+ "   0       -           3.677904646693
      27  62 "1/2u+ "   1       -          -1.101598007756
      28  62 "1/2u+ "   1       -          -0.703351973919
      29  65 "3/2u- "   1       -          -0.702547404791
      30  62 "1/2u+ "   0       -           0.461770307117
      31  62 "1/2u+ "   0       -           1.077458284967
      32  62 "1/2u+ "   0       -           1.108301221912
      33  65 "3/2u- "   0       -           1.109420848121
      34  62 "1/2u+ "   0       -           1.971963403045
      35  62 "1/2u+ "   0       -           2.401379451897
      36  65 "3/2u- "   0       -           2.401516041204
      37  65 "3/2u- "   0       -           3.007758582508
      38  66 "5/2u+ "   0       -           3.008010665690
      39  62 "1/2u+ "   0       -           4.190405300543
      40  63 "1/2u- "   1       -          -1.101598007756
      41  63 "1/2u- "   1       -          -0.703351973919
      42  64 "3/2u+ "   1       -          -0.702547404791
      43  63 "1/2u- "   0       -           0.461770307117
      44  63 "1/2u- "   0       -           1.077458284967
      45  63 "1/2u- "   0       -           1.108301221912
      46  64 "3/2u+ "   0       -           1.109420848121
      47  63 "1/2u- "   0       -           1.971963403045
      48  63 "1/2u- "   0       -           2.401379451897
      49  64 "3/2u+ "   0       -           2.401516041204
      50  64 "3/2u+ "   0       -           3.007758582508
      51  67 "5/2u- "   0       -           3.008010665690
      52  63 "1/2u- "   0       -           4.190405300543
    -------------------------------------------------------

    irreps             1/2g+ 1/2g- 3/2g+ 3/2g- 5/2g+ 5/2g- 1/2u+ 1/2u- 3/2u+ 3/2u- 5/2u+ 5/2u-
    occupied inactive      3     2     0     1     0     0     2     2     1     1     0     0
    occupied active        0     0     0     0     0     0     0     0     0     0     0     0
    virtual active         0     0     0     0     0     0     0     0     0     0     0     0
    virtual inactive       5     6     4     3     1     1     6     6     3     3     1     1



				*****************
				** Sector 0h0p **
				*****************



 Integral sorting for the 0h0p sector
 started at Sat May  4 15:16:14 2024
 number of spinors                              52
 number of spinor blocks                        12
 tile size                                      100
 max spinor block size                          8
 size of i/o buffer for integrals and indices   0.375 MB
 size of the buffer for two-elec integrals      0.004 MB
 sorting two-electron integrals
   step    #blocks   ints read    time,s  rate,G/s
   0 / 12      455     1439168         1      0.02
   1 / 12      427     1314752         0      0.02
   2 / 12      196      235136         0      0.00
   3 / 12      341      427232         0      0.01
   4 / 12      132       29442         0      0.00
   5 / 12      122       29186         0      0.00
   6 / 12      337     1074048         0      0.02
   7 / 12      313      966464         0      0.02
   8 / 12      239      292928         0      0.01
   9 / 12      221      274880         0      0.01
  10 / 12       83       19678         0      0.00
  11 / 12       69       18526         0      0.00
   total      2935     6121440         5      0.01
 sorting one-electron integrals ...
   Fock matrix reconstruction ...
   SCF energy (energy of reference determinant) =    -149.718144633810 a.u.
   SCF energy (energy of reference determinant) was updated:
     old energy =    -149.686661451841 a.u.
     new energy =    -149.718144633810 a.u.
   The diagonal elements of the reconstructed Fock matrix don't coincide with the orbital energies!
   NOTE: The diagonal elements of the recomputed Fock matrix (right column) are used in perturbation expressions.

   no    rep         occ    active     one-el energy        recalc energy            delta    
  ---------------------------------------------------------------------------------------------
     1   0 "1/2g+ "   1       i        -1.6570874320        -1.6026227675         5.446466e-02
     2   0 "1/2g+ "   1       i        -0.7311715129        -0.6968486168         3.432290e-02
     3   0 "1/2g+ "   1       i        -0.3537479256        -0.5294028318        -1.756549e-01
     4   3 "3/2g- "   1       i        -0.3527685451        -0.5282602301        -1.754917e-01
     5   0 "1/2g+ "   0       i         1.1527050098         1.1629639436         1.025893e-02
     6   0 "1/2g+ "   0       i         1.2160312989         1.1696960570        -4.633524e-02
     7   3 "3/2g- "   0       i         1.2170752703         1.1706875636        -4.638771e-02
     8   0 "1/2g+ "   0       i         1.3268898651         1.3450872194         1.819735e-02
     9   3 "3/2g- "   0       i         2.6823302354         2.7356452251         5.331499e-02
    10   4 "5/2g+ "   0       i         2.6825646820         2.7358753957         5.331071e-02
    11   0 "1/2g+ "   0       i         3.1779450597         3.2097236995         3.177864e-02
    12   0 "1/2g+ "   0       i         3.6777514077         3.6420763026        -3.567511e-02
    13   3 "3/2g- "   0       i         3.6779046467         3.6422389338        -3.566571e-02
    14   1 "1/2g- "   1       i        -1.6570874320        -1.7115520943        -5.446466e-02
    15   1 "1/2g- "   1       i        -0.7311715129        -0.7654944063        -3.432289e-02
    16   1 "1/2g- "   0       i        -0.3537479256         0.1101198522         4.638678e-01
    17   2 "3/2g+ "   0       i        -0.3527685451         0.1108707231         4.636393e-01
    18   1 "1/2g- "   0       i         1.1527050098         1.1424460829        -1.025893e-02
    19   1 "1/2g- "   0       i         1.2160312989         1.2623665441         4.633525e-02
    20   2 "3/2g+ "   0       i         1.2170752703         1.2634629803         4.638771e-02
    21   1 "1/2g- "   0       i         1.3268898651         1.3086925150        -1.819735e-02
    22   2 "3/2g+ "   0       i         2.6823302354         2.6290152493        -5.331499e-02
    23   5 "5/2g- "   0       i         2.6825646820         2.6292539719        -5.331071e-02
    24   1 "1/2g- "   0       i         3.1779450597         3.1461664222        -3.177864e-02
    25   1 "1/2g- "   0       i         3.6777514077         3.7134265164         3.567511e-02
    26   2 "3/2g+ "   0       i         3.6779046467         3.7135703632         3.566572e-02
    27  62 "1/2u+ "   1       i        -1.1015980078        -1.0110489060         9.054910e-02
    28  62 "1/2u+ "   1       i        -0.7033519739        -0.8203415342        -1.169896e-01
    29  65 "3/2u- "   1       i        -0.7025474048        -0.8194134449        -1.168660e-01
    30  62 "1/2u+ "   0       i         0.4617703071         0.4940929594         3.232265e-02
    31  62 "1/2u+ "   0       i         1.0774582850         1.0914940342         1.403575e-02
    32  62 "1/2u+ "   0       i         1.1083012219         1.0600387017        -4.826252e-02
    33  65 "3/2u- "   0       i         1.1094208481         1.0610753132        -4.834553e-02
    34  62 "1/2u+ "   0       i         1.9719634030         1.9962035508         2.424015e-02
    35  62 "1/2u+ "   0       i         2.4013794519         2.3642652886        -3.711416e-02
    36  65 "3/2u- "   0       i         2.4015160412         2.3643960761        -3.711997e-02
    37  65 "3/2u- "   0       i         3.0077585825         3.0749421373         6.718355e-02
    38  66 "5/2u+ "   0       i         3.0080106657         3.0751898979         6.717923e-02
    39  62 "1/2u+ "   0       i         4.1904053005         4.2116608189         2.125552e-02
    40  63 "1/2u- "   1       i        -1.1015980078        -1.1921471095        -9.054910e-02
    41  63 "1/2u- "   1       i        -0.7033519739        -0.5863624172         1.169896e-01
    42  64 "3/2u+ "   1       i        -0.7025474048        -0.5856813683         1.168660e-01
    43  63 "1/2u- "   0       i         0.4617703071         0.4294476599        -3.232265e-02
    44  63 "1/2u- "   0       i         1.0774582850         1.0634225408        -1.403574e-02
    45  63 "1/2u- "   0       i         1.1083012219         1.1565637457         4.826252e-02
    46  64 "3/2u+ "   0       i         1.1094208481         1.1577663866         4.834554e-02
    47  63 "1/2u- "   0       i         1.9719634030         1.9477232586        -2.424014e-02
    48  63 "1/2u- "   0       i         2.4013794519         2.4384936165         3.711416e-02
    49  64 "3/2u+ "   0       i         2.4015160412         2.4386360076         3.711997e-02
    50  64 "3/2u+ "   0       i         3.0077585825         2.9405750319        -6.718355e-02
    51  67 "5/2u- "   0       i         3.0080106657         2.9408314377        -6.717923e-02
    52  63 "1/2u- "   0       i         4.1904053005         4.1691497852        -2.125552e-02
  ---------------------------------------------------------------------------------------------
 max deviation of the diagonal elements of the reconstructed Fock matrix and orbital energies = 4.638678e-01
 fill 1-electron diagrams ... hh hp ph pp done
 time for 2-e integrals sorting, sec: 4.82
 time for DIRAC interface (integral extraction & write), sec: 1.76
 total time for sorting operations, sec: 6.59
 finished at at Sat May  4 15:16:19 2024

 Initial guess
 -------------
 Contributions to the MP2 energy:
   one-particle    -0.0119045766   0.0000000000
   two-particle    -0.3711567340   0.0000000000
 MP2 correlation energy =      -0.383061310629
       Total MP2 energy =    -150.101205944439

 solution of amplitude equations (sector 0h0p)		 Sat May  4 15:16:19 2024
 ---------------------------------------------------------------------------------------
 it.       diffmax(T1)       diffmax(T2)     max(T1)     max(T2)    t,sec       mem,Gb
 ---------------------------------------------------------------------------------------
   1    0.019887257628    0.019587701957    0.031187    0.094120      0.5    0.08/0.08
   2    0.006377658334    0.011114754441    0.031202    0.105234      0.5    0.08/0.08
   3    0.001540626335    0.001748736925    0.032740    0.104795      0.5    0.08/0.08
   4    0.000174979007    0.000628579335    0.033551    0.106372      0.5    0.08/0.08
   5    0.000073739334    0.000149591980    0.033802    0.106866      0.5    0.08/0.08
   6    0.000019495908    0.000034699752    0.033836    0.107006      0.5    0.08/0.08
   7    0.000009788649    0.000009502551    0.033838    0.107044      0.5    0.08/0.08
   8    0.000005343595    0.000001534812    0.033836    0.107051      0.5    0.08/0.08
   9    0.000002998686    0.000000636891    0.033834    0.107053      0.5    0.08/0.09
  10    0.000001531870    0.000000401142    0.033834    0.107053      0.5    0.08/0.09
  11    0.000000536205    0.000000198009    0.033833    0.107053      0.5    0.08/0.09
  12    0.000000086078    0.000000072916    0.033833    0.107053      0.5    0.08/0.09
  13    0.000000016894    0.000000029335    0.033833    0.107053      0.5    0.08/0.09
  14    0.000000007934    0.000000012811    0.033833    0.107053      0.5    0.08/0.09
  15    0.000000004369    0.000000004894    0.033833    0.107053      0.5    0.08/0.09
  16    0.000000001289    0.000000001293    0.033833    0.107053      0.5    0.08/0.09
  17    0.000000000271    0.000000000224    0.033833    0.107053      0.4    0.08/0.09
 ---------------------------------------------------------------------------------------
 converged in 17 iterations

 average time per iteration = 0.461 sec


          SCF reference energy =    -149.718144633810
       CCSD correlation energy =      -0.366958682580
             Total CCSD energy =    -150.085103316391


 (absolute values)
 Max T{0h0p}_1 amplitude (t{00}_ia) [ 40 -> 43 ] = 0.03383349
   [  40] eps=     -1.19214711 rep=1/2u- inactive occ
   [  43] eps=      0.42944766 rep=1/2u- inactive virt
 Max T{0h0p}_2 amplitude (t{00}_ijab) [ 41 42 -> 16 17 ] = 0.10705310
   [  41] eps=     -0.58636242 rep=1/2u- inactive occ
   [  42] eps=     -0.58568137 rep=3/2u+ inactive occ
   [  16] eps=      0.11011985 rep=1/2g- inactive virt
   [  17] eps=      0.11087072 rep=3/2g+ inactive virt

 Norm |T{0h0p}_1| = 0.07423811
 Norm |T{0h0p}_2| = 0.62682384

 T1 diagnostic = 0.02143070
 More on T1 diagnostic: [T.J.Lee,P.R.Taylor,IJQC 23,199(1989)]


 time for (sec):
 -------------------------------------------------------
  Total time of execution                        15.214
  Diagram contraction (mult) for <PP||PP>         0.980
  DIRAC interface (MRCONEE/MDCINT)                1.765
  Diagram template constr (tmplt)                 0.618
  Sorting of integrals                            4.824
  Tensor transposition (reorder)                  1.132
  Energy denominators (diveps)                    0.003
  0h0p -- Singles equations (T1)                  0.422
  Diagram contraction (mult)                      4.967
  mult M <- M x M                                 3.527
  mult M <- D x M                                 0.959
  Diagram addition (update)                       0.086
  0h0p -- Doubles equations (T2)                  7.258
  Permutation operators                           1.202
  DIIS extrapolation                              0.137
 -------------------------------------------------------


 memory in usage  = 7735504 bytes = 7.4 Mb = 0.01 Gb
 max memory usage = 92972288 bytes = 88.7 Mb = 0.09 Gb
 Disk I/O:
   files created: 14704   files removed: 0
   read          76862240 bytes = 0.072 Gb
   write         44275352 bytes = 0.041 Gb

 EXP-T terminated normally at Sat May  4 15:16:27 2024
 Total run time: 0 days 0 hours 0 minutes 15 seconds 213 milliseconds
