
		**********************************************************************************
		**                                                                              **
		**                                   E X P - T                                  **
		**        Relativistic Fock-Space Multireference Coupled Cluster Program        **
		**                                                                              **
		**                     version 1.5.1 (8 Oct 2020) development                   **
		**                                                                              **
		**********************************************************************************
		**                                                                              **
		** EXP-T is free software: you can redistribute it and/or modify                **
		** it under the terms of the GNU Lesser General Public License as published by  **
		** the Free Software Foundation, either version 3 of the License, or            **
		** (at your option) any later version.                                          **
		**                                                                              **
		** EXP-T is distributed in the hope that it will be useful,                     **
		** but WITHOUT ANY WARRANTY; without even the implied warranty of               **
		** MERCHANTABILITY or FITNESS FOR A PARTICULAR PURPOSE.  See the                **
		** GNU Lesser General Public License for more details.                          **
		**                                                                              **
		** You should have received a copy of the GNU Lesser General Public License     **
		** along with EXP-T.  If not, see <http://www.gnu.org/licenses/>.               **
		**                                                                              **
		**********************************************************************************
		**                                                                              **
		** For more information about the EXP-T program system see                      **
		** http://www.qchem.pnpi.spb.ru/expt                                            **
		**                                                                              **
		** This is an experimental code. The authors accept no responsibility           **
		** for the performance of the code or for the correctness of the results.       **
		**                                                                              **
		** If results obtained with this code are published, an                         **
		** appropriate citation would be:                                               **
		**                                                                              **
		** [1] A. Oleynichenko, A. Zaitsevskii, E. Eliav.                               **
		**     EXP-T, An Extensible Code for Fock Space Relativistic Coupled Cluster    **
		**     Calculations. See http://www.qchem.pnpi.spb.ru/expt.                     **
		** [2] A. V. Oleynichenko, A. Zaitsevskii, E. Eliav.                            **
		**     Towards high performance relativistic electronic structure modelling:    **
		**     the EXP-T program package, 2020. arXiv:2004.03682v1.                     **
		**                                                                              **
		**********************************************************************************

Authors:
  Alexander Oleynichenko [alexvoleynichenko@gmail.com]
  Andrei Zaitsevskii
  Ephraim Eliav
Compiler: Intel C Compiler 1910 (Intel(R) C++ gcc 4.8.5 mode)
BLAS/LAPACK implementation: Intel MKL v 2020.0.0
Build date: Oct  8 2020 12:22:38
Run date: Thu Oct  8 12:31:20 2020
Hostname: alexander

------------------------- size of data types (bytes) -------------------------
                               integer types                                  
 char            1  unsigned char   1   signed char     1   short           2
 unsigned short  2  int             4   unsigned int    4   long            8
 unsigned long   8  long long       8   unsigned long long                  8
 int8_t          1  int16_t         2   int32_t         4   int64_t         8
 uint8_t         1  uint16_t        2   uint32_t        4   uint64_t        8
                      size, pointer, difference types                         
 size_t          8  ptrdiff_t       8   void *          8
                                 real types                                   
 float           4  double          8   long double    16
                               complex types                                  
 float complex   8  double complex 16   long double complex                32
------------------------------------------------------------------------------

CUDA disabled

Reading input file: input-Cinfv_F-

----------------------------- echo of input file -----------------------------
title "Rb atom -- relativistic EA-CCSD calculation"
maxiter 50
conv 1e-9
sector 0h1p
nactp 8

# import integrals from
integrals MRCONEE-Cinfv_F- MDCINT-Cinfv_F-


------------------------------------------------------------------------------


				Options
				-------
 title            title string - comment                    Rb atom -- relativistic EA-CCSD calculation
 scratch_dir      scratch directory for tmp files           scratch
 --no-clean       retain scratch directory on exit          yes
 print            print level                               medium
 arith            recommended arithmetic                    real
 memory           max allowed RAM usage                     1024.0 Mb
 compress         compression of integrals on disk          disabled
 disk_usage       disk usage level                          2 (rank-6+ and pppp on disk)
 tilesize         max dimension of formal blocks (tiles)    100
 nthreads         number of OpenMP parallel threads         1
 cuda             calculations on GPU (CUDA)                disabled
 maxiter          maximum number of CC iterations           50
 conv             convergence threshold (by amplitudes)     1e-09
 reuse            reuse amplitudes and/or integrals         nothing 
 flush            flush amplitudes                          no
 integrals        one-electron Hamiltonian integrals file   MRCONEE-Cinfv_F-
                  two-electron (Coulomb) integrals file     MDCINT-Cinfv_F-
                  one-electron property integrals file      MDPROP
 x2cmmf           X2Cmmf Hamiltonian                        no
 gaunt            two-electron (Gaunt) integrals file       not used
 sector           target Fock space sector                  0h1p
 model            coupled cluster model (level of theory)   CCSD
 nacth            number of active hole spinors             0 spinors
 nactp            number of active particle spinors         8 spinors
 shifttype        formula for denominator shifts            shifts are disabled
 nroots           number of roots to be processed           all
 degen_thresh     degeneracy threshold (a.u.)               1.0e-08
 occ_irreps       occupation numbers of spinors             default (from integral interface)
 occ              occupation numbers of spinors             default
 diis             DIIS technique for convergence            enabled
 diis <n>         DIIS subspace dimension                   10
 diis triples     DIIS for triples amplitudes               5814660

  int-face OneProp  disabled
  int-face TwoProp  disabled
  int-face MDPROP   disabled
  hermitization     enabled
  calculate DL-TDMs disabled
  natural orbitals  disabled
  model-space props disabled

 Scratch directory 'scratch' exists
 Current working directory = /home/alexander/Science/expt/examples/Rb_atom_TDMs
 Full path to one-electron integrals = /home/alexander/Science/expt/examples/Rb_atom_TDMs/MRCONEE-Cinfv_F-
 Full path to Coulomb integrals = /home/alexander/Science/expt/examples/Rb_atom_TDMs/MDCINT-Cinfv_F-
 Full path to properties integrals = /home/alexander/Science/expt/examples/Rb_atom_TDMs/MDPROP
 Changing working directory to scratch ...
 Current working directory = /home/alexander/Science/expt/examples/Rb_atom_TDMs/scratch
 
 ******************************************************************
 **       BINARY INTERFACE TO THE DIRAC PROGRAM PACKAGE          **
 **                    version 10 Apr 2020                       **
 ******************************************************************
 
 required unformatted files (produced by DIRAC):
   MRCONEE -- spinor info & transformed one-electron integrals
   MDCINT  -- transformed two-electron integrals
 optional files (DIRAC):
   MDPROP  -- transformed integrals of one-electron properties
 optional files (D. E. Maison, L. V. Skripnikov):
   MGINT   -- transformed Gaunt integrals
 
 HINT: in order to obtain these files, add option .4INDEX to the
   **DIRAC section of the DIRAC input file; this will enable the
   code for integrals transformation. Then run:
   $ pam --inp=<inp-file> --mol=<mol-file> --get="MRCONEE MDCINT"
 
 
 Names of integral files:
 MRCONEE = /home/alexander/Science/expt/examples/Rb_atom_TDMs/MRCONEE-Cinfv_F-
 MDCINT  = /home/alexander/Science/expt/examples/Rb_atom_TDMs/MDCINT-Cinfv_F-
 MDPROP  = /home/alexander/Science/expt/examples/Rb_atom_TDMs/MDPROP
 MDPROP unformatted file is not found!
 will be continued without properties
 default integer type in DIRAC              integer(8)
 
 *** MRCONEE FILE ***
 nspinors                                            182
 was breit in DHF                            F
 nuclear repulsion energy                     0.000000000000000E+000
 inversion symmetry (1-no,2-yes)                       1
 group type (1-real,2-cmplx,4-quater)                  1
 is spinfree                                           0
 arithmetic                                 real
 total num of orb-s (+frozen+deleted)                 92
 Total SCF energy =                           -23.6574739370869     
 number of fermion irreps in parent group              2
 names of these reps (grd, ungrd)              E  1E         E  2E      
 number of spinors active in the transf-n              4           4
 total number of orb-s of this ircop                  91
 number of occupied frozen (core) spinors   
   - total                                             0
   - positive energy                                   0
   - negative energy                                   0
 number of deleted spinors                             1
 number of fermion irreps in Abelian subgrp           32
 names of these irreps                         1  -1   3  -3   5  -5   7  -7   9
   -9  11 -11  13 -13  15 -15  17 -17  19 -19  21 -21  23 -23  25 -25  27 -27
   29 -29  31 -31   0   2  -2   4  -4   6  -6   8  -8  10 -10  12 -12  14 -14
   16 -16  18 -18  20 -20  22 -22  24 -24  26 -26  28 -28  30 -30  32
 number of g/u Kramers pairs          92
 number of boson symmetry reps(LUCITA)            4
 *** END OF MRCONEE FILE ***
 
 *** MDPROP FILE ***
 path to MDPROP file = /home/alexander/Science/expt/examples/Rb_atom_TDMs/MDPROP
 MDPROP file does not exist, properties integrals cannot be read
 *** END OF MDPROP FILE ***
 
 expectation value of dipole moment at the SCF level cannot be calculated
 
 *** MDCINT FILE ***
 Thu Oct  8 12:31:20 2020
 datex                                   8Oct20  
 timex                                 12:29:38
 number of Kramers pairs                         91
 Thu Oct  8 12:31:30 2020
 *** END OF MDCINT FILE ***
 
 number of VINT* files written                    670
 written to disk: 1735220288 bytes =    1.62 Gb
 Blocks of molecular spinors:
 --------------------------------------------------------------------------------
   #  size  irrep  spinor indices
 --------------------------------------------------------------------------------
 [ 0]   40   1/2+  1-2,4-6,8-9,13-16,18,21,23-24,26,29-30,35-36,39,42,44-45,47-48,52,55,60,65,68-70,72-73,77,80,84,89-90
 [ 1]   40   1/2-  92-93,95-97,99-100,104-107,109,112,114-115,117,120-121,126-127,130,133,135-136,138-139,143,146,151,156,159-161,163-164,168,171,175,180-181
 [ 2]   27   3/2+  94,98,102-103,108,111,113,116,118,122,124,129,131,134,137,141,145,149,153,155,157,162,165,167,174,179,182
 [ 3]   27   3/2-  3,7,11-12,17,20,22,25,27,31,33,38,40,43,46,50,54,58,62,64,66,71,74,76,83,88,91
 [ 4]   15   5/2+  10,19,28,34,37,41,51,53,56,61,67,75,79,81,85
 [ 5]   15   5/2-  101,110,119,125,128,132,142,144,147,152,158,166,170,172,176
 [ 6]    7   7/2+  123,140,148,154,169,173,178
 [ 7]    7   7/2-  32,49,57,63,78,82,87
 [ 8]    2   9/2+  59,86
 [ 9]    2   9/2-  150,177
 --------------------------------------------------------------------------------


				Spinors info
				------------

     no    rep         occ    active        one-el energy
    -------------------------------------------------------
       1   0 "1/2+  "   1       -          -1.775530719127  
       2   0 "1/2+  "   1       -          -1.034887717851  
       3   3 "3/2-  "   1       -          -0.999339409606  
       4   0 "1/2+  "   1       -          -0.999339409606  
       5   0 "1/2+  "   0       a          -0.139278642845  
       6   0 "1/2+  "   0       a          -0.090758207606  
       7   3 "3/2-  "   0       a          -0.089946511955  
       8   0 "1/2+  "   0       a          -0.089946511955  
       9   0 "1/2+  "   0       -          -0.059704249387  
      10   4 "5/2+  "   0       -          -0.059704249387  
      11   3 "3/2-  "   0       -          -0.059704249387  
      12   3 "3/2-  "   0       -          -0.059644752440  
      13   0 "1/2+  "   0       -          -0.059644752440  
      14   0 "1/2+  "   0       -          -0.056510061029  
      15   0 "1/2+  "   0       -          -0.040209791086  
      16   0 "1/2+  "   0       -          -0.039744122064  
      17   3 "3/2-  "   0       -          -0.039744122064  
      18   0 "1/2+  "   0       -          -0.027170652588  
      19   4 "5/2+  "   0       -          -0.027170652588  
      20   3 "3/2-  "   0       -          -0.027170652588  
      21   0 "1/2+  "   0       -          -0.027105239250  
      22   3 "3/2-  "   0       -          -0.027105239250  
      23   0 "1/2+  "   0       -           0.036239079100  
      24   0 "1/2+  "   0       -           0.037330317515  
      25   3 "3/2-  "   0       -           0.038963387549  
      26   0 "1/2+  "   0       -           0.038963387549  
      27   3 "3/2-  "   0       -           0.051959895646  
      28   4 "5/2+  "   0       -           0.051959895646  
      29   0 "1/2+  "   0       -           0.051959895646  
      30   0 "1/2+  "   0       -           0.051991050870  
      31   3 "3/2-  "   0       -           0.051991050870  
      32   7 "7/2-  "   0       -           0.273035236794  
      33   3 "3/2-  "   0       -           0.273035236794  
      34   4 "5/2+  "   0       -           0.273035236794  
      35   0 "1/2+  "   0       -           0.273035236794  
      36   0 "1/2+  "   0       -           0.273199194575  
      37   4 "5/2+  "   0       -           0.273199194575  
      38   3 "3/2-  "   0       -           0.273199194575  
      39   0 "1/2+  "   0       -           0.333424759793  
      40   3 "3/2-  "   0       -           0.333424759793  
      41   4 "5/2+  "   0       -           0.335012651121  
      42   0 "1/2+  "   0       -           0.335012651121  
      43   3 "3/2-  "   0       -           0.335012651121  
      44   0 "1/2+  "   0       -           0.335319286775  
      45   0 "1/2+  "   0       -           0.343004294928  
      46   3 "3/2-  "   0       -           0.343004294928  
      47   0 "1/2+  "   0       -           0.416060731550  
      48   0 "1/2+  "   0       -           1.058645529302  
      49   7 "7/2-  "   0       -           1.058645529302  
      50   3 "3/2-  "   0       -           1.058645529302  
      51   4 "5/2+  "   0       -           1.058645529302  
      52   0 "1/2+  "   0       -           1.059173749354  
      53   4 "5/2+  "   0       -           1.059173749354  
      54   3 "3/2-  "   0       -           1.059173749354  
      55   0 "1/2+  "   0       -           1.299402269129  
      56   4 "5/2+  "   0       -           1.299402269129  
      57   7 "7/2-  "   0       -           1.299402269129  
      58   3 "3/2-  "   0       -           1.299402269129  
      59   8 "9/2+  "   0       -           1.299402269129  
      60   0 "1/2+  "   0       -           1.299690442565  
      61   4 "5/2+  "   0       -           1.299690442565  
      62   3 "3/2-  "   0       -           1.299690442565  
      63   7 "7/2-  "   0       -           1.299690442565  
      64   3 "3/2-  "   0       -           1.559358136729  
      65   0 "1/2+  "   0       -           1.559358136729  
      66   3 "3/2-  "   0       -           1.569167805641  
      67   4 "5/2+  "   0       -           1.569167805641  
      68   0 "1/2+  "   0       -           1.569167805641  
      69   0 "1/2+  "   0       -           1.592868022249  
      70   0 "1/2+  "   0       -           1.635085866345  
      71   3 "3/2-  "   0       -           1.635085866347  
      72   0 "1/2+  "   0       -           1.809530694624  
      73   0 "1/2+  "   0       -           2.925701591606  
      74   3 "3/2-  "   0       -           2.925701591606  
      75   4 "5/2+  "   0       -           2.925701591606  
      76   3 "3/2-  "   0       -           2.926292680814  
      77   0 "1/2+  "   0       -           2.926292680814  
      78   7 "7/2-  "   0       -           2.926292680814  
      79   4 "5/2+  "   0       -           2.926292680814  
      80   0 "1/2+  "   0       -           3.648464161062  
      81   4 "5/2+  "   0       -           3.648464161062  
      82   7 "7/2-  "   0       -           3.648464161062  
      83   3 "3/2-  "   0       -           3.648464161062  
      84   0 "1/2+  "   0       -           3.648602641435  
      85   4 "5/2+  "   0       -           3.648602641435  
      86   8 "9/2+  "   0       -           3.648602641435  
      87   7 "7/2-  "   0       -           3.648602641435  
      88   3 "3/2-  "   0       -           3.648602641435  
      89   0 "1/2+  "   0       -          10.123005463300  
      90   0 "1/2+  "   0       -          10.381572798816  
      91   3 "3/2-  "   0       -          10.381572798820  
      92   1 "1/2-  "   1       -          -1.775530719127  
      93   1 "1/2-  "   1       -          -1.034887717851  
      94   2 "3/2+  "   1       -          -0.999339409606  
      95   1 "1/2-  "   1       -          -0.999339409606  
      96   1 "1/2-  "   0       a          -0.139278642845  
      97   1 "1/2-  "   0       a          -0.090758207606  
      98   2 "3/2+  "   0       a          -0.089946511955  
      99   1 "1/2-  "   0       a          -0.089946511955  
     100   1 "1/2-  "   0       -          -0.059704249387  
     101   5 "5/2-  "   0       -          -0.059704249387  
     102   2 "3/2+  "   0       -          -0.059704249387  
     103   2 "3/2+  "   0       -          -0.059644752440  
     104   1 "1/2-  "   0       -          -0.059644752440  
     105   1 "1/2-  "   0       -          -0.056510061029  
     106   1 "1/2-  "   0       -          -0.040209791086  
     107   1 "1/2-  "   0       -          -0.039744122064  
     108   2 "3/2+  "   0       -          -0.039744122064  
     109   1 "1/2-  "   0       -          -0.027170652588  
     110   5 "5/2-  "   0       -          -0.027170652588  
     111   2 "3/2+  "   0       -          -0.027170652588  
     112   1 "1/2-  "   0       -          -0.027105239250  
     113   2 "3/2+  "   0       -          -0.027105239250  
     114   1 "1/2-  "   0       -           0.036239079100  
     115   1 "1/2-  "   0       -           0.037330317515  
     116   2 "3/2+  "   0       -           0.038963387549  
     117   1 "1/2-  "   0       -           0.038963387549  
     118   2 "3/2+  "   0       -           0.051959895646  
     119   5 "5/2-  "   0       -           0.051959895646  
     120   1 "1/2-  "   0       -           0.051959895646  
     121   1 "1/2-  "   0       -           0.051991050870  
     122   2 "3/2+  "   0       -           0.051991050870  
     123   6 "7/2+  "   0       -           0.273035236794  
     124   2 "3/2+  "   0       -           0.273035236794  
     125   5 "5/2-  "   0       -           0.273035236794  
     126   1 "1/2-  "   0       -           0.273035236794  
     127   1 "1/2-  "   0       -           0.273199194575  
     128   5 "5/2-  "   0       -           0.273199194575  
     129   2 "3/2+  "   0       -           0.273199194575  
     130   1 "1/2-  "   0       -           0.333424759793  
     131   2 "3/2+  "   0       -           0.333424759793  
     132   5 "5/2-  "   0       -           0.335012651121  
     133   1 "1/2-  "   0       -           0.335012651121  
     134   2 "3/2+  "   0       -           0.335012651121  
     135   1 "1/2-  "   0       -           0.335319286775  
     136   1 "1/2-  "   0       -           0.343004294928  
     137   2 "3/2+  "   0       -           0.343004294928  
     138   1 "1/2-  "   0       -           0.416060731550  
     139   1 "1/2-  "   0       -           1.058645529302  
     140   6 "7/2+  "   0       -           1.058645529302  
     141   2 "3/2+  "   0       -           1.058645529302  
     142   5 "5/2-  "   0       -           1.058645529302  
     143   1 "1/2-  "   0       -           1.059173749354  
     144   5 "5/2-  "   0       -           1.059173749354  
     145   2 "3/2+  "   0       -           1.059173749354  
     146   1 "1/2-  "   0       -           1.299402269129  
     147   5 "5/2-  "   0       -           1.299402269129  
     148   6 "7/2+  "   0       -           1.299402269129  
     149   2 "3/2+  "   0       -           1.299402269129  
     150   9 "9/2-  "   0       -           1.299402269129  
     151   1 "1/2-  "   0       -           1.299690442565  
     152   5 "5/2-  "   0       -           1.299690442565  
     153   2 "3/2+  "   0       -           1.299690442565  
     154   6 "7/2+  "   0       -           1.299690442565  
     155   2 "3/2+  "   0       -           1.559358136729  
     156   1 "1/2-  "   0       -           1.559358136729  
     157   2 "3/2+  "   0       -           1.569167805641  
     158   5 "5/2-  "   0       -           1.569167805641  
     159   1 "1/2-  "   0       -           1.569167805641  
     160   1 "1/2-  "   0       -           1.592868022249  
     161   1 "1/2-  "   0       -           1.635085866345  
     162   2 "3/2+  "   0       -           1.635085866347  
     163   1 "1/2-  "   0       -           1.809530694624  
     164   1 "1/2-  "   0       -           2.925701591606  
     165   2 "3/2+  "   0       -           2.925701591606  
     166   5 "5/2-  "   0       -           2.925701591606  
     167   2 "3/2+  "   0       -           2.926292680814  
     168   1 "1/2-  "   0       -           2.926292680814  
     169   6 "7/2+  "   0       -           2.926292680814  
     170   5 "5/2-  "   0       -           2.926292680814  
     171   1 "1/2-  "   0       -           3.648464161062  
     172   5 "5/2-  "   0       -           3.648464161062  
     173   6 "7/2+  "   0       -           3.648464161062  
     174   2 "3/2+  "   0       -           3.648464161062  
     175   1 "1/2-  "   0       -           3.648602641435  
     176   5 "5/2-  "   0       -           3.648602641435  
     177   9 "9/2-  "   0       -           3.648602641435  
     178   6 "7/2+  "   0       -           3.648602641435  
     179   2 "3/2+  "   0       -           3.648602641435  
     180   1 "1/2-  "   0       -          10.123005463300  
     181   1 "1/2-  "   0       -          10.381572798816  
     182   2 "3/2+  "   0       -          10.381572798820  
    -------------------------------------------------------

    irreps              1/2+  1/2-  3/2+  3/2-  5/2+  5/2-  7/2+  7/2-  9/2+  9/2-
    occupied inactive      3     3     1     1     0     0     0     0     0     0
    occupied active        0     0     0     0     0     0     0     0     0     0
    virtual active         3     3     1     1     0     0     0     0     0     0
    virtual inactive      34    34    25    25    15    15     7     7     2     2


				*****************
				** Sector 0h0p **
				*****************


  Integral sorting routine: integrals for the 0h0p sector
 ------------------------------------------------------------------------------------------
   Thu Oct  8 12:31:33 2020
   number of spinor blocks: 10
   tile size: 100
   max spinor block length: 40
   i/o buffers size, bytes: 262144 (indices) + 131072 (integrals) [384.00 KB total]
   estimated max memory required for the straightforward algorithm (not used!): 16.35 GB
   size of working arrays, bytes: 40960000 (indices) + 41485128 (integrals) [78.63 MB total]
   sorting two-electron integrals ...
   sorting one-electron integrals ...
     Fock matrix reconstruction ...
     max deviation of the diagonal elements of the reconstructed Fock matrix and orbital energies = 1.499436e-08
     fill 1-electron diagrams ... hh hp ph pp done
   reorder diagrams (if required): phhp[2431] done
   save sorted diagrams to disk: hh hp ph pp hhpp pphh hhhh phhp ppppr pphp phpp phhh hhhp hphh hphp done
   number of blocks read from disk: 1290
   total number of integrals read from disk: 48
   total number of bytes read from disk: 3196607872 (2.98 GB)
   sorting performance, Mb/sec: 300.40
   time for 2-e integrals sorting, sec: 10.15
   time for DIRAC interface (integral extraction & write), sec: 10.75
   total time for sorting operations, sec: 20.89
 ------------------------------------------------------------------------------------------

 Initial guess
 -------------
 MP2 correlation energy =      -0.206469934514
       Total MP2 energy =     -23.863943871601

 Solution of amplitude equations (sector 0h0p)			 Thu Oct  8 12:31:43 2020
 --------------------------------------------------------------------------------------------
 it.            E(corr)              diffmax(T1)         diffmax(T2)    t,sec       mem,Gb
 --------------------------------------------------------------------------------------------
   1      -0.219643035235703    0.00247188025397    0.00198792907703      1.2    0.06/0.15
   2      -0.222577998536393    0.00023085999147    0.00059990459080      1.2    0.06/0.15
   3      -0.223218451115824    0.00002917433879    0.00007870713755      1.2    0.06/0.15
   4      -0.223276284621820    0.00001223403021    0.00002153943751      1.2    0.07/0.15
   5      -0.223277714846147    0.00000157154106    0.00000196370385      1.2    0.07/0.15
   6      -0.223277365450075    0.00000064662408    0.00000030307515      1.2    0.07/0.15
   7      -0.223277328830337    0.00000010778613    0.00000006545544      1.2    0.07/0.15
   8      -0.223277333201772    0.00000003213138    0.00000000954254      1.1    0.07/0.15
   9      -0.223277334328986    0.00000000840108    0.00000000224566      1.1    0.08/0.15
  10      -0.223277334369700    0.00000000110823    0.00000000041000      1.2    0.08/0.15
  11      -0.223277334351073    0.00000000027244    0.00000000006428      1.2    0.08/0.16
 --------------------------------------------------------------------------------------------
	converged in 11 iterations

          SCF reference energy =     -23.657473937087
       CCSD correlation energy =      -0.223277334351
             Total CCSD energy =     -23.880751271438

 average time per iteration = 1.162 sec
 (absolute values)
 Max T1 amplitude (t_ia) [ 92 -> 138 ] = 0.00262621
   [  92] eps=     -1.77553071 rep=1/2- inactive occ
   [ 138] eps=      0.41606074 rep=1/2- inactive virt
 Max T2 amplitude (t_ijab) [ 94 3 -> 41 132 ] = 0.02773745
   [  94] eps=     -0.99933940 rep=3/2+ inactive occ
   [   3] eps=     -0.99933940 rep=3/2- inactive occ
   [  41] eps=      0.33501266 rep=5/2+ inactive virt
   [ 132] eps=      0.33501266 rep=5/2- inactive virt

 Norm |T1| = 0.00770117
 Norm |T2| = 0.51425325

 T1 diagnostic = 0.00272277
 More on T1 diagnostic: [T.J.Lee,P.R.Taylor,IJQC 23,199(1989)]


				*****************
				** Sector 0h1p **
				*****************


  Integral sorting routine: integrals for the 0h1p sector
 ------------------------------------------------------------------------------------------
   Thu Oct  8 12:31:56 2020
   number of spinor blocks: 10
   tile size: 100
   max spinor block length: 40
   i/o buffers size, bytes: 262144 (indices) + 131072 (integrals) [384.00 KB total]
   estimated max memory required for the straightforward algorithm (not used!): 16.35 GB
   size of working arrays, bytes: 40960000 (indices) + 41485128 (integrals) [78.63 MB total]
   sorting two-electron integrals ...
   sorting one-electron integrals ...
     Fock matrix reconstruction ...
     fill 1-electron diagrams ... vh vp pv done
   reorder diagrams (if required): done
   save sorted diagrams to disk: vh vp pv vhpp vhhh pvhp hvhp pvhh pvpp done
   number of blocks read from disk: 1290
   total number of integrals read from disk: 48
   total number of bytes read from disk: 3196607872 (2.98 GB)
   sorting performance, Mb/sec: 161.23
   time for 2-e integrals sorting, sec: 18.91
   time for DIRAC interface (integral extraction & write), sec: 10.75
   total time for sorting operations, sec: 29.65
 ------------------------------------------------------------------------------------------

 Preparing T1 and T2 amplitudes ...
 Construction of S^(0,1)-independent contributions to the FSCC-equations ...

 Initialization of S1 and S2 amplitudes ...

 Solution of amplitude equations (sector 0h1p)		 Thu Oct  8 12:32:05 2020
 ---------------------------------------------------------------------------------------
 it.       diffmax(S1)       diffmax(S2)     max(S1)     max(S2)    t,sec       mem,Gb
 ---------------------------------------------------------------------------------------
   1    0.077250116332    0.001862483715    0.071065    0.011040      1.4    0.09/0.17
   2    0.011153379763    0.001232713575    0.059912    0.011451      1.4    0.10/0.17
   3    0.008896997218    0.000253358767    0.069769    0.011438      1.4    0.10/0.18
   4    0.000505318622    0.000042781735    0.069632    0.011594      1.4    0.10/0.18
   5    0.000059415265    0.000013853084    0.069825    0.011608      1.4    0.10/0.18
   6    0.000027353687    0.000003473125    0.069789    0.011612      1.4    0.11/0.18
   7    0.000008448144    0.000000949741    0.069786    0.011613      1.4    0.11/0.19
   8    0.000002948806    0.000000197600    0.069785    0.011613      1.4    0.11/0.19
   9    0.000000624321    0.000000038838    0.069785    0.011613      1.4    0.12/0.19
  10    0.000000335020    0.000000004020    0.069785    0.011613      1.4    0.12/0.19
  11    0.000000139488    0.000000001496    0.069785    0.011613      1.4    0.12/0.20
  12    0.000000067401    0.000000000587    0.069785    0.011613      1.4    0.12/0.20
  13    0.000000014510    0.000000000393    0.069785    0.011613      1.4    0.12/0.20
  14    0.000000002267    0.000000000133    0.069785    0.011613      1.4    0.12/0.20
  15    0.000000000358    0.000000000050    0.069785    0.011613      1.3    0.12/0.20
 ---------------------------------------------------------------------------------------
	converged in 15 iterations
 average time per iteration = 1.372 sec
 (absolute values)
 Max S{01}_1 amplitude (s{01}_ia) [ 5 -> 14 ] = 0.06978505
   [   5] eps=     -0.13927864 rep=1/2+ active virt
   [  14] eps=     -0.05651006 rep=1/2+ inactive virt
 Max S{01}_2 amplitude (s{01}_ijab) [ 97 3 -> 5 119 ] = 0.01161326
   [  97] eps=     -0.09075821 rep=1/2- active virt
   [   3] eps=     -0.99933940 rep=3/2- inactive occ
   [   5] eps=     -0.13927864 rep=1/2+ active virt
   [ 119] eps=      0.05195990 rep=5/2- inactive virt

 Norm |S{01}_1| = 0.21451867
 Norm |S{01}_2| = 0.30260692


 Effective Hamiltonian analysis
 Active space: 0 holes, 8 particles
 Model space size: 8 determinants (total)
 Dimensions of symmetry blocks of Heff:
1/2+ [3]  1/2- [3]  3/2+ [1]  3/2- [1]   (max 3)

 Sector (0h,1p) -- analysis of model vectors (right vectors)
 first line : irrep, state number, total energy, eigenvalue
 other lines: coefficients of contributing determinants (above a threshold of 1.0e-04)

 Irrep 1 (1/2+) State 1 Energy     -24.033874686035020 Eigenvalue    -0.15312341    0.0000E+00
    1.00000   0.00000 | 1/2+ #   5 (   -0.139279) > (1/2+)
   -0.00028   0.00000 | 1/2+ #   6 (   -0.090758) > (1/2+)
   -0.00039   0.00000 | 1/2+ #   8 (   -0.089947) > (1/2+)

 Irrep 1 (1/2+) State 2 Energy     -23.976669268959519 Eigenvalue    -0.09591800    0.0000E+00
    0.00028   0.00000 | 1/2+ #   5 (   -0.139279) > (1/2+)
    1.00000   0.00000 | 1/2+ #   6 (   -0.090758) > (1/2+)

 Irrep 1 (1/2+) State 3 Energy     -23.975614838496263 Eigenvalue    -0.09486357    0.0000E+00
    0.00039   0.00000 | 1/2+ #   5 (   -0.139279) > (1/2+)
    1.00000   0.00000 | 1/2+ #   8 (   -0.089947) > (1/2+)

 Irrep 2 (1/2-) State 1 Energy     -24.033874686035020 Eigenvalue    -0.15312341    0.0000E+00
    1.00000   0.00000 | 1/2- #  96 (   -0.139279) > (1/2-)
   -0.00028   0.00000 | 1/2- #  97 (   -0.090758) > (1/2-)
   -0.00039   0.00000 | 1/2- #  99 (   -0.089947) > (1/2-)

 Irrep 2 (1/2-) State 2 Energy     -23.976669268959519 Eigenvalue    -0.09591800    0.0000E+00
    0.00028   0.00000 | 1/2- #  96 (   -0.139279) > (1/2-)
    1.00000   0.00000 | 1/2- #  97 (   -0.090758) > (1/2-)

 Irrep 2 (1/2-) State 3 Energy     -23.975614838496263 Eigenvalue    -0.09486357    0.0000E+00
    0.00039   0.00000 | 1/2- #  96 (   -0.139279) > (1/2-)
    1.00000   0.00000 | 1/2- #  99 (   -0.089947) > (1/2-)

 Irrep 3 (3/2+) State 1 Energy     -23.975614822039468 Eigenvalue    -0.09486355    0.0000E+00
    1.00000   0.00000 | 3/2+ #  98 (   -0.089947) > (3/2+)

 Irrep 4 (3/2-) State 1 Energy     -23.975614822039468 Eigenvalue    -0.09486355    0.0000E+00
    1.00000   0.00000 | 3/2- #   7 (   -0.089947) > (3/2-)

 Heff eigenvalues:
 (degeneracy threshold = 1.0e-08 a.u.)

 Level  Re(eigenvalue)  Im(eigv)               Abs energy  Rel eigenvalue    Rel eigv, eV  Rel eigv, cm-1  deg  symmetry
 ------------------------------------------------------------------------------------------------------------------------
@    1   -0.1531234146  0.00e+00    -24.03387468603501986    0.0000000000    0.0000000000        0.000000   2   1/2+ 1/2-
@    2   -0.0959179975  0.00e+00    -23.97666926895951889    0.0572054171    1.5566386994    12555.137825   2   1/2+ 1/2-
@    3   -0.0948635671  0.00e+00    -23.97561483849626285    0.0582598475    1.5853312140    12786.558562   2   1/2+ 1/2-
@    4   -0.0948635506  0.00e+00    -23.97561482203946781    0.0582598640    1.5853316618    12786.562174   2   3/2+ 3/2-

 Ionization potential wrt reference state =     0.153123414597 a.u. =   4.1667 eV =   33606.70 cm^-1

 time for (sec):
 -------------------------------------------------------
  Total time of execution                        65.628
  Diagram contraction (mult) for <PP||PP>        23.693
  DIRAC interface (MRCONEE/MDCINT)               10.747
  Diagram template constr (tmplt)                 2.496
  Sorting of integrals                           18.908
  Multidim transposition (reorder)                3.946
  Energy denominators (diveps)                    0.088
  0h0p -- Singles equations (T1)                  0.428
  Diagram contraction (mult)                     27.983
  mult M <- M x M                                 3.791
  mult M <- D x M                                23.541
  Diagram addition (update)                       0.151
  0h0p -- Doubles equations (T2)                 12.289
  Permutation operators                           0.727
  DIIS extrapolation                              0.110
  Constant part of 0h1p amplitudes                0.078
  Extraction of a closed part                     0.000
 -------------------------------------------------------


 memory in usage  = 96302368 bytes = 91.8 Mb = 0.09 Gb
 max memory usage = 211419016 bytes = 201.6 Mb = 0.20 Gb

 Disk I/O:
   files created: 17715   files removed: 0
   read       48354225856 bytes = 45.033 Gb
   write      16627362844 bytes = 15.485 Gb

 EXP-T terminated normally at Thu Oct  8 12:32:26 2020
 Total run time: 0 days 0 hours 1 minutes 5 seconds 627 milliseconds
