Performing C SOURCE FILE Test CMAKE_HAVE_LIBC_PTHREAD failed with the following output:
Change Dir: /home/alexander/Science/expt/github/build/CMakeFiles/CMakeTmp

Run Build Command(s):/usr/bin/gmake cmTC_2b988/fast && /usr/bin/gmake -f CMakeFiles/cmTC_2b988.dir/build.make CMakeFiles/cmTC_2b988.dir/build
gmake[1]: Entering directory `/home/alexander/Science/expt/github/build/CMakeFiles/CMakeTmp'
Building C object CMakeFiles/cmTC_2b988.dir/src.c.o
/usr/bin/gcc   -fPIC -DCMAKE_HAVE_LIBC_PTHREAD   -o CMakeFiles/cmTC_2b988.dir/src.c.o   -c /home/alexander/Science/expt/github/build/CMakeFiles/CMakeTmp/src.c
Linking C executable cmTC_2b988
/home/alexander/Software/cmake/bin/cmake -E cmake_link_script CMakeFiles/cmTC_2b988.dir/link.txt --verbose=1
/usr/bin/gcc -fPIC -DCMAKE_HAVE_LIBC_PTHREAD    -rdynamic CMakeFiles/cmTC_2b988.dir/src.c.o  -o cmTC_2b988 
CMakeFiles/cmTC_2b988.dir/src.c.o: In function `main':
src.c:(.text+0x2f): undefined reference to `pthread_create'
src.c:(.text+0x3b): undefined reference to `pthread_detach'
src.c:(.text+0x4c): undefined reference to `pthread_join'
src.c:(.text+0x60): undefined reference to `pthread_atfork'
collect2: error: ld returned 1 exit status
gmake[1]: *** [cmTC_2b988] Error 1
gmake[1]: Leaving directory `/home/alexander/Science/expt/github/build/CMakeFiles/CMakeTmp'
gmake: *** [cmTC_2b988/fast] Error 2


Source file was:
#include <pthread.h>

void* test_func(void* data)
{
  return data;
}

int main(void)
{
  pthread_t thread;
  pthread_create(&thread, NULL, test_func, NULL);
  pthread_detach(thread);
  pthread_join(thread, NULL);
  pthread_atfork(NULL, NULL, NULL);
  pthread_exit(NULL);

  return 0;
}

Determining if the function pthread_create exists in the pthreads failed with the following output:
Change Dir: /home/alexander/Science/expt/github/build/CMakeFiles/CMakeTmp

Run Build Command(s):/usr/bin/gmake cmTC_93345/fast && /usr/bin/gmake -f CMakeFiles/cmTC_93345.dir/build.make CMakeFiles/cmTC_93345.dir/build
gmake[1]: Entering directory `/home/alexander/Science/expt/github/build/CMakeFiles/CMakeTmp'
Building C object CMakeFiles/cmTC_93345.dir/CheckFunctionExists.c.o
/usr/bin/gcc   -fPIC -DCHECK_FUNCTION_EXISTS=pthread_create   -o CMakeFiles/cmTC_93345.dir/CheckFunctionExists.c.o   -c /home/alexander/Software/cmake/share/cmake-3.15/Modules/CheckFunctionExists.c
Linking C executable cmTC_93345
/home/alexander/Software/cmake/bin/cmake -E cmake_link_script CMakeFiles/cmTC_93345.dir/link.txt --verbose=1
/usr/bin/gcc -fPIC -DCHECK_FUNCTION_EXISTS=pthread_create    -rdynamic CMakeFiles/cmTC_93345.dir/CheckFunctionExists.c.o  -o cmTC_93345 -lpthreads 
/usr/bin/ld: cannot find -lpthreads
collect2: error: ld returned 1 exit status
gmake[1]: *** [cmTC_93345] Error 1
gmake[1]: Leaving directory `/home/alexander/Science/expt/github/build/CMakeFiles/CMakeTmp'
gmake: *** [cmTC_93345/fast] Error 2



Compiling the CUDA compiler identification source file "CMakeCUDACompilerId.cu" failed.
Compiler: CMAKE_CUDA_COMPILER-NOTFOUND 
Build flags: 
Id flags:  -v;--keep;--keep-dir;tmp

The output was:
No such file or directory


Compiling the CUDA compiler identification source file "CMakeCUDACompilerId.cu" failed.
Compiler: CMAKE_CUDA_COMPILER-NOTFOUND 
Build flags: 
Id flags:  -v;--keep;--keep-dir;tmp

The output was:
No such file or directory


Determining if the Fortran sgemm exists failed with the following output:
Change Dir: /home/alexander/Science/expt/github/build/CMakeFiles/CMakeTmp

Run Build Command(s):/usr/bin/gmake cmTC_e7f4f/fast && /usr/bin/gmake -f CMakeFiles/cmTC_e7f4f.dir/build.make CMakeFiles/cmTC_e7f4f.dir/build
gmake[1]: Entering directory `/home/alexander/Science/expt/github/build/CMakeFiles/CMakeTmp'
Building Fortran object CMakeFiles/cmTC_e7f4f.dir/testFortranCompiler.f.o
/usr/bin/gfortran    -c /home/alexander/Science/expt/github/build/CMakeFiles/CMakeTmp/testFortranCompiler.f -o CMakeFiles/cmTC_e7f4f.dir/testFortranCompiler.f.o
Linking Fortran executable cmTC_e7f4f
/home/alexander/Software/cmake/bin/cmake -E cmake_link_script CMakeFiles/cmTC_e7f4f.dir/link.txt --verbose=1
/usr/bin/gfortran      CMakeFiles/cmTC_e7f4f.dir/testFortranCompiler.f.o  -o cmTC_e7f4f  -L/home/alexander/Software/intel/compilers_and_libraries_2020.0.166/linux/mkl/lib/ia32_lin -Wl,-rpath,/home/alexander/Software/intel/compilers_and_libraries_2020.0.166/linux/mkl/lib/ia32_lin -lmkl_gf -lmkl_gnu_thread -lmkl_core /usr/lib/gcc/x86_64-redhat-linux/4.8.5/libgomp.so -lpthread -lm -ldl 
/usr/bin/ld: skipping incompatible /home/alexander/Software/intel/compilers_and_libraries_2020.0.166/linux/mkl/lib/ia32_lin/libmkl_gf.so when searching for -lmkl_gf
/usr/bin/ld: skipping incompatible /home/alexander/Software/intel/compilers_and_libraries_2020.0.166/linux/mkl/lib/ia32_lin/libmkl_gf.a when searching for -lmkl_gf
/usr/bin/ld: cannot find -lmkl_gf
/usr/bin/ld: skipping incompatible /home/alexander/Software/intel/compilers_and_libraries_2020.0.166/linux/mkl/lib/ia32_lin/libmkl_gnu_thread.so when searching for -lmkl_gnu_thread
/usr/bin/ld: skipping incompatible /home/alexander/Software/intel/compilers_and_libraries_2020.0.166/linux/mkl/lib/ia32_lin/libmkl_gnu_thread.a when searching for -lmkl_gnu_thread
/usr/bin/ld: skipping incompatible /home/alexander/Software/intel/compilers_and_libraries_2020.0.166/linux/mkl/lib/ia32_lin/libmkl_core.so when searching for -lmkl_core
/usr/bin/ld: skipping incompatible /home/alexander/Software/intel/compilers_and_libraries_2020.0.166/linux/mkl/lib/ia32_lin/libmkl_core.a when searching for -lmkl_core
collect2: error: ld returned 1 exit status
gmake[1]: *** [cmTC_e7f4f] Error 1
gmake[1]: Leaving directory `/home/alexander/Science/expt/github/build/CMakeFiles/CMakeTmp'
gmake: *** [cmTC_e7f4f/fast] Error 2



Determining if the include file stdatomic.h exists failed with the following output:
Change Dir: /home/alexander/Science/expt/github/build/CMakeFiles/CMakeTmp

Run Build Command(s):/usr/bin/gmake cmTC_3326d/fast && /usr/bin/gmake -f CMakeFiles/cmTC_3326d.dir/build.make CMakeFiles/cmTC_3326d.dir/build
gmake[1]: Entering directory `/home/alexander/Science/expt/github/build/CMakeFiles/CMakeTmp'
Building C object CMakeFiles/cmTC_3326d.dir/CheckIncludeFile.c.o
/usr/bin/gcc    -o CMakeFiles/cmTC_3326d.dir/CheckIncludeFile.c.o   -c /home/alexander/Science/expt/github/build/CMakeFiles/CMakeTmp/CheckIncludeFile.c
/home/alexander/Science/expt/github/build/CMakeFiles/CMakeTmp/CheckIncludeFile.c:1:23: fatal error: stdatomic.h: No such file or directory
 #include <stdatomic.h>
                       ^
compilation terminated.
gmake[1]: *** [CMakeFiles/cmTC_3326d.dir/CheckIncludeFile.c.o] Error 1
gmake[1]: Leaving directory `/home/alexander/Science/expt/github/build/CMakeFiles/CMakeTmp'
gmake: *** [cmTC_3326d/fast] Error 2



