
		**********************************************************************************
		**                                                                              **
		**                                   E X P - T                                  **
		**        Relativistic Fock-Space Multireference Coupled Cluster Program        **
		**                                                                              **
		**                     version 1.5.6 (14 Aug 2021) development                   **
		**                                                                              **
		**********************************************************************************
		**                                                                              **
		** EXP-T is free software: you can redistribute it and/or modify                **
		** it under the terms of the GNU Lesser General Public License as published by  **
		** the Free Software Foundation, either version 3 of the License, or            **
		** (at your option) any later version.                                          **
		**                                                                              **
		** EXP-T is distributed in the hope that it will be useful,                     **
		** but WITHOUT ANY WARRANTY; without even the implied warranty of               **
		** MERCHANTABILITY or FITNESS FOR A PARTICULAR PURPOSE.  See the                **
		** GNU Lesser General Public License for more details.                          **
		**                                                                              **
		** You should have received a copy of the GNU Lesser General Public License     **
		** along with EXP-T.  If not, see <http://www.gnu.org/licenses/>.               **
		**                                                                              **
		**********************************************************************************
		**                                                                              **
		** For more information about the EXP-T program system see                      **
		** http://www.qchem.pnpi.spb.ru/expt                                            **
		**                                                                              **
		** This is an experimental code. The authors accept no responsibility           **
		** for the performance of the code or for the correctness of the results.       **
		**                                                                              **
		** If results obtained with this code are published, an                         **
		** appropriate citation would be:                                               **
		**                                                                              **
		** [1] A. Oleynichenko, A. Zaitsevskii, E. Eliav.                               **
		**     EXP-T, An Extensible Code for Fock Space Relativistic Coupled Cluster    **
		**     Calculations. See http://www.qchem.pnpi.spb.ru/expt.                     **
		** [2] A. V. Oleynichenko, A. Zaitsevskii, E. Eliav.                            **
		**     Towards high performance relativistic electronic structure modelling:    **
		**     the EXP-T program package. Commun. Comput. Inf. Sci. 1331, 375 (2020).   **
		**     doi: 10.1007/978-3-030-64616-5_33                                        **
		**                                                                              **
		**********************************************************************************

Authors:
  Alexander Oleynichenko [alexvoleynichenko@gmail.com]
  Andrei Zaitsevskii
  Ephraim Eliav
Compiler: Intel C Compiler 2021 (Intel(R) C++ gcc 11.1 mode)
BLAS/LAPACK implementation: Intel MKL v 2021.0.3
Build date: Aug 23 2021 16:53:26
Run date: Mon Aug 23 22:41:37 2021
Hostname: alexander
CUDA disabled

Reading input file: input-C1


				****************
				** Input file **
				****************

 -----
 # CO molecule, CCSD/cc-pVDZ
 # nonrelativistic, symmetry C1
 
 # title for the task (of type "string")
 title "CO/CCSD/cc-pVDZ"
 
 # print level, default medium
 print medium
 
 # max number of iterations
 maxiter 30
 
 # convergence threshold (by cluster amplitudes)
 conv 1e-9
 
 # target Fock space sector
 sector 0h0p
 
 # CC model: ccsd, ccsdt-1, etc
 model ccsd
 
 # import integrals from
 integrals MRCONEE-C1 MDCINT-C1
 
 
 -----



				*************
				** Options **
				*************

 title            title string - comment                    CO/CCSD/cc-pVDZ
 scratch_dir      scratch directory for tmp files           scratch
 --no-clean       retain scratch directory on exit          yes
 print            print level                               medium
 arith            recommended arithmetic                    real
 memory           max allowed RAM usage                     1024.0 Mb
 compress         compression of integrals on disk          disabled
 disk_usage       disk usage level                          2 (rank-6+ and pppp on disk)
 tilesize         max dimension of formal blocks (tiles)    100
 nthreads         number of OpenMP parallel threads         1
 cuda             calculations on GPU (CUDA)                disabled
 maxiter          maximum number of CC iterations           30
 conv             convergence threshold (by amplitudes)     1e-09
 div_thresh       divergence threshold (by amplitudes)      1000
 reuse            reuse amplitudes and/or integrals         nothing 
 skip             skip computations in sectors:             
 flush            flush amplitudes                          no
 interface        source of transformed molecular integrals  DIRAC
 integrals        one-electron Hamiltonian integrals file   MRCONEE-C1
                  two-electron (Coulomb) integrals file     MDCINT-C1
                  one-electron property integrals file      MDPROP
 x2cmmf           X2Cmmf Hamiltonian                        no
 gaunt            two-electron (Gaunt) integrals file       not used
 sector           target Fock space sector                  0h0p
 model            coupled cluster model (level of theory)   CCSD
 shifttype        formula for denominator shifts            shifts are disabled
 nroots           number of roots to be processed           all
 roots_cutoff     energy cutoff for roots to be processed   all
 degen_thresh     degeneracy threshold (a.u.)               1.0e-08
 occ_irreps       occupation numbers of spinors             default (from integral interface)
 occ              occupation numbers of spinors             default
 diis             DIIS technique for convergence            enabled
 diis <n>         DIIS subspace dimension                   10
 diis triples     DIIS for triples amplitudes               disabled
 oneprop          interface to OneProp (by L.V.Skripnikov)  disabled
 twoprop          interface to TwoProp (by D.E.Maison)      disabled
 oneprop          interface to the MDPROP file              disabled
 nohermit         hermitization of effective Hamiltonians   disabled
 dltdm            model-space estimates of tran dipoles     disabled
 natorb           model-space natural orbitals              disabled
 prop             model-space estimates of properties       disabled
 select           selection of cluster amplitudes           disabled
 restrict_t3      restriction of triples                    disabled
 intham1          simple intermediate Hamiltonian           disabled
 intham           intermediate Hamiltonian                  disabled


 Creating scratch directory 'scratch' ...
 Current working directory = /home/alexander/Science/expt/examples/CO_ccsd
 Full path to one-electron integrals = /home/alexander/Science/expt/examples/CO_ccsd/MRCONEE-C1
 Full path to Coulomb integrals = /home/alexander/Science/expt/examples/CO_ccsd/MDCINT-C1
 Full path to properties integrals = /home/alexander/Science/expt/examples/CO_ccsd/MDPROP
 Changing working directory to scratch ...
 Current working directory = /home/alexander/Science/expt/examples/CO_ccsd/scratch
 
 ******************************************************************
 **       BINARY INTERFACE TO THE DIRAC PROGRAM PACKAGE          **
 **                    version 10 Apr 2020                       **
 ******************************************************************
 
 required unformatted files (produced by DIRAC):
   MRCONEE -- spinor info & transformed one-electron integrals
   MDCINT  -- transformed two-electron integrals
 optional files (DIRAC):
   MDPROP  -- transformed integrals of one-electron properties
 optional files (D. E. Maison, L. V. Skripnikov):
   MGINT   -- transformed Gaunt integrals
 
 HINT: in order to obtain these files, add option .4INDEX to the
   **DIRAC section of the DIRAC input file; this will enable the
   code for integrals transformation. Then run:
   $ pam --inp=<inp-file> --mol=<mol-file> --get="MRCONEE MDCINT"
 
 
 Names of integral files:
 MRCONEE = /home/alexander/Science/expt/examples/CO_ccsd/MRCONEE-C1
 MDCINT  = /home/alexander/Science/expt/examples/CO_ccsd/MDCINT-C1
 MDPROP  = /home/alexander/Science/expt/examples/CO_ccsd/MDPROP
 default integer type in DIRAC              integer(8)
 
 *** MRCONEE FILE ***
 NSPINORS                                             56
 was breit in DHF                            F
 nuclear repulsion energy                      22.5140722326454     
 inversion symmetry (1-no,2-yes)                       1
 group type (1-real,2-cmplx,4-quater)                  4
 is spinfree                                           0
 arithmetic                                 complex
 total num of orb-s (+frozen+deleted)                 56
 Total SCF energy =                           -112.820480227130     
 number of fermion irreps in parent group              2
 names of these reps (grd, ungrd)             1A            2A          
 number of spinors active in the transf-n              7           7
 total number of orb-s of this ircop                  28
 number of occupied frozen (core) spinors   
   - total                                             0
   - positive energy                                   0
   - negative energy                                   0
 number of deleted spinors                             0
 number of fermion irreps in Abelian subgrp            1
 names of these irreps                         A   a
 number of g/u Kramers pairs          56
 number of boson symmetry reps(LUCITA)            1
 *** END OF MRCONEE FILE ***
 
 *** MDPROP FILE ***
 path to MDPROP file = /home/alexander/Science/expt/examples/CO_ccsd/MDPROP
 MDPROP file exists
 property = XDIPLEN 
 order of parts: Re + i*Im
 property = YDIPLEN 
 order of parts: Re + i*Im
 property = ZDIPLEN 
 order of parts: Re + i*Im
 reached end of file MDPROP
 *** END OF MDPROP FILE ***
 
 ELECTRONIC contribution to dipole moment (DHF level)
 dx =  -1.465748164550022E-012  (re)  4.484155085839415E-044 (im)
 dy =  -3.048485743206039E-012  (re)  4.484155085839415E-044 (im)
 dz =    17.1477273066955       (re)  0.000000000000000E+000 (im)
 |d| =    17.1477273066955       a.u. =    43.5851728475129       Debye
 1 a.u = 2.54174623 Debye
 
 *** MDCINT FILE ***
 Mon Aug 23 22:41:37 2021
 datex                                  23Aug21  
 timex                                 22:41:00
 number of Kramers pairs                         28
 Mon Aug 23 22:41:38 2021
 *** END OF MDCINT FILE ***
 
 number of VINT* files written                      1
 written to disk: 413912436 bytes =    0.39 Gb

		Symmetry & irreducible representations
		--------------------------------------

 Point group: C1
 Group type: quaternion
 Arithmetic: complex
 Is abelian: 1
 Number of irreps: 2
 Totally symmetric irrep: a
 Representation names:
  0 A   1 a 
multiplication table (for abelian only):

 ||A|a|
=++=+=+
A||a|A|
-++-+-+
a||A|a|
-++-+-+


				Spinors info
				------------

     no    rep         occ    active        one-el energy
    -------------------------------------------------------
       1   0 "A     "   1       -         -20.690636744584
       2   0 "A     "   1       -         -11.373247512636
       3   0 "A     "   1       -          -1.524432040847
       4   0 "A     "   1       -          -0.802554074445
       5   0 "A     "   1       -          -0.634563484110
       6   0 "A     "   1       -          -0.633710538074
       7   0 "A     "   1       -          -0.548943183618
       8   0 "A     "   0       -           0.154591988948
       9   0 "A     "   0       -           0.154903764450
      10   0 "A     "   0       -           0.382252807123
      11   0 "A     "   0       -           0.672083216665
      12   0 "A     "   0       -           0.672270077720
      13   0 "A     "   0       -           0.726253107474
      14   0 "A     "   0       -           1.017883630563
      15   0 "A     "   0       -           1.061695485975
      16   0 "A     "   0       -           1.223532465020
      17   0 "A     "   0       -           1.224634384002
      18   0 "A     "   0       -           1.344366265721
      19   0 "A     "   0       -           1.344421864366
      20   0 "A     "   0       -           1.558370935963
      21   0 "A     "   0       -           1.558576934571
      22   0 "A     "   0       -           1.938439793876
      23   0 "A     "   0       -           2.342170274490
      24   0 "A     "   0       -           2.937129636076
      25   0 "A     "   0       -           2.937505115009
      26   0 "A     "   0       -           3.426264052610
      27   0 "A     "   0       -           3.426464988052
      28   0 "A     "   0       -           3.871478245330
      29   0 "A     "   1       -         -20.690636744584
      30   0 "A     "   1       -         -11.373247512636
      31   0 "A     "   1       -          -1.524432040847
      32   0 "A     "   1       -          -0.802554074445
      33   0 "A     "   1       -          -0.634563484110
      34   0 "A     "   1       -          -0.633710538074
      35   0 "A     "   1       -          -0.548943183618
      36   0 "A     "   0       -           0.154591988948
      37   0 "A     "   0       -           0.154903764450
      38   0 "A     "   0       -           0.382252807123
      39   0 "A     "   0       -           0.672083216665
      40   0 "A     "   0       -           0.672270077720
      41   0 "A     "   0       -           0.726253107474
      42   0 "A     "   0       -           1.017883630563
      43   0 "A     "   0       -           1.061695485975
      44   0 "A     "   0       -           1.223532465020
      45   0 "A     "   0       -           1.224634384002
      46   0 "A     "   0       -           1.344366265721
      47   0 "A     "   0       -           1.344421864366
      48   0 "A     "   0       -           1.558370935963
      49   0 "A     "   0       -           1.558576934571
      50   0 "A     "   0       -           1.938439793876
      51   0 "A     "   0       -           2.342170274490
      52   0 "A     "   0       -           2.937129636076
      53   0 "A     "   0       -           2.937505115009
      54   0 "A     "   0       -           3.426264052610
      55   0 "A     "   0       -           3.426464988052
      56   0 "A     "   0       -           3.871478245330
    -------------------------------------------------------

    irreps                 A
    occupied inactive     14
    occupied active        0
    virtual active         0
    virtual inactive      42


				*****************
				** Sector 0h0p **
				*****************


 Integral sorting for the 0h0p sector
 started at Mon Aug 23 22:41:38 2021
 number of spinors                              56
 number of spinor blocks                        1
 tile size                                      100
 max spinor block size                          56
 size of i/o buffer for integrals and indices   0.375 MB
 size of the buffer for two-elec integrals      9.379 MB
 sorting two-electron integrals
   step    #blocks   ints read    time,s  rate,G/s
   0 /  1       11   189707936         1      4.58
   total        11   189707936         1      4.11
 sorting one-electron integrals ...
   Fock matrix reconstruction ...
   SCF energy (energy of reference determinant) =    -112.820480227127 a.u.
 max deviation of the diagonal elements of the reconstructed Fock matrix and orbital energies = 1.117073e-08
 fill 1-electron diagrams ... hh hp ph pp done
 time for 2-e integrals sorting, sec: 0.73
 time for DIRAC interface (integral extraction & write), sec: 0.96
 total time for sorting operations, sec: 1.69
 finished at at Mon Aug 23 22:41:39 2021

 Initial guess
 -------------
 MP2 correlation energy =      -0.290892396005
       Total MP2 energy =    -113.111372623135

 Solution of amplitude equations (sector 0h0p)			 Mon Aug 23 22:41:39 2021
 --------------------------------------------------------------------------------------------
 it.            E(corr)              diffmax(T1)         diffmax(T2)    t,sec       mem,Gb
 --------------------------------------------------------------------------------------------
   1      -0.284551234225382    0.03159909128072    0.01170162439091      1.0    0.09/0.25
   2      -0.296893224494512    0.00370449065224    0.00693407909366      1.0    0.10/0.25
   3      -0.296361160161754    0.00490530389598    0.00239215350253      1.0    0.11/0.25
   4      -0.297996177651816    0.00058259077219    0.00062261451461      1.0    0.12/0.25
   5      -0.298094579312563    0.00026410585261    0.00019105066251      1.0    0.13/0.25
   6      -0.298116277446990    0.00002528575964    0.00003406282867      1.0    0.14/0.25
   7      -0.298117706802922    0.00000753056420    0.00000616140124      1.0    0.15/0.25
   8      -0.298117810847209    0.00000217495365    0.00000132685976      1.0    0.16/0.25
   9      -0.298117896626170    0.00000068498713    0.00000021956365      1.1    0.17/0.25
  10      -0.298117912816337    0.00000017533774    0.00000009967593      1.1    0.18/0.25
  11      -0.298117913016732    0.00000010802397    0.00000002149414      1.1    0.18/0.25
  12      -0.298117911957366    0.00000006290018    0.00000000634375      1.0    0.18/0.25
  13      -0.298117912298102    0.00000002606058    0.00000000304559      1.0    0.18/0.25
  14      -0.298117912029970    0.00000000693424    0.00000000149422      1.3    0.18/0.25
  15      -0.298117912083151    0.00000000188121    0.00000000056016      1.3    0.18/0.25
  16      -0.298117912040088    0.00000000063615    0.00000000027870      1.3    0.18/0.25
 --------------------------------------------------------------------------------------------
	converged in 16 iterations

          SCF reference energy =    -112.820480227130
       CCSD correlation energy =      -0.298117912040
             Total CCSD energy =    -113.118598139170

 average time per iteration = 1.083 sec
 (absolute values)
 Max T1 amplitude (t_ia) [ 33 -> 36 ] = 0.03561254
   [  33] eps=     -0.63456349 rep=A inactive occ
   [  36] eps=      0.15459199 rep=A inactive virt
 Max T2 amplitude (t_ijab) [ 7 35 -> 36 8 ] = 0.06103399
   [   7] eps=     -0.54894318 rep=A inactive occ
   [  35] eps=     -0.54894318 rep=A inactive occ
   [  36] eps=      0.15459199 rep=A inactive virt
   [   8] eps=      0.15459199 rep=A inactive virt

 Norm |T1| = 0.08639455
 Norm |T2| = 0.64566826

 T1 diagnostic = 0.02308991
 More on T1 diagnostic: [T.J.Lee,P.R.Taylor,IJQC 23,199(1989)]


 time for (sec):
 -------------------------------------------------------
  Total time of execution                        19.124
  Diagram contraction (mult) for <PP||PP>         3.296
  DIRAC interface (MRCONEE/MDCINT)                0.960
  Diagram template constr (tmplt)                 0.070
  Sorting of integrals                            0.731
  Multidim transposition (reorder)                2.886
  Energy denominators (diveps)                    0.170
  0h0p -- Singles equations (T1)                  0.843
  Diagram contraction (mult)                     11.027
  mult M <- M x M                                 7.421
  mult M <- D x M                                 3.280
  Diagram addition (update)                       0.564
  0h0p -- Doubles equations (T2)                 15.636
  Permutation operators                           2.021
  DIIS extrapolation                              0.490
 -------------------------------------------------------


 memory in usage  = 83693856 bytes = 79.8 Mb = 0.08 Gb
 max memory usage = 271367216 bytes = 258.8 Mb = 0.25 Gb

 Disk I/O:
   files created: 1107   files removed: 0
   read        2106725240 bytes = 1.962 Gb
   write       2223584785 bytes = 2.071 Gb

 EXP-T terminated normally at Mon Aug 23 22:41:56 2021
 Total run time: 0 days 0 hours 0 minutes 19 seconds 123 milliseconds
