
		**********************************************************************************
		**                                                                              **
		**                                   E X P - T                                  **
		**        Relativistic Fock-Space Multireference Coupled Cluster Program        **
		**                                                                              **
		**                         version 1.8.3 (22 Aug 2023)                         **
		**                                                                              **
		**********************************************************************************
		**                                                                              **
		** EXP-T is free software: you can redistribute it and/or modify                **
		** it under the terms of the GNU Lesser General Public License as published by  **
		** the Free Software Foundation, either version 3 of the License, or            **
		** (at your option) any later version.                                          **
		**                                                                              **
		** EXP-T is distributed in the hope that it will be useful,                     **
		** but WITHOUT ANY WARRANTY; without even the implied warranty of               **
		** MERCHANTABILITY or FITNESS FOR A PARTICULAR PURPOSE.  See the                **
		** GNU Lesser General Public License for more details.                          **
		**                                                                              **
		** You should have received a copy of the GNU Lesser General Public License     **
		** along with EXP-T.  If not, see <http://www.gnu.org/licenses/>.               **
		**                                                                              **
		**********************************************************************************
		**                                                                              **
		** For more information about the EXP-T program system see                      **
		** http://www.qchem.pnpi.spb.ru/expt                                            **
		**                                                                              **
		** This is an experimental code. The authors accept no responsibility           **
		** for the performance of the code or for the correctness of the results.       **
		**                                                                              **
		** If results obtained with this code are published, an                         **
		** appropriate citation would be:                                               **
		**                                                                              **
		** [1] A. Oleynichenko, A. Zaitsevskii, E. Eliav.                               **
		**     EXP-T, An Extensible Code for Fock Space Relativistic Coupled Cluster    **
		**     Calculations. See http://www.qchem.pnpi.spb.ru/expt.                     **
		** [2] A. V. Oleynichenko, A. Zaitsevskii, E. Eliav.                            **
		**     Towards high performance relativistic electronic structure modelling:    **
		**     the EXP-T program package. Commun. Comput. Inf. Sci. 1331, 375 (2020).   **
		**     doi: 10.1007/978-3-030-64616-5_33                                        **
		**                                                                              **
		**********************************************************************************

Authors:
  Alexander Oleynichenko [alexvoleynichenko@gmail.com]
  Andrei Zaitsevskii
  Artem Rumyantsev
  Ephraim Eliav
Compiler: GNU C Compiler 4.8.5
BLAS/LAPACK implementation: OpenBLAS
Build date: Apr 18 2024 16:01:18
Run date: Thu May  2 00:08:18 2024
Hostname: l015
CUDA disabled
Tensor trains (TT) disabled
Reading input file: ccsd.inp


				****************
				** Input file **
				****************

 -----
 # Test:
 # (1) HgH molecule, FSCC scheme: HgH+ -> HgH
 # (2) hamiltionian: 2-comp gatchina ECP
 # (3) symmetry Cinfv
 # (4) sector (0h,1p)
 
 title "Test HgH+ -> HgH/gatchina ECP/Cinfv"
 maxiter 200
 conv 1e-9
 #active energy -10 -0.5
 sector 0h1p
 nactp 6
 
 # import integrals from:
 #integrals MRCONEE-Cinfv MDCINT-Cinfv
 
 # shifts of denominators:
 # =======================
 
 # I. shift type
 # real shift:
 #shifttype imag
 
 # II. shift parameters:
 # 1. <n>  -- compensation power (here: 3)
 # 3. <S1> -- shift for all S1 amplitudes (here: -0.5)
 # 3. <S2> -- shift for all S2 amplitudes (here: -1.0)
 #shift 0h1p 3 -0.5 -1.0
 
 -----



				*************
				** Options **
				*************

 title            title string - comment                    Test HgH+ -> HgH/gatchina ECP/Cinfv
 scratch_dir      scratch directory for tmp files           scratch
 --no-clean       retain scratch directory on exit          no
 print            print level                               medium
 flush_amplitude  write formatted files with cluser ampl-s  no
 arith            recommended arithmetic                    real
 memory           max allowed RAM usage                     1024.0 Mb
 compress         compression of integrals on disk          disabled
 compress_triples compression of triples tensors in RAM     disabled
 disk_usage       disk usage level                          2 (rank-6+ and pppp on disk)
 tilesize         max dimension of formal blocks (tiles)    100
 nthreads         number of OpenMP parallel threads         1
 openmp_algorithm  parallelization algorithm for mult        external
 cuda             calculations on GPU (CUDA)                disabled
 maxiter          maximum number of CC iterations           200
 conv_thresh      convergence threshold (by amplitudes)     1e-09
 div_thresh       divergence threshold (by amplitudes)      1000
 reuse            reuse amplitudes and/or integrals         nothing

 skip             skip computations in sectors:             
 flush            flush amplitudes                          no
 interface        source of transformed molecular integrals  DIRAC
 integrals        one-electron Hamiltonian integrals file   MRCONEE
                  two-electron (Coulomb) integrals file     MDCINT
                  one-electron property integrals file      MDPROP
 x2cmmf           X2Cmmf Hamiltonian                        no
 new_sorting      new implementation of integral sorting    no
 gaunt            two-electron (Gaunt) integrals file       not used
 sector           target Fock space sector                  0h1p
 model            coupled cluster model (level of theory)   CCSD
 nacth            number of active hole spinors             0 spinors
 nactp            number of active particle spinors         6 spinors
 shifttype        formula for denominator shifts            shifts are disabled
 nroots           number of roots to be processed           all
 roots_cutoff     energy cutoff for roots to be processed   all
 degen_thresh     degeneracy threshold (a.u.)               1.0e-08
 occ_irreps       occupation numbers of spinors             default (from integral interface)
 occ              occupation numbers of spinors             default
 diis             DIIS technique for convergence            enabled
 diis <n>         DIIS subspace dimension                   10
 diis triples     DIIS for triples amplitudes               disabled
 diis             DIIS technique for convergence            disabled
 oneprop          interface to OneProp (by L.V.Skripnikov)  disabled
 twoprop          interface to TwoProp (by D.E.Maison)      disabled
 oneprop          interface to the MDPROP file              disabled
 density 0h0p     construct density matrix in 0h0p          disabled
 density 0h1p     construct density matrix in 0h1p          disabled
 overlap          calculate overlap int-s for target wfns   disabled
 nohermit         hermitization of effective Hamiltonians   disabled
 dltdm            model-space estimates of tran dipoles     disabled
 natorb           model-space natural orbitals              disabled
 prop             model-space estimates of properties       disabled
 select           selection of cluster amplitudes           disabled
 restrict_t3      restriction of triples                    disabled
 use_oe           use orbital energies from DIRAC           disabled
 ih_imms          simple intermediate Hamiltonian           disabled


 Creating scratch directory 'scratch' ...
 Current working directory:
 /home/oleynichenko/EXPT_RELEASES/EXP-T/examples/HgH/nactp_6
 Full path to one-electron integrals:
 /home/oleynichenko/EXPT_RELEASES/EXP-T/examples/HgH/nactp_6/MRCONEE
 Full path to Coulomb integrals:
 /home/oleynichenko/EXPT_RELEASES/EXP-T/examples/HgH/nactp_6/MDCINT
 Full path to properties integrals:
 /home/oleynichenko/EXPT_RELEASES/EXP-T/examples/HgH/nactp_6/MDPROP
 Changing working directory to scratch ...
 Current working directory:
 /home/oleynichenko/EXPT_RELEASES/EXP-T/examples/HgH/nactp_6/scratch
 Thu May  2 00:08:18 2024
 Thu May  2 00:08:19 2024

 ******************************************************************
 **       BINARY INTERFACE TO THE DIRAC PROGRAM PACKAGE          **
 **                    version 10 Apr 2020                       **
 ******************************************************************

 required unformatted files (produced by DIRAC):
   MRCONEE -- spinor info & transformed one-electron integrals
   MDCINT  -- transformed two-electron integrals
 optional files (DIRAC):
   MDPROP  -- transformed integrals of one-electron properties
 optional files (D. E. Maison, L. V. Skripnikov):
   MGINT   -- transformed Gaunt integrals

 HINT: in order to obtain these files, add option .4INDEX to the
   **DIRAC section of the DIRAC input file; this will enable the
   code for integrals transformation. Then run:
   $ pam --inp=<inp-file> --mol=<mol-file> --get="MRCONEE MDCINT"


 Names of integral files:
 MRCONEE = /home/oleynichenko/EXPT_RELEASES/EXP-T/examples/HgH/nactp_6/MRCONEE
 MDCINT  = /home/oleynichenko/EXPT_RELEASES/EXP-T/examples/HgH/nactp_6/MDCINT
 MDPROP  = /home/oleynichenko/EXPT_RELEASES/EXP-T/examples/HgH/nactp_6/MDPROP
 MDPROP unformatted file is not found!
 will be continued without properties
 default integer type in DIRAC              integer(8)

 *** MRCONEE FILE ***
 NSPINORS                                             78
 was breit in DHF                            F
 nuclear repulsion energy                      4.0705939300454483     
 inversion symmetry (1-no,2-yes)                       1
 group type (1-real,2-cmplx,4-quater)                  1
 is spinfree                                           0
 arithmetic                                 real
 total num of orb-s (+frozen+deleted)                 39
 Total SCF energy =                           -153.31970772537272     
 number of fermion irreps in parent group              2
 names of these reps (grd, ungrd)              E  1E         E  2E      
 number of spinors active in the transf-n             10          10
 total number of orb-s of this ircop                  39
 number of occupied frozen (core) spinors   
   - total                                             0
   - positive energy                                   0
   - negative energy                                   0
 number of deleted spinors                             0
 number of fermion irreps in Abelian subgrp           32
 names of these irreps                         1  -1   3  -3   5  -5   7  -7   9  -9  11 -11  13 -13  15 -15  17 -17  19 -19  21 -21  23 -23  25 -25  27 -27  29 -29  31 -31   0   2  -2   4  -4   6  -6   8  -8  10 -10  12 -12  14 -14  16 -16  18 -18  20 -20  22 -22  24 -24  26 -26  28 -28  30 -30  32
 number of g/u Kramers pairs          39
 number of boson symmetry reps(LUCITA)            4
 *** END OF MRCONEE FILE ***

 *** MDPROP FILE ***
 path to MDPROP file = /home/oleynichenko/EXPT_RELEASES/EXP-T/examples/HgH/nactp_6/MDPROP
 MDPROP file does not exist, properties integrals cannot be read
 *** END OF MDPROP FILE ***

 expectation value of dipole moment at the SCF level cannot be calculated

 *** MDCINT FILE ***
 datex                                   2May24  
 timex                                 00:08:16
 number of Kramers pairs                         39
 *** END OF MDCINT FILE ***

 number of VINT* files written                   146
 written to disk: 202211712 bytes =    0.19 Gb

 Cinfv group is to be extended:
 max 2x|Omega| = 126
 number of irreps = 253

 Blocks of molecular spinors:
 --------------------------------------------------------------------------------
   #  size  irrep  spinor indices
 --------------------------------------------------------------------------------
 [ 0]   24   1/2+  1-3,5,7,10-12,14-16,18-19,21,24-25,27-28,30-31,33,36-37,39
 [ 1]   24   1/2-  40-42,44,46,49-51,53-55,57-58,60,63-64,66-67,69-70,72,75-76,78
 [ 2]   12   3/2+  43,45,47,52,56,59,61,65,68,71,74,77
 [ 3]   12   3/2-  4,6,8,13,17,20,22,26,29,32,35,38
 [ 4]    3   5/2+  9,23,34
 [ 5]    3   5/2-  48,62,73
 --------------------------------------------------------------------------------


		Symmetry & irreducible representations
		--------------------------------------

 Point group: Cinfv
 Group type: real
 Arithmetic: real
 Is abelian: yes
 Number of irreps: 253
 Totally symmetric irrep: 0
 Representation names:
   0 1/2+      1 1/2-      2 3/2+      3 3/2-      4 5/2+      5 5/2-      6 7/2+      7 7/2-   
   8 9/2+      9 9/2-     10 11/2+    11 11/2-    12 13/2+    13 13/2-    14 15/2+    15 15/2-  
  16 17/2+    17 17/2-    18 19/2+    19 19/2-    20 21/2+    21 21/2-    22 23/2+    23 23/2-  
  24 25/2+    25 25/2-    26 27/2+    27 27/2-    28 29/2+    29 29/2-    30 31/2+    31 31/2-  
  32 33/2+    33 33/2-    34 35/2+    35 35/2-    36 37/2+    37 37/2-    38 39/2+    39 39/2-  
  40 41/2+    41 41/2-    42 43/2+    43 43/2-    44 45/2+    45 45/2-    46 47/2+    47 47/2-  
  48 49/2+    49 49/2-    50 51/2+    51 51/2-    52 53/2+    53 53/2-    54 55/2+    55 55/2-  
  56 57/2+    57 57/2-    58 59/2+    59 59/2-    60 61/2+    61 61/2-    62 63/2+    63 63/2-  
  64 65/2+    65 65/2-    66 67/2+    67 67/2-    68 69/2+    69 69/2-    70 71/2+    71 71/2-  
  72 73/2+    73 73/2-    74 75/2+    75 75/2-    76 77/2+    77 77/2-    78 79/2+    79 79/2-  
  80 81/2+    81 81/2-    82 83/2+    83 83/2-    84 85/2+    85 85/2-    86 87/2+    87 87/2-  
  88 89/2+    89 89/2-    90 91/2+    91 91/2-    92 93/2+    93 93/2-    94 95/2+    95 95/2-  
  96 97/2+    97 97/2-    98 99/2+    99 99/2-   100 101/2+  101 101/2-  102 103/2+  103 103/2- 
 104 105/2+  105 105/2-  106 107/2+  107 107/2-  108 109/2+  109 109/2-  110 111/2+  111 111/2- 
 112 113/2+  113 113/2-  114 115/2+  115 115/2-  116 117/2+  117 117/2-  118 119/2+  119 119/2- 
 120 121/2+  121 121/2-  122 123/2+  123 123/2-  124 125/2+  125 125/2-  126 0       127 1+     
 128 1-      129 2+      130 2-      131 3+      132 3-      133 4+      134 4-      135 5+     
 136 5-      137 6+      138 6-      139 7+      140 7-      141 8+      142 8-      143 9+     
 144 9-      145 10+     146 10-     147 11+     148 11-     149 12+     150 12-     151 13+    
 152 13-     153 14+     154 14-     155 15+     156 15-     157 16+     158 16-     159 17+    
 160 17-     161 18+     162 18-     163 19+     164 19-     165 20+     166 20-     167 21+    
 168 21-     169 22+     170 22-     171 23+     172 23-     173 24+     174 24-     175 25+    
 176 25-     177 26+     178 26-     179 27+     180 27-     181 28+     182 28-     183 29+    
 184 29-     185 30+     186 30-     187 31+     188 31-     189 32+     190 32-     191 33+    
 192 33-     193 34+     194 34-     195 35+     196 35-     197 36+     198 36-     199 37+    
 200 37-     201 38+     202 38-     203 39+     204 39-     205 40+     206 40-     207 41+    
 208 41-     209 42+     210 42-     211 43+     212 43-     213 44+     214 44-     215 45+    
 216 45-     217 46+     218 46-     219 47+     220 47-     221 48+     222 48-     223 49+    
 224 49-     225 50+     226 50-     227 51+     228 51-     229 52+     230 52-     231 53+    
 232 53-     233 54+     234 54-     235 55+     236 55-     237 56+     238 56-     239 57+    
 240 57-     241 58+     242 58-     243 59+     244 59-     245 60+     246 60-     247 61+    
 248 61-     249 62+     250 62-     251 63+     252 63-    

				Spinors info
				------------

     no    rep         occ    active        one-el energy
    -------------------------------------------------------
       1   0 "1/2+  "   1       -          -5.455980869206
       2   0 "1/2+  "   1       -          -3.870581311276
       3   0 "1/2+  "   1       -          -3.169834834899
       4   3 "3/2-  "   1       -          -3.169715266278
       5   0 "1/2+  "   1       -          -0.955989266320
       6   3 "3/2-  "   1       -          -0.955125399999
       7   0 "1/2+  "   1       -          -0.880879979103
       8   3 "3/2-  "   1       -          -0.880374115764
       9   4 "5/2+  "   1       -          -0.879981395410
      10   0 "1/2+  "   1       -          -0.592124486486
      11   0 "1/2+  "   0       a          -0.308079570147
      12   0 "1/2+  "   0       a          -0.150010862279
      13   3 "3/2-  "   0       a          -0.135543922882
      14   0 "1/2+  "   0       -          -0.091509706791
      15   0 "1/2+  "   0       -           0.100235421295
      16   0 "1/2+  "   0       -           0.148363530580
      17   3 "3/2-  "   0       -           0.159154158825
      18   0 "1/2+  "   0       -           0.243184260009
      19   0 "1/2+  "   0       -           0.495099965102
      20   3 "3/2-  "   0       -           0.504050910849
      21   0 "1/2+  "   0       -           0.504803828634
      22   3 "3/2-  "   0       -           0.522241996248
      23   4 "5/2+  "   0       -           0.530226679367
      24   0 "1/2+  "   0       -           0.578731421158
      25   0 "1/2+  "   0       -           1.244180798266
      26   3 "3/2-  "   0       -           1.244955453283
      27   0 "1/2+  "   0       -           1.340541531253
      28   0 "1/2+  "   0       -           1.577188893981
      29   3 "3/2-  "   0       -           1.804029947290
      30   0 "1/2+  "   0       -           1.867087719087
      31   0 "1/2+  "   0       -           2.698986405833
      32   3 "3/2-  "   0       -           3.261353557273
      33   0 "1/2+  "   0       -           3.306616647174
      34   4 "5/2+  "   0       -           3.423379374859
      35   3 "3/2-  "   0       -           3.429141366710
      36   0 "1/2+  "   0       -           3.575137998670
      37   0 "1/2+  "   0       -           8.526758155763
      38   3 "3/2-  "   0       -          10.238081579201
      39   0 "1/2+  "   0       -          10.261898606353
      40   1 "1/2-  "   1       -          -5.455980869206
      41   1 "1/2-  "   1       -          -3.870581311276
      42   1 "1/2-  "   1       -          -3.169834834899
      43   2 "3/2+  "   1       -          -3.169715266278
      44   1 "1/2-  "   1       -          -0.955989266320
      45   2 "3/2+  "   1       -          -0.955125399999
      46   1 "1/2-  "   1       -          -0.880879979103
      47   2 "3/2+  "   1       -          -0.880374115764
      48   5 "5/2-  "   1       -          -0.879981395410
      49   1 "1/2-  "   1       -          -0.592124486486
      50   1 "1/2-  "   0       a          -0.308079570147
      51   1 "1/2-  "   0       a          -0.150010862279
      52   2 "3/2+  "   0       a          -0.135543922882
      53   1 "1/2-  "   0       -          -0.091509706791
      54   1 "1/2-  "   0       -           0.100235421295
      55   1 "1/2-  "   0       -           0.148363530580
      56   2 "3/2+  "   0       -           0.159154158825
      57   1 "1/2-  "   0       -           0.243184260009
      58   1 "1/2-  "   0       -           0.495099965102
      59   2 "3/2+  "   0       -           0.504050910849
      60   1 "1/2-  "   0       -           0.504803828634
      61   2 "3/2+  "   0       -           0.522241996248
      62   5 "5/2-  "   0       -           0.530226679367
      63   1 "1/2-  "   0       -           0.578731421158
      64   1 "1/2-  "   0       -           1.244180798266
      65   2 "3/2+  "   0       -           1.244955453283
      66   1 "1/2-  "   0       -           1.340541531253
      67   1 "1/2-  "   0       -           1.577188893981
      68   2 "3/2+  "   0       -           1.804029947290
      69   1 "1/2-  "   0       -           1.867087719087
      70   1 "1/2-  "   0       -           2.698986405833
      71   2 "3/2+  "   0       -           3.261353557273
      72   1 "1/2-  "   0       -           3.306616647174
      73   5 "5/2-  "   0       -           3.423379374859
      74   2 "3/2+  "   0       -           3.429141366710
      75   1 "1/2-  "   0       -           3.575137998670
      76   1 "1/2-  "   0       -           8.526758155763
      77   2 "3/2+  "   0       -          10.238081579201
      78   1 "1/2-  "   0       -          10.261898606353
    -------------------------------------------------------

    irreps              1/2+  1/2-  3/2+  3/2-  5/2+  5/2-
    occupied inactive      6     6     3     3     1     1
    occupied active        0     0     0     0     0     0
    virtual active         2     2     1     1     0     0
    virtual inactive      16    16     8     8     2     2



				*****************
				** Sector 0h0p **
				*****************



 Integral sorting for the 0h0p sector
 started at Thu May  2 00:08:19 2024
 number of spinors                              78
 number of spinor blocks                        6
 tile size                                      100
 max spinor block size                          24
 size of i/o buffer for integrals and indices   0.375 MB
 size of the buffer for two-elec integrals      0.316 MB
 sorting two-electron integrals
   step    #blocks   ints read    time,s  rate,G/s
   0 /  6      213    35740800         0      1.43
   1 /  6      189    29537280         0      1.30
   2 /  6      160     9165024         0      0.63
   3 /  6      136     7548480         0      0.52
   4 /  6       97     1138320         0      0.12
   5 /  6       82     1034856         0      0.11
   total       877    84164760         1      0.87
 sorting one-electron integrals ...
   Fock matrix reconstruction ...
   SCF energy (energy of reference determinant) =    -153.319707725370 a.u.
 max deviation of the diagonal elements of the reconstructed Fock matrix and orbital energies = 2.239512e-08
 fill 1-electron diagrams ... hh hp ph pp done
 time for 2-e integrals sorting, sec: 0.84
 time for DIRAC interface (integral extraction & write), sec: 0.92
 total time for sorting operations, sec: 1.75
 finished at at Thu May  2 00:08:20 2024

 Initial guess
 -------------
 Contributions to the MP2 energy:
   one-particle    -0.0000000000   0.0000000000
   two-particle    -0.2124287081   0.0000000000
 MP2 correlation energy =      -0.212428708148
       Total MP2 energy =    -153.532136433521

 solution of amplitude equations (sector 0h0p)		 Thu May  2 00:08:20 2024
 ---------------------------------------------------------------------------------------
 it.       diffmax(T1)       diffmax(T2)     max(T1)     max(T2)    t,sec       mem,Gb
 ---------------------------------------------------------------------------------------
   1    0.021136044719    0.073280643632    0.021136    0.255844      0.3    0.09/0.10
   2    0.010579650916    0.049255780242    0.031716    0.305100      0.3    0.09/0.10
   3    0.006192040663    0.011869823530    0.045161    0.350738      0.3    0.09/0.10
   4    0.001365137568    0.003909087140    0.049861    0.367934      0.3    0.09/0.10
   5    0.001118107232    0.000633838787    0.052016    0.373603      0.3    0.10/0.11
   6    0.000364720906    0.000246766385    0.052390    0.374766      0.3    0.10/0.11
   7    0.000232983282    0.000136355772    0.052551    0.375290      0.3    0.10/0.11
   8    0.000096692479    0.000071864937    0.052528    0.375298      0.3    0.10/0.11
   9    0.000036159287    0.000013657749    0.052528    0.375376      0.3    0.10/0.11
  10    0.000007945821    0.000006697074    0.052528    0.375397      0.3    0.10/0.11
  11    0.000004208206    0.000002879107    0.052526    0.375394      0.3    0.10/0.11
  12    0.000001968744    0.000001017952    0.052526    0.375393      0.3    0.10/0.11
  13    0.000000632692    0.000000333294    0.052527    0.375394      0.3    0.10/0.11
  14    0.000000262106    0.000000149698    0.052527    0.375394      0.3    0.10/0.11
  15    0.000000077438    0.000000054409    0.052527    0.375394      0.3    0.10/0.11
  16    0.000000034749    0.000000020244    0.052527    0.375394      0.3    0.10/0.11
  17    0.000000003317    0.000000004314    0.052527    0.375394      0.3    0.10/0.11
  18    0.000000004961    0.000000001240    0.052527    0.375394      0.3    0.10/0.11
  19    0.000000000302    0.000000001153    0.052527    0.375394      0.3    0.10/0.11
  20    0.000000000102    0.000000000232    0.052527    0.375394      0.3    0.10/0.11
 ---------------------------------------------------------------------------------------
 converged in 20 iterations

 average time per iteration = 0.302 sec


          SCF reference energy =    -153.319707725373
       CCSD correlation energy =      -0.237292229213
             Total CCSD energy =    -153.556999954585


 (absolute values)
 Max T{0h0p}_1 amplitude (t{00}_ia) [ 10 -> 14 ] = 0.05252663
   [  10] eps=     -0.59212449 rep=1/2+ inactive occ
   [  14] eps=     -0.09150970 rep=1/2+ inactive virt
 Max T{0h0p}_2 amplitude (t{00}_ijab) [ 10 49 -> 11 50 ] = 0.37539402
   [  10] eps=     -0.59212449 rep=1/2+ inactive occ
   [  49] eps=     -0.59212449 rep=1/2- inactive occ
   [  11] eps=     -0.30807957 rep=1/2+ active virt
   [  50] eps=     -0.30807957 rep=1/2- active virt

 Norm |T{0h0p}_1| = 0.11315185
 Norm |T{0h0p}_2| = 0.91670235

 T1 diagnostic = 0.02530152
 More on T1 diagnostic: [T.J.Lee,P.R.Taylor,IJQC 23,199(1989)]



				*****************
				** Sector 0h1p **
				*****************



 Integral sorting for the 0h1p sector
 started at Thu May  2 00:08:26 2024
 number of spinors                              78
 number of spinor blocks                        6
 tile size                                      100
 max spinor block size                          24
 size of i/o buffer for integrals and indices   0.375 MB
 size of the buffer for two-elec integrals      0.316 MB
 sorting two-electron integrals
   step    #blocks   ints read    time,s  rate,G/s
   0 /  6       11     2546496         0      0.16
   1 /  6       11     2628288         0      0.17
   2 /  6       10      999936         0      0.12
   3 /  6       10     1010016         0      0.12
   4 /  6        8      153576         0      0.04
   5 /  6        8      153576         0      0.04
   total        58     7491888         0      0.13
 sorting one-electron integrals ...
   Fock matrix reconstruction ...
   SCF energy (energy of reference determinant) =    -153.319707725370 a.u.
 fill 1-electron diagrams ... done
 time for 2-e integrals sorting, sec: 1.27
 time for DIRAC interface (integral extraction & write), sec: 0.92
 total time for sorting operations, sec: 2.19
 finished at at Thu May  2 00:08:27 2024
 Construction of T^(0h1p)-independent contributions to the FSCC-equations ...

 Initialization of T1 and T2 amplitudes ...

 solution of amplitude equations (sector 0h1p)		 Thu May  2 00:08:27 2024
 ---------------------------------------------------------------------------------------
 it.       diffmax(T1)       diffmax(T2)     max(T1)     max(T2)    t,sec       mem,Gb
 ---------------------------------------------------------------------------------------
   1    0.147454812593    0.059020724753    0.126313    0.261230      0.2    0.10/0.11
   2    0.055065219899    0.146033887039    0.071248    0.334236      0.2    0.10/0.11
   3    0.081553348629    0.090486132418    0.178293    0.343687      0.2    0.10/0.11
   4    0.015220990195    0.122192061427    0.224717    0.481545      0.2    0.10/0.11
   5    0.040424786055    0.117359670144    0.301699    0.591402      0.2    0.10/0.11
   6    0.039880688726    0.116648581246    0.294532    0.578829      0.2    0.10/0.11
   7    0.022906627428    0.028417560242    0.215386    0.404388      0.2    0.10/0.11
   8    0.039128774232    0.042752010136    0.105237    0.410220      0.2    0.10/0.11
   9    0.013803851568    0.013217804467    0.341824    0.518829      0.2    0.10/0.11
  10    0.018551225888    0.020238782295    0.217321    0.406277      0.2    0.11/0.12
  11    0.006677664842    0.005163570357    0.268368    0.403985      0.2    0.11/0.12
  12    0.004148746295    0.003861500883    0.273919    0.409636      0.2    0.11/0.12
  13    0.005398563529    0.006232346492    0.263894    0.404690      0.2    0.11/0.12
  14    0.004513055671    0.004621542469    0.305886    0.462481      0.2    0.11/0.12
  15    0.000457155484    0.000653620731    0.289121    0.435237      0.2    0.11/0.12
  16    0.000770656936    0.000510054888    0.291216    0.438376      0.2    0.11/0.12
  17    0.000113119645    0.000361505336    0.289784    0.436487      0.2    0.11/0.12
  18    0.000172177963    0.000161514956    0.289756    0.436095      0.2    0.11/0.12
  19    0.000039026248    0.000119502013    0.289127    0.435203      0.2    0.11/0.12
  20    0.000038273320    0.000081254650    0.289061    0.435023      0.2    0.11/0.12
  21    0.000019132086    0.000046604289    0.289005    0.434917      0.2    0.11/0.12
  22    0.000010085789    0.000032809053    0.289032    0.434949      0.2    0.11/0.12
  23    0.000014040807    0.000024817551    0.289083    0.435001      0.2    0.11/0.12
  24    0.000002925025    0.000014599439    0.289081    0.435004      0.2    0.11/0.12
  25    0.000003663690    0.000006943466    0.289092    0.435016      0.2    0.11/0.12
  26    0.000001622756    0.000003248020    0.289086    0.435009      0.2    0.11/0.12
  27    0.000000344364    0.000001958292    0.289087    0.435008      0.2    0.11/0.12
  28    0.000001976087    0.000001639654    0.289086    0.435008      0.2    0.11/0.12
  29    0.000000690015    0.000001907958    0.289088    0.435008      0.2    0.11/0.12
  30    0.000000595478    0.000001233369    0.289087    0.435008      0.2    0.11/0.12
  31    0.000000620139    0.000001312332    0.289087    0.435008      0.2    0.11/0.12
  32    0.000000874133    0.000001396906    0.289087    0.435007      0.2    0.11/0.12
  33    0.000000726989    0.000001362055    0.289086    0.435007      0.2    0.11/0.12
  34    0.000000813344    0.000001403112    0.289087    0.435007      0.2    0.11/0.12
  35    0.000000678700    0.000001348406    0.289087    0.435007      0.2    0.11/0.12
  36    0.000000703032    0.000001550774    0.289086    0.435006      0.2    0.11/0.12
  37    0.000000573052    0.000001268309    0.289087    0.435008      0.2    0.11/0.12
  38    0.000000698493    0.000000770486    0.289088    0.435010      0.2    0.11/0.12
  39    0.000000108624    0.000000189298    0.289091    0.435015      0.2    0.11/0.12
  40    0.000000054544    0.000000084810    0.289091    0.435015      0.2    0.11/0.12
  41    0.000000024159    0.000000059229    0.289092    0.435016      0.2    0.11/0.12
  42    0.000000032854    0.000000046737    0.289092    0.435016      0.2    0.11/0.12
  43    0.000000024420    0.000000038663    0.289092    0.435016      0.2    0.11/0.12
  44    0.000000025896    0.000000032295    0.289092    0.435016      0.2    0.11/0.12
  45    0.000000023294    0.000000023224    0.289092    0.435016      0.2    0.11/0.12
  46    0.000000012044    0.000000016882    0.289092    0.435016      0.2    0.11/0.12
  47    0.000000004259    0.000000010033    0.289092    0.435016      0.2    0.11/0.12
  48    0.000000003951    0.000000009343    0.289092    0.435016      0.2    0.11/0.12
  49    0.000000005411    0.000000003795    0.289092    0.435016      0.2    0.11/0.12
  50    0.000000001272    0.000000002330    0.289092    0.435016      0.2    0.11/0.12
  51    0.000000001849    0.000000002971    0.289092    0.435016      0.2    0.11/0.12
  52    0.000000001944    0.000000003435    0.289092    0.435016      0.2    0.11/0.12
  53    0.000000001855    0.000000003032    0.289092    0.435016      0.2    0.11/0.12
  54    0.000000000703    0.000000001430    0.289092    0.435016      0.2    0.11/0.12
  55    0.000000000871    0.000000000913    0.289092    0.435016      0.2    0.11/0.12
 ---------------------------------------------------------------------------------------
 converged in 55 iterations

 average time per iteration = 0.219 sec


 (absolute values)
 Max T{0h1p}_1 amplitude (t{01}_ia) [ 51 -> 53 ] = 0.28909167
   [  51] eps=     -0.15001086 rep=1/2- active virt
   [  53] eps=     -0.09150970 rep=1/2- inactive virt
 Max T{0h1p}_2 amplitude (t{01}_ijab) [ 51 10 -> 11 50 ] = 0.43501580
   [  51] eps=     -0.15001086 rep=1/2- active virt
   [  10] eps=     -0.59212449 rep=1/2+ inactive occ
   [  11] eps=     -0.30807957 rep=1/2+ active virt
   [  50] eps=     -0.30807957 rep=1/2- active virt

 Norm |T{0h1p}_1| = 0.46823466
 Norm |T{0h1p}_2| = 1.78115457

 Model space dimensions:
  [  0] dim = 2      1/2+
  [  1] dim = 2      1/2-
  [  2] dim = 1      3/2+
  [  3] dim = 1      3/2-


 Heff eigenvalues:
 (degeneracy threshold = 1.0e-08 a.u.)

 Level  Re(eigenvalue)  Im(eigv)               Abs energy  Rel eigenvalue    Rel eigv, eV  Rel eigv, cm-1  deg  symmetry
 ------------------------------------------------------------------------------------------------------------------------
@    1   -0.3234634064  0.00e+00   -153.88046336096925870    0.0000000000    0.0000000000        0.000000   2   1/2+ 1/2-
@    2   -0.1716373996  0.00e+00   -153.72863735420452258    0.1518260068    4.1313961123    33321.956866   2   1/2+ 1/2-
@    3   -0.1590475274  0.00e+00   -153.71604748199834489    0.1644158790    4.4739839877    36085.114427   2   3/2+ 3/2-

 Ionization potential 0h1p -> 0h0p =     0.323463406384 a.u. =   8.8019 eV =   70992.01 cm^-1

 time for (sec):
 -------------------------------------------------------
  Total time of execution                        20.673
  Diagram contraction (mult) for <PP||PP>         3.866
  DIRAC interface (MRCONEE/MDCINT)                0.916
  Diagram template constr (tmplt)                 0.127
  Sorting of integrals                            1.274
  Tensor transposition (reorder)                  2.866
  Energy denominators (diveps)                    0.138
  0h0p -- Singles equations (T1)                  0.396
  Diagram contraction (mult)                     12.607
  mult M <- M x M                                 8.111
  mult M <- D x M                                 3.824
  Diagram addition (update)                       0.437
  0h0p -- Doubles equations (T2)                  5.411
  Permutation operators                           1.360
  DIIS extrapolation                              0.401
  Constant part of 0h1p amplitudes                0.040
  Extraction of a closed part                     0.001
  Prediction of intruder states                   0.005
 -------------------------------------------------------


 memory in usage  = 25256280 bytes = 24.1 Mb = 0.02 Gb
 max memory usage = 125231872 bytes = 119.4 Mb = 0.12 Gb

 Disk I/O:
   files created: 8223   files removed: 0
   read        2778619600 bytes = 2.588 Gb
   write       1175308893 bytes = 1.095 Gb

 EXP-T terminated normally at Thu May  2 00:08:39 2024
 Total run time: 0 days 0 hours 0 minutes 20 seconds 672 milliseconds
