
		**********************************************************************************
		**                                                                              **
		**                                   E X P - T                                  **
		**        Relativistic Fock-Space Multireference Coupled Cluster Program        **
		**                                                                              **
		**                         version 1.8.3 (22 Aug 2023)                         **
		**                                                                              **
		**********************************************************************************
		**                                                                              **
		** EXP-T is free software: you can redistribute it and/or modify                **
		** it under the terms of the GNU Lesser General Public License as published by  **
		** the Free Software Foundation, either version 3 of the License, or            **
		** (at your option) any later version.                                          **
		**                                                                              **
		** EXP-T is distributed in the hope that it will be useful,                     **
		** but WITHOUT ANY WARRANTY; without even the implied warranty of               **
		** MERCHANTABILITY or FITNESS FOR A PARTICULAR PURPOSE.  See the                **
		** GNU Lesser General Public License for more details.                          **
		**                                                                              **
		** You should have received a copy of the GNU Lesser General Public License     **
		** along with EXP-T.  If not, see <http://www.gnu.org/licenses/>.               **
		**                                                                              **
		**********************************************************************************
		**                                                                              **
		** For more information about the EXP-T program system see                      **
		** http://www.qchem.pnpi.spb.ru/expt                                            **
		**                                                                              **
		** This is an experimental code. The authors accept no responsibility           **
		** for the performance of the code or for the correctness of the results.       **
		**                                                                              **
		** If results obtained with this code are published, an                         **
		** appropriate citation would be:                                               **
		**                                                                              **
		** [1] A. Oleynichenko, A. Zaitsevskii, E. Eliav.                               **
		**     EXP-T, An Extensible Code for Fock Space Relativistic Coupled Cluster    **
		**     Calculations. See http://www.qchem.pnpi.spb.ru/expt.                     **
		** [2] A. V. Oleynichenko, A. Zaitsevskii, E. Eliav.                            **
		**     Towards high performance relativistic electronic structure modelling:    **
		**     the EXP-T program package. Commun. Comput. Inf. Sci. 1331, 375 (2020).   **
		**     doi: 10.1007/978-3-030-64616-5_33                                        **
		**                                                                              **
		**********************************************************************************

Authors:
  Alexander Oleynichenko [alexvoleynichenko@gmail.com]
  Andrei Zaitsevskii
  Artem Rumyantsev
  Ephraim Eliav
Compiler: GNU C Compiler 4.8.5
BLAS/LAPACK implementation: OpenBLAS
Build date: Apr 18 2024 16:01:18
Run date: Thu May  2 00:09:59 2024
Hostname: l015
CUDA disabled
Tensor trains (TT) disabled
Reading input file: ccsd.inp


				****************
				** Input file **
				****************

 -----
 # Test:
 # (1) HgH molecule, FSCC scheme: HgH+ -> HgH
 # (2) hamiltionian: 2-comp gatchina ECP
 # (3) symmetry Cinfv
 # (4) sector (0h,1p)
 
 title "Test HgH+ -> HgH/gatchina ECP/Cinfv"
 maxiter 200
 conv 1e-9
 #active energy -10 -0.5
 sector 0h1p
 nactp 6
 
 # import integrals from:
 #integrals MRCONEE-Cinfv MDCINT-Cinfv
 
 # shifts of denominators:
 # =======================
 
 # I. shift type
 # real shift:
 #shifttype imag
 
 # II. shift parameters:
 # 1. <n>  -- compensation power (here: 3)
 # 3. <S1> -- shift for all S1 amplitudes (here: -0.5)
 # 3. <S2> -- shift for all S2 amplitudes (here: -1.0)
 #shift 0h1p 3 -0.5 -1.0
 
 -----



				*************
				** Options **
				*************

 title            title string - comment                    Test HgH+ -> HgH/gatchina ECP/Cinfv
 scratch_dir      scratch directory for tmp files           scratch
 --no-clean       retain scratch directory on exit          no
 print            print level                               medium
 flush_amplitude  write formatted files with cluser ampl-s  no
 arith            recommended arithmetic                    real
 memory           max allowed RAM usage                     1024.0 Mb
 compress         compression of integrals on disk          disabled
 compress_triples compression of triples tensors in RAM     disabled
 disk_usage       disk usage level                          2 (rank-6+ and pppp on disk)
 tilesize         max dimension of formal blocks (tiles)    100
 nthreads         number of OpenMP parallel threads         1
 openmp_algorithm  parallelization algorithm for mult        external
 cuda             calculations on GPU (CUDA)                disabled
 maxiter          maximum number of CC iterations           200
 conv_thresh      convergence threshold (by amplitudes)     1e-09
 div_thresh       divergence threshold (by amplitudes)      1000
 reuse            reuse amplitudes and/or integrals         nothing

 skip             skip computations in sectors:             
 flush            flush amplitudes                          no
 interface        source of transformed molecular integrals  DIRAC
 integrals        one-electron Hamiltonian integrals file   MRCONEE
                  two-electron (Coulomb) integrals file     MDCINT
                  one-electron property integrals file      MDPROP
 x2cmmf           X2Cmmf Hamiltonian                        no
 new_sorting      new implementation of integral sorting    no
 gaunt            two-electron (Gaunt) integrals file       not used
 sector           target Fock space sector                  0h1p
 model            coupled cluster model (level of theory)   CCSD
 nacth            number of active hole spinors             0 spinors
 nactp            number of active particle spinors         6 spinors
 shifttype        formula for denominator shifts            shifts are disabled
 nroots           number of roots to be processed           all
 roots_cutoff     energy cutoff for roots to be processed   all
 degen_thresh     degeneracy threshold (a.u.)               1.0e-08
 occ_irreps       occupation numbers of spinors             default (from integral interface)
 occ              occupation numbers of spinors             default
 diis             DIIS technique for convergence            enabled
 diis <n>         DIIS subspace dimension                   10
 diis triples     DIIS for triples amplitudes               disabled
 diis             DIIS technique for convergence            disabled
 oneprop          interface to OneProp (by L.V.Skripnikov)  disabled
 twoprop          interface to TwoProp (by D.E.Maison)      disabled
 oneprop          interface to the MDPROP file              disabled
 density 0h0p     construct density matrix in 0h0p          disabled
 density 0h1p     construct density matrix in 0h1p          disabled
 overlap          calculate overlap int-s for target wfns   disabled
 nohermit         hermitization of effective Hamiltonians   disabled
 dltdm            model-space estimates of tran dipoles     disabled
 natorb           model-space natural orbitals              disabled
 prop             model-space estimates of properties       disabled
 select           selection of cluster amplitudes           disabled
 restrict_t3      restriction of triples                    disabled
 use_oe           use orbital energies from DIRAC           disabled
 ih_imms          simple intermediate Hamiltonian           disabled


 Scratch directory 'scratch' exists
 Current working directory:
 /home/oleynichenko/EXPT_RELEASES/EXP-T/examples/HgH/nactp_6
 Full path to one-electron integrals:
 /home/oleynichenko/EXPT_RELEASES/EXP-T/examples/HgH/nactp_6/MRCONEE
 Full path to Coulomb integrals:
 /home/oleynichenko/EXPT_RELEASES/EXP-T/examples/HgH/nactp_6/MDCINT
 Full path to properties integrals:
 /home/oleynichenko/EXPT_RELEASES/EXP-T/examples/HgH/nactp_6/MDPROP
 Changing working directory to scratch ...
 Current working directory:
 /home/oleynichenko/EXPT_RELEASES/EXP-T/examples/HgH/nactp_6/scratch
 Thu May  2 00:09:59 2024
 Thu May  2 00:10:00 2024

 ******************************************************************
 **       BINARY INTERFACE TO THE DIRAC PROGRAM PACKAGE          **
 **                    version 10 Apr 2020                       **
 ******************************************************************

 required unformatted files (produced by DIRAC):
   MRCONEE -- spinor info & transformed one-electron integrals
   MDCINT  -- transformed two-electron integrals
 optional files (DIRAC):
   MDPROP  -- transformed integrals of one-electron properties
 optional files (D. E. Maison, L. V. Skripnikov):
   MGINT   -- transformed Gaunt integrals

 HINT: in order to obtain these files, add option .4INDEX to the
   **DIRAC section of the DIRAC input file; this will enable the
   code for integrals transformation. Then run:
   $ pam --inp=<inp-file> --mol=<mol-file> --get="MRCONEE MDCINT"


 Names of integral files:
 MRCONEE = /home/oleynichenko/EXPT_RELEASES/EXP-T/examples/HgH/nactp_6/MRCONEE
 MDCINT  = /home/oleynichenko/EXPT_RELEASES/EXP-T/examples/HgH/nactp_6/MDCINT
 MDPROP  = /home/oleynichenko/EXPT_RELEASES/EXP-T/examples/HgH/nactp_6/MDPROP
 MDPROP unformatted file is not found!
 will be continued without properties
 default integer type in DIRAC              integer(8)

 *** MRCONEE FILE ***
 NSPINORS                                             78
 was breit in DHF                            F
 nuclear repulsion energy                      3.9198311918660682     
 inversion symmetry (1-no,2-yes)                       1
 group type (1-real,2-cmplx,4-quater)                  1
 is spinfree                                           0
 arithmetic                                 real
 total num of orb-s (+frozen+deleted)                 39
 Total SCF energy =                           -153.31092424979201     
 number of fermion irreps in parent group              2
 names of these reps (grd, ungrd)              E  1E         E  2E      
 number of spinors active in the transf-n             10          10
 total number of orb-s of this ircop                  39
 number of occupied frozen (core) spinors   
   - total                                             0
   - positive energy                                   0
   - negative energy                                   0
 number of deleted spinors                             0
 number of fermion irreps in Abelian subgrp           32
 names of these irreps                         1  -1   3  -3   5  -5   7  -7   9  -9  11 -11  13 -13  15 -15  17 -17  19 -19  21 -21  23 -23  25 -25  27 -27  29 -29  31 -31   0   2  -2   4  -4   6  -6   8  -8  10 -10  12 -12  14 -14  16 -16  18 -18  20 -20  22 -22  24 -24  26 -26  28 -28  30 -30  32
 number of g/u Kramers pairs          39
 number of boson symmetry reps(LUCITA)            4
 *** END OF MRCONEE FILE ***

 *** MDPROP FILE ***
 path to MDPROP file = /home/oleynichenko/EXPT_RELEASES/EXP-T/examples/HgH/nactp_6/MDPROP
 MDPROP file does not exist, properties integrals cannot be read
 *** END OF MDPROP FILE ***

 expectation value of dipole moment at the SCF level cannot be calculated

 *** MDCINT FILE ***
 datex                                   2May24  
 timex                                 00:09:57
 number of Kramers pairs                         39
 *** END OF MDCINT FILE ***

 number of VINT* files written                   146
 written to disk: 202211712 bytes =    0.19 Gb

 Cinfv group is to be extended:
 max 2x|Omega| = 126
 number of irreps = 253

 Blocks of molecular spinors:
 --------------------------------------------------------------------------------
   #  size  irrep  spinor indices
 --------------------------------------------------------------------------------
 [ 0]   24   1/2+  1-3,5,7,10-12,14-16,18-19,21,24-25,27-28,30-31,33,36-37,39
 [ 1]   24   1/2-  40-42,44,46,49-51,53-55,57-58,60,63-64,66-67,69-70,72,75-76,78
 [ 2]   12   3/2+  43,45,47,52,56,59,61,65,68,71,74,77
 [ 3]   12   3/2-  4,6,8,13,17,20,22,26,29,32,35,38
 [ 4]    3   5/2+  9,23,34
 [ 5]    3   5/2-  48,62,73
 --------------------------------------------------------------------------------


		Symmetry & irreducible representations
		--------------------------------------

 Point group: Cinfv
 Group type: real
 Arithmetic: real
 Is abelian: yes
 Number of irreps: 253
 Totally symmetric irrep: 0
 Representation names:
   0 1/2+      1 1/2-      2 3/2+      3 3/2-      4 5/2+      5 5/2-      6 7/2+      7 7/2-   
   8 9/2+      9 9/2-     10 11/2+    11 11/2-    12 13/2+    13 13/2-    14 15/2+    15 15/2-  
  16 17/2+    17 17/2-    18 19/2+    19 19/2-    20 21/2+    21 21/2-    22 23/2+    23 23/2-  
  24 25/2+    25 25/2-    26 27/2+    27 27/2-    28 29/2+    29 29/2-    30 31/2+    31 31/2-  
  32 33/2+    33 33/2-    34 35/2+    35 35/2-    36 37/2+    37 37/2-    38 39/2+    39 39/2-  
  40 41/2+    41 41/2-    42 43/2+    43 43/2-    44 45/2+    45 45/2-    46 47/2+    47 47/2-  
  48 49/2+    49 49/2-    50 51/2+    51 51/2-    52 53/2+    53 53/2-    54 55/2+    55 55/2-  
  56 57/2+    57 57/2-    58 59/2+    59 59/2-    60 61/2+    61 61/2-    62 63/2+    63 63/2-  
  64 65/2+    65 65/2-    66 67/2+    67 67/2-    68 69/2+    69 69/2-    70 71/2+    71 71/2-  
  72 73/2+    73 73/2-    74 75/2+    75 75/2-    76 77/2+    77 77/2-    78 79/2+    79 79/2-  
  80 81/2+    81 81/2-    82 83/2+    83 83/2-    84 85/2+    85 85/2-    86 87/2+    87 87/2-  
  88 89/2+    89 89/2-    90 91/2+    91 91/2-    92 93/2+    93 93/2-    94 95/2+    95 95/2-  
  96 97/2+    97 97/2-    98 99/2+    99 99/2-   100 101/2+  101 101/2-  102 103/2+  103 103/2- 
 104 105/2+  105 105/2-  106 107/2+  107 107/2-  108 109/2+  109 109/2-  110 111/2+  111 111/2- 
 112 113/2+  113 113/2-  114 115/2+  115 115/2-  116 117/2+  117 117/2-  118 119/2+  119 119/2- 
 120 121/2+  121 121/2-  122 123/2+  123 123/2-  124 125/2+  125 125/2-  126 0       127 1+     
 128 1-      129 2+      130 2-      131 3+      132 3-      133 4+      134 4-      135 5+     
 136 5-      137 6+      138 6-      139 7+      140 7-      141 8+      142 8-      143 9+     
 144 9-      145 10+     146 10-     147 11+     148 11-     149 12+     150 12-     151 13+    
 152 13-     153 14+     154 14-     155 15+     156 15-     157 16+     158 16-     159 17+    
 160 17-     161 18+     162 18-     163 19+     164 19-     165 20+     166 20-     167 21+    
 168 21-     169 22+     170 22-     171 23+     172 23-     173 24+     174 24-     175 25+    
 176 25-     177 26+     178 26-     179 27+     180 27-     181 28+     182 28-     183 29+    
 184 29-     185 30+     186 30-     187 31+     188 31-     189 32+     190 32-     191 33+    
 192 33-     193 34+     194 34-     195 35+     196 35-     197 36+     198 36-     199 37+    
 200 37-     201 38+     202 38-     203 39+     204 39-     205 40+     206 40-     207 41+    
 208 41-     209 42+     210 42-     211 43+     212 43-     213 44+     214 44-     215 45+    
 216 45-     217 46+     218 46-     219 47+     220 47-     221 48+     222 48-     223 49+    
 224 49-     225 50+     226 50-     227 51+     228 51-     229 52+     230 52-     231 53+    
 232 53-     233 54+     234 54-     235 55+     236 55-     237 56+     238 56-     239 57+    
 240 57-     241 58+     242 58-     243 59+     244 59-     245 60+     246 60-     247 61+    
 248 61-     249 62+     250 62-     251 63+     252 63-    

				Spinors info
				------------

     no    rep         occ    active        one-el energy
    -------------------------------------------------------
       1   0 "1/2+  "   1       -          -5.452852370664
       2   0 "1/2+  "   1       -          -3.867458840742
       3   0 "1/2+  "   1       -          -3.166731185451
       4   3 "3/2-  "   1       -          -3.166640527697
       5   0 "1/2+  "   1       -          -0.952838112971
       6   3 "3/2-  "   1       -          -0.952154339311
       7   0 "1/2+  "   1       -          -0.877726017260
       8   3 "3/2-  "   1       -          -0.877365307682
       9   4 "5/2+  "   1       -          -0.877052771630
      10   0 "1/2+  "   1       -          -0.583989352138
      11   0 "1/2+  "   0       a          -0.312990057496
      12   0 "1/2+  "   0       a          -0.148805893591
      13   3 "3/2-  "   0       a          -0.134161435837
      14   0 "1/2+  "   0       -          -0.096449582770
      15   0 "1/2+  "   0       -           0.103154288802
      16   0 "1/2+  "   0       -           0.151255886149
      17   3 "3/2-  "   0       -           0.160846706649
      18   0 "1/2+  "   0       -           0.245685131384
      19   0 "1/2+  "   0       -           0.482981466941
      20   3 "3/2-  "   0       -           0.507077978132
      21   0 "1/2+  "   0       -           0.508577384046
      22   3 "3/2-  "   0       -           0.525598378596
      23   4 "5/2+  "   0       -           0.532455773450
      24   0 "1/2+  "   0       -           0.578672268817
      25   0 "1/2+  "   0       -           1.235301666570
      26   3 "3/2-  "   0       -           1.235726787946
      27   0 "1/2+  "   0       -           1.313852377047
      28   0 "1/2+  "   0       -           1.570351068277
      29   3 "3/2-  "   0       -           1.806088635609
      30   0 "1/2+  "   0       -           1.855955158439
      31   0 "1/2+  "   0       -           2.700616657778
      32   3 "3/2-  "   0       -           3.263698255471
      33   0 "1/2+  "   0       -           3.305212770406
      34   4 "5/2+  "   0       -           3.426157580259
      35   3 "3/2-  "   0       -           3.430159606129
      36   0 "1/2+  "   0       -           3.558795892599
      37   0 "1/2+  "   0       -           8.526903357728
      38   3 "3/2-  "   0       -          10.240860876982
      39   0 "1/2+  "   0       -          10.259198559728
      40   1 "1/2-  "   1       -          -5.452852370664
      41   1 "1/2-  "   1       -          -3.867458840742
      42   1 "1/2-  "   1       -          -3.166731185451
      43   2 "3/2+  "   1       -          -3.166640527697
      44   1 "1/2-  "   1       -          -0.952838112971
      45   2 "3/2+  "   1       -          -0.952154339311
      46   1 "1/2-  "   1       -          -0.877726017260
      47   2 "3/2+  "   1       -          -0.877365307682
      48   5 "5/2-  "   1       -          -0.877052771630
      49   1 "1/2-  "   1       -          -0.583989352138
      50   1 "1/2-  "   0       a          -0.312990057496
      51   1 "1/2-  "   0       a          -0.148805893591
      52   2 "3/2+  "   0       a          -0.134161435837
      53   1 "1/2-  "   0       -          -0.096449582770
      54   1 "1/2-  "   0       -           0.103154288802
      55   1 "1/2-  "   0       -           0.151255886149
      56   2 "3/2+  "   0       -           0.160846706649
      57   1 "1/2-  "   0       -           0.245685131384
      58   1 "1/2-  "   0       -           0.482981466941
      59   2 "3/2+  "   0       -           0.507077978132
      60   1 "1/2-  "   0       -           0.508577384046
      61   2 "3/2+  "   0       -           0.525598378596
      62   5 "5/2-  "   0       -           0.532455773450
      63   1 "1/2-  "   0       -           0.578672268817
      64   1 "1/2-  "   0       -           1.235301666570
      65   2 "3/2+  "   0       -           1.235726787946
      66   1 "1/2-  "   0       -           1.313852377047
      67   1 "1/2-  "   0       -           1.570351068277
      68   2 "3/2+  "   0       -           1.806088635609
      69   1 "1/2-  "   0       -           1.855955158439
      70   1 "1/2-  "   0       -           2.700616657778
      71   2 "3/2+  "   0       -           3.263698255471
      72   1 "1/2-  "   0       -           3.305212770406
      73   5 "5/2-  "   0       -           3.426157580259
      74   2 "3/2+  "   0       -           3.430159606129
      75   1 "1/2-  "   0       -           3.558795892599
      76   1 "1/2-  "   0       -           8.526903357728
      77   2 "3/2+  "   0       -          10.240860876982
      78   1 "1/2-  "   0       -          10.259198559728
    -------------------------------------------------------

    irreps              1/2+  1/2-  3/2+  3/2-  5/2+  5/2-
    occupied inactive      6     6     3     3     1     1
    occupied active        0     0     0     0     0     0
    virtual active         2     2     1     1     0     0
    virtual inactive      16    16     8     8     2     2



				*****************
				** Sector 0h0p **
				*****************



 Integral sorting for the 0h0p sector
 started at Thu May  2 00:10:00 2024
 number of spinors                              78
 number of spinor blocks                        6
 tile size                                      100
 max spinor block size                          24
 size of i/o buffer for integrals and indices   0.375 MB
 size of the buffer for two-elec integrals      0.316 MB
 sorting two-electron integrals
   step    #blocks   ints read    time,s  rate,G/s
   0 /  6      213    35740800         0      1.38
   1 /  6      189    29537280         0      1.22
   2 /  6      160     9165024         0      0.58
   3 /  6      136     7548480         0      0.51
   4 /  6       97     1138320         0      0.12
   5 /  6       82     1034856         0      0.12
   total       877    84164760         1      0.85
 sorting one-electron integrals ...
   Fock matrix reconstruction ...
   SCF energy (energy of reference determinant) =    -153.310924249790 a.u.
 max deviation of the diagonal elements of the reconstructed Fock matrix and orbital energies = 7.782592e-09
 fill 1-electron diagrams ... hh hp ph pp done
 time for 2-e integrals sorting, sec: 0.86
 time for DIRAC interface (integral extraction & write), sec: 0.84
 total time for sorting operations, sec: 1.69
 finished at at Thu May  2 00:10:01 2024

 Initial guess
 -------------
 Contributions to the MP2 energy:
   one-particle    -0.0000000000   0.0000000000
   two-particle    -0.2144531210   0.0000000000
 MP2 correlation energy =      -0.214453121046
       Total MP2 energy =    -153.525377370838

 solution of amplitude equations (sector 0h0p)		 Thu May  2 00:10:01 2024
 ---------------------------------------------------------------------------------------
 it.       diffmax(T1)       diffmax(T2)     max(T1)     max(T2)    t,sec       mem,Gb
 ---------------------------------------------------------------------------------------
   1    0.024098937006    0.080163580724    0.024099    0.278292      0.3    0.09/0.10
   2    0.011754582042    0.055081540137    0.035854    0.333373      0.3    0.09/0.10
   3    0.007740922925    0.011777075573    0.051356    0.384656      0.3    0.09/0.10
   4    0.001320146152    0.004764502118    0.056161    0.403680      0.3    0.09/0.10
   5    0.001960190314    0.000709587050    0.058519    0.410033      0.3    0.10/0.11
   6    0.000434152970    0.000329738684    0.059006    0.411740      0.3    0.10/0.11
   7    0.000296623409    0.000170673814    0.059168    0.412403      0.3    0.10/0.11
   8    0.000114027023    0.000095110787    0.059128    0.412393      0.3    0.10/0.11
   9    0.000043036416    0.000015843055    0.059121    0.412473      0.3    0.10/0.11
  10    0.000009173100    0.000008307591    0.059124    0.412504      0.3    0.10/0.11
  11    0.000005583964    0.000003863643    0.059123    0.412500      0.3    0.10/0.11
  12    0.000002556114    0.000001558558    0.059123    0.412499      0.3    0.10/0.11
  13    0.000000817518    0.000000438180    0.059124    0.412500      0.3    0.10/0.11
  14    0.000000270180    0.000000183585    0.059124    0.412500      0.3    0.10/0.11
  15    0.000000100518    0.000000081959    0.059124    0.412500      0.3    0.10/0.11
  16    0.000000034188    0.000000023271    0.059124    0.412500      0.3    0.10/0.11
  17    0.000000009930    0.000000006470    0.059124    0.412500      0.3    0.10/0.11
  18    0.000000008700    0.000000002374    0.059124    0.412500      0.3    0.10/0.11
  19    0.000000002067    0.000000001909    0.059124    0.412500      0.3    0.10/0.11
  20    0.000000000536    0.000000000638    0.059124    0.412500      0.3    0.10/0.11
 ---------------------------------------------------------------------------------------
 converged in 20 iterations

 average time per iteration = 0.303 sec


          SCF reference energy =    -153.310924249792
       CCSD correlation energy =      -0.241026213207
             Total CCSD energy =    -153.551950462999


 (absolute values)
 Max T{0h0p}_1 amplitude (t{00}_ia) [ 10 -> 14 ] = 0.05912375
   [  10] eps=     -0.58398935 rep=1/2+ inactive occ
   [  14] eps=     -0.09644958 rep=1/2+ inactive virt
 Max T{0h0p}_2 amplitude (t{00}_ijab) [ 10 49 -> 11 50 ] = 0.41249980
   [  10] eps=     -0.58398935 rep=1/2+ inactive occ
   [  49] eps=     -0.58398935 rep=1/2- inactive occ
   [  11] eps=     -0.31299006 rep=1/2+ active virt
   [  50] eps=     -0.31299006 rep=1/2- active virt

 Norm |T{0h0p}_1| = 0.12370597
 Norm |T{0h0p}_2| = 0.97560909

 T1 diagnostic = 0.02766150
 More on T1 diagnostic: [T.J.Lee,P.R.Taylor,IJQC 23,199(1989)]



				*****************
				** Sector 0h1p **
				*****************



 Integral sorting for the 0h1p sector
 started at Thu May  2 00:10:07 2024
 number of spinors                              78
 number of spinor blocks                        6
 tile size                                      100
 max spinor block size                          24
 size of i/o buffer for integrals and indices   0.375 MB
 size of the buffer for two-elec integrals      0.316 MB
 sorting two-electron integrals
   step    #blocks   ints read    time,s  rate,G/s
   0 /  6       11     2546496         0      0.16
   1 /  6       11     2628288         0      0.17
   2 /  6       10      999936         0      0.12
   3 /  6       10     1010016         0      0.12
   4 /  6        8      153576         0      0.04
   5 /  6        8      153576         0      0.04
   total        58     7491888         0      0.13
 sorting one-electron integrals ...
   Fock matrix reconstruction ...
   SCF energy (energy of reference determinant) =    -153.310924249790 a.u.
 fill 1-electron diagrams ... done
 time for 2-e integrals sorting, sec: 1.29
 time for DIRAC interface (integral extraction & write), sec: 0.84
 total time for sorting operations, sec: 2.13
 finished at at Thu May  2 00:10:08 2024
 Construction of T^(0h1p)-independent contributions to the FSCC-equations ...

 Initialization of T1 and T2 amplitudes ...

 solution of amplitude equations (sector 0h1p)		 Thu May  2 00:10:08 2024
 ---------------------------------------------------------------------------------------
 it.       diffmax(T1)       diffmax(T2)     max(T1)     max(T2)    t,sec       mem,Gb
 ---------------------------------------------------------------------------------------
   1    0.198563997457    0.059768097058    0.172430    0.307759      0.2    0.10/0.11
   2    0.099338812090    0.216282218925    0.073092    0.405771      0.2    0.10/0.11
   3    0.078800976068    0.134566300957    0.209639    0.414611      0.2    0.10/0.11
   4    0.020942684797    0.168720046217    0.270444    0.595890      0.2    0.10/0.11
   5    0.040962341411    0.168874874064    0.357267    0.729664      0.2    0.10/0.11
   6    0.014496912008    0.134460737344    0.158339    0.435961      0.2    0.10/0.11
   7    0.012184299213    0.061072160318    0.115806    0.459058      0.2    0.10/0.11
   8    0.033632810557    0.030177468745    0.171013    0.468842      0.2    0.10/0.11
   9    0.043160669385    0.037534570911    0.423566    0.607243      0.2    0.10/0.11
  10    0.025378566839    0.027197425520    0.206206    0.463249      0.2    0.11/0.12
  11    0.011791623926    0.008738364327    0.256135    0.460780      0.2    0.11/0.12
  12    0.004824664672    0.005030614869    0.274058    0.460650      0.2    0.11/0.12
  13    0.010205649368    0.010660754103    0.249345    0.461273      0.2    0.11/0.12
  14    0.005093959552    0.004863983002    0.302295    0.463612      0.2    0.11/0.12
  15    0.004005752751    0.002966710150    0.297201    0.463380      0.2    0.11/0.12
  16    0.000237872087    0.000779523905    0.287568    0.463005      0.2    0.11/0.12
  17    0.000144267634    0.000605721303    0.287541    0.465006      0.2    0.11/0.12
  18    0.000136596164    0.000329564680    0.287805    0.467228      0.2    0.11/0.12
  19    0.000116954232    0.000268284407    0.287939    0.468720      0.2    0.11/0.12
  20    0.000049695116    0.000215563380    0.287386    0.469626      0.2    0.11/0.12
  21    0.000129970794    0.000125052437    0.287454    0.470043      0.2    0.11/0.12
  22    0.000031732438    0.000076290808    0.287455    0.470187      0.2    0.11/0.12
  23    0.000011774083    0.000061936395    0.287466    0.470232      0.2    0.11/0.12
  24    0.000022493439    0.000038339841    0.287559    0.470397      0.2    0.11/0.12
  25    0.000004962007    0.000013367891    0.287513    0.470491      0.2    0.11/0.12
  26    0.000001502966    0.000006646068    0.287517    0.470522      0.2    0.11/0.12
  27    0.000001082729    0.000007100448    0.287530    0.470540      0.2    0.11/0.12
  28    0.000002538526    0.000003047137    0.287542    0.470538      0.2    0.11/0.12
  29    0.000001663116    0.000002876113    0.287553    0.470535      0.2    0.11/0.12
  30    0.000002477461    0.000002557662    0.287552    0.470526      0.2    0.11/0.12
  31    0.000002351663    0.000002294009    0.287549    0.470521      0.2    0.11/0.12
  32    0.000000703827    0.000001885942    0.287544    0.470515      0.2    0.11/0.12
  33    0.000000214477    0.000001600766    0.287542    0.470506      0.2    0.11/0.12
  34    0.000000770862    0.000000891657    0.287542    0.470501      0.2    0.11/0.12
  35    0.000000126648    0.000000374417    0.287543    0.470499      0.2    0.11/0.12
  36    0.000000041453    0.000000311556    0.287544    0.470498      0.2    0.11/0.12
  37    0.000000121475    0.000000213815    0.287543    0.470497      0.2    0.11/0.12
  38    0.000000062148    0.000000105040    0.287544    0.470496      0.2    0.11/0.12
  39    0.000000015079    0.000000075241    0.287544    0.470496      0.2    0.11/0.12
  40    0.000000045312    0.000000066500    0.287544    0.470496      0.2    0.11/0.12
  41    0.000000034568    0.000000038795    0.287544    0.470496      0.2    0.11/0.12
  42    0.000000051952    0.000000024212    0.287543    0.470496      0.2    0.11/0.12
  43    0.000000021161    0.000000021967    0.287543    0.470496      0.2    0.11/0.12
  44    0.000000009289    0.000000017691    0.287543    0.470496      0.2    0.11/0.12
  45    0.000000015242    0.000000013310    0.287543    0.470496      0.2    0.11/0.12
  46    0.000000007033    0.000000018630    0.287543    0.470496      0.2    0.11/0.12
  47    0.000000005913    0.000000019949    0.287543    0.470496      0.2    0.11/0.12
  48    0.000000007609    0.000000017433    0.287543    0.470496      0.2    0.11/0.12
  49    0.000000006851    0.000000018132    0.287543    0.470496      0.2    0.11/0.12
  50    0.000000006849    0.000000012892    0.287543    0.470496      0.2    0.11/0.12
  51    0.000000007391    0.000000010286    0.287543    0.470496      0.2    0.11/0.12
  52    0.000000005279    0.000000006443    0.287543    0.470496      0.2    0.11/0.12
  53    0.000000001656    0.000000006876    0.287543    0.470496      0.2    0.11/0.12
  54    0.000000004020    0.000000003609    0.287543    0.470496      0.2    0.11/0.12
  55    0.000000001797    0.000000004294    0.287543    0.470496      0.2    0.11/0.12
  56    0.000000001277    0.000000001675    0.287543    0.470496      0.2    0.11/0.12
  57    0.000000001514    0.000000001343    0.287543    0.470496      0.2    0.11/0.12
  58    0.000000000447    0.000000000854    0.287543    0.470496      0.2    0.11/0.12
 ---------------------------------------------------------------------------------------
 converged in 58 iterations

 average time per iteration = 0.214 sec


 (absolute values)
 Max T{0h1p}_1 amplitude (t{01}_ia) [ 12 -> 14 ] = 0.28754343
   [  12] eps=     -0.14880589 rep=1/2+ active virt
   [  14] eps=     -0.09644958 rep=1/2+ inactive virt
 Max T{0h1p}_2 amplitude (t{01}_ijab) [ 13 10 -> 50 51 ] = 0.47049570
   [  13] eps=     -0.13416143 rep=3/2- active virt
   [  10] eps=     -0.58398935 rep=1/2+ inactive occ
   [  50] eps=     -0.31299006 rep=1/2- active virt
   [  51] eps=     -0.14880589 rep=1/2- active virt

 Norm |T{0h1p}_1| = 0.47130448
 Norm |T{0h1p}_2| = 1.94307470

 Model space dimensions:
  [  0] dim = 2      1/2+
  [  1] dim = 2      1/2-
  [  2] dim = 1      3/2+
  [  3] dim = 1      3/2-


 Heff eigenvalues:
 (degeneracy threshold = 1.0e-08 a.u.)

 Level  Re(eigenvalue)  Im(eigv)               Abs energy  Rel eigenvalue    Rel eigv, eV  Rel eigv, cm-1  deg  symmetry
 ------------------------------------------------------------------------------------------------------------------------
@    1   -0.3271716368  0.00e+00   -153.87912209983761613    0.0000000000    0.0000000000        0.000000   2   1/2+ 1/2-
@    2   -0.1723252281  0.00e+00   -153.72427569110055856    0.1548464087    4.2135854369    33984.858475   2   1/2+ 1/2-
@    3   -0.1596695274  0.00e+00   -153.71161999038318413    0.1675021095    4.5579645974    36762.463725   2   3/2+ 3/2-

 Ionization potential 0h1p -> 0h0p =     0.327171636838 a.u. =   8.9028 eV =   71805.87 cm^-1

 time for (sec):
 -------------------------------------------------------
  Total time of execution                        20.959
  Diagram contraction (mult) for <PP||PP>         3.906
  DIRAC interface (MRCONEE/MDCINT)                0.836
  Diagram template constr (tmplt)                 0.132
  Sorting of integrals                            1.292
  Tensor transposition (reorder)                  2.958
  Energy denominators (diveps)                    0.141
  0h0p -- Singles equations (T1)                  0.396
  Diagram contraction (mult)                     12.832
  mult M <- M x M                                 8.279
  mult M <- D x M                                 3.862
  Diagram addition (update)                       0.450
  0h0p -- Doubles equations (T2)                  5.427
  Permutation operators                           1.387
  DIIS extrapolation                              0.407
  Constant part of 0h1p amplitudes                0.040
  Extraction of a closed part                     0.001
  Prediction of intruder states                   0.005
 -------------------------------------------------------


 memory in usage  = 25256280 bytes = 24.1 Mb = 0.02 Gb
 max memory usage = 125231872 bytes = 119.4 Mb = 0.12 Gb

 Disk I/O:
   files created: 8505   files removed: 0
   read        2873079280 bytes = 2.676 Gb
   write       1212834285 bytes = 1.130 Gb

 EXP-T terminated normally at Thu May  2 00:10:21 2024
 Total run time: 0 days 0 hours 0 minutes 20 seconds 958 milliseconds
