
		**********************************************************************************
		**                                                                              **
		**                                   E X P - T                                  **
		**        Relativistic Fock-Space Multireference Coupled Cluster Program        **
		**                                                                              **
		**                         version 1.8.3 (22 Aug 2023)                         **
		**                                                                              **
		**********************************************************************************
		**                                                                              **
		** EXP-T is free software: you can redistribute it and/or modify                **
		** it under the terms of the GNU Lesser General Public License as published by  **
		** the Free Software Foundation, either version 3 of the License, or            **
		** (at your option) any later version.                                          **
		**                                                                              **
		** EXP-T is distributed in the hope that it will be useful,                     **
		** but WITHOUT ANY WARRANTY; without even the implied warranty of               **
		** MERCHANTABILITY or FITNESS FOR A PARTICULAR PURPOSE.  See the                **
		** GNU Lesser General Public License for more details.                          **
		**                                                                              **
		** You should have received a copy of the GNU Lesser General Public License     **
		** along with EXP-T.  If not, see <http://www.gnu.org/licenses/>.               **
		**                                                                              **
		**********************************************************************************
		**                                                                              **
		** For more information about the EXP-T program system see                      **
		** http://www.qchem.pnpi.spb.ru/expt                                            **
		**                                                                              **
		** This is an experimental code. The authors accept no responsibility           **
		** for the performance of the code or for the correctness of the results.       **
		**                                                                              **
		** If results obtained with this code are published, an                         **
		** appropriate citation would be:                                               **
		**                                                                              **
		** [1] A. Oleynichenko, A. Zaitsevskii, E. Eliav.                               **
		**     EXP-T, An Extensible Code for Fock Space Relativistic Coupled Cluster    **
		**     Calculations. See http://www.qchem.pnpi.spb.ru/expt.                     **
		** [2] A. V. Oleynichenko, A. Zaitsevskii, E. Eliav.                            **
		**     Towards high performance relativistic electronic structure modelling:    **
		**     the EXP-T program package. Commun. Comput. Inf. Sci. 1331, 375 (2020).   **
		**     doi: 10.1007/978-3-030-64616-5_33                                        **
		**                                                                              **
		**********************************************************************************

Authors:
  Alexander Oleynichenko [alexvoleynichenko@gmail.com]
  Andrei Zaitsevskii
  Artem Rumyantsev
  Ephraim Eliav
Compiler: GNU C Compiler 4.8.5
BLAS/LAPACK implementation: OpenBLAS
Build date: Apr 18 2024 16:01:18
Run date: Wed May  1 23:10:33 2024
Hostname: l015
CUDA disabled
Tensor trains (TT) disabled
Reading input file: ccsd.inp


				****************
				** Input file **
				****************

 -----
 # Test:
 # (1) HgH molecule, FSCC scheme: HgH+ -> HgH
 # (2) hamiltionian: 2-comp gatchina ECP
 # (3) symmetry Cinfv
 # (4) sector (0h,1p)
 
 title "Test HgH+ -> HgH/gatchina ECP/Cinfv"
 maxiter 200
 conv 1e-9
 #active energy -10 -0.5
 sector 0h1p
 nactp 6
 
 # import integrals from:
 #integrals MRCONEE-Cinfv MDCINT-Cinfv
 
 # shifts of denominators:
 # =======================
 
 # I. shift type
 # real shift:
 #shifttype imag
 
 # II. shift parameters:
 # 1. <n>  -- compensation power (here: 3)
 # 3. <S1> -- shift for all S1 amplitudes (here: -0.5)
 # 3. <S2> -- shift for all S2 amplitudes (here: -1.0)
 #shift 0h1p 3 -0.5 -1.0
 
 -----



				*************
				** Options **
				*************

 title            title string - comment                    Test HgH+ -> HgH/gatchina ECP/Cinfv
 scratch_dir      scratch directory for tmp files           scratch
 --no-clean       retain scratch directory on exit          no
 print            print level                               medium
 flush_amplitude  write formatted files with cluser ampl-s  no
 arith            recommended arithmetic                    real
 memory           max allowed RAM usage                     1024.0 Mb
 compress         compression of integrals on disk          disabled
 compress_triples compression of triples tensors in RAM     disabled
 disk_usage       disk usage level                          2 (rank-6+ and pppp on disk)
 tilesize         max dimension of formal blocks (tiles)    100
 nthreads         number of OpenMP parallel threads         1
 openmp_algorithm  parallelization algorithm for mult        external
 cuda             calculations on GPU (CUDA)                disabled
 maxiter          maximum number of CC iterations           200
 conv_thresh      convergence threshold (by amplitudes)     1e-09
 div_thresh       divergence threshold (by amplitudes)      1000
 reuse            reuse amplitudes and/or integrals         nothing

 skip             skip computations in sectors:             
 flush            flush amplitudes                          no
 interface        source of transformed molecular integrals  DIRAC
 integrals        one-electron Hamiltonian integrals file   MRCONEE
                  two-electron (Coulomb) integrals file     MDCINT
                  one-electron property integrals file      MDPROP
 x2cmmf           X2Cmmf Hamiltonian                        no
 new_sorting      new implementation of integral sorting    no
 gaunt            two-electron (Gaunt) integrals file       not used
 sector           target Fock space sector                  0h1p
 model            coupled cluster model (level of theory)   CCSD
 nacth            number of active hole spinors             0 spinors
 nactp            number of active particle spinors         6 spinors
 shifttype        formula for denominator shifts            shifts are disabled
 nroots           number of roots to be processed           all
 roots_cutoff     energy cutoff for roots to be processed   all
 degen_thresh     degeneracy threshold (a.u.)               1.0e-08
 occ_irreps       occupation numbers of spinors             default (from integral interface)
 occ              occupation numbers of spinors             default
 diis             DIIS technique for convergence            enabled
 diis <n>         DIIS subspace dimension                   10
 diis triples     DIIS for triples amplitudes               disabled
 diis             DIIS technique for convergence            disabled
 oneprop          interface to OneProp (by L.V.Skripnikov)  disabled
 twoprop          interface to TwoProp (by D.E.Maison)      disabled
 oneprop          interface to the MDPROP file              disabled
 density 0h0p     construct density matrix in 0h0p          disabled
 density 0h1p     construct density matrix in 0h1p          disabled
 overlap          calculate overlap int-s for target wfns   disabled
 nohermit         hermitization of effective Hamiltonians   disabled
 dltdm            model-space estimates of tran dipoles     disabled
 natorb           model-space natural orbitals              disabled
 prop             model-space estimates of properties       disabled
 select           selection of cluster amplitudes           disabled
 restrict_t3      restriction of triples                    disabled
 use_oe           use orbital energies from DIRAC           disabled
 ih_imms          simple intermediate Hamiltonian           disabled


 Scratch directory 'scratch' exists
 Current working directory:
 /home/oleynichenko/EXPT_RELEASES/EXP-T/examples/HgH
 Full path to one-electron integrals:
 /home/oleynichenko/EXPT_RELEASES/EXP-T/examples/HgH/MRCONEE
 Full path to Coulomb integrals:
 /home/oleynichenko/EXPT_RELEASES/EXP-T/examples/HgH/MDCINT
 Full path to properties integrals:
 /home/oleynichenko/EXPT_RELEASES/EXP-T/examples/HgH/MDPROP
 Changing working directory to scratch ...
 Current working directory:
 /home/oleynichenko/EXPT_RELEASES/EXP-T/examples/HgH/scratch
 Wed May  1 23:10:33 2024
 Wed May  1 23:10:33 2024

 ******************************************************************
 **       BINARY INTERFACE TO THE DIRAC PROGRAM PACKAGE          **
 **                    version 10 Apr 2020                       **
 ******************************************************************

 required unformatted files (produced by DIRAC):
   MRCONEE -- spinor info & transformed one-electron integrals
   MDCINT  -- transformed two-electron integrals
 optional files (DIRAC):
   MDPROP  -- transformed integrals of one-electron properties
 optional files (D. E. Maison, L. V. Skripnikov):
   MGINT   -- transformed Gaunt integrals

 HINT: in order to obtain these files, add option .4INDEX to the
   **DIRAC section of the DIRAC input file; this will enable the
   code for integrals transformation. Then run:
   $ pam --inp=<inp-file> --mol=<mol-file> --get="MRCONEE MDCINT"


 Names of integral files:
 MRCONEE = /home/oleynichenko/EXPT_RELEASES/EXP-T/examples/HgH/MRCONEE
 MDCINT  = /home/oleynichenko/EXPT_RELEASES/EXP-T/examples/HgH/MDCINT
 MDPROP  = /home/oleynichenko/EXPT_RELEASES/EXP-T/examples/HgH/MDPROP
 MDPROP unformatted file is not found!
 will be continued without properties
 default integer type in DIRAC              integer(8)

 *** MRCONEE FILE ***
 NSPINORS                                             78
 was breit in DHF                            F
 nuclear repulsion energy                      4.8107019172730325     
 inversion symmetry (1-no,2-yes)                       1
 group type (1-real,2-cmplx,4-quater)                  1
 is spinfree                                           0
 arithmetic                                 real
 total num of orb-s (+frozen+deleted)                 39
 Total SCF energy =                           -153.35934370228253     
 number of fermion irreps in parent group              2
 names of these reps (grd, ungrd)              E  1E         E  2E      
 number of spinors active in the transf-n             10          10
 total number of orb-s of this ircop                  39
 number of occupied frozen (core) spinors   
   - total                                             0
   - positive energy                                   0
   - negative energy                                   0
 number of deleted spinors                             0
 number of fermion irreps in Abelian subgrp           32
 names of these irreps                         1  -1   3  -3   5  -5   7  -7   9  -9  11 -11  13 -13  15 -15  17 -17  19 -19  21 -21  23 -23  25 -25  27 -27  29 -29  31 -31   0   2  -2   4  -4   6  -6   8  -8  10 -10  12 -12  14 -14  16 -16  18 -18  20 -20  22 -22  24 -24  26 -26  28 -28  30 -30  32
 number of g/u Kramers pairs          39
 number of boson symmetry reps(LUCITA)            4
 *** END OF MRCONEE FILE ***

 *** MDPROP FILE ***
 path to MDPROP file = /home/oleynichenko/EXPT_RELEASES/EXP-T/examples/HgH/MDPROP
 MDPROP file does not exist, properties integrals cannot be read
 *** END OF MDPROP FILE ***

 expectation value of dipole moment at the SCF level cannot be calculated

 *** MDCINT FILE ***
 datex                                   1May24  
 timex                                 23:10:26
 number of Kramers pairs                         39
 *** END OF MDCINT FILE ***

 number of VINT* files written                   146
 written to disk: 202211712 bytes =    0.19 Gb

 Cinfv group is to be extended:
 max 2x|Omega| = 126
 number of irreps = 253

 Blocks of molecular spinors:
 --------------------------------------------------------------------------------
   #  size  irrep  spinor indices
 --------------------------------------------------------------------------------
 [ 0]   24   1/2+  1-3,5,7,10-12,14-16,18-19,23-25,27-28,30-31,33,36-37,39
 [ 1]   24   1/2-  40-42,44,46,49-51,53-55,57-58,62-64,66-67,69-70,72,75-76,78
 [ 2]   12   3/2+  43,45,47,52,56,59-60,65,68,71,74,77
 [ 3]   12   3/2-  4,6,8,13,17,20-21,26,29,32,35,38
 [ 4]    3   5/2+  9,22,34
 [ 5]    3   5/2-  48,61,73
 --------------------------------------------------------------------------------


		Symmetry & irreducible representations
		--------------------------------------

 Point group: Cinfv
 Group type: real
 Arithmetic: real
 Is abelian: yes
 Number of irreps: 253
 Totally symmetric irrep: 0
 Representation names:
   0 1/2+      1 1/2-      2 3/2+      3 3/2-      4 5/2+      5 5/2-      6 7/2+      7 7/2-   
   8 9/2+      9 9/2-     10 11/2+    11 11/2-    12 13/2+    13 13/2-    14 15/2+    15 15/2-  
  16 17/2+    17 17/2-    18 19/2+    19 19/2-    20 21/2+    21 21/2-    22 23/2+    23 23/2-  
  24 25/2+    25 25/2-    26 27/2+    27 27/2-    28 29/2+    29 29/2-    30 31/2+    31 31/2-  
  32 33/2+    33 33/2-    34 35/2+    35 35/2-    36 37/2+    37 37/2-    38 39/2+    39 39/2-  
  40 41/2+    41 41/2-    42 43/2+    43 43/2-    44 45/2+    45 45/2-    46 47/2+    47 47/2-  
  48 49/2+    49 49/2-    50 51/2+    51 51/2-    52 53/2+    53 53/2-    54 55/2+    55 55/2-  
  56 57/2+    57 57/2-    58 59/2+    59 59/2-    60 61/2+    61 61/2-    62 63/2+    63 63/2-  
  64 65/2+    65 65/2-    66 67/2+    67 67/2-    68 69/2+    69 69/2-    70 71/2+    71 71/2-  
  72 73/2+    73 73/2-    74 75/2+    75 75/2-    76 77/2+    77 77/2-    78 79/2+    79 79/2-  
  80 81/2+    81 81/2-    82 83/2+    83 83/2-    84 85/2+    85 85/2-    86 87/2+    87 87/2-  
  88 89/2+    89 89/2-    90 91/2+    91 91/2-    92 93/2+    93 93/2-    94 95/2+    95 95/2-  
  96 97/2+    97 97/2-    98 99/2+    99 99/2-   100 101/2+  101 101/2-  102 103/2+  103 103/2- 
 104 105/2+  105 105/2-  106 107/2+  107 107/2-  108 109/2+  109 109/2-  110 111/2+  111 111/2- 
 112 113/2+  113 113/2-  114 115/2+  115 115/2-  116 117/2+  117 117/2-  118 119/2+  119 119/2- 
 120 121/2+  121 121/2-  122 123/2+  123 123/2-  124 125/2+  125 125/2-  126 0       127 1+     
 128 1-      129 2+      130 2-      131 3+      132 3-      133 4+      134 4-      135 5+     
 136 5-      137 6+      138 6-      139 7+      140 7-      141 8+      142 8-      143 9+     
 144 9-      145 10+     146 10-     147 11+     148 11-     149 12+     150 12-     151 13+    
 152 13-     153 14+     154 14-     155 15+     156 15-     157 16+     158 16-     159 17+    
 160 17-     161 18+     162 18-     163 19+     164 19-     165 20+     166 20-     167 21+    
 168 21-     169 22+     170 22-     171 23+     172 23-     173 24+     174 24-     175 25+    
 176 25-     177 26+     178 26-     179 27+     180 27-     181 28+     182 28-     183 29+    
 184 29-     185 30+     186 30-     187 31+     188 31-     189 32+     190 32-     191 33+    
 192 33-     193 34+     194 34-     195 35+     196 35-     197 36+     198 36-     199 37+    
 200 37-     201 38+     202 38-     203 39+     204 39-     205 40+     206 40-     207 41+    
 208 41-     209 42+     210 42-     211 43+     212 43-     213 44+     214 44-     215 45+    
 216 45-     217 46+     218 46-     219 47+     220 47-     221 48+     222 48-     223 49+    
 224 49-     225 50+     226 50-     227 51+     228 51-     229 52+     230 52-     231 53+    
 232 53-     233 54+     234 54-     235 55+     236 55-     237 56+     238 56-     239 57+    
 240 57-     241 58+     242 58-     243 59+     244 59-     245 60+     246 60-     247 61+    
 248 61-     249 62+     250 62-     251 63+     252 63-    

				Spinors info
				------------

     no    rep         occ    active        one-el energy
    -------------------------------------------------------
       1   0 "1/2+  "   1       -          -5.466405597232
       2   0 "1/2+  "   1       -          -3.880750110419
       3   0 "1/2+  "   1       -          -3.180031244654
       4   3 "3/2-  "   1       -          -3.179422122130
       5   0 "1/2+  "   1       -          -0.967202903828
       6   3 "3/2-  "   1       -          -0.964419865988
       7   0 "1/2+  "   1       -          -0.892577128468
       8   3 "3/2-  "   1       -          -0.890235703118
       9   4 "5/2+  "   1       -          -0.888933356450
      10   0 "1/2+  "   1       -          -0.629981630999
      11   0 "1/2+  "   0       a          -0.287171183507
      12   0 "1/2+  "   0       a          -0.153738132264
      13   3 "3/2-  "   0       a          -0.139898225560
      14   0 "1/2+  "   0       -          -0.059973082788
      15   0 "1/2+  "   0       -           0.093609493754
      16   0 "1/2+  "   0       -           0.141826356062
      17   3 "3/2-  "   0       -           0.153323051458
      18   0 "1/2+  "   0       -           0.228872645638
      19   0 "1/2+  "   0       -           0.486990503870
      20   3 "3/2-  "   0       -           0.491028477491
      21   3 "3/2-  "   0       -           0.511169573617
      22   4 "5/2+  "   0       -           0.523596041259
      23   0 "1/2+  "   0       -           0.543664387340
      24   0 "1/2+  "   0       -           0.642267886592
      25   0 "1/2+  "   0       -           1.291181880746
      26   3 "3/2-  "   0       -           1.295246765285
      27   0 "1/2+  "   0       -           1.490296365545
      28   0 "1/2+  "   0       -           1.625804050656
      29   3 "3/2-  "   0       -           1.800757753189
      30   0 "1/2+  "   0       -           1.874679298573
      31   0 "1/2+  "   0       -           2.712276587887
      32   3 "3/2-  "   0       -           3.254721770617
      33   0 "1/2+  "   0       -           3.311647567531
      34   4 "5/2+  "   0       -           3.414824634712
      35   3 "3/2-  "   0       -           3.429063358492
      36   0 "1/2+  "   0       -           3.612928929799
      37   0 "1/2+  "   0       -           8.525543209424
      38   3 "3/2-  "   0       -          10.230289723475
      39   0 "1/2+  "   0       -          10.269465251329
      40   1 "1/2-  "   1       -          -5.466405597232
      41   1 "1/2-  "   1       -          -3.880750110419
      42   1 "1/2-  "   1       -          -3.180031244654
      43   2 "3/2+  "   1       -          -3.179422122130
      44   1 "1/2-  "   1       -          -0.967202903828
      45   2 "3/2+  "   1       -          -0.964419865988
      46   1 "1/2-  "   1       -          -0.892577128468
      47   2 "3/2+  "   1       -          -0.890235703118
      48   5 "5/2-  "   1       -          -0.888933356450
      49   1 "1/2-  "   1       -          -0.629981630999
      50   1 "1/2-  "   0       a          -0.287171183507
      51   1 "1/2-  "   0       a          -0.153738132264
      52   2 "3/2+  "   0       a          -0.139898225560
      53   1 "1/2-  "   0       -          -0.059973082788
      54   1 "1/2-  "   0       -           0.093609493754
      55   1 "1/2-  "   0       -           0.141826356062
      56   2 "3/2+  "   0       -           0.153323051458
      57   1 "1/2-  "   0       -           0.228872645638
      58   1 "1/2-  "   0       -           0.486990503870
      59   2 "3/2+  "   0       -           0.491028477491
      60   2 "3/2+  "   0       -           0.511169573617
      61   5 "5/2-  "   0       -           0.523596041259
      62   1 "1/2-  "   0       -           0.543664387340
      63   1 "1/2-  "   0       -           0.642267886592
      64   1 "1/2-  "   0       -           1.291181880746
      65   2 "3/2+  "   0       -           1.295246765285
      66   1 "1/2-  "   0       -           1.490296365545
      67   1 "1/2-  "   0       -           1.625804050656
      68   2 "3/2+  "   0       -           1.800757753189
      69   1 "1/2-  "   0       -           1.874679298573
      70   1 "1/2-  "   0       -           2.712276587887
      71   2 "3/2+  "   0       -           3.254721770617
      72   1 "1/2-  "   0       -           3.311647567531
      73   5 "5/2-  "   0       -           3.414824634712
      74   2 "3/2+  "   0       -           3.429063358492
      75   1 "1/2-  "   0       -           3.612928929799
      76   1 "1/2-  "   0       -           8.525543209424
      77   2 "3/2+  "   0       -          10.230289723475
      78   1 "1/2-  "   0       -          10.269465251329
    -------------------------------------------------------

    irreps              1/2+  1/2-  3/2+  3/2-  5/2+  5/2-
    occupied inactive      6     6     3     3     1     1
    occupied active        0     0     0     0     0     0
    virtual active         2     2     1     1     0     0
    virtual inactive      16    16     8     8     2     2



				*****************
				** Sector 0h0p **
				*****************



 Integral sorting for the 0h0p sector
 started at Wed May  1 23:10:34 2024
 number of spinors                              78
 number of spinor blocks                        6
 tile size                                      100
 max spinor block size                          24
 size of i/o buffer for integrals and indices   0.375 MB
 size of the buffer for two-elec integrals      0.316 MB
 sorting two-electron integrals
   step    #blocks   ints read    time,s  rate,G/s
   0 /  6      213    35740800         0      1.36
   1 /  6      189    29537280         0      1.15
   2 /  6      160     9165024         0      0.61
   3 /  6      136     7548480         0      0.53
   4 /  6       97     1138320         0      0.12
   5 /  6       82     1034856         0      0.11
   total       877    84164760         1      0.83
 sorting one-electron integrals ...
   Fock matrix reconstruction ...
   SCF energy (energy of reference determinant) =    -153.359343702284 a.u.
 max deviation of the diagonal elements of the reconstructed Fock matrix and orbital energies = 4.222163e-09
 fill 1-electron diagrams ... hh hp ph pp done
 time for 2-e integrals sorting, sec: 0.87
 time for DIRAC interface (integral extraction & write), sec: 1.17
 total time for sorting operations, sec: 2.04
 finished at at Wed May  1 23:10:35 2024

 Initial guess
 -------------
 Contributions to the MP2 energy:
   one-particle    -0.0000000000   0.0000000000
   two-particle    -0.2064189691   0.0000000000
 MP2 correlation energy =      -0.206418969081
       Total MP2 energy =    -153.565762671363

 solution of amplitude equations (sector 0h0p)		 Wed May  1 23:10:35 2024
 ---------------------------------------------------------------------------------------
 it.       diffmax(T1)       diffmax(T2)     max(T1)     max(T2)    t,sec       mem,Gb
 ---------------------------------------------------------------------------------------
   1    0.020653226232    0.043327939444    0.020653    0.166345      0.3    0.09/0.10
   2    0.009666471221    0.028546727612    0.030320    0.194892      0.3    0.09/0.10
   3    0.005625553423    0.009993578308    0.040203    0.217458      0.3    0.09/0.10
   4    0.001214981523    0.002699965159    0.045117    0.229465      0.3    0.09/0.10
   5    0.000601129662    0.000526601274    0.047064    0.232843      0.3    0.10/0.11
   6    0.000131343908    0.000110073322    0.047605    0.233625      0.3    0.10/0.11
   7    0.000071771165    0.000029861591    0.047826    0.233728      0.3    0.10/0.11
   8    0.000025162276    0.000009854789    0.047894    0.233716      0.3    0.10/0.11
   9    0.000013469762    0.000006199513    0.047930    0.233716      0.3    0.10/0.11
  10    0.000006166618    0.000002775601    0.047943    0.233709      0.3    0.10/0.11
  11    0.000002255958    0.000001230926    0.047945    0.233704      0.3    0.10/0.11
  12    0.000000527018    0.000000214260    0.047946    0.233703      0.3    0.10/0.11
  13    0.000000162837    0.000000078793    0.047947    0.233703      0.3    0.10/0.11
  14    0.000000059253    0.000000028346    0.047947    0.233703      0.3    0.10/0.11
  15    0.000000012055    0.000000006709    0.047947    0.233702      0.3    0.10/0.11
  16    0.000000006235    0.000000002242    0.047947    0.233702      0.3    0.10/0.11
  17    0.000000001154    0.000000000549    0.047947    0.233702      0.3    0.10/0.11
  18    0.000000000668    0.000000000156    0.047947    0.233702      0.3    0.10/0.11
 ---------------------------------------------------------------------------------------
 converged in 18 iterations

 average time per iteration = 0.298 sec


          SCF reference energy =    -153.359343702283
       CCSD correlation energy =      -0.224562376512
             Total CCSD energy =    -153.583906078794


 (absolute values)
 Max T{0h0p}_1 amplitude (t{00}_ia) [ 10 -> 11 ] = 0.04794668
   [  10] eps=     -0.62998163 rep=1/2+ inactive occ
   [  11] eps=     -0.28717118 rep=1/2+ active virt
 Max T{0h0p}_2 amplitude (t{00}_ijab) [ 10 49 -> 11 50 ] = 0.23370248
   [  10] eps=     -0.62998163 rep=1/2+ inactive occ
   [  49] eps=     -0.62998163 rep=1/2- inactive occ
   [  11] eps=     -0.28717118 rep=1/2+ active virt
   [  50] eps=     -0.28717118 rep=1/2- active virt

 Norm |T{0h0p}_1| = 0.10260333
 Norm |T{0h0p}_2| = 0.71210785

 T1 diagnostic = 0.02294280
 More on T1 diagnostic: [T.J.Lee,P.R.Taylor,IJQC 23,199(1989)]



				*****************
				** Sector 0h1p **
				*****************



 Integral sorting for the 0h1p sector
 started at Wed May  1 23:10:40 2024
 number of spinors                              78
 number of spinor blocks                        6
 tile size                                      100
 max spinor block size                          24
 size of i/o buffer for integrals and indices   0.375 MB
 size of the buffer for two-elec integrals      0.316 MB
 sorting two-electron integrals
   step    #blocks   ints read    time,s  rate,G/s
   0 /  6       11     2546496         0      0.16
   1 /  6       11     2628288         0      0.17
   2 /  6       10      999936         0      0.12
   3 /  6       10     1010016         0      0.13
   4 /  6        8      153576         0      0.04
   5 /  6        8      153576         0      0.04
   total        58     7491888         0      0.13
 sorting one-electron integrals ...
   Fock matrix reconstruction ...
   SCF energy (energy of reference determinant) =    -153.359343702284 a.u.
 fill 1-electron diagrams ... done
 time for 2-e integrals sorting, sec: 1.30
 time for DIRAC interface (integral extraction & write), sec: 1.17
 total time for sorting operations, sec: 2.47
 finished at at Wed May  1 23:10:41 2024
 Construction of T^(0h1p)-independent contributions to the FSCC-equations ...

 Initialization of T1 and T2 amplitudes ...

 solution of amplitude equations (sector 0h1p)		 Wed May  1 23:10:41 2024
 ---------------------------------------------------------------------------------------
 it.       diffmax(T1)       diffmax(T2)     max(T1)     max(T2)    t,sec       mem,Gb
 ---------------------------------------------------------------------------------------
   1    0.076260882941    0.037851770047    0.048367    0.100930      0.2    0.10/0.11
   2    0.005438918343    0.033170119271    0.047499    0.128021      0.2    0.10/0.11
   3    0.028564413284    0.019060646614    0.062070    0.141536      0.2    0.10/0.11
   4    0.004345828208    0.024643848471    0.070425    0.162779      0.2    0.10/0.11
   5    0.011436514591    0.017212519615    0.090044    0.168856      0.2    0.10/0.11
   6    0.005791646796    0.014163967473    0.111608    0.215005      0.2    0.10/0.11
   7    0.004533325245    0.009315875637    0.136828    0.264366      0.2    0.10/0.11
   8    0.000690761846    0.002910173168    0.171577    0.334351      0.2    0.10/0.11
   9    0.000747154091    0.001072971651    0.180996    0.352414      0.2    0.10/0.11
  10    0.000148286274    0.000610908326    0.185263    0.361040      0.2    0.11/0.12
  11    0.000160891526    0.000243367682    0.186064    0.362909      0.2    0.11/0.12
  12    0.000029919539    0.000177818282    0.185791    0.362354      0.2    0.11/0.12
  13    0.000034323929    0.000080576172    0.186358    0.363537      0.2    0.11/0.12
  14    0.000015926452    0.000029665161    0.186055    0.362960      0.2    0.11/0.12
  15    0.000007260937    0.000013868040    0.186194    0.363225      0.2    0.11/0.12
  16    0.000003986889    0.000008602775    0.186182    0.363213      0.2    0.11/0.12
  17    0.000002541578    0.000004797601    0.186181    0.363202      0.2    0.11/0.12
  18    0.000001407100    0.000002278817    0.186181    0.363202      0.2    0.11/0.12
  19    0.000000451708    0.000001039950    0.186175    0.363190      0.2    0.11/0.12
  20    0.000000298423    0.000000537331    0.186175    0.363190      0.2    0.11/0.12
  21    0.000000106136    0.000000265508    0.186175    0.363189      0.2    0.11/0.12
  22    0.000000058884    0.000000104928    0.186175    0.363189      0.2    0.11/0.12
  23    0.000000022294    0.000000049029    0.186175    0.363189      0.2    0.11/0.12
  24    0.000000027040    0.000000025359    0.186175    0.363189      0.2    0.11/0.12
  25    0.000000004707    0.000000014011    0.186175    0.363189      0.2    0.11/0.12
  26    0.000000002285    0.000000007274    0.186175    0.363189      0.2    0.11/0.12
  27    0.000000001923    0.000000003611    0.186175    0.363189      0.2    0.11/0.12
  28    0.000000000968    0.000000001851    0.186175    0.363189      0.2    0.11/0.12
  29    0.000000000872    0.000000000955    0.186175    0.363189      0.2    0.11/0.12
 ---------------------------------------------------------------------------------------
 converged in 29 iterations

 average time per iteration = 0.210 sec


 (absolute values)
 Max T{0h1p}_1 amplitude (t{01}_ia) [ 12 -> 14 ] = 0.18617501
   [  12] eps=     -0.15373813 rep=1/2+ active virt
   [  14] eps=     -0.05997308 rep=1/2+ inactive virt
 Max T{0h1p}_2 amplitude (t{01}_ijab) [ 12 49 -> 11 50 ] = 0.36318935
   [  12] eps=     -0.15373813 rep=1/2+ active virt
   [  49] eps=     -0.62998163 rep=1/2- inactive occ
   [  11] eps=     -0.28717118 rep=1/2+ active virt
   [  50] eps=     -0.28717118 rep=1/2- active virt

 Norm |T{0h1p}_1| = 0.32402971
 Norm |T{0h1p}_2| = 1.19130277

 Model space dimensions:
  [  0] dim = 2      1/2+
  [  1] dim = 2      1/2-
  [  2] dim = 1      3/2+
  [  3] dim = 1      3/2-


 Heff eigenvalues:
 (degeneracy threshold = 1.0e-08 a.u.)

 Level  Re(eigenvalue)  Im(eigv)               Abs energy  Rel eigenvalue    Rel eigv, eV  Rel eigv, cm-1  deg  symmetry
 ------------------------------------------------------------------------------------------------------------------------
@    1   -0.3062041001  0.00e+00   -153.89011017889609434    0.0000000000    0.0000000000        0.000000   2   1/2+ 1/2-
@    2   -0.1765333426  0.00e+00   -153.76043942141774323    0.1296707575    3.5285210666    28459.441696   2   1/2+ 1/2-
@    3   -0.1580328889  0.00e+00   -153.74193896774121981    0.1481712112    4.0319440573    32519.821947   2   3/2+ 3/2-

 Ionization potential 0h1p -> 0h0p =     0.306204100102 a.u. =   8.3322 eV =   67204.03 cm^-1

 time for (sec):
 -------------------------------------------------------
  Total time of execution                        14.255
  Diagram contraction (mult) for <PP||PP>         2.254
  DIRAC interface (MRCONEE/MDCINT)                1.172
  Diagram template constr (tmplt)                 0.134
  Sorting of integrals                            1.303
  Tensor transposition (reorder)                  1.761
  Energy denominators (diveps)                    0.087
  0h0p -- Singles equations (T1)                  0.348
  Diagram contraction (mult)                      7.922
  mult M <- M x M                                 5.270
  mult M <- D x M                                 2.229
  Diagram addition (update)                       0.250
  0h0p -- Doubles equations (T2)                  4.807
  Permutation operators                           0.980
  DIIS extrapolation                              0.255
  Constant part of 0h1p amplitudes                0.039
  Extraction of a closed part                     0.001
  Prediction of intruder states                   0.005
 -------------------------------------------------------


 memory in usage  = 25256280 bytes = 24.1 Mb = 0.02 Gb
 max memory usage = 125231872 bytes = 119.4 Mb = 0.12 Gb

 Disk I/O:
   files created: 5591   files removed: 0
   read        1896995920 bytes = 1.767 Gb
   write        825071901 bytes = 0.768 Gb

 EXP-T terminated normally at Wed May  1 23:10:48 2024
 Total run time: 0 days 0 hours 0 minutes 14 seconds 254 milliseconds
